{
  "metadata": {
    "timestamp": "2025-11-14T02:48:10.487Z",
    "reporter": "jest-cicd-reporter",
    "version": "1.0.0",
    "generator": "Enhanced Coverage System",
    "duration_ms": 1055
  },
  "cicd_summary": {
    "pipeline_status": "FAILURE",
    "total_duration_ms": 1055,
    "should_block_deployment": true,
    "quality_gate_status": {
      "status": "FAILED",
      "criteria": {
        "tests_passing": false,
        "no_failed_tests": false,
        "coverage_adequate": false,
        "performance_acceptable": true
      },
      "blocking_issues": [
        {
          "type": "test_failures",
          "severity": "critical",
          "message": "39 test(s) failed",
          "action": "Fix failing tests before deployment"
        },
        {
          "type": "low_coverage",
          "severity": "warning",
          "message": "Code coverage below acceptable threshold",
          "action": "Add more tests to improve coverage"
        }
      ]
    },
    "test_health_score": 50
  },
  "test_execution": {
    "summary": {
      "total_suites": 1,
      "passed_suites": 0,
      "failed_suites": 1,
      "total_tests": 39,
      "passed_tests": 0,
      "failed_tests": 39,
      "pending_tests": 0,
      "success_rate": "0.00",
      "execution_time_ms": 1055
    },
    "performance_metrics": {
      "average_test_duration": 27.05128205128205,
      "slowest_suite": {
        "path": "/Users/jeremyparker/infinite-continue-stop-hook/test/unit/initialization-stats.test.js",
        "duration_ms": 913,
        "num_tests": 39
      },
      "memory_usage": {
        "rss": 321306624,
        "heap_total": 219561984,
        "heap_used": 193923560,
        "external": 6034581,
        "heap_usage_percent": "88.32"
      },
      "parallel_efficiency": {
        "parallel_efficiency_percent": "86.54",
        "total_execution_time_ms": 1055,
        "serial_time_ms": 913,
        "time_saved_ms": 0
      }
    },
    "failure_analysis": {
      "total_failures": 39,
      "failed_suites": 1,
      "failure_details": [
        {
          "suite": "/Users/jeremyparker/infinite-continue-stop-hook/test/unit/initialization-stats.test.js",
          "test": "Initialization Statistics Time Bucket Calculations Current Time Bucket Detection should identify morning time bucket (07:00-11:59)",
          "duration": 1,
          "error": "TypeError: Cannot set property promises of [object Object] which has only a getter\n    at Object.<anonymous> (/Users/jeremyparker/infinite-continue-stop-hook/test/unit/initialization-stats.test.js:49:"
        },
        {
          "suite": "/Users/jeremyparker/infinite-continue-stop-hook/test/unit/initialization-stats.test.js",
          "test": "Initialization Statistics Time Bucket Calculations Current Time Bucket Detection should identify afternoon time bucket (12:00-16:59)",
          "duration": 0,
          "error": "TypeError: Cannot set property promises of [object Object] which has only a getter\n    at Object.<anonymous> (/Users/jeremyparker/infinite-continue-stop-hook/test/unit/initialization-stats.test.js:49:"
        },
        {
          "suite": "/Users/jeremyparker/infinite-continue-stop-hook/test/unit/initialization-stats.test.js",
          "test": "Initialization Statistics Time Bucket Calculations Current Time Bucket Detection should identify evening time bucket (17:00-21:59)",
          "duration": 1,
          "error": "TypeError: Cannot set property promises of [object Object] which has only a getter\n    at Object.<anonymous> (/Users/jeremyparker/infinite-continue-stop-hook/test/unit/initialization-stats.test.js:49:"
        },
        {
          "suite": "/Users/jeremyparker/infinite-continue-stop-hook/test/unit/initialization-stats.test.js",
          "test": "Initialization Statistics Time Bucket Calculations Current Time Bucket Detection should identify late night time bucket (22:00-02:59)",
          "duration": 0,
          "error": "TypeError: Cannot set property promises of [object Object] which has only a getter\n    at Object.<anonymous> (/Users/jeremyparker/infinite-continue-stop-hook/test/unit/initialization-stats.test.js:49:"
        },
        {
          "suite": "/Users/jeremyparker/infinite-continue-stop-hook/test/unit/initialization-stats.test.js",
          "test": "Initialization Statistics Time Bucket Calculations Current Time Bucket Detection should identify early morning time bucket (03:00-06:59)",
          "duration": 0,
          "error": "TypeError: Cannot set property promises of [object Object] which has only a getter\n    at Object.<anonymous> (/Users/jeremyparker/infinite-continue-stop-hook/test/unit/initialization-stats.test.js:49:"
        },
        {
          "suite": "/Users/jeremyparker/infinite-continue-stop-hook/test/unit/initialization-stats.test.js",
          "test": "Initialization Statistics Time Bucket Calculations Current Time Bucket Detection should handle time bucket edge cases",
          "duration": 0,
          "error": "TypeError: Cannot set property promises of [object Object] which has only a getter\n    at Object.<anonymous> (/Users/jeremyparker/infinite-continue-stop-hook/test/unit/initialization-stats.test.js:49:"
        },
        {
          "suite": "/Users/jeremyparker/infinite-continue-stop-hook/test/unit/initialization-stats.test.js",
          "test": "Initialization Statistics Initialization Stats Structure Stats Structure Creation should create initialization stats structure when missing",
          "duration": 0,
          "error": "TypeError: Cannot set property promises of [object Object] which has only a getter\n    at Object.<anonymous> (/Users/jeremyparker/infinite-continue-stop-hook/test/unit/initialization-stats.test.js:49:"
        },
        {
          "suite": "/Users/jeremyparker/infinite-continue-stop-hook/test/unit/initialization-stats.test.js",
          "test": "Initialization Statistics Initialization Stats Structure Stats Structure Creation should create all required time buckets",
          "duration": 0,
          "error": "TypeError: Cannot set property promises of [object Object] which has only a getter\n    at Object.<anonymous> (/Users/jeremyparker/infinite-continue-stop-hook/test/unit/initialization-stats.test.js:49:"
        },
        {
          "suite": "/Users/jeremyparker/infinite-continue-stop-hook/test/unit/initialization-stats.test.js",
          "test": "Initialization Statistics Initialization Stats Structure Stats Structure Creation should preserve existing stats structure",
          "duration": 1,
          "error": "TypeError: Cannot set property promises of [object Object] which has only a getter\n    at Object.<anonymous> (/Users/jeremyparker/infinite-continue-stop-hook/test/unit/initialization-stats.test.js:49:"
        },
        {
          "suite": "/Users/jeremyparker/infinite-continue-stop-hook/test/unit/initialization-stats.test.js",
          "test": "Initialization Statistics Initialization Stats Structure Stats Structure Creation should create metadata if completely missing",
          "duration": 0,
          "error": "TypeError: Cannot set property promises of [object Object] which has only a getter\n    at Object.<anonymous> (/Users/jeremyparker/infinite-continue-stop-hook/test/unit/initialization-stats.test.js:49:"
        }
      ],
      "failure_patterns": {
        "type": 39
      },
      "common_failure_type": "type"
    },
    "flaky_test_detection": {
      "potentially_flaky": [],
      "confidence": "low",
      "note": "Flaky test detection requires historical data analysis"
    }
  },
  "git": {
    "commit_sha": "e70f1c42395febc3f5d7f4962307518a57e3c681",
    "branch": "main",
    "author": "Claude <claude@anthropic.com>",
    "commit_message": "chore: update TASKS.json with latest task state",
    "commit_date": "2025-11-13 19:04:51 -0600",
    "tag": null,
    "is_dirty": true,
    "remote_url": "https://github.com/Nexus-Digital-Automations/infinite-continue-stop-hook.git"
  },
  "environment": {
    "node_version": "v22.21.1",
    "platform": "darwin",
    "arch": "arm64",
    "ci": false,
    "ci_provider": "local",
    "environment": "development",
    "timezone": "America/Chicago",
    "locale": "en-US",
    "memory": {
      "total": 25769803776,
      "available": 317718528
    },
    "cpu": {
      "cores": 8,
      "model": "Apple M3"
    },
    "build_info": {
      "build_number": "unknown",
      "build_url": null,
      "job_name": "unknown"
    }
  },
  "coverage_integration": {
    "coverage_available": false,
    "coverage_summary": null,
    "coverage_status": "not_available"
  },
  "notifications": [],
  "recommendations": [
    {
      "category": "testing",
      "priority": "high",
      "recommendation": "Fix failing tests immediately",
      "details": "39 tests are currently failing"
    }
  ]
}