{
  "metadata": {
    "timestamp": "2025-09-30T01:45:18.421Z",
    "reporter": "jest-cicd-reporter",
    "version": "1.0.0",
    "generator": "Enhanced Coverage System",
    "duration_ms": 33914
  },
  "cicd_summary": {
    "pipeline_status": "FAILURE",
    "total_duration_ms": 33914,
    "should_block_deployment": true,
    "quality_gate_status": {
      "status": "FAILED",
      "criteria": {
        "tests_passing": false,
        "no_failed_tests": false,
        "coverage_adequate": false,
        "performance_acceptable": false
      },
      "blocking_issues": [
        {
          "type": "test_failures",
          "severity": "critical",
          "message": "7 test(s) failed",
          "action": "Fix failing tests before deployment"
        },
        {
          "type": "low_coverage",
          "severity": "warning",
          "message": "Code coverage below acceptable threshold",
          "action": "Add more tests to improve coverage"
        },
        {
          "type": "performance",
          "severity": "warning",
          "message": "Test execution time is slow",
          "action": "Optimize slow tests or improve test parallelization"
        }
      ]
    },
    "test_health_score": 58
  },
  "test_execution": {
    "summary": {
      "total_suites": 1,
      "passed_suites": 0,
      "failed_suites": 1,
      "total_tests": 11,
      "passed_tests": 4,
      "failed_tests": 7,
      "pending_tests": 0,
      "success_rate": "36.36",
      "execution_time_ms": 33914
    },
    "performance_metrics": {
      "average_test_duration": 3083.090909090909,
      "slowest_suite": {
        "path": "/Users/jeremyparker/infinite-continue-stop-hook/test/e2e/performance-validation.test.js",
        "duration_ms": 33117,
        "num_tests": 11
      },
      "memory_usage": {
        "rss": 89210880,
        "heap_total": 56573952,
        "heap_used": 50061448,
        "external": 4998695,
        "heap_usage_percent": "88.49"
      },
      "parallel_efficiency": {
        "parallel_efficiency_percent": "97.65",
        "total_execution_time_ms": 33915,
        "serial_time_ms": 33117,
        "time_saved_ms": 0
      }
    },
    "failure_analysis": {
      "total_failures": 7,
      "failed_suites": 1,
      "failure_details": [
        {
          "suite": "/Users/jeremyparker/infinite-continue-stop-hook/test/e2e/performance-validation.test.js",
          "test": "Performance Validation E2E API, Performance Benchmarks Feature suggestion performance under load",
          "duration": 3613,
          "error": "Error: Failed to get features from TaskManager API: Unexpected token 'd', \"[dotenv@17.\"... is not valid JSON\n    at E2EEnvironment.getFeatures (/Users/jeremyparker/infinite-continue-stop-hook/test/e2e"
        },
        {
          "suite": "/Users/jeremyparker/infinite-continue-stop-hook/test/e2e/performance-validation.test.js",
          "test": "Performance Validation E2E API, Performance Benchmarks Feature approval performance benchmarks",
          "duration": 608,
          "error": "SyntaxError: Unexpected token 'd', \"[dotenv@17.\"... is not valid JSON\n    at JSON.parse (<anonymous>)\n    at parse (/Users/jeremyparker/infinite-continue-stop-hook/test/e2e/performance-validation.test"
        },
        {
          "suite": "/Users/jeremyparker/infinite-continue-stop-hook/test/e2e/performance-validation.test.js",
          "test": "Performance Validation E2E API, Performance Benchmarks Bulk operationperformance validation",
          "duration": 1077,
          "error": "SyntaxError: Unexpected token 'd', \"[dotenv@17.\"... is not valid JSON\n    at JSON.parse (<anonymous>)\n    at parse (/Users/jeremyparker/infinite-continue-stop-hook/test/e2e/performance-validation.test"
        },
        {
          "suite": "/Users/jeremyparker/infinite-continue-stop-hook/test/e2e/performance-validation.test.js",
          "test": "Performance Validation E2E Concurrent, Load Performance High concurrency performance validation",
          "duration": 2580,
          "error": "Error: Failed to get features from TaskManager API: Unexpected token 'd', \"[dotenv@17.\"... is not valid JSON\n    at E2EEnvironment.getFeatures (/Users/jeremyparker/infinite-continue-stop-hook/test/e2e"
        },
        {
          "suite": "/Users/jeremyparker/infinite-continue-stop-hook/test/e2e/performance-validation.test.js",
          "test": "Performance Validation E2E Concurrent, Load Performance Resource contention performance impact",
          "duration": 1448,
          "error": "TypeError: loggers.stopHook.log is not a function\n    at Object.log (/Users/jeremyparker/infinite-continue-stop-hook/test/e2e/performance-validation.test.js:336:26)"
        },
        {
          "suite": "/Users/jeremyparker/infinite-continue-stop-hook/test/e2e/performance-validation.test.js",
          "test": "Performance Validation E2E Performance, Regression Detection Baseline performance regression checks",
          "duration": 1320,
          "error": "SyntaxError: Unexpected token 'd', \"[dotenv@17.\"... is not valid JSON\n    at JSON.parse (<anonymous>)\n    at parse (/Users/jeremyparker/infinite-continue-stop-hook/test/e2e/performance-validation.test"
        },
        {
          "suite": "/Users/jeremyparker/infinite-continue-stop-hook/test/e2e/performance-validation.test.js",
          "test": "Performance Validation E2E Performance, Regression Detection End-to-end workflow performance validation",
          "duration": 301,
          "error": "SyntaxError: Unexpected token 'd', \"[dotenv@17.\"... is not valid JSON\n    at JSON.parse (<anonymous>)\n    at parse (/Users/jeremyparker/infinite-continue-stop-hook/test/e2e/performance-validation.test"
        }
      ],
      "failure_patterns": {
        "assertion": 6,
        "type": 1
      },
      "common_failure_type": "assertion"
    },
    "flaky_test_detection": {
      "potentially_flaky": [],
      "confidence": "low",
      "note": "Flaky test detection requires historical data analysis"
    }
  },
  "git": {
    "commit_sha": "a1eef2eb813aedacb8fe9975d39a2254339cb47b",
    "branch": "main",
    "author": "Claude <claude@anthropic.com>",
    "commit_message": "wip: fix syntax errors in performance-validation.test.js",
    "commit_date": "2025-09-29 20:43:12 -0500",
    "tag": null,
    "is_dirty": true,
    "remote_url": "https://github.com/Nexus-Digital-Automations/infinite-continue-stop-hook.git"
  },
  "environment": {
    "node_version": "v22.20.0",
    "platform": "darwin",
    "arch": "arm64",
    "ci": false,
    "ci_provider": "local",
    "environment": "development",
    "timezone": "America/Chicago",
    "locale": "en-US",
    "memory": {
      "total": 25769803776,
      "available": 151977984
    },
    "cpu": {
      "cores": 8,
      "model": "Apple M3"
    },
    "build_info": {
      "build_number": "unknown",
      "build_url": null,
      "job_name": "unknown"
    }
  },
  "coverage_integration": {
    "coverage_available": false,
    "coverage_summary": null,
    "coverage_status": "not_available"
  },
  "notifications": [],
  "recommendations": [
    {
      "category": "testing",
      "priority": "high",
      "recommendation": "Fix failing tests immediately",
      "details": "7 tests are currently failing"
    }
  ]
}