{"/Users/jeremyparker/infinite-continue-stop-hook/taskmanager-api.js": {"path":"/Users/jeremyparker/infinite-continue-stop-hook/taskmanager-api.js","all":false,"statementMap":{"0":{"start":{"line":1,"column":0},"end":{"line":1,"column":0}},"1":{"start":{"line":2,"column":0},"end":{"line":2,"column":87}},"2":{"start":{"line":3,"column":0},"end":{"line":3,"column":3}},"3":{"start":{"line":4,"column":0},"end":{"line":4,"column":68}},"4":{"start":{"line":5,"column":0},"end":{"line":5,"column":2}},"5":{"start":{"line":6,"column":0},"end":{"line":6,"column":19}},"6":{"start":{"line":7,"column":0},"end":{"line":7,"column":78}},"7":{"start":{"line":8,"column":0},"end":{"line":8,"column":82}},"8":{"start":{"line":9,"column":0},"end":{"line":9,"column":54}},"9":{"start":{"line":10,"column":0},"end":{"line":10,"column":2}},"10":{"start":{"line":11,"column":0},"end":{"line":11,"column":23}},"11":{"start":{"line":12,"column":0},"end":{"line":12,"column":45}},"12":{"start":{"line":13,"column":0},"end":{"line":13,"column":66}},"13":{"start":{"line":14,"column":0},"end":{"line":14,"column":59}},"14":{"start":{"line":15,"column":0},"end":{"line":15,"column":36}},"15":{"start":{"line":16,"column":0},"end":{"line":16,"column":43}},"16":{"start":{"line":17,"column":0},"end":{"line":17,"column":37}},"17":{"start":{"line":18,"column":0},"end":{"line":18,"column":2}},"18":{"start":{"line":19,"column":0},"end":{"line":19,"column":27}},"19":{"start":{"line":20,"column":0},"end":{"line":20,"column":53}},"20":{"start":{"line":21,"column":0},"end":{"line":21,"column":68}},"21":{"start":{"line":22,"column":0},"end":{"line":22,"column":60}},"22":{"start":{"line":23,"column":0},"end":{"line":23,"column":51}},"23":{"start":{"line":24,"column":0},"end":{"line":24,"column":48}},"24":{"start":{"line":25,"column":0},"end":{"line":25,"column":2}},"25":{"start":{"line":26,"column":0},"end":{"line":26,"column":36}},"26":{"start":{"line":27,"column":0},"end":{"line":27,"column":17}},"27":{"start":{"line":28,"column":0},"end":{"line":28,"column":20}},"28":{"start":{"line":29,"column":0},"end":{"line":29,"column":2}},"29":{"start":{"line":30,"column":0},"end":{"line":30,"column":87}},"30":{"start":{"line":31,"column":0},"end":{"line":31,"column":3}},"31":{"start":{"line":32,"column":0},"end":{"line":32,"column":0}},"32":{"start":{"line":33,"column":0},"end":{"line":33,"column":29}},"33":{"start":{"line":34,"column":0},"end":{"line":34,"column":34}},"34":{"start":{"line":35,"column":0},"end":{"line":35,"column":33}},"35":{"start":{"line":36,"column":0},"end":{"line":36,"column":0}},"36":{"start":{"line":37,"column":0},"end":{"line":37,"column":52}},"37":{"start":{"line":38,"column":0},"end":{"line":38,"column":16}},"38":{"start":{"line":39,"column":0},"end":{"line":39,"column":17}},"39":{"start":{"line":40,"column":0},"end":{"line":40,"column":27}},"40":{"start":{"line":41,"column":0},"end":{"line":41,"column":3}},"41":{"start":{"line":42,"column":0},"end":{"line":42,"column":0}},"42":{"start":{"line":43,"column":0},"end":{"line":43,"column":27}},"43":{"start":{"line":44,"column":0},"end":{"line":44,"column":36}},"44":{"start":{"line":45,"column":0},"end":{"line":45,"column":50}},"45":{"start":{"line":46,"column":0},"end":{"line":46,"column":5}},"46":{"start":{"line":47,"column":0},"end":{"line":47,"column":0}},"47":{"start":{"line":48,"column":0},"end":{"line":48,"column":49}},"48":{"start":{"line":49,"column":0},"end":{"line":49,"column":20}},"49":{"start":{"line":50,"column":0},"end":{"line":50,"column":0}},"50":{"start":{"line":51,"column":0},"end":{"line":51,"column":44}},"51":{"start":{"line":52,"column":0},"end":{"line":52,"column":37}},"52":{"start":{"line":53,"column":0},"end":{"line":53,"column":30}},"53":{"start":{"line":54,"column":0},"end":{"line":54,"column":9}},"54":{"start":{"line":55,"column":0},"end":{"line":55,"column":7}},"55":{"start":{"line":56,"column":0},"end":{"line":56,"column":0}},"56":{"start":{"line":57,"column":0},"end":{"line":57,"column":38}},"57":{"start":{"line":58,"column":0},"end":{"line":58,"column":0}},"58":{"start":{"line":59,"column":0},"end":{"line":59,"column":22}},"59":{"start":{"line":60,"column":0},"end":{"line":60,"column":23}},"60":{"start":{"line":61,"column":0},"end":{"line":61,"column":3}},"61":{"start":{"line":62,"column":0},"end":{"line":62,"column":1}},"62":{"start":{"line":63,"column":0},"end":{"line":63,"column":0}},"63":{"start":{"line":64,"column":0},"end":{"line":64,"column":32}},"64":{"start":{"line":65,"column":0},"end":{"line":65,"column":0}},"65":{"start":{"line":66,"column":0},"end":{"line":66,"column":71}},"66":{"start":{"line":67,"column":0},"end":{"line":67,"column":35}},"67":{"start":{"line":68,"column":0},"end":{"line":68,"column":56}},"68":{"start":{"line":69,"column":0},"end":{"line":69,"column":20}},"69":{"start":{"line":70,"column":0},"end":{"line":70,"column":63}},"70":{"start":{"line":71,"column":0},"end":{"line":71,"column":32}},"71":{"start":{"line":72,"column":0},"end":{"line":72,"column":20}},"72":{"start":{"line":73,"column":0},"end":{"line":73,"column":63}},"73":{"start":{"line":74,"column":0},"end":{"line":74,"column":0}},"74":{"start":{"line":75,"column":0},"end":{"line":75,"column":68}},"75":{"start":{"line":76,"column":0},"end":{"line":76,"column":30}},"76":{"start":{"line":77,"column":0},"end":{"line":77,"column":35}},"77":{"start":{"line":78,"column":0},"end":{"line":78,"column":1}},"78":{"start":{"line":79,"column":0},"end":{"line":79,"column":0}},"79":{"start":{"line":80,"column":0},"end":{"line":80,"column":29}},"80":{"start":{"line":81,"column":0},"end":{"line":81,"column":78}},"81":{"start":{"line":82,"column":0},"end":{"line":82,"column":113}},"82":{"start":{"line":83,"column":0},"end":{"line":83,"column":87}},"83":{"start":{"line":84,"column":0},"end":{"line":84,"column":0}},"84":{"start":{"line":85,"column":0},"end":{"line":85,"column":3}},"85":{"start":{"line":86,"column":0},"end":{"line":86,"column":58}},"86":{"start":{"line":87,"column":0},"end":{"line":87,"column":2}},"87":{"start":{"line":88,"column":0},"end":{"line":88,"column":70}},"88":{"start":{"line":89,"column":0},"end":{"line":89,"column":59}},"89":{"start":{"line":90,"column":0},"end":{"line":90,"column":3}},"90":{"start":{"line":91,"column":0},"end":{"line":91,"column":25}},"91":{"start":{"line":92,"column":0},"end":{"line":92,"column":17}},"92":{"start":{"line":93,"column":0},"end":{"line":93,"column":36}},"93":{"start":{"line":94,"column":0},"end":{"line":94,"column":38}},"94":{"start":{"line":95,"column":0},"end":{"line":95,"column":0}},"95":{"start":{"line":96,"column":0},"end":{"line":96,"column":71}},"96":{"start":{"line":97,"column":0},"end":{"line":97,"column":25}},"97":{"start":{"line":98,"column":0},"end":{"line":98,"column":0}},"98":{"start":{"line":99,"column":0},"end":{"line":99,"column":39}},"99":{"start":{"line":100,"column":0},"end":{"line":100,"column":42}},"100":{"start":{"line":101,"column":0},"end":{"line":101,"column":46}},"101":{"start":{"line":102,"column":0},"end":{"line":102,"column":50}},"102":{"start":{"line":103,"column":0},"end":{"line":103,"column":0}},"103":{"start":{"line":104,"column":0},"end":{"line":104,"column":75}},"104":{"start":{"line":105,"column":0},"end":{"line":105,"column":3}},"105":{"start":{"line":106,"column":0},"end":{"line":106,"column":0}},"106":{"start":{"line":107,"column":0},"end":{"line":107,"column":5}},"107":{"start":{"line":108,"column":0},"end":{"line":108,"column":54}},"108":{"start":{"line":109,"column":0},"end":{"line":109,"column":5}},"109":{"start":{"line":110,"column":0},"end":{"line":110,"column":31}},"110":{"start":{"line":111,"column":0},"end":{"line":111,"column":9}},"111":{"start":{"line":112,"column":0},"end":{"line":112,"column":41}},"112":{"start":{"line":113,"column":0},"end":{"line":113,"column":13}},"113":{"start":{"line":114,"column":0},"end":{"line":114,"column":38}},"114":{"start":{"line":115,"column":0},"end":{"line":115,"column":32}},"115":{"start":{"line":116,"column":0},"end":{"line":116,"column":45}},"116":{"start":{"line":117,"column":0},"end":{"line":117,"column":21}},"117":{"start":{"line":118,"column":0},"end":{"line":118,"column":19}},"118":{"start":{"line":119,"column":0},"end":{"line":119,"column":27}},"119":{"start":{"line":120,"column":0},"end":{"line":120,"column":44}},"120":{"start":{"line":121,"column":0},"end":{"line":121,"column":44}},"121":{"start":{"line":122,"column":0},"end":{"line":122,"column":28}},"122":{"start":{"line":123,"column":0},"end":{"line":123,"column":31}},"123":{"start":{"line":124,"column":0},"end":{"line":124,"column":10}},"124":{"start":{"line":125,"column":0},"end":{"line":125,"column":26}},"125":{"start":{"line":126,"column":0},"end":{"line":126,"column":33}},"126":{"start":{"line":127,"column":0},"end":{"line":127,"column":41}},"127":{"start":{"line":128,"column":0},"end":{"line":128,"column":47}},"128":{"start":{"line":129,"column":0},"end":{"line":129,"column":47}},"129":{"start":{"line":130,"column":0},"end":{"line":130,"column":10}},"130":{"start":{"line":131,"column":0},"end":{"line":131,"column":8}},"131":{"start":{"line":132,"column":0},"end":{"line":132,"column":0}},"132":{"start":{"line":133,"column":0},"end":{"line":133,"column":87}},"133":{"start":{"line":134,"column":0},"end":{"line":134,"column":5}},"134":{"start":{"line":135,"column":0},"end":{"line":135,"column":3}},"135":{"start":{"line":136,"column":0},"end":{"line":136,"column":0}},"136":{"start":{"line":137,"column":0},"end":{"line":137,"column":5}},"137":{"start":{"line":138,"column":0},"end":{"line":138,"column":74}},"138":{"start":{"line":139,"column":0},"end":{"line":139,"column":5}},"139":{"start":{"line":140,"column":0},"end":{"line":140,"column":50}},"140":{"start":{"line":141,"column":0},"end":{"line":141,"column":25}},"141":{"start":{"line":142,"column":0},"end":{"line":142,"column":14}},"142":{"start":{"line":143,"column":0},"end":{"line":143,"column":34}},"143":{"start":{"line":144,"column":0},"end":{"line":144,"column":19}},"144":{"start":{"line":145,"column":0},"end":{"line":145,"column":78}},"145":{"start":{"line":146,"column":0},"end":{"line":146,"column":20}},"146":{"start":{"line":147,"column":0},"end":{"line":147,"column":10}},"147":{"start":{"line":148,"column":0},"end":{"line":148,"column":9}},"148":{"start":{"line":149,"column":0},"end":{"line":149,"column":7}},"149":{"start":{"line":150,"column":0},"end":{"line":150,"column":3}},"150":{"start":{"line":151,"column":0},"end":{"line":151,"column":0}},"151":{"start":{"line":152,"column":0},"end":{"line":152,"column":71}},"152":{"start":{"line":153,"column":0},"end":{"line":153,"column":49}},"153":{"start":{"line":154,"column":0},"end":{"line":154,"column":0}},"154":{"start":{"line":155,"column":0},"end":{"line":155,"column":5}},"155":{"start":{"line":156,"column":0},"end":{"line":156,"column":39}},"156":{"start":{"line":157,"column":0},"end":{"line":157,"column":5}},"157":{"start":{"line":158,"column":0},"end":{"line":158,"column":37}},"158":{"start":{"line":159,"column":0},"end":{"line":159,"column":9}},"159":{"start":{"line":160,"column":0},"end":{"line":160,"column":57}},"160":{"start":{"line":161,"column":0},"end":{"line":161,"column":45}},"161":{"start":{"line":162,"column":0},"end":{"line":162,"column":0}},"162":{"start":{"line":163,"column":0},"end":{"line":163,"column":71}},"163":{"start":{"line":164,"column":0},"end":{"line":164,"column":25}},"164":{"start":{"line":165,"column":0},"end":{"line":165,"column":40}},"165":{"start":{"line":166,"column":0},"end":{"line":166,"column":35}},"166":{"start":{"line":167,"column":0},"end":{"line":167,"column":47}},"167":{"start":{"line":168,"column":0},"end":{"line":168,"column":53}},"168":{"start":{"line":169,"column":0},"end":{"line":169,"column":41}},"169":{"start":{"line":170,"column":0},"end":{"line":170,"column":30}},"170":{"start":{"line":171,"column":0},"end":{"line":171,"column":47}},"171":{"start":{"line":172,"column":0},"end":{"line":172,"column":47}},"172":{"start":{"line":173,"column":0},"end":{"line":173,"column":61}},"173":{"start":{"line":174,"column":0},"end":{"line":174,"column":47}},"174":{"start":{"line":175,"column":0},"end":{"line":175,"column":10}},"175":{"start":{"line":176,"column":0},"end":{"line":176,"column":0}},"176":{"start":{"line":177,"column":0},"end":{"line":177,"column":40}},"177":{"start":{"line":178,"column":0},"end":{"line":178,"column":68}},"178":{"start":{"line":179,"column":0},"end":{"line":179,"column":61}},"179":{"start":{"line":180,"column":0},"end":{"line":180,"column":0}},"180":{"start":{"line":181,"column":0},"end":{"line":181,"column":16}},"181":{"start":{"line":182,"column":0},"end":{"line":182,"column":24}},"182":{"start":{"line":183,"column":0},"end":{"line":183,"column":18}},"183":{"start":{"line":184,"column":0},"end":{"line":184,"column":61}},"184":{"start":{"line":185,"column":0},"end":{"line":185,"column":10}},"185":{"start":{"line":186,"column":0},"end":{"line":186,"column":9}},"186":{"start":{"line":187,"column":0},"end":{"line":187,"column":0}},"187":{"start":{"line":188,"column":0},"end":{"line":188,"column":20}},"188":{"start":{"line":189,"column":0},"end":{"line":189,"column":21}},"189":{"start":{"line":190,"column":0},"end":{"line":190,"column":14}},"190":{"start":{"line":191,"column":0},"end":{"line":191,"column":23}},"191":{"start":{"line":192,"column":0},"end":{"line":192,"column":29}},"192":{"start":{"line":193,"column":0},"end":{"line":193,"column":8}},"193":{"start":{"line":194,"column":0},"end":{"line":194,"column":5}},"194":{"start":{"line":195,"column":0},"end":{"line":195,"column":3}},"195":{"start":{"line":196,"column":0},"end":{"line":196,"column":0}},"196":{"start":{"line":197,"column":0},"end":{"line":197,"column":5}},"197":{"start":{"line":198,"column":0},"end":{"line":198,"column":51}},"198":{"start":{"line":199,"column":0},"end":{"line":199,"column":5}},"199":{"start":{"line":200,"column":0},"end":{"line":200,"column":54}},"200":{"start":{"line":201,"column":0},"end":{"line":201,"column":9}},"201":{"start":{"line":202,"column":0},"end":{"line":202,"column":36}},"202":{"start":{"line":203,"column":0},"end":{"line":203,"column":39}},"203":{"start":{"line":204,"column":0},"end":{"line":204,"column":0}},"204":{"start":{"line":205,"column":0},"end":{"line":205,"column":50}},"205":{"start":{"line":206,"column":0},"end":{"line":206,"column":70}},"206":{"start":{"line":207,"column":0},"end":{"line":207,"column":0}},"207":{"start":{"line":208,"column":0},"end":{"line":208,"column":21}},"208":{"start":{"line":209,"column":0},"end":{"line":209,"column":66}},"209":{"start":{"line":210,"column":0},"end":{"line":210,"column":7}},"210":{"start":{"line":211,"column":0},"end":{"line":211,"column":0}},"211":{"start":{"line":212,"column":0},"end":{"line":212,"column":43}},"212":{"start":{"line":213,"column":0},"end":{"line":213,"column":111}},"213":{"start":{"line":214,"column":0},"end":{"line":214,"column":7}},"214":{"start":{"line":215,"column":0},"end":{"line":215,"column":0}},"215":{"start":{"line":216,"column":0},"end":{"line":216,"column":34}},"216":{"start":{"line":217,"column":0},"end":{"line":217,"column":52}},"217":{"start":{"line":218,"column":0},"end":{"line":218,"column":65}},"218":{"start":{"line":219,"column":0},"end":{"line":219,"column":55}},"219":{"start":{"line":220,"column":0},"end":{"line":220,"column":56}},"220":{"start":{"line":221,"column":0},"end":{"line":221,"column":0}},"221":{"start":{"line":222,"column":0},"end":{"line":222,"column":65}},"222":{"start":{"line":223,"column":0},"end":{"line":223,"column":31}},"223":{"start":{"line":224,"column":0},"end":{"line":224,"column":29}},"224":{"start":{"line":225,"column":0},"end":{"line":225,"column":27}},"225":{"start":{"line":226,"column":0},"end":{"line":226,"column":44}},"226":{"start":{"line":227,"column":0},"end":{"line":227,"column":44}},"227":{"start":{"line":228,"column":0},"end":{"line":228,"column":51}},"228":{"start":{"line":229,"column":0},"end":{"line":229,"column":31}},"229":{"start":{"line":230,"column":0},"end":{"line":230,"column":10}},"230":{"start":{"line":231,"column":0},"end":{"line":231,"column":7}},"231":{"start":{"line":232,"column":0},"end":{"line":232,"column":48}},"232":{"start":{"line":233,"column":0},"end":{"line":233,"column":48}},"233":{"start":{"line":234,"column":0},"end":{"line":234,"column":7}},"234":{"start":{"line":235,"column":0},"end":{"line":235,"column":0}},"235":{"start":{"line":236,"column":0},"end":{"line":236,"column":32}},"236":{"start":{"line":237,"column":0},"end":{"line":237,"column":47}},"237":{"start":{"line":238,"column":0},"end":{"line":238,"column":30}},"238":{"start":{"line":239,"column":0},"end":{"line":239,"column":27}},"239":{"start":{"line":240,"column":0},"end":{"line":240,"column":44}},"240":{"start":{"line":241,"column":0},"end":{"line":241,"column":41}},"241":{"start":{"line":242,"column":0},"end":{"line":242,"column":38}},"242":{"start":{"line":243,"column":0},"end":{"line":243,"column":9}},"243":{"start":{"line":244,"column":0},"end":{"line":244,"column":0}},"244":{"start":{"line":245,"column":0},"end":{"line":245,"column":59}},"245":{"start":{"line":246,"column":0},"end":{"line":246,"column":41}},"246":{"start":{"line":247,"column":0},"end":{"line":247,"column":0}},"247":{"start":{"line":248,"column":0},"end":{"line":248,"column":14}},"248":{"start":{"line":249,"column":0},"end":{"line":249,"column":22}},"249":{"start":{"line":250,"column":0},"end":{"line":250,"column":16}},"250":{"start":{"line":251,"column":0},"end":{"line":251,"column":49}},"251":{"start":{"line":252,"column":0},"end":{"line":252,"column":8}},"252":{"start":{"line":253,"column":0},"end":{"line":253,"column":21}},"253":{"start":{"line":254,"column":0},"end":{"line":254,"column":14}},"254":{"start":{"line":255,"column":0},"end":{"line":255,"column":23}},"255":{"start":{"line":256,"column":0},"end":{"line":256,"column":29}},"256":{"start":{"line":257,"column":0},"end":{"line":257,"column":8}},"257":{"start":{"line":258,"column":0},"end":{"line":258,"column":5}},"258":{"start":{"line":259,"column":0},"end":{"line":259,"column":3}},"259":{"start":{"line":260,"column":0},"end":{"line":260,"column":0}},"260":{"start":{"line":261,"column":0},"end":{"line":261,"column":5}},"261":{"start":{"line":262,"column":0},"end":{"line":262,"column":31}},"262":{"start":{"line":263,"column":0},"end":{"line":263,"column":5}},"263":{"start":{"line":264,"column":0},"end":{"line":264,"column":54}},"264":{"start":{"line":265,"column":0},"end":{"line":265,"column":9}},"265":{"start":{"line":266,"column":0},"end":{"line":266,"column":36}},"266":{"start":{"line":267,"column":0},"end":{"line":267,"column":39}},"267":{"start":{"line":268,"column":0},"end":{"line":268,"column":0}},"268":{"start":{"line":269,"column":0},"end":{"line":269,"column":50}},"269":{"start":{"line":270,"column":0},"end":{"line":270,"column":70}},"270":{"start":{"line":271,"column":0},"end":{"line":271,"column":0}},"271":{"start":{"line":272,"column":0},"end":{"line":272,"column":21}},"272":{"start":{"line":273,"column":0},"end":{"line":273,"column":66}},"273":{"start":{"line":274,"column":0},"end":{"line":274,"column":7}},"274":{"start":{"line":275,"column":0},"end":{"line":275,"column":0}},"275":{"start":{"line":276,"column":0},"end":{"line":276,"column":43}},"276":{"start":{"line":277,"column":0},"end":{"line":277,"column":110}},"277":{"start":{"line":278,"column":0},"end":{"line":278,"column":7}},"278":{"start":{"line":279,"column":0},"end":{"line":279,"column":0}},"279":{"start":{"line":280,"column":0},"end":{"line":280,"column":34}},"280":{"start":{"line":281,"column":0},"end":{"line":281,"column":52}},"281":{"start":{"line":282,"column":0},"end":{"line":282,"column":66}},"282":{"start":{"line":283,"column":0},"end":{"line":283,"column":56}},"283":{"start":{"line":284,"column":0},"end":{"line":284,"column":78}},"284":{"start":{"line":285,"column":0},"end":{"line":285,"column":0}},"285":{"start":{"line":286,"column":0},"end":{"line":286,"column":65}},"286":{"start":{"line":287,"column":0},"end":{"line":287,"column":31}},"287":{"start":{"line":288,"column":0},"end":{"line":288,"column":29}},"288":{"start":{"line":289,"column":0},"end":{"line":289,"column":27}},"289":{"start":{"line":290,"column":0},"end":{"line":290,"column":44}},"290":{"start":{"line":291,"column":0},"end":{"line":291,"column":44}},"291":{"start":{"line":292,"column":0},"end":{"line":292,"column":51}},"292":{"start":{"line":293,"column":0},"end":{"line":293,"column":31}},"293":{"start":{"line":294,"column":0},"end":{"line":294,"column":10}},"294":{"start":{"line":295,"column":0},"end":{"line":295,"column":7}},"295":{"start":{"line":296,"column":0},"end":{"line":296,"column":48}},"296":{"start":{"line":297,"column":0},"end":{"line":297,"column":48}},"297":{"start":{"line":298,"column":0},"end":{"line":298,"column":7}},"298":{"start":{"line":299,"column":0},"end":{"line":299,"column":0}},"299":{"start":{"line":300,"column":0},"end":{"line":300,"column":32}},"300":{"start":{"line":301,"column":0},"end":{"line":301,"column":47}},"301":{"start":{"line":302,"column":0},"end":{"line":302,"column":30}},"302":{"start":{"line":303,"column":0},"end":{"line":303,"column":27}},"303":{"start":{"line":304,"column":0},"end":{"line":304,"column":44}},"304":{"start":{"line":305,"column":0},"end":{"line":305,"column":41}},"305":{"start":{"line":306,"column":0},"end":{"line":306,"column":41}},"306":{"start":{"line":307,"column":0},"end":{"line":307,"column":9}},"307":{"start":{"line":308,"column":0},"end":{"line":308,"column":0}},"308":{"start":{"line":309,"column":0},"end":{"line":309,"column":59}},"309":{"start":{"line":310,"column":0},"end":{"line":310,"column":41}},"310":{"start":{"line":311,"column":0},"end":{"line":311,"column":0}},"311":{"start":{"line":312,"column":0},"end":{"line":312,"column":14}},"312":{"start":{"line":313,"column":0},"end":{"line":313,"column":22}},"313":{"start":{"line":314,"column":0},"end":{"line":314,"column":16}},"314":{"start":{"line":315,"column":0},"end":{"line":315,"column":49}},"315":{"start":{"line":316,"column":0},"end":{"line":316,"column":8}},"316":{"start":{"line":317,"column":0},"end":{"line":317,"column":21}},"317":{"start":{"line":318,"column":0},"end":{"line":318,"column":14}},"318":{"start":{"line":319,"column":0},"end":{"line":319,"column":23}},"319":{"start":{"line":320,"column":0},"end":{"line":320,"column":29}},"320":{"start":{"line":321,"column":0},"end":{"line":321,"column":8}},"321":{"start":{"line":322,"column":0},"end":{"line":322,"column":5}},"322":{"start":{"line":323,"column":0},"end":{"line":323,"column":3}},"323":{"start":{"line":324,"column":0},"end":{"line":324,"column":0}},"324":{"start":{"line":325,"column":0},"end":{"line":325,"column":5}},"325":{"start":{"line":326,"column":0},"end":{"line":326,"column":43}},"326":{"start":{"line":327,"column":0},"end":{"line":327,"column":5}},"327":{"start":{"line":328,"column":0},"end":{"line":328,"column":60}},"328":{"start":{"line":329,"column":0},"end":{"line":329,"column":9}},"329":{"start":{"line":330,"column":0},"end":{"line":330,"column":39}},"330":{"start":{"line":331,"column":0},"end":{"line":331,"column":0}},"331":{"start":{"line":332,"column":0},"end":{"line":332,"column":50}},"332":{"start":{"line":333,"column":0},"end":{"line":333,"column":25}},"333":{"start":{"line":334,"column":0},"end":{"line":334,"column":24}},"334":{"start":{"line":335,"column":0},"end":{"line":335,"column":0}},"335":{"start":{"line":336,"column":0},"end":{"line":336,"column":43}},"336":{"start":{"line":337,"column":0},"end":{"line":337,"column":13}},"337":{"start":{"line":338,"column":0},"end":{"line":338,"column":74}},"338":{"start":{"line":339,"column":0},"end":{"line":339,"column":0}},"339":{"start":{"line":340,"column":0},"end":{"line":340,"column":25}},"340":{"start":{"line":341,"column":0},"end":{"line":341,"column":66}},"341":{"start":{"line":342,"column":0},"end":{"line":342,"column":21}},"342":{"start":{"line":343,"column":0},"end":{"line":343,"column":11}},"343":{"start":{"line":344,"column":0},"end":{"line":344,"column":0}},"344":{"start":{"line":345,"column":0},"end":{"line":345,"column":47}},"345":{"start":{"line":346,"column":0},"end":{"line":346,"column":124}},"346":{"start":{"line":347,"column":0},"end":{"line":347,"column":21}},"347":{"start":{"line":348,"column":0},"end":{"line":348,"column":11}},"348":{"start":{"line":349,"column":0},"end":{"line":349,"column":0}},"349":{"start":{"line":350,"column":0},"end":{"line":350,"column":38}},"350":{"start":{"line":351,"column":0},"end":{"line":351,"column":56}},"351":{"start":{"line":352,"column":0},"end":{"line":352,"column":69}},"352":{"start":{"line":353,"column":0},"end":{"line":353,"column":59}},"353":{"start":{"line":354,"column":0},"end":{"line":354,"column":60}},"354":{"start":{"line":355,"column":0},"end":{"line":355,"column":0}},"355":{"start":{"line":356,"column":0},"end":{"line":356,"column":69}},"356":{"start":{"line":357,"column":0},"end":{"line":357,"column":35}},"357":{"start":{"line":358,"column":0},"end":{"line":358,"column":33}},"358":{"start":{"line":359,"column":0},"end":{"line":359,"column":31}},"359":{"start":{"line":360,"column":0},"end":{"line":360,"column":48}},"360":{"start":{"line":361,"column":0},"end":{"line":361,"column":48}},"361":{"start":{"line":362,"column":0},"end":{"line":362,"column":55}},"362":{"start":{"line":363,"column":0},"end":{"line":363,"column":35}},"363":{"start":{"line":364,"column":0},"end":{"line":364,"column":14}},"364":{"start":{"line":365,"column":0},"end":{"line":365,"column":11}},"365":{"start":{"line":366,"column":0},"end":{"line":366,"column":52}},"366":{"start":{"line":367,"column":0},"end":{"line":367,"column":52}},"367":{"start":{"line":368,"column":0},"end":{"line":368,"column":11}},"368":{"start":{"line":369,"column":0},"end":{"line":369,"column":0}},"369":{"start":{"line":370,"column":0},"end":{"line":370,"column":36}},"370":{"start":{"line":371,"column":0},"end":{"line":371,"column":51}},"371":{"start":{"line":372,"column":0},"end":{"line":372,"column":34}},"372":{"start":{"line":373,"column":0},"end":{"line":373,"column":31}},"373":{"start":{"line":374,"column":0},"end":{"line":374,"column":48}},"374":{"start":{"line":375,"column":0},"end":{"line":375,"column":45}},"375":{"start":{"line":376,"column":0},"end":{"line":376,"column":42}},"376":{"start":{"line":377,"column":0},"end":{"line":377,"column":13}},"377":{"start":{"line":378,"column":0},"end":{"line":378,"column":0}},"378":{"start":{"line":379,"column":0},"end":{"line":379,"column":24}},"379":{"start":{"line":380,"column":0},"end":{"line":380,"column":34}},"380":{"start":{"line":381,"column":0},"end":{"line":381,"column":33}},"381":{"start":{"line":382,"column":0},"end":{"line":382,"column":31}},"382":{"start":{"line":383,"column":0},"end":{"line":383,"column":26}},"383":{"start":{"line":384,"column":0},"end":{"line":384,"column":13}},"384":{"start":{"line":385,"column":0},"end":{"line":385,"column":0}},"385":{"start":{"line":386,"column":0},"end":{"line":386,"column":25}},"386":{"start":{"line":387,"column":0},"end":{"line":387,"column":72}},"387":{"start":{"line":388,"column":0},"end":{"line":388,"column":9}},"388":{"start":{"line":389,"column":0},"end":{"line":389,"column":7}},"389":{"start":{"line":390,"column":0},"end":{"line":390,"column":0}},"390":{"start":{"line":391,"column":0},"end":{"line":391,"column":59}},"391":{"start":{"line":392,"column":0},"end":{"line":392,"column":41}},"392":{"start":{"line":393,"column":0},"end":{"line":393,"column":0}},"393":{"start":{"line":394,"column":0},"end":{"line":394,"column":14}},"394":{"start":{"line":395,"column":0},"end":{"line":395,"column":22}},"395":{"start":{"line":396,"column":0},"end":{"line":396,"column":39}},"396":{"start":{"line":397,"column":0},"end":{"line":397,"column":35}},"397":{"start":{"line":398,"column":0},"end":{"line":398,"column":35}},"398":{"start":{"line":399,"column":0},"end":{"line":399,"column":23}},"399":{"start":{"line":400,"column":0},"end":{"line":400,"column":96}},"400":{"start":{"line":401,"column":0},"end":{"line":401,"column":8}},"401":{"start":{"line":402,"column":0},"end":{"line":402,"column":0}},"402":{"start":{"line":403,"column":0},"end":{"line":403,"column":21}},"403":{"start":{"line":404,"column":0},"end":{"line":404,"column":14}},"404":{"start":{"line":405,"column":0},"end":{"line":405,"column":23}},"405":{"start":{"line":406,"column":0},"end":{"line":406,"column":29}},"406":{"start":{"line":407,"column":0},"end":{"line":407,"column":8}},"407":{"start":{"line":408,"column":0},"end":{"line":408,"column":5}},"408":{"start":{"line":409,"column":0},"end":{"line":409,"column":3}},"409":{"start":{"line":410,"column":0},"end":{"line":410,"column":0}},"410":{"start":{"line":411,"column":0},"end":{"line":411,"column":5}},"411":{"start":{"line":412,"column":0},"end":{"line":412,"column":42}},"412":{"start":{"line":413,"column":0},"end":{"line":413,"column":5}},"413":{"start":{"line":414,"column":0},"end":{"line":414,"column":35}},"414":{"start":{"line":415,"column":0},"end":{"line":415,"column":9}},"415":{"start":{"line":416,"column":0},"end":{"line":416,"column":36}},"416":{"start":{"line":417,"column":0},"end":{"line":417,"column":39}},"417":{"start":{"line":418,"column":0},"end":{"line":418,"column":0}},"418":{"start":{"line":419,"column":0},"end":{"line":419,"column":50}},"419":{"start":{"line":420,"column":0},"end":{"line":420,"column":47}},"420":{"start":{"line":421,"column":0},"end":{"line":421,"column":0}},"421":{"start":{"line":422,"column":0},"end":{"line":422,"column":28}},"422":{"start":{"line":423,"column":0},"end":{"line":423,"column":26}},"423":{"start":{"line":424,"column":0},"end":{"line":424,"column":84}},"424":{"start":{"line":425,"column":0},"end":{"line":425,"column":7}},"425":{"start":{"line":426,"column":0},"end":{"line":426,"column":0}},"426":{"start":{"line":427,"column":0},"end":{"line":427,"column":30}},"427":{"start":{"line":428,"column":0},"end":{"line":428,"column":28}},"428":{"start":{"line":429,"column":0},"end":{"line":429,"column":88}},"429":{"start":{"line":430,"column":0},"end":{"line":430,"column":7}},"430":{"start":{"line":431,"column":0},"end":{"line":431,"column":0}},"431":{"start":{"line":432,"column":0},"end":{"line":432,"column":14}},"432":{"start":{"line":433,"column":0},"end":{"line":433,"column":22}},"433":{"start":{"line":434,"column":0},"end":{"line":434,"column":35}},"434":{"start":{"line":435,"column":0},"end":{"line":435,"column":39}},"435":{"start":{"line":436,"column":0},"end":{"line":436,"column":36}},"436":{"start":{"line":437,"column":0},"end":{"line":437,"column":8}},"437":{"start":{"line":438,"column":0},"end":{"line":438,"column":21}},"438":{"start":{"line":439,"column":0},"end":{"line":439,"column":14}},"439":{"start":{"line":440,"column":0},"end":{"line":440,"column":23}},"440":{"start":{"line":441,"column":0},"end":{"line":441,"column":29}},"441":{"start":{"line":442,"column":0},"end":{"line":442,"column":8}},"442":{"start":{"line":443,"column":0},"end":{"line":443,"column":5}},"443":{"start":{"line":444,"column":0},"end":{"line":444,"column":3}},"444":{"start":{"line":445,"column":0},"end":{"line":445,"column":0}},"445":{"start":{"line":446,"column":0},"end":{"line":446,"column":5}},"446":{"start":{"line":447,"column":0},"end":{"line":447,"column":41}},"447":{"start":{"line":448,"column":0},"end":{"line":448,"column":5}},"448":{"start":{"line":449,"column":0},"end":{"line":449,"column":27}},"449":{"start":{"line":450,"column":0},"end":{"line":450,"column":9}},"450":{"start":{"line":451,"column":0},"end":{"line":451,"column":36}},"451":{"start":{"line":452,"column":0},"end":{"line":452,"column":39}},"452":{"start":{"line":453,"column":0},"end":{"line":453,"column":0}},"453":{"start":{"line":454,"column":0},"end":{"line":454,"column":50}},"454":{"start":{"line":455,"column":0},"end":{"line":455,"column":21}},"455":{"start":{"line":456,"column":0},"end":{"line":456,"column":40}},"456":{"start":{"line":457,"column":0},"end":{"line":457,"column":22}},"457":{"start":{"line":458,"column":0},"end":{"line":458,"column":24}},"458":{"start":{"line":459,"column":0},"end":{"line":459,"column":28}},"459":{"start":{"line":460,"column":0},"end":{"line":460,"column":8}},"460":{"start":{"line":461,"column":0},"end":{"line":461,"column":0}},"461":{"start":{"line":462,"column":0},"end":{"line":462,"column":24}},"462":{"start":{"line":463,"column":0},"end":{"line":463,"column":44}},"463":{"start":{"line":464,"column":0},"end":{"line":464,"column":85}},"464":{"start":{"line":465,"column":0},"end":{"line":465,"column":9}},"465":{"start":{"line":466,"column":0},"end":{"line":466,"column":0}},"466":{"start":{"line":467,"column":0},"end":{"line":467,"column":26}},"467":{"start":{"line":468,"column":0},"end":{"line":468,"column":44}},"468":{"start":{"line":469,"column":0},"end":{"line":469,"column":93}},"469":{"start":{"line":470,"column":0},"end":{"line":470,"column":9}},"470":{"start":{"line":471,"column":0},"end":{"line":471,"column":0}},"471":{"start":{"line":472,"column":0},"end":{"line":472,"column":46}},"472":{"start":{"line":473,"column":0},"end":{"line":473,"column":64}},"473":{"start":{"line":474,"column":0},"end":{"line":474,"column":19}},"474":{"start":{"line":475,"column":0},"end":{"line":475,"column":19}},"475":{"start":{"line":476,"column":0},"end":{"line":476,"column":0}},"476":{"start":{"line":477,"column":0},"end":{"line":477,"column":14}},"477":{"start":{"line":478,"column":0},"end":{"line":478,"column":22}},"478":{"start":{"line":479,"column":0},"end":{"line":479,"column":14}},"479":{"start":{"line":480,"column":0},"end":{"line":480,"column":36}},"480":{"start":{"line":481,"column":0},"end":{"line":481,"column":8}},"481":{"start":{"line":482,"column":0},"end":{"line":482,"column":21}},"482":{"start":{"line":483,"column":0},"end":{"line":483,"column":14}},"483":{"start":{"line":484,"column":0},"end":{"line":484,"column":23}},"484":{"start":{"line":485,"column":0},"end":{"line":485,"column":29}},"485":{"start":{"line":486,"column":0},"end":{"line":486,"column":8}},"486":{"start":{"line":487,"column":0},"end":{"line":487,"column":5}},"487":{"start":{"line":488,"column":0},"end":{"line":488,"column":3}},"488":{"start":{"line":489,"column":0},"end":{"line":489,"column":0}},"489":{"start":{"line":490,"column":0},"end":{"line":490,"column":5}},"490":{"start":{"line":491,"column":0},"end":{"line":491,"column":73}},"491":{"start":{"line":492,"column":0},"end":{"line":492,"column":5}},"492":{"start":{"line":493,"column":0},"end":{"line":493,"column":34}},"493":{"start":{"line":494,"column":0},"end":{"line":494,"column":9}},"494":{"start":{"line":495,"column":0},"end":{"line":495,"column":36}},"495":{"start":{"line":496,"column":0},"end":{"line":496,"column":39}},"496":{"start":{"line":497,"column":0},"end":{"line":497,"column":0}},"497":{"start":{"line":498,"column":0},"end":{"line":498,"column":50}},"498":{"start":{"line":499,"column":0},"end":{"line":499,"column":63}},"499":{"start":{"line":500,"column":0},"end":{"line":500,"column":54}},"500":{"start":{"line":501,"column":0},"end":{"line":501,"column":0}},"501":{"start":{"line":502,"column":0},"end":{"line":502,"column":59}},"502":{"start":{"line":503,"column":0},"end":{"line":503,"column":57}},"503":{"start":{"line":504,"column":0},"end":{"line":504,"column":0}},"504":{"start":{"line":505,"column":0},"end":{"line":505,"column":33}},"505":{"start":{"line":506,"column":0},"end":{"line":506,"column":66}},"506":{"start":{"line":507,"column":0},"end":{"line":507,"column":27}},"507":{"start":{"line":508,"column":0},"end":{"line":508,"column":39}},"508":{"start":{"line":509,"column":0},"end":{"line":509,"column":45}},"509":{"start":{"line":510,"column":0},"end":{"line":510,"column":11}},"510":{"start":{"line":511,"column":0},"end":{"line":511,"column":30}},"511":{"start":{"line":512,"column":0},"end":{"line":512,"column":8}},"512":{"start":{"line":513,"column":0},"end":{"line":513,"column":0}},"513":{"start":{"line":514,"column":0},"end":{"line":514,"column":55}},"514":{"start":{"line":515,"column":0},"end":{"line":515,"column":59}},"515":{"start":{"line":516,"column":0},"end":{"line":516,"column":0}},"516":{"start":{"line":517,"column":0},"end":{"line":517,"column":24}},"517":{"start":{"line":518,"column":0},"end":{"line":518,"column":22}},"518":{"start":{"line":519,"column":0},"end":{"line":519,"column":16}},"519":{"start":{"line":520,"column":0},"end":{"line":520,"column":61}},"520":{"start":{"line":521,"column":0},"end":{"line":521,"column":65}},"521":{"start":{"line":522,"column":0},"end":{"line":522,"column":41}},"522":{"start":{"line":523,"column":0},"end":{"line":523,"column":40}},"523":{"start":{"line":524,"column":0},"end":{"line":524,"column":25}},"524":{"start":{"line":525,"column":0},"end":{"line":525,"column":45}},"525":{"start":{"line":526,"column":0},"end":{"line":526,"column":49}},"526":{"start":{"line":527,"column":0},"end":{"line":527,"column":58}},"527":{"start":{"line":528,"column":0},"end":{"line":528,"column":12}},"528":{"start":{"line":529,"column":0},"end":{"line":529,"column":25}},"529":{"start":{"line":530,"column":0},"end":{"line":530,"column":28}},"530":{"start":{"line":531,"column":0},"end":{"line":531,"column":70}},"531":{"start":{"line":532,"column":0},"end":{"line":532,"column":74}},"532":{"start":{"line":533,"column":0},"end":{"line":533,"column":103}},"533":{"start":{"line":534,"column":0},"end":{"line":534,"column":14}},"534":{"start":{"line":535,"column":0},"end":{"line":535,"column":28}},"535":{"start":{"line":536,"column":0},"end":{"line":536,"column":70}},"536":{"start":{"line":537,"column":0},"end":{"line":537,"column":74}},"537":{"start":{"line":538,"column":0},"end":{"line":538,"column":103}},"538":{"start":{"line":539,"column":0},"end":{"line":539,"column":14}},"539":{"start":{"line":540,"column":0},"end":{"line":540,"column":28}},"540":{"start":{"line":541,"column":0},"end":{"line":541,"column":70}},"541":{"start":{"line":542,"column":0},"end":{"line":542,"column":74}},"542":{"start":{"line":543,"column":0},"end":{"line":543,"column":103}},"543":{"start":{"line":544,"column":0},"end":{"line":544,"column":14}},"544":{"start":{"line":545,"column":0},"end":{"line":545,"column":28}},"545":{"start":{"line":546,"column":0},"end":{"line":546,"column":70}},"546":{"start":{"line":547,"column":0},"end":{"line":547,"column":74}},"547":{"start":{"line":548,"column":0},"end":{"line":548,"column":103}},"548":{"start":{"line":549,"column":0},"end":{"line":549,"column":14}},"549":{"start":{"line":550,"column":0},"end":{"line":550,"column":28}},"550":{"start":{"line":551,"column":0},"end":{"line":551,"column":70}},"551":{"start":{"line":552,"column":0},"end":{"line":552,"column":74}},"552":{"start":{"line":553,"column":0},"end":{"line":553,"column":103}},"553":{"start":{"line":554,"column":0},"end":{"line":554,"column":14}},"554":{"start":{"line":555,"column":0},"end":{"line":555,"column":12}},"555":{"start":{"line":556,"column":0},"end":{"line":556,"column":42}},"556":{"start":{"line":557,"column":0},"end":{"line":557,"column":43}},"557":{"start":{"line":558,"column":0},"end":{"line":558,"column":39}},"558":{"start":{"line":559,"column":0},"end":{"line":559,"column":10}},"559":{"start":{"line":560,"column":0},"end":{"line":560,"column":68}},"560":{"start":{"line":561,"column":0},"end":{"line":561,"column":8}},"561":{"start":{"line":562,"column":0},"end":{"line":562,"column":0}},"562":{"start":{"line":563,"column":0},"end":{"line":563,"column":22}},"563":{"start":{"line":564,"column":0},"end":{"line":564,"column":21}},"564":{"start":{"line":565,"column":0},"end":{"line":565,"column":14}},"565":{"start":{"line":566,"column":0},"end":{"line":566,"column":23}},"566":{"start":{"line":567,"column":0},"end":{"line":567,"column":29}},"567":{"start":{"line":568,"column":0},"end":{"line":568,"column":44}},"568":{"start":{"line":569,"column":0},"end":{"line":569,"column":8}},"569":{"start":{"line":570,"column":0},"end":{"line":570,"column":5}},"570":{"start":{"line":571,"column":0},"end":{"line":571,"column":3}},"571":{"start":{"line":572,"column":0},"end":{"line":572,"column":0}},"572":{"start":{"line":573,"column":0},"end":{"line":573,"column":34}},"573":{"start":{"line":574,"column":0},"end":{"line":574,"column":9}},"574":{"start":{"line":575,"column":0},"end":{"line":575,"column":71}},"575":{"start":{"line":576,"column":0},"end":{"line":576,"column":56}},"576":{"start":{"line":577,"column":0},"end":{"line":577,"column":31}},"577":{"start":{"line":578,"column":0},"end":{"line":578,"column":31}},"578":{"start":{"line":579,"column":0},"end":{"line":579,"column":9}},"579":{"start":{"line":580,"column":0},"end":{"line":580,"column":0}},"580":{"start":{"line":581,"column":0},"end":{"line":581,"column":51}},"581":{"start":{"line":582,"column":0},"end":{"line":582,"column":0}},"582":{"start":{"line":583,"column":0},"end":{"line":583,"column":39}},"583":{"start":{"line":584,"column":0},"end":{"line":584,"column":36}},"584":{"start":{"line":585,"column":0},"end":{"line":585,"column":35}},"585":{"start":{"line":586,"column":0},"end":{"line":586,"column":27}},"586":{"start":{"line":587,"column":0},"end":{"line":587,"column":33}},"587":{"start":{"line":588,"column":0},"end":{"line":588,"column":59}},"588":{"start":{"line":589,"column":0},"end":{"line":589,"column":10}},"589":{"start":{"line":590,"column":0},"end":{"line":590,"column":0}},"590":{"start":{"line":591,"column":0},"end":{"line":591,"column":16}},"591":{"start":{"line":592,"column":0},"end":{"line":592,"column":24}},"592":{"start":{"line":593,"column":0},"end":{"line":593,"column":18}},"593":{"start":{"line":594,"column":0},"end":{"line":594,"column":24}},"594":{"start":{"line":595,"column":0},"end":{"line":595,"column":34}},"595":{"start":{"line":596,"column":0},"end":{"line":596,"column":58}},"596":{"start":{"line":597,"column":0},"end":{"line":597,"column":22}},"597":{"start":{"line":598,"column":0},"end":{"line":598,"column":12}},"598":{"start":{"line":599,"column":0},"end":{"line":599,"column":63}},"599":{"start":{"line":600,"column":0},"end":{"line":600,"column":10}},"600":{"start":{"line":601,"column":0},"end":{"line":601,"column":9}},"601":{"start":{"line":602,"column":0},"end":{"line":602,"column":0}},"602":{"start":{"line":603,"column":0},"end":{"line":603,"column":79}},"603":{"start":{"line":604,"column":0},"end":{"line":604,"column":48}},"604":{"start":{"line":605,"column":0},"end":{"line":605,"column":0}},"605":{"start":{"line":606,"column":0},"end":{"line":606,"column":20}},"606":{"start":{"line":607,"column":0},"end":{"line":607,"column":21}},"607":{"start":{"line":608,"column":0},"end":{"line":608,"column":14}},"608":{"start":{"line":609,"column":0},"end":{"line":609,"column":23}},"609":{"start":{"line":610,"column":0},"end":{"line":610,"column":62}},"610":{"start":{"line":611,"column":0},"end":{"line":611,"column":44}},"611":{"start":{"line":612,"column":0},"end":{"line":612,"column":8}},"612":{"start":{"line":613,"column":0},"end":{"line":613,"column":5}},"613":{"start":{"line":614,"column":0},"end":{"line":614,"column":3}},"614":{"start":{"line":615,"column":0},"end":{"line":615,"column":0}},"615":{"start":{"line":616,"column":0},"end":{"line":616,"column":36}},"616":{"start":{"line":617,"column":0},"end":{"line":617,"column":9}},"617":{"start":{"line":618,"column":0},"end":{"line":618,"column":71}},"618":{"start":{"line":619,"column":0},"end":{"line":619,"column":56}},"619":{"start":{"line":620,"column":0},"end":{"line":620,"column":31}},"620":{"start":{"line":621,"column":0},"end":{"line":621,"column":31}},"621":{"start":{"line":622,"column":0},"end":{"line":622,"column":9}},"622":{"start":{"line":623,"column":0},"end":{"line":623,"column":0}},"623":{"start":{"line":624,"column":0},"end":{"line":624,"column":51}},"624":{"start":{"line":625,"column":0},"end":{"line":625,"column":55}},"625":{"start":{"line":626,"column":0},"end":{"line":626,"column":0}},"626":{"start":{"line":627,"column":0},"end":{"line":627,"column":74}},"627":{"start":{"line":628,"column":0},"end":{"line":628,"column":36}},"628":{"start":{"line":629,"column":0},"end":{"line":629,"column":27}},"629":{"start":{"line":630,"column":0},"end":{"line":630,"column":35}},"630":{"start":{"line":631,"column":0},"end":{"line":631,"column":27}},"631":{"start":{"line":632,"column":0},"end":{"line":632,"column":35}},"632":{"start":{"line":633,"column":0},"end":{"line":633,"column":59}},"633":{"start":{"line":634,"column":0},"end":{"line":634,"column":56}},"634":{"start":{"line":635,"column":0},"end":{"line":635,"column":54}},"635":{"start":{"line":636,"column":0},"end":{"line":636,"column":36}},"636":{"start":{"line":637,"column":0},"end":{"line":637,"column":17}},"637":{"start":{"line":638,"column":0},"end":{"line":638,"column":10}},"638":{"start":{"line":639,"column":0},"end":{"line":639,"column":0}},"639":{"start":{"line":640,"column":0},"end":{"line":640,"column":16}},"640":{"start":{"line":641,"column":0},"end":{"line":641,"column":24}},"641":{"start":{"line":642,"column":0},"end":{"line":642,"column":18}},"642":{"start":{"line":643,"column":0},"end":{"line":643,"column":24}},"643":{"start":{"line":644,"column":0},"end":{"line":644,"column":36}},"644":{"start":{"line":645,"column":0},"end":{"line":645,"column":58}},"645":{"start":{"line":646,"column":0},"end":{"line":646,"column":22}},"646":{"start":{"line":647,"column":0},"end":{"line":647,"column":85}},"647":{"start":{"line":648,"column":0},"end":{"line":648,"column":12}},"648":{"start":{"line":649,"column":0},"end":{"line":649,"column":65}},"649":{"start":{"line":650,"column":0},"end":{"line":650,"column":10}},"650":{"start":{"line":651,"column":0},"end":{"line":651,"column":9}},"651":{"start":{"line":652,"column":0},"end":{"line":652,"column":0}},"652":{"start":{"line":653,"column":0},"end":{"line":653,"column":81}},"653":{"start":{"line":654,"column":0},"end":{"line":654,"column":50}},"654":{"start":{"line":655,"column":0},"end":{"line":655,"column":0}},"655":{"start":{"line":656,"column":0},"end":{"line":656,"column":20}},"656":{"start":{"line":657,"column":0},"end":{"line":657,"column":21}},"657":{"start":{"line":658,"column":0},"end":{"line":658,"column":14}},"658":{"start":{"line":659,"column":0},"end":{"line":659,"column":23}},"659":{"start":{"line":660,"column":0},"end":{"line":660,"column":64}},"660":{"start":{"line":661,"column":0},"end":{"line":661,"column":44}},"661":{"start":{"line":662,"column":0},"end":{"line":662,"column":8}},"662":{"start":{"line":663,"column":0},"end":{"line":663,"column":5}},"663":{"start":{"line":664,"column":0},"end":{"line":664,"column":3}},"664":{"start":{"line":665,"column":0},"end":{"line":665,"column":0}},"665":{"start":{"line":666,"column":0},"end":{"line":666,"column":40}},"666":{"start":{"line":667,"column":0},"end":{"line":667,"column":9}},"667":{"start":{"line":668,"column":0},"end":{"line":668,"column":40}},"668":{"start":{"line":669,"column":0},"end":{"line":669,"column":35}},"669":{"start":{"line":670,"column":0},"end":{"line":670,"column":0}},"670":{"start":{"line":671,"column":0},"end":{"line":671,"column":39}},"671":{"start":{"line":672,"column":0},"end":{"line":672,"column":68}},"672":{"start":{"line":673,"column":0},"end":{"line":673,"column":24}},"673":{"start":{"line":674,"column":0},"end":{"line":674,"column":27}},"674":{"start":{"line":675,"column":0},"end":{"line":675,"column":31}},"675":{"start":{"line":676,"column":0},"end":{"line":676,"column":110}},"676":{"start":{"line":677,"column":0},"end":{"line":677,"column":44}},"677":{"start":{"line":678,"column":0},"end":{"line":678,"column":40}},"678":{"start":{"line":679,"column":0},"end":{"line":679,"column":8}},"679":{"start":{"line":680,"column":0},"end":{"line":680,"column":0}},"680":{"start":{"line":681,"column":0},"end":{"line":681,"column":74}},"681":{"start":{"line":682,"column":0},"end":{"line":682,"column":0}},"682":{"start":{"line":683,"column":0},"end":{"line":683,"column":14}},"683":{"start":{"line":684,"column":0},"end":{"line":684,"column":22}},"684":{"start":{"line":685,"column":0},"end":{"line":685,"column":24}},"685":{"start":{"line":686,"column":0},"end":{"line":686,"column":33}},"686":{"start":{"line":687,"column":0},"end":{"line":687,"column":34}},"687":{"start":{"line":688,"column":0},"end":{"line":688,"column":40}},"688":{"start":{"line":689,"column":0},"end":{"line":689,"column":34}},"689":{"start":{"line":690,"column":0},"end":{"line":690,"column":10}},"690":{"start":{"line":691,"column":0},"end":{"line":691,"column":106}},"691":{"start":{"line":692,"column":0},"end":{"line":692,"column":8}},"692":{"start":{"line":693,"column":0},"end":{"line":693,"column":21}},"693":{"start":{"line":694,"column":0},"end":{"line":694,"column":14}},"694":{"start":{"line":695,"column":0},"end":{"line":695,"column":23}},"695":{"start":{"line":696,"column":0},"end":{"line":696,"column":60}},"696":{"start":{"line":697,"column":0},"end":{"line":697,"column":44}},"697":{"start":{"line":698,"column":0},"end":{"line":698,"column":8}},"698":{"start":{"line":699,"column":0},"end":{"line":699,"column":5}},"699":{"start":{"line":700,"column":0},"end":{"line":700,"column":3}},"700":{"start":{"line":701,"column":0},"end":{"line":701,"column":0}},"701":{"start":{"line":702,"column":0},"end":{"line":702,"column":60}},"702":{"start":{"line":703,"column":0},"end":{"line":703,"column":42}},"703":{"start":{"line":704,"column":0},"end":{"line":704,"column":0}},"704":{"start":{"line":705,"column":0},"end":{"line":705,"column":5}},"705":{"start":{"line":706,"column":0},"end":{"line":706,"column":56}},"706":{"start":{"line":707,"column":0},"end":{"line":707,"column":5}},"707":{"start":{"line":708,"column":0},"end":{"line":708,"column":37}},"708":{"start":{"line":709,"column":0},"end":{"line":709,"column":58}},"709":{"start":{"line":710,"column":0},"end":{"line":710,"column":61}},"710":{"start":{"line":711,"column":0},"end":{"line":711,"column":5}},"711":{"start":{"line":712,"column":0},"end":{"line":712,"column":0}},"712":{"start":{"line":713,"column":0},"end":{"line":713,"column":28}},"713":{"start":{"line":714,"column":0},"end":{"line":714,"column":46}},"714":{"start":{"line":715,"column":0},"end":{"line":715,"column":112}},"715":{"start":{"line":716,"column":0},"end":{"line":716,"column":73}},"716":{"start":{"line":717,"column":0},"end":{"line":717,"column":7}},"717":{"start":{"line":718,"column":0},"end":{"line":718,"column":5}},"718":{"start":{"line":719,"column":0},"end":{"line":719,"column":0}},"719":{"start":{"line":720,"column":0},"end":{"line":720,"column":24}},"720":{"start":{"line":721,"column":0},"end":{"line":721,"column":63}},"721":{"start":{"line":722,"column":0},"end":{"line":722,"column":120}},"722":{"start":{"line":723,"column":0},"end":{"line":723,"column":5}},"723":{"start":{"line":724,"column":0},"end":{"line":724,"column":0}},"724":{"start":{"line":725,"column":0},"end":{"line":725,"column":28}},"725":{"start":{"line":726,"column":0},"end":{"line":726,"column":74}},"726":{"start":{"line":727,"column":0},"end":{"line":727,"column":77}},"727":{"start":{"line":728,"column":0},"end":{"line":728,"column":5}},"728":{"start":{"line":729,"column":0},"end":{"line":729,"column":0}},"729":{"start":{"line":730,"column":0},"end":{"line":730,"column":34}},"730":{"start":{"line":731,"column":0},"end":{"line":731,"column":87}},"731":{"start":{"line":732,"column":0},"end":{"line":732,"column":84}},"732":{"start":{"line":733,"column":0},"end":{"line":733,"column":5}},"733":{"start":{"line":734,"column":0},"end":{"line":734,"column":0}},"734":{"start":{"line":735,"column":0},"end":{"line":735,"column":37}},"735":{"start":{"line":736,"column":0},"end":{"line":736,"column":93}},"736":{"start":{"line":737,"column":0},"end":{"line":737,"column":79}},"737":{"start":{"line":738,"column":0},"end":{"line":738,"column":5}},"738":{"start":{"line":739,"column":0},"end":{"line":739,"column":3}},"739":{"start":{"line":740,"column":0},"end":{"line":740,"column":0}},"740":{"start":{"line":741,"column":0},"end":{"line":741,"column":5}},"741":{"start":{"line":742,"column":0},"end":{"line":742,"column":31}},"742":{"start":{"line":743,"column":0},"end":{"line":743,"column":5}},"743":{"start":{"line":744,"column":0},"end":{"line":744,"column":24}},"744":{"start":{"line":745,"column":0},"end":{"line":745,"column":33}},"745":{"start":{"line":746,"column":0},"end":{"line":746,"column":63}},"746":{"start":{"line":747,"column":0},"end":{"line":747,"column":50}},"747":{"start":{"line":748,"column":0},"end":{"line":748,"column":3}},"748":{"start":{"line":749,"column":0},"end":{"line":749,"column":0}},"749":{"start":{"line":750,"column":0},"end":{"line":750,"column":5}},"750":{"start":{"line":751,"column":0},"end":{"line":751,"column":37}},"751":{"start":{"line":752,"column":0},"end":{"line":752,"column":5}},"752":{"start":{"line":753,"column":0},"end":{"line":753,"column":25}},"753":{"start":{"line":754,"column":0},"end":{"line":754,"column":9}},"754":{"start":{"line":755,"column":0},"end":{"line":755,"column":64}},"755":{"start":{"line":756,"column":0},"end":{"line":756,"column":30}},"756":{"start":{"line":757,"column":0},"end":{"line":757,"column":21}},"757":{"start":{"line":758,"column":0},"end":{"line":758,"column":36}},"758":{"start":{"line":759,"column":0},"end":{"line":759,"column":40}},"759":{"start":{"line":760,"column":0},"end":{"line":760,"column":41}},"760":{"start":{"line":761,"column":0},"end":{"line":761,"column":36}},"761":{"start":{"line":762,"column":0},"end":{"line":762,"column":7}},"762":{"start":{"line":763,"column":0},"end":{"line":763,"column":67}},"763":{"start":{"line":764,"column":0},"end":{"line":764,"column":5}},"764":{"start":{"line":765,"column":0},"end":{"line":765,"column":3}},"765":{"start":{"line":766,"column":0},"end":{"line":766,"column":0}},"766":{"start":{"line":767,"column":0},"end":{"line":767,"column":5}},"767":{"start":{"line":768,"column":0},"end":{"line":768,"column":35}},"768":{"start":{"line":769,"column":0},"end":{"line":769,"column":5}},"769":{"start":{"line":770,"column":0},"end":{"line":770,"column":33}},"770":{"start":{"line":771,"column":0},"end":{"line":771,"column":9}},"771":{"start":{"line":772,"column":0},"end":{"line":772,"column":79}},"772":{"start":{"line":773,"column":0},"end":{"line":773,"column":21}},"773":{"start":{"line":774,"column":0},"end":{"line":774,"column":67}},"774":{"start":{"line":775,"column":0},"end":{"line":775,"column":5}},"775":{"start":{"line":776,"column":0},"end":{"line":776,"column":3}},"776":{"start":{"line":777,"column":0},"end":{"line":777,"column":0}},"777":{"start":{"line":778,"column":0},"end":{"line":778,"column":5}},"778":{"start":{"line":779,"column":0},"end":{"line":779,"column":72}},"779":{"start":{"line":780,"column":0},"end":{"line":780,"column":76}},"780":{"start":{"line":781,"column":0},"end":{"line":781,"column":65}},"781":{"start":{"line":782,"column":0},"end":{"line":782,"column":5}},"782":{"start":{"line":783,"column":0},"end":{"line":783,"column":43}},"783":{"start":{"line":784,"column":0},"end":{"line":784,"column":66}},"784":{"start":{"line":785,"column":0},"end":{"line":785,"column":0}},"785":{"start":{"line":786,"column":0},"end":{"line":786,"column":9}},"786":{"start":{"line":787,"column":0},"end":{"line":787,"column":39}},"787":{"start":{"line":788,"column":0},"end":{"line":788,"column":50}},"788":{"start":{"line":789,"column":0},"end":{"line":789,"column":46}},"789":{"start":{"line":790,"column":0},"end":{"line":790,"column":41}},"790":{"start":{"line":791,"column":0},"end":{"line":791,"column":20}},"791":{"start":{"line":792,"column":0},"end":{"line":792,"column":15}},"792":{"start":{"line":793,"column":0},"end":{"line":793,"column":20}},"793":{"start":{"line":794,"column":0},"end":{"line":794,"column":5}},"794":{"start":{"line":795,"column":0},"end":{"line":795,"column":3}},"795":{"start":{"line":796,"column":0},"end":{"line":796,"column":0}},"796":{"start":{"line":797,"column":0},"end":{"line":797,"column":19}},"797":{"start":{"line":798,"column":0},"end":{"line":798,"column":12}},"798":{"start":{"line":799,"column":0},"end":{"line":799,"column":20}},"799":{"start":{"line":800,"column":0},"end":{"line":800,"column":71}},"800":{"start":{"line":801,"column":0},"end":{"line":801,"column":19}},"801":{"start":{"line":802,"column":0},"end":{"line":802,"column":29}},"802":{"start":{"line":803,"column":0},"end":{"line":803,"column":39}},"803":{"start":{"line":804,"column":0},"end":{"line":804,"column":33}},"804":{"start":{"line":805,"column":0},"end":{"line":805,"column":0}},"805":{"start":{"line":806,"column":0},"end":{"line":806,"column":29}},"806":{"start":{"line":807,"column":0},"end":{"line":807,"column":44}},"807":{"start":{"line":808,"column":0},"end":{"line":808,"column":44}},"808":{"start":{"line":809,"column":0},"end":{"line":809,"column":42}},"809":{"start":{"line":810,"column":0},"end":{"line":810,"column":40}},"810":{"start":{"line":811,"column":0},"end":{"line":811,"column":43}},"811":{"start":{"line":812,"column":0},"end":{"line":812,"column":61}},"812":{"start":{"line":813,"column":0},"end":{"line":813,"column":8}},"813":{"start":{"line":814,"column":0},"end":{"line":814,"column":26}},"814":{"start":{"line":815,"column":0},"end":{"line":815,"column":29}},"815":{"start":{"line":816,"column":0},"end":{"line":816,"column":27}},"816":{"start":{"line":817,"column":0},"end":{"line":817,"column":0}},"817":{"start":{"line":818,"column":0},"end":{"line":818,"column":29}},"818":{"start":{"line":819,"column":0},"end":{"line":819,"column":125}},"819":{"start":{"line":820,"column":0},"end":{"line":820,"column":8}},"820":{"start":{"line":821,"column":0},"end":{"line":821,"column":51}},"821":{"start":{"line":822,"column":0},"end":{"line":822,"column":6}},"822":{"start":{"line":823,"column":0},"end":{"line":823,"column":3}},"823":{"start":{"line":824,"column":0},"end":{"line":824,"column":0}},"824":{"start":{"line":825,"column":0},"end":{"line":825,"column":33}},"825":{"start":{"line":826,"column":0},"end":{"line":826,"column":9}},"826":{"start":{"line":827,"column":0},"end":{"line":827,"column":36}},"827":{"start":{"line":828,"column":0},"end":{"line":828,"column":16}},"828":{"start":{"line":829,"column":0},"end":{"line":829,"column":18}},"829":{"start":{"line":830,"column":0},"end":{"line":830,"column":26}},"830":{"start":{"line":831,"column":0},"end":{"line":831,"column":29}},"831":{"start":{"line":832,"column":0},"end":{"line":832,"column":31}},"832":{"start":{"line":833,"column":0},"end":{"line":833,"column":26}},"833":{"start":{"line":834,"column":0},"end":{"line":834,"column":84}},"834":{"start":{"line":835,"column":0},"end":{"line":835,"column":14}},"835":{"start":{"line":836,"column":0},"end":{"line":836,"column":30}},"836":{"start":{"line":837,"column":0},"end":{"line":837,"column":81}},"837":{"start":{"line":838,"column":0},"end":{"line":838,"column":25}},"838":{"start":{"line":839,"column":0},"end":{"line":839,"column":76}},"839":{"start":{"line":840,"column":0},"end":{"line":840,"column":64}},"840":{"start":{"line":841,"column":0},"end":{"line":841,"column":57}},"841":{"start":{"line":842,"column":0},"end":{"line":842,"column":64}},"842":{"start":{"line":843,"column":0},"end":{"line":843,"column":16}},"843":{"start":{"line":844,"column":0},"end":{"line":844,"column":28}},"844":{"start":{"line":845,"column":0},"end":{"line":845,"column":70}},"845":{"start":{"line":846,"column":0},"end":{"line":846,"column":69}},"846":{"start":{"line":847,"column":0},"end":{"line":847,"column":86}},"847":{"start":{"line":848,"column":0},"end":{"line":848,"column":16}},"848":{"start":{"line":849,"column":0},"end":{"line":849,"column":14}},"849":{"start":{"line":850,"column":0},"end":{"line":850,"column":27}},"850":{"start":{"line":851,"column":0},"end":{"line":851,"column":26}},"851":{"start":{"line":852,"column":0},"end":{"line":852,"column":24}},"852":{"start":{"line":853,"column":0},"end":{"line":853,"column":62}},"853":{"start":{"line":854,"column":0},"end":{"line":854,"column":24}},"854":{"start":{"line":855,"column":0},"end":{"line":855,"column":114}},"855":{"start":{"line":856,"column":0},"end":{"line":856,"column":77}},"856":{"start":{"line":857,"column":0},"end":{"line":857,"column":18}},"857":{"start":{"line":858,"column":0},"end":{"line":858,"column":26}},"858":{"start":{"line":859,"column":0},"end":{"line":859,"column":64}},"859":{"start":{"line":860,"column":0},"end":{"line":860,"column":24}},"860":{"start":{"line":861,"column":0},"end":{"line":861,"column":116}},"861":{"start":{"line":862,"column":0},"end":{"line":862,"column":65}},"862":{"start":{"line":863,"column":0},"end":{"line":863,"column":18}},"863":{"start":{"line":864,"column":0},"end":{"line":864,"column":16}},"864":{"start":{"line":865,"column":0},"end":{"line":865,"column":34}},"865":{"start":{"line":866,"column":0},"end":{"line":866,"column":36}},"866":{"start":{"line":867,"column":0},"end":{"line":867,"column":63}},"867":{"start":{"line":868,"column":0},"end":{"line":868,"column":24}},"868":{"start":{"line":869,"column":0},"end":{"line":869,"column":235}},"869":{"start":{"line":870,"column":0},"end":{"line":870,"column":90}},"870":{"start":{"line":871,"column":0},"end":{"line":871,"column":89}},"871":{"start":{"line":872,"column":0},"end":{"line":872,"column":18}},"872":{"start":{"line":873,"column":0},"end":{"line":873,"column":36}},"873":{"start":{"line":874,"column":0},"end":{"line":874,"column":78}},"874":{"start":{"line":875,"column":0},"end":{"line":875,"column":24}},"875":{"start":{"line":876,"column":0},"end":{"line":876,"column":151}},"876":{"start":{"line":877,"column":0},"end":{"line":877,"column":53}},"877":{"start":{"line":878,"column":0},"end":{"line":878,"column":56}},"878":{"start":{"line":879,"column":0},"end":{"line":879,"column":58}},"879":{"start":{"line":880,"column":0},"end":{"line":880,"column":18}},"880":{"start":{"line":881,"column":0},"end":{"line":881,"column":35}},"881":{"start":{"line":882,"column":0},"end":{"line":882,"column":70}},"882":{"start":{"line":883,"column":0},"end":{"line":883,"column":24}},"883":{"start":{"line":884,"column":0},"end":{"line":884,"column":151}},"884":{"start":{"line":885,"column":0},"end":{"line":885,"column":53}},"885":{"start":{"line":886,"column":0},"end":{"line":886,"column":57}},"886":{"start":{"line":887,"column":0},"end":{"line":887,"column":59}},"887":{"start":{"line":888,"column":0},"end":{"line":888,"column":18}},"888":{"start":{"line":889,"column":0},"end":{"line":889,"column":34}},"889":{"start":{"line":890,"column":0},"end":{"line":890,"column":71}},"890":{"start":{"line":891,"column":0},"end":{"line":891,"column":24}},"891":{"start":{"line":892,"column":0},"end":{"line":892,"column":131}},"892":{"start":{"line":893,"column":0},"end":{"line":893,"column":29}},"893":{"start":{"line":894,"column":0},"end":{"line":894,"column":87}},"894":{"start":{"line":895,"column":0},"end":{"line":895,"column":91}},"895":{"start":{"line":896,"column":0},"end":{"line":896,"column":20}},"896":{"start":{"line":897,"column":0},"end":{"line":897,"column":18}},"897":{"start":{"line":898,"column":0},"end":{"line":898,"column":34}},"898":{"start":{"line":899,"column":0},"end":{"line":899,"column":70}},"899":{"start":{"line":900,"column":0},"end":{"line":900,"column":24}},"900":{"start":{"line":901,"column":0},"end":{"line":901,"column":122}},"901":{"start":{"line":902,"column":0},"end":{"line":902,"column":84}},"902":{"start":{"line":903,"column":0},"end":{"line":903,"column":18}},"903":{"start":{"line":904,"column":0},"end":{"line":904,"column":45}},"904":{"start":{"line":905,"column":0},"end":{"line":905,"column":118}},"905":{"start":{"line":906,"column":0},"end":{"line":906,"column":24}},"906":{"start":{"line":907,"column":0},"end":{"line":907,"column":133}},"907":{"start":{"line":908,"column":0},"end":{"line":908,"column":122}},"908":{"start":{"line":909,"column":0},"end":{"line":909,"column":108}},"909":{"start":{"line":910,"column":0},"end":{"line":910,"column":135}},"910":{"start":{"line":911,"column":0},"end":{"line":911,"column":18}},"911":{"start":{"line":912,"column":0},"end":{"line":912,"column":16}},"912":{"start":{"line":913,"column":0},"end":{"line":913,"column":32}},"913":{"start":{"line":914,"column":0},"end":{"line":914,"column":31}},"914":{"start":{"line":915,"column":0},"end":{"line":915,"column":64}},"915":{"start":{"line":916,"column":0},"end":{"line":916,"column":24}},"916":{"start":{"line":917,"column":0},"end":{"line":917,"column":129}},"917":{"start":{"line":918,"column":0},"end":{"line":918,"column":51}},"918":{"start":{"line":919,"column":0},"end":{"line":919,"column":83}},"919":{"start":{"line":920,"column":0},"end":{"line":920,"column":18}},"920":{"start":{"line":921,"column":0},"end":{"line":921,"column":33}},"921":{"start":{"line":922,"column":0},"end":{"line":922,"column":69}},"922":{"start":{"line":923,"column":0},"end":{"line":923,"column":24}},"923":{"start":{"line":924,"column":0},"end":{"line":924,"column":131}},"924":{"start":{"line":925,"column":0},"end":{"line":925,"column":51}},"925":{"start":{"line":926,"column":0},"end":{"line":926,"column":89}},"926":{"start":{"line":927,"column":0},"end":{"line":927,"column":18}},"927":{"start":{"line":928,"column":0},"end":{"line":928,"column":35}},"928":{"start":{"line":929,"column":0},"end":{"line":929,"column":110}},"929":{"start":{"line":930,"column":0},"end":{"line":930,"column":24}},"930":{"start":{"line":931,"column":0},"end":{"line":931,"column":142}},"931":{"start":{"line":932,"column":0},"end":{"line":932,"column":51}},"932":{"start":{"line":933,"column":0},"end":{"line":933,"column":50}},"933":{"start":{"line":934,"column":0},"end":{"line":934,"column":89}},"934":{"start":{"line":935,"column":0},"end":{"line":935,"column":130}},"935":{"start":{"line":936,"column":0},"end":{"line":936,"column":18}},"936":{"start":{"line":937,"column":0},"end":{"line":937,"column":16}},"937":{"start":{"line":938,"column":0},"end":{"line":938,"column":14}},"938":{"start":{"line":939,"column":0},"end":{"line":939,"column":24}},"939":{"start":{"line":940,"column":0},"end":{"line":940,"column":33}},"940":{"start":{"line":941,"column":0},"end":{"line":941,"column":70}},"941":{"start":{"line":942,"column":0},"end":{"line":942,"column":70}},"942":{"start":{"line":943,"column":0},"end":{"line":943,"column":49}},"943":{"start":{"line":944,"column":0},"end":{"line":944,"column":67}},"944":{"start":{"line":945,"column":0},"end":{"line":945,"column":16}},"945":{"start":{"line":946,"column":0},"end":{"line":946,"column":33}},"946":{"start":{"line":947,"column":0},"end":{"line":947,"column":58}},"947":{"start":{"line":948,"column":0},"end":{"line":948,"column":73}},"948":{"start":{"line":949,"column":0},"end":{"line":949,"column":64}},"949":{"start":{"line":950,"column":0},"end":{"line":950,"column":66}},"950":{"start":{"line":951,"column":0},"end":{"line":951,"column":16}},"951":{"start":{"line":952,"column":0},"end":{"line":952,"column":31}},"952":{"start":{"line":953,"column":0},"end":{"line":953,"column":64}},"953":{"start":{"line":954,"column":0},"end":{"line":954,"column":73}},"954":{"start":{"line":955,"column":0},"end":{"line":955,"column":73}},"955":{"start":{"line":956,"column":0},"end":{"line":956,"column":84}},"956":{"start":{"line":957,"column":0},"end":{"line":957,"column":75}},"957":{"start":{"line":958,"column":0},"end":{"line":958,"column":16}},"958":{"start":{"line":959,"column":0},"end":{"line":959,"column":14}},"959":{"start":{"line":960,"column":0},"end":{"line":960,"column":23}},"960":{"start":{"line":961,"column":0},"end":{"line":961,"column":32}},"961":{"start":{"line":962,"column":0},"end":{"line":962,"column":28}},"962":{"start":{"line":963,"column":0},"end":{"line":963,"column":243}},"963":{"start":{"line":964,"column":0},"end":{"line":964,"column":27}},"964":{"start":{"line":965,"column":0},"end":{"line":965,"column":246}},"965":{"start":{"line":966,"column":0},"end":{"line":966,"column":23}},"966":{"start":{"line":967,"column":0},"end":{"line":967,"column":235}},"967":{"start":{"line":968,"column":0},"end":{"line":968,"column":16}},"968":{"start":{"line":969,"column":0},"end":{"line":969,"column":33}},"969":{"start":{"line":970,"column":0},"end":{"line":970,"column":26}},"970":{"start":{"line":971,"column":0},"end":{"line":971,"column":134}},"971":{"start":{"line":972,"column":0},"end":{"line":972,"column":212}},"972":{"start":{"line":973,"column":0},"end":{"line":973,"column":18}},"973":{"start":{"line":974,"column":0},"end":{"line":974,"column":25}},"974":{"start":{"line":975,"column":0},"end":{"line":975,"column":133}},"975":{"start":{"line":976,"column":0},"end":{"line":976,"column":207}},"976":{"start":{"line":977,"column":0},"end":{"line":977,"column":18}},"977":{"start":{"line":978,"column":0},"end":{"line":978,"column":16}},"978":{"start":{"line":979,"column":0},"end":{"line":979,"column":39}},"979":{"start":{"line":980,"column":0},"end":{"line":980,"column":139}},"980":{"start":{"line":981,"column":0},"end":{"line":981,"column":121}},"981":{"start":{"line":982,"column":0},"end":{"line":982,"column":31}},"982":{"start":{"line":983,"column":0},"end":{"line":983,"column":32}},"983":{"start":{"line":984,"column":0},"end":{"line":984,"column":26}},"984":{"start":{"line":985,"column":0},"end":{"line":985,"column":46}},"985":{"start":{"line":986,"column":0},"end":{"line":986,"column":48}},"986":{"start":{"line":987,"column":0},"end":{"line":987,"column":46}},"987":{"start":{"line":988,"column":0},"end":{"line":988,"column":50}},"988":{"start":{"line":989,"column":0},"end":{"line":989,"column":35}},"989":{"start":{"line":990,"column":0},"end":{"line":990,"column":92}},"990":{"start":{"line":991,"column":0},"end":{"line":991,"column":92}},"991":{"start":{"line":992,"column":0},"end":{"line":992,"column":92}},"992":{"start":{"line":993,"column":0},"end":{"line":993,"column":92}},"993":{"start":{"line":994,"column":0},"end":{"line":994,"column":91}},"994":{"start":{"line":995,"column":0},"end":{"line":995,"column":21}},"995":{"start":{"line":996,"column":0},"end":{"line":996,"column":19}},"996":{"start":{"line":997,"column":0},"end":{"line":997,"column":17}},"997":{"start":{"line":998,"column":0},"end":{"line":998,"column":16}},"998":{"start":{"line":999,"column":0},"end":{"line":999,"column":14}},"999":{"start":{"line":1000,"column":0},"end":{"line":1000,"column":27}},"1000":{"start":{"line":1001,"column":0},"end":{"line":1001,"column":26}},"1001":{"start":{"line":1002,"column":0},"end":{"line":1002,"column":106}},"1002":{"start":{"line":1003,"column":0},"end":{"line":1003,"column":66}},"1003":{"start":{"line":1004,"column":0},"end":{"line":1004,"column":72}},"1004":{"start":{"line":1005,"column":0},"end":{"line":1005,"column":116}},"1005":{"start":{"line":1006,"column":0},"end":{"line":1006,"column":16}},"1006":{"start":{"line":1007,"column":0},"end":{"line":1007,"column":30}},"1007":{"start":{"line":1008,"column":0},"end":{"line":1008,"column":82}},"1008":{"start":{"line":1009,"column":0},"end":{"line":1009,"column":79}},"1009":{"start":{"line":1010,"column":0},"end":{"line":1010,"column":69}},"1010":{"start":{"line":1011,"column":0},"end":{"line":1011,"column":78}},"1011":{"start":{"line":1012,"column":0},"end":{"line":1012,"column":16}},"1012":{"start":{"line":1013,"column":0},"end":{"line":1013,"column":14}},"1013":{"start":{"line":1014,"column":0},"end":{"line":1014,"column":12}},"1014":{"start":{"line":1015,"column":0},"end":{"line":1015,"column":13}},"1015":{"start":{"line":1016,"column":0},"end":{"line":1016,"column":8}},"1016":{"start":{"line":1017,"column":0},"end":{"line":1017,"column":21}},"1017":{"start":{"line":1018,"column":0},"end":{"line":1018,"column":14}},"1018":{"start":{"line":1019,"column":0},"end":{"line":1019,"column":23}},"1019":{"start":{"line":1020,"column":0},"end":{"line":1020,"column":29}},"1020":{"start":{"line":1021,"column":0},"end":{"line":1021,"column":49}},"1021":{"start":{"line":1022,"column":0},"end":{"line":1022,"column":8}},"1022":{"start":{"line":1023,"column":0},"end":{"line":1023,"column":5}},"1023":{"start":{"line":1024,"column":0},"end":{"line":1024,"column":3}},"1024":{"start":{"line":1025,"column":0},"end":{"line":1025,"column":0}},"1025":{"start":{"line":1026,"column":0},"end":{"line":1026,"column":76}},"1026":{"start":{"line":1027,"column":0},"end":{"line":1027,"column":0}},"1027":{"start":{"line":1028,"column":0},"end":{"line":1028,"column":5}},"1028":{"start":{"line":1029,"column":0},"end":{"line":1029,"column":53}},"1029":{"start":{"line":1030,"column":0},"end":{"line":1030,"column":82}},"1030":{"start":{"line":1031,"column":0},"end":{"line":1031,"column":5}},"1031":{"start":{"line":1032,"column":0},"end":{"line":1032,"column":27}},"1032":{"start":{"line":1033,"column":0},"end":{"line":1033,"column":27}},"1033":{"start":{"line":1034,"column":0},"end":{"line":1034,"column":32}},"1034":{"start":{"line":1035,"column":0},"end":{"line":1035,"column":0}},"1035":{"start":{"line":1036,"column":0},"end":{"line":1036,"column":33}},"1036":{"start":{"line":1037,"column":0},"end":{"line":1037,"column":27}},"1037":{"start":{"line":1038,"column":0},"end":{"line":1038,"column":41}},"1038":{"start":{"line":1039,"column":0},"end":{"line":1039,"column":27}},"1039":{"start":{"line":1040,"column":0},"end":{"line":1040,"column":41}},"1040":{"start":{"line":1041,"column":0},"end":{"line":1041,"column":27}},"1041":{"start":{"line":1042,"column":0},"end":{"line":1042,"column":40}},"1042":{"start":{"line":1043,"column":0},"end":{"line":1043,"column":27}},"1043":{"start":{"line":1044,"column":0},"end":{"line":1044,"column":12}},"1044":{"start":{"line":1045,"column":0},"end":{"line":1045,"column":27}},"1045":{"start":{"line":1046,"column":0},"end":{"line":1046,"column":5}},"1046":{"start":{"line":1047,"column":0},"end":{"line":1047,"column":3}},"1047":{"start":{"line":1048,"column":0},"end":{"line":1048,"column":0}},"1048":{"start":{"line":1049,"column":0},"end":{"line":1049,"column":5}},"1049":{"start":{"line":1050,"column":0},"end":{"line":1050,"column":66}},"1050":{"start":{"line":1051,"column":0},"end":{"line":1051,"column":5}},"1051":{"start":{"line":1052,"column":0},"end":{"line":1052,"column":55}},"1052":{"start":{"line":1053,"column":0},"end":{"line":1053,"column":29}},"1053":{"start":{"line":1054,"column":0},"end":{"line":1054,"column":27}},"1054":{"start":{"line":1055,"column":0},"end":{"line":1055,"column":25}},"1055":{"start":{"line":1056,"column":0},"end":{"line":1056,"column":42}},"1056":{"start":{"line":1057,"column":0},"end":{"line":1057,"column":42}},"1057":{"start":{"line":1058,"column":0},"end":{"line":1058,"column":73}},"1058":{"start":{"line":1059,"column":0},"end":{"line":1059,"column":29}},"1059":{"start":{"line":1060,"column":0},"end":{"line":1060,"column":8}},"1060":{"start":{"line":1061,"column":0},"end":{"line":1061,"column":5}},"1061":{"start":{"line":1062,"column":0},"end":{"line":1062,"column":0}},"1062":{"start":{"line":1063,"column":0},"end":{"line":1063,"column":50}},"1063":{"start":{"line":1064,"column":0},"end":{"line":1064,"column":48}},"1064":{"start":{"line":1065,"column":0},"end":{"line":1065,"column":33}},"1065":{"start":{"line":1066,"column":0},"end":{"line":1066,"column":35}},"1066":{"start":{"line":1067,"column":0},"end":{"line":1067,"column":60}},"1067":{"start":{"line":1068,"column":0},"end":{"line":1068,"column":23}},"1068":{"start":{"line":1069,"column":0},"end":{"line":1069,"column":48}},"1069":{"start":{"line":1070,"column":0},"end":{"line":1070,"column":48}},"1070":{"start":{"line":1071,"column":0},"end":{"line":1071,"column":48}},"1071":{"start":{"line":1072,"column":0},"end":{"line":1072,"column":48}},"1072":{"start":{"line":1073,"column":0},"end":{"line":1073,"column":48}},"1073":{"start":{"line":1074,"column":0},"end":{"line":1074,"column":10}},"1074":{"start":{"line":1075,"column":0},"end":{"line":1075,"column":26}},"1075":{"start":{"line":1076,"column":0},"end":{"line":1076,"column":45}},"1076":{"start":{"line":1077,"column":0},"end":{"line":1077,"column":47}},"1077":{"start":{"line":1078,"column":0},"end":{"line":1078,"column":8}},"1078":{"start":{"line":1079,"column":0},"end":{"line":1079,"column":5}},"1079":{"start":{"line":1080,"column":0},"end":{"line":1080,"column":0}},"1080":{"start":{"line":1081,"column":0},"end":{"line":1081,"column":20}},"1081":{"start":{"line":1082,"column":0},"end":{"line":1082,"column":3}},"1082":{"start":{"line":1083,"column":0},"end":{"line":1083,"column":0}},"1083":{"start":{"line":1084,"column":0},"end":{"line":1084,"column":5}},"1084":{"start":{"line":1085,"column":0},"end":{"line":1085,"column":73}},"1085":{"start":{"line":1086,"column":0},"end":{"line":1086,"column":5}},"1086":{"start":{"line":1087,"column":0},"end":{"line":1087,"column":38}},"1087":{"start":{"line":1088,"column":0},"end":{"line":1088,"column":9}},"1088":{"start":{"line":1089,"column":0},"end":{"line":1089,"column":50}},"1089":{"start":{"line":1090,"column":0},"end":{"line":1090,"column":63}},"1090":{"start":{"line":1091,"column":0},"end":{"line":1091,"column":54}},"1091":{"start":{"line":1092,"column":0},"end":{"line":1092,"column":0}},"1092":{"start":{"line":1093,"column":0},"end":{"line":1093,"column":57}},"1093":{"start":{"line":1094,"column":0},"end":{"line":1094,"column":59}},"1094":{"start":{"line":1095,"column":0},"end":{"line":1095,"column":0}},"1095":{"start":{"line":1096,"column":0},"end":{"line":1096,"column":24}},"1096":{"start":{"line":1097,"column":0},"end":{"line":1097,"column":28}},"1097":{"start":{"line":1098,"column":0},"end":{"line":1098,"column":38}},"1098":{"start":{"line":1099,"column":0},"end":{"line":1099,"column":49}},"1099":{"start":{"line":1100,"column":0},"end":{"line":1100,"column":37}},"1100":{"start":{"line":1101,"column":0},"end":{"line":1101,"column":40}},"1101":{"start":{"line":1102,"column":0},"end":{"line":1102,"column":51}},"1102":{"start":{"line":1103,"column":0},"end":{"line":1103,"column":7}},"1103":{"start":{"line":1104,"column":0},"end":{"line":1104,"column":0}},"1104":{"start":{"line":1105,"column":0},"end":{"line":1105,"column":52}},"1105":{"start":{"line":1106,"column":0},"end":{"line":1106,"column":41}},"1106":{"start":{"line":1107,"column":0},"end":{"line":1107,"column":0}},"1107":{"start":{"line":1108,"column":0},"end":{"line":1108,"column":18}},"1108":{"start":{"line":1109,"column":0},"end":{"line":1109,"column":21}},"1109":{"start":{"line":1110,"column":0},"end":{"line":1110,"column":74}},"1110":{"start":{"line":1111,"column":0},"end":{"line":1111,"column":19}},"1111":{"start":{"line":1112,"column":0},"end":{"line":1112,"column":5}},"1112":{"start":{"line":1113,"column":0},"end":{"line":1113,"column":3}},"1113":{"start":{"line":1114,"column":0},"end":{"line":1114,"column":0}},"1114":{"start":{"line":1115,"column":0},"end":{"line":1115,"column":5}},"1115":{"start":{"line":1116,"column":0},"end":{"line":1116,"column":45}},"1116":{"start":{"line":1117,"column":0},"end":{"line":1117,"column":5}},"1117":{"start":{"line":1118,"column":0},"end":{"line":1118,"column":46}},"1118":{"start":{"line":1119,"column":0},"end":{"line":1119,"column":27}},"1119":{"start":{"line":1120,"column":0},"end":{"line":1120,"column":55}},"1120":{"start":{"line":1121,"column":0},"end":{"line":1121,"column":57}},"1121":{"start":{"line":1122,"column":0},"end":{"line":1122,"column":0}},"1122":{"start":{"line":1123,"column":0},"end":{"line":1123,"column":84}},"1123":{"start":{"line":1124,"column":0},"end":{"line":1124,"column":53}},"1124":{"start":{"line":1125,"column":0},"end":{"line":1125,"column":67}},"1125":{"start":{"line":1126,"column":0},"end":{"line":1126,"column":0}},"1126":{"start":{"line":1127,"column":0},"end":{"line":1127,"column":74}}
[...]
498,"loc":{"start":{"line":498,"column":49},"end":{"line":564,"column":6}},"locations":[{"start":{"line":498,"column":49},"end":{"line":564,"column":6}}]},"79":{"type":"branch","line":564,"loc":{"start":{"line":564,"column":6},"end":{"line":570,"column":5}},"locations":[{"start":{"line":564,"column":6},"end":{"line":570,"column":5}}]},"80":{"type":"branch","line":507,"loc":{"start":{"line":507,"column":8},"end":{"line":510,"column":10}},"locations":[{"start":{"line":507,"column":8},"end":{"line":510,"column":10}}]},"81":{"type":"branch","line":573,"loc":{"start":{"line":573,"column":2},"end":{"line":614,"column":3}},"locations":[{"start":{"line":573,"column":2},"end":{"line":614,"column":3}}]},"82":{"type":"branch","line":601,"loc":{"start":{"line":601,"column":8},"end":{"line":607,"column":6}},"locations":[{"start":{"line":601,"column":8},"end":{"line":607,"column":6}}]},"83":{"type":"branch","line":607,"loc":{"start":{"line":607,"column":6},"end":{"line":613,"column":5}},"locations":[{"start":{"line":607,"column":6},"end":{"line":613,"column":5}}]},"84":{"type":"branch","line":575,"loc":{"start":{"line":575,"column":57},"end":{"line":601,"column":7}},"locations":[{"start":{"line":575,"column":57},"end":{"line":601,"column":7}}]},"85":{"type":"branch","line":616,"loc":{"start":{"line":616,"column":2},"end":{"line":664,"column":3}},"locations":[{"start":{"line":616,"column":2},"end":{"line":664,"column":3}}]},"86":{"type":"branch","line":651,"loc":{"start":{"line":651,"column":8},"end":{"line":663,"column":5}},"locations":[{"start":{"line":651,"column":8},"end":{"line":663,"column":5}}]},"87":{"type":"branch","line":618,"loc":{"start":{"line":618,"column":57},"end":{"line":651,"column":7}},"locations":[{"start":{"line":618,"column":57},"end":{"line":651,"column":7}}]},"88":{"type":"branch","line":620,"loc":{"start":{"line":620,"column":30},"end":{"line":622,"column":9}},"locations":[{"start":{"line":620,"column":30},"end":{"line":622,"column":9}}]},"89":{"type":"branch","line":634,"loc":{"start":{"line":634,"column":41},"end":{"line":634,"column":52}},"locations":[{"start":{"line":634,"column":41},"end":{"line":634,"column":52}}]},"90":{"type":"branch","line":634,"loc":{"start":{"line":634,"column":52},"end":{"line":636,"column":36}},"locations":[{"start":{"line":634,"column":52},"end":{"line":636,"column":36}}]},"91":{"type":"branch","line":637,"loc":{"start":{"line":637,"column":11},"end":{"line":637,"column":17}},"locations":[{"start":{"line":637,"column":11},"end":{"line":637,"column":17}}]},"92":{"type":"branch","line":647,"loc":{"start":{"line":647,"column":79},"end":{"line":647,"column":85}},"locations":[{"start":{"line":647,"column":79},"end":{"line":647,"column":85}}]},"93":{"type":"branch","line":666,"loc":{"start":{"line":666,"column":2},"end":{"line":700,"column":3}},"locations":[{"start":{"line":666,"column":2},"end":{"line":700,"column":3}}]},"94":{"type":"branch","line":676,"loc":{"start":{"line":676,"column":22},"end":{"line":676,"column":109}},"locations":[{"start":{"line":676,"column":22},"end":{"line":676,"column":109}}]},"95":{"type":"branch","line":693,"loc":{"start":{"line":693,"column":6},"end":{"line":699,"column":5}},"locations":[{"start":{"line":693,"column":6},"end":{"line":699,"column":5}}]},"96":{"type":"branch","line":708,"loc":{"start":{"line":708,"column":2},"end":{"line":739,"column":3}},"locations":[{"start":{"line":708,"column":2},"end":{"line":739,"column":3}}]},"97":{"type":"branch","line":709,"loc":{"start":{"line":709,"column":20},"end":{"line":709,"column":55}},"locations":[{"start":{"line":709,"column":20},"end":{"line":709,"column":55}}]},"98":{"type":"branch","line":709,"loc":{"start":{"line":709,"column":57},"end":{"line":711,"column":5}},"locations":[{"start":{"line":709,"column":57},"end":{"line":711,"column":5}}]},"99":{"type":"branch","line":711,"loc":{"start":{"line":711,"column":4},"end":{"line":714,"column":45}},"locations":[{"start":{"line":711,"column":4},"end":{"line":714,"column":45}}]},"100":{"type":"branch","line":714,"loc":{"start":{"line":714,"column":45},"end":{"line":718,"column":5}},"locations":[{"start":{"line":714,"column":45},"end":{"line":718,"column":5}}]},"101":{"type":"branch","line":715,"loc":{"start":{"line":715,"column":29},"end":{"line":715,"column":109}},"locations":[{"start":{"line":715,"column":29},"end":{"line":715,"column":109}}]},"102":{"type":"branch","line":715,"loc":{"start":{"line":715,"column":111},"end":{"line":717,"column":7}},"locations":[{"start":{"line":715,"column":111},"end":{"line":717,"column":7}}]},"103":{"type":"branch","line":718,"loc":{"start":{"line":718,"column":4},"end":{"line":721,"column":62}},"locations":[{"start":{"line":718,"column":4},"end":{"line":721,"column":62}}]},"104":{"type":"branch","line":721,"loc":{"start":{"line":721,"column":62},"end":{"line":723,"column":5}},"locations":[{"start":{"line":721,"column":62},"end":{"line":723,"column":5}}]},"105":{"type":"branch","line":723,"loc":{"start":{"line":723,"column":4},"end":{"line":726,"column":41}},"locations":[{"start":{"line":723,"column":4},"end":{"line":726,"column":41}}]},"106":{"type":"branch","line":726,"loc":{"start":{"line":726,"column":37},"end":{"line":726,"column":71}},"locations":[{"start":{"line":726,"column":37},"end":{"line":726,"column":71}}]},"107":{"type":"branch","line":726,"loc":{"start":{"line":726,"column":73},"end":{"line":728,"column":5}},"locations":[{"start":{"line":726,"column":73},"end":{"line":728,"column":5}}]},"108":{"type":"branch","line":728,"loc":{"start":{"line":728,"column":4},"end":{"line":731,"column":47}},"locations":[{"start":{"line":728,"column":4},"end":{"line":731,"column":47}}]},"109":{"type":"branch","line":731,"loc":{"start":{"line":731,"column":43},"end":{"line":731,"column":84}},"locations":[{"start":{"line":731,"column":43},"end":{"line":731,"column":84}}]},"110":{"type":"branch","line":731,"loc":{"start":{"line":731,"column":86},"end":{"line":733,"column":5}},"locations":[{"start":{"line":731,"column":86},"end":{"line":733,"column":5}}]},"111":{"type":"branch","line":733,"loc":{"start":{"line":733,"column":4},"end":{"line":736,"column":50}},"locations":[{"start":{"line":733,"column":4},"end":{"line":736,"column":50}}]},"112":{"type":"branch","line":736,"loc":{"start":{"line":736,"column":46},"end":{"line":736,"column":90}},"locations":[{"start":{"line":736,"column":46},"end":{"line":736,"column":90}}]},"113":{"type":"branch","line":736,"loc":{"start":{"line":736,"column":92},"end":{"line":738,"column":5}},"locations":[{"start":{"line":736,"column":92},"end":{"line":738,"column":5}}]},"114":{"type":"branch","line":744,"loc":{"start":{"line":744,"column":2},"end":{"line":748,"column":3}},"locations":[{"start":{"line":744,"column":2},"end":{"line":748,"column":3}}]},"115":{"type":"branch","line":753,"loc":{"start":{"line":753,"column":2},"end":{"line":765,"column":3}},"locations":[{"start":{"line":753,"column":2},"end":{"line":765,"column":3}}]},"116":{"type":"branch","line":755,"loc":{"start":{"line":755,"column":63},"end":{"line":757,"column":6}},"locations":[{"start":{"line":755,"column":63},"end":{"line":757,"column":6}}]},"117":{"type":"branch","line":757,"loc":{"start":{"line":757,"column":6},"end":{"line":764,"column":5}},"locations":[{"start":{"line":757,"column":6},"end":{"line":764,"column":5}}]},"118":{"type":"branch","line":758,"loc":{"start":{"line":758,"column":35},"end":{"line":762,"column":7}},"locations":[{"start":{"line":758,"column":35},"end":{"line":762,"column":7}}]},"119":{"type":"branch","line":762,"loc":{"start":{"line":762,"column":6},"end":{"line":764,"column":5}},"locations":[{"start":{"line":762,"column":6},"end":{"line":764,"column":5}}]},"120":{"type":"branch","line":770,"loc":{"start":{"line":770,"column":2},"end":{"line":776,"column":3}},"locations":[{"start":{"line":770,"column":2},"end":{"line":776,"column":3}}]},"121":{"type":"branch","line":772,"loc":{"start":{"line":772,"column":78},"end":{"line":773,"column":6}},"locations":[{"start":{"line":772,"column":78},"end":{"line":773,"column":6}}]},"122":{"type":"branch","line":773,"loc":{"start":{"line":773,"column":6},"end":{"line":775,"column":5}},"locations":[{"start":{"line":773,"column":6},"end":{"line":775,"column":5}}]},"123":{"type":"branch","line":783,"loc":{"start":{"line":783,"column":2},"end":{"line":795,"column":3}},"locations":[{"start":{"line":783,"column":2},"end":{"line":795,"column":3}}]},"124":{"type":"branch","line":787,"loc":{"start":{"line":787,"column":38},"end":{"line":788,"column":50}},"locations":[{"start":{"line":787,"column":38},"end":{"line":788,"column":50}}]},"125":{"type":"branch","line":788,"loc":{"start":{"line":788,"column":49},"end":{"line":789,"column":46}},"locations":[{"start":{"line":788,"column":49},"end":{"line":789,"column":46}}]},"126":{"type":"branch","line":789,"loc":{"start":{"line":789,"column":45},"end":{"line":790,"column":41}},"locations":[{"start":{"line":789,"column":45},"end":{"line":790,"column":41}}]},"127":{"type":"branch","line":790,"loc":{"start":{"line":790,"column":40},"end":{"line":792,"column":14}},"locations":[{"start":{"line":790,"column":40},"end":{"line":792,"column":14}}]},"128":{"type":"branch","line":797,"loc":{"start":{"line":797,"column":2},"end":{"line":823,"column":3}},"locations":[{"start":{"line":797,"column":2},"end":{"line":823,"column":3}}]},"129":{"type":"branch","line":825,"loc":{"start":{"line":825,"column":2},"end":{"line":1024,"column":3}},"locations":[{"start":{"line":825,"column":2},"end":{"line":1024,"column":3}}]},"130":{"type":"branch","line":1017,"loc":{"start":{"line":1017,"column":6},"end":{"line":1023,"column":5}},"locations":[{"start":{"line":1017,"column":6},"end":{"line":1023,"column":5}}]},"131":{"type":"branch","line":828,"loc":{"start":{"line":828,"column":9},"end":{"line":1015,"column":9}},"locations":[{"start":{"line":828,"column":9},"end":{"line":1015,"column":9}}]},"132":{"type":"branch","line":1032,"loc":{"start":{"line":1032,"column":2},"end":{"line":1047,"column":3}},"locations":[{"start":{"line":1032,"column":2},"end":{"line":1047,"column":3}}]},"133":{"type":"branch","line":1038,"loc":{"start":{"line":1038,"column":5},"end":{"line":1046,"column":5}},"locations":[{"start":{"line":1038,"column":5},"end":{"line":1046,"column":5}}]},"134":{"type":"branch","line":1052,"loc":{"start":{"line":1052,"column":2},"end":{"line":1082,"column":3}},"locations":[{"start":{"line":1052,"column":2},"end":{"line":1082,"column":3}}]},"135":{"type":"branch","line":1053,"loc":{"start":{"line":1053,"column":28},"end":{"line":1061,"column":5}},"locations":[{"start":{"line":1053,"column":28},"end":{"line":1061,"column":5}}]},"136":{"type":"branch","line":1063,"loc":{"start":{"line":1063,"column":49},"end":{"line":1079,"column":5}},"locations":[{"start":{"line":1063,"column":49},"end":{"line":1079,"column":5}}]},"137":{"type":"branch","line":1087,"loc":{"start":{"line":1087,"column":2},"end":{"line":1113,"column":3}},"locations":[{"start":{"line":1087,"column":2},"end":{"line":1113,"column":3}}]},"138":{"type":"branch","line":1097,"loc":{"start":{"line":1097,"column":27},"end":{"line":1100,"column":7}},"locations":[{"start":{"line":1097,"column":27},"end":{"line":1100,"column":7}}]},"139":{"type":"branch","line":1100,"loc":{"start":{"line":1100,"column":7},"end":{"line":1103,"column":7}},"locations":[{"start":{"line":1100,"column":7},"end":{"line":1103,"column":7}}]},"140":{"type":"branch","line":1109,"loc":{"start":{"line":1109,"column":6},"end":{"line":1112,"column":5}},"locations":[{"start":{"line":1109,"column":6},"end":{"line":1112,"column":5}}]},"141":{"type":"branch","line":1118,"loc":{"start":{"line":1118,"column":2},"end":{"line":1159,"column":3}},"locations":[{"start":{"line":1118,"column":2},"end":{"line":1159,"column":3}}]},"142":{"type":"branch","line":1127,"loc":{"start":{"line":1127,"column":40},"end":{"line":1127,"column":71}},"locations":[{"start":{"line":1127,"column":40},"end":{"line":1127,"column":71}}]},"143":{"type":"branch","line":1127,"loc":{"start":{"line":1127,"column":73},"end":{"line":1158,"column":5}},"locations":[{"start":{"line":1127,"column":73},"end":{"line":1158,"column":5}}]},"144":{"type":"branch","line":1163,"loc":{"start":{"line":1163,"column":2},"end":{"line":1178,"column":3}},"locations":[{"start":{"line":1163,"column":2},"end":{"line":1178,"column":3}}]},"145":{"type":"branch","line":1180,"loc":{"start":{"line":1180,"column":2},"end":{"line":1182,"column":67}},"locations":[{"start":{"line":1180,"column":2},"end":{"line":1182,"column":67}}]}},"b":{"0":[0],"1":[0],"2":[0],"3":[0],"4":[1],"5":[35],"6":[1],"7":[35],"8":[35],"9":[77],"10":[68],"11":[64],"12":[4],"13":[3],"14":[7],"15":[7],"16":[3],"17":[30],"18":[25],"19":[5],"20":[27],"21":[0],"22":[0],"23":[9],"24":[1],"25":[8],"26":[1],"27":[7],"28":[5],"29":[5],"30":[1],"31":[7],"32":[0],"33":[7],"34":[2],"35":[10],"36":[5],"37":[1],"38":[4],"39":[1],"40":[3],"41":[1],"42":[1],"43":[0],"44":[3],"45":[0],"46":[3],"47":[2],"48":[5],"49":[4],"50":[8],"51":[2],"52":[6],"53":[1],"54":[5],"55":[2],"56":[2],"57":[0],"58":[5],"59":[0],"60":[5],"61":[0],"62":[0],"63":[18],"64":[5],"65":[4],"66":[2],"67":[4],"68":[1],"69":[4],"70":[1],"71":[6],"72":[3],"73":[3],"74":[0],"75":[6],"76":[6],"77":[4],"78":[3],"79":[1],"80":[15],"81":[4],"82":[3],"83":[1],"84":[4],"85":[2],"86":[1],"87":[2],"88":[1],"89":[1],"90":[1],"91":[1],"92":[1],"93":[3],"94":[2],"95":[0],"96":[46],"97":[44],"98":[3],"99":[43],"100":[160],"101":[154],"102":[6],"103":[37],"104":[1],"105":[36],"106":[35],"107":[2],"108":[34],"109":[33],"110":[2],"111":[32],"112":[31],"113":[2],"114":[29],"115":[76],"116":[72],"117":[6],"118":[1],"119":[5],"120":[52],"121":[48],"122":[4],"123":[35],"124":[34],"125":[33],"126":[32],"127":[29],"128":[2],"129":[4],"130":[1],"131":[4],"132":[7],"133":[0],"134":[7],"135":[0],"136":[5],"137":[4],"138":[3],"139":[1],"140":[0],"141":[7],"142":[0],"143":[0],"144":[6],"145":[1]},"fnMap":{"0":{"name":"FileLock","decl":{"start":{"line":39,"column":2},"end":{"line":41,"column":3}},"loc":{"start":{"line":39,"column":2},"end":{"line":41,"column":3}},"line":39},"1":{"name":"acquire","decl":{"start":{"line":43,"column":2},"end":{"line":61,"column":3}},"loc":{"start":{"line":43,"column":2},"end":{"line":61,"column":3}},"line":43},"2":{"name":"FeatureManagerAPI","decl":{"start":{"line":92,"column":2},"end":{"line":105,"column":3}},"loc":{"start":{"line":92,"column":2},"end":{"line":105,"column":3}},"line":92},"3":{"name":"_ensureFeaturesFile","decl":{"start":{"line":110,"column":2},"end":{"line":135,"column":3}},"loc":{"start":{"line":110,"column":2},"end":{"line":135,"column":3}},"line":110},"4":{"name":"withTimeout","decl":{"start":{"line":140,"column":2},"end":{"line":150,"column":3}},"loc":{"start":{"line":140,"column":2},"end":{"line":150,"column":3}},"line":140},"5":{"name":"suggestFeature","decl":{"start":{"line":158,"column":2},"end":{"line":195,"column":3}},"loc":{"start":{"line":158,"column":2},"end":{"line":195,"column":3}},"line":158},"6":{"name":"approveFeature","decl":{"start":{"line":200,"column":2},"end":{"line":259,"column":3}},"loc":{"start":{"line":200,"column":2},"end":{"line":259,"column":3}},"line":200},"7":{"name":"rejectFeature","decl":{"start":{"line":264,"column":2},"end":{"line":323,"column":3}},"loc":{"start":{"line":264,"column":2},"end":{"line":323,"column":3}},"line":264},"8":{"name":"bulkApproveFeatures","decl":{"start":{"line":328,"column":2},"end":{"line":409,"column":3}},"loc":{"start":{"line":328,"column":2},"end":{"line":409,"column":3}},"line":328},"9":{"name":"listFeatures","decl":{"start":{"line":414,"column":2},"end":{"line":444,"column":3}},"loc":{"start":{"line":414,"column":2},"end":{"line":444,"column":3}},"line":414},"10":{"name":"getFeatureStats","decl":{"start":{"line":449,"column":2},"end":{"line":488,"column":3}},"loc":{"start":{"line":449,"column":2},"end":{"line":488,"column":3}},"line":449},"11":{"name":"getInitializationStats","decl":{"start":{"line":493,"column":2},"end":{"line":571,"column":3}},"loc":{"start":{"line":493,"column":2},"end":{"line":571,"column":3}},"line":493},"12":{"name":"Object.values.reduce.init","decl":{"start":{"line":507,"column":8},"end":{"line":510,"column":10}},"loc":{"start":{"line":507,"column":8},"end":{"line":510,"column":10}},"line":507},"13":{"name":"initializeAgent","decl":{"start":{"line":573,"column":2},"end":{"line":614,"column":3}},"loc":{"start":{"line":573,"column":2},"end":{"line":614,"column":3}},"line":573},"14":{"name":"reinitializeAgent","decl":{"start":{"line":616,"column":2},"end":{"line":664,"column":3}},"loc":{"start":{"line":616,"column":2},"end":{"line":664,"column":3}},"line":616},"15":{"name":"authorizeStop","decl":{"start":{"line":666,"column":2},"end":{"line":700,"column":3}},"loc":{"start":{"line":666,"column":2},"end":{"line":700,"column":3}},"line":666},"16":{"name":"_validateFeatureData","decl":{"start":{"line":708,"column":2},"end":{"line":739,"column":3}},"loc":{"start":{"line":708,"column":2},"end":{"line":739,"column":3}},"line":708},"17":{"name":"_generateFeatureId","decl":{"start":{"line":744,"column":2},"end":{"line":748,"column":3}},"loc":{"start":{"line":744,"column":2},"end":{"line":748,"column":3}},"line":744},"18":{"name":"_loadFeatures","decl":{"start":{"line":753,"column":2},"end":{"line":765,"column":3}},"loc":{"start":{"line":753,"column":2},"end":{"line":765,"column":3}},"line":753},"19":{"name":"_saveFeatures","decl":{"start":{"line":770,"column":2},"end":{"line":776,"column":3}},"loc":{"start":{"line":770,"column":2},"end":{"line":776,"column":3}},"line":770},"20":{"name":"_atomicFeatureOperation","decl":{"start":{"line":783,"column":2},"end":{"line":795,"column":3}},"loc":{"start":{"line":783,"column":2},"end":{"line":795,"column":3}},"line":783},"21":{"name":"getApiMethods","decl":{"start":{"line":797,"column":2},"end":{"line":823,"column":3}},"loc":{"start":{"line":797,"column":2},"end":{"line":823,"column":3}},"line":797},"22":{"name":"getComprehensiveGuide","decl":{"start":{"line":825,"column":2},"end":{"line":1024,"column":3}},"loc":{"start":{"line":825,"column":2},"end":{"line":1024,"column":3}},"line":825},"23":{"name":"_getCurrentTimeBucket","decl":{"start":{"line":1032,"column":2},"end":{"line":1047,"column":3}},"loc":{"start":{"line":1032,"column":2},"end":{"line":1047,"column":3}},"line":1032},"24":{"name":"_ensureInitializationStatsStructure","decl":{"start":{"line":1052,"column":2},"end":{"line":1082,"column":3}},"loc":{"start":{"line":1052,"column":2},"end":{"line":1082,"column":3}},"line":1052},"25":{"name":"_updateTimeBucketStats","decl":{"start":{"line":1087,"column":2},"end":{"line":1113,"column":3}},"loc":{"start":{"line":1087,"column":2},"end":{"line":1113,"column":3}},"line":1087},"26":{"name":"_resetDailyBucketsIfNeeded","decl":{"start":{"line":1118,"column":2},"end":{"line":1159,"column":3}},"loc":{"start":{"line":1118,"column":2},"end":{"line":1159,"column":3}},"line":1118},"27":{"name":"Object.values.reduce.init","decl":{"start":{"line":1130,"column":8},"end":{"line":1133,"column":10}},"loc":{"start":{"line":1130,"column":8},"end":{"line":1133,"column":10}},"line":1130},"28":{"name":"_getFallbackGuide","decl":{"start":{"line":1163,"column":2},"end":{"line":1178,"column":3}},"loc":{"start":{"line":1163,"column":2},"end":{"line":1178,"column":3}},"line":1163},"29":{"name":"cleanup","decl":{"start":{"line":1180,"column":2},"end":{"line":1182,"column":67}},"loc":{"start":{"line":1180,"column":2},"end":{"line":1182,"column":67}},"line":1180},"30":{"name":"main","decl":{"start":{"line":1187,"column":0},"end":{"line":1286,"column":1}},"loc":{"start":{"line":1187,"column":0},"end":{"line":1286,"column":1}},"line":1187}},"f":{"0":1,"1":35,"2":77,"3":68,"4":7,"5":30,"6":9,"7":5,"8":4,"9":5,"10":3,"11":4,"12":15,"13":4,"14":2,"15":3,"16":46,"17":29,"18":76,"19":52,"20":35,"21":2,"22":4,"23":7,"24":7,"25":4,"26":7,"27":0,"28":6,"29":1,"30":0}}
}
