{"total": {"lines":{"total":6322,"covered":4684,"skipped":0,"pct":74.09},"statements":{"total":6322,"covered":4684,"skipped":0,"pct":74.09},"functions":{"total":215,"covered":167,"skipped":0,"pct":77.67},"branches":{"total":829,"covered":711,"skipped":0,"pct":85.76},"branchesTrue":{"total":0,"covered":0,"skipped":0,"pct":"Unknown"}}
,"/Users/jeremyparker/Desktop/Claude Coding Projects/infinite-continue-stop-hook/lib/agentExecutor.js": {"lines":{"total":436,"covered":54,"skipped":0,"pct":12.38},"functions":{"total":14,"covered":1,"skipped":0,"pct":7.14},"statements":{"total":436,"covered":54,"skipped":0,"pct":12.38},"branches":{"total":2,"covered":2,"skipped":0,"pct":100}}
,"/Users/jeremyparker/Desktop/Claude Coding Projects/infinite-continue-stop-hook/lib/autoFixer.js": {"lines":{"total":565,"covered":543,"skipped":0,"pct":96.1},"functions":{"total":22,"covered":22,"skipped":0,"pct":100},"statements":{"total":565,"covered":543,"skipped":0,"pct":96.1},"branches":{"total":98,"covered":88,"skipped":0,"pct":89.79}}
,"/Users/jeremyparker/Desktop/Claude Coding Projects/infinite-continue-stop-hook/lib/errorRecovery.js": {"lines":{"total":565,"covered":528,"skipped":0,"pct":93.45},"functions":{"total":19,"covered":16,"skipped":0,"pct":84.21},"statements":{"total":565,"covered":528,"skipped":0,"pct":93.45},"branches":{"total":88,"covered":81,"skipped":0,"pct":92.04}}
,"/Users/jeremyparker/Desktop/Claude Coding Projects/infinite-continue-stop-hook/lib/fileOperationLogger.js": {"lines":{"total":682,"covered":518,"skipped":0,"pct":75.95},"functions":{"total":30,"covered":22,"skipped":0,"pct":73.33},"statements":{"total":682,"covered":518,"skipped":0,"pct":75.95},"branches":{"total":108,"covered":84,"skipped":0,"pct":77.77}}
,"/Users/jeremyparker/Desktop/Claude Coding Projects/infinite-continue-stop-hook/lib/jestHooks.js": {"lines":{"total":446,"covered":0,"skipped":0,"pct":0},"functions":{"total":1,"covered":0,"skipped":0,"pct":0},"statements":{"total":446,"covered":0,"skipped":0,"pct":0},"branches":{"total":1,"covered":0,"skipped":0,"pct":0}}
,"/Users/jeremyparker/Desktop/Claude Coding Projects/infinite-continue-stop-hook/lib/logger.js": {"lines":{"total":180,"covered":180,"skipped":0,"pct":100},"functions":{"total":13,"covered":13,"skipped":0,"pct":100},"statements":{"total":180,"covered":180,"skipped":0,"pct":100},"branches":{"total":24,"covered":24,"skipped":0,"pct":100}}
,"/Users/jeremyparker/Desktop/Claude Coding Projects/infinite-continue-stop-hook/lib/nodeModulesMonitor.js": {"lines":{"total":672,"covered":615,"skipped":0,"pct":91.51},"functions":{"total":23,"covered":23,"skipped":0,"pct":100},"statements":{"total":672,"covered":615,"skipped":0,"pct":91.51},"branches":{"total":100,"covered":83,"skipped":0,"pct":83}}
,"/Users/jeremyparker/Desktop/Claude Coding Projects/infinite-continue-stop-hook/lib/postTestValidator.js": {"lines":{"total":896,"covered":721,"skipped":0,"pct":80.46},"functions":{"total":16,"covered":15,"skipped":0,"pct":93.75},"statements":{"total":896,"covered":721,"skipped":0,"pct":80.46},"branches":{"total":119,"covered":77,"skipped":0,"pct":64.7}}
,"/Users/jeremyparker/Desktop/Claude Coding Projects/infinite-continue-stop-hook/lib/reviewSystem.js": {"lines":{"total":442,"covered":439,"skipped":0,"pct":99.32},"functions":{"total":12,"covered":12,"skipped":0,"pct":100},"statements":{"total":442,"covered":439,"skipped":0,"pct":99.32},"branches":{"total":87,"covered":86,"skipped":0,"pct":98.85}}
,"/Users/jeremyparker/Desktop/Claude Coding Projects/infinite-continue-stop-hook/lib/taskManager.js": {"lines":{"total":303,"covered":303,"skipped":0,"pct":100},"functions":{"total":20,"covered":20,"skipped":0,"pct":100},"statements":{"total":303,"covered":303,"skipped":0,"pct":100},"branches":{"total":71,"covered":70,"skipped":0,"pct":98.59}}
,"/Users/jeremyparker/Desktop/Claude Coding Projects/infinite-continue-stop-hook/lib/testErrorHandler.js": {"lines":{"total":571,"covered":236,"skipped":0,"pct":41.33},"functions":{"total":27,"covered":5,"skipped":0,"pct":18.51},"statements":{"total":571,"covered":236,"skipped":0,"pct":41.33},"branches":{"total":13,"covered":8,"skipped":0,"pct":61.53}}
,"/Users/jeremyparker/Desktop/Claude Coding Projects/infinite-continue-stop-hook/lib/todoValidator.js": {"lines":{"total":564,"covered":547,"skipped":0,"pct":96.98},"functions":{"total":18,"covered":18,"skipped":0,"pct":100},"statements":{"total":564,"covered":547,"skipped":0,"pct":96.98},"branches":{"total":118,"covered":108,"skipped":0,"pct":91.52}}
}
