TN:
SF:lib/agentExecutor.js
FN:5,(anonymous_0)
FN:9,(anonymous_1)
FN:24,(anonymous_2)
FN:49,(anonymous_3)
FN:62,(anonymous_4)
FN:85,(anonymous_5)
FN:113,(anonymous_6)
FN:119,(anonymous_7)
FN:139,(anonymous_8)
FN:147,(anonymous_9)
FN:230,(anonymous_10)
FN:244,(anonymous_11)
FN:270,(anonymous_12)
FN:272,(anonymous_13)
FN:283,(anonymous_14)
FN:292,(anonymous_15)
FN:304,(anonymous_16)
FN:333,(anonymous_17)
FN:352,(anonymous_18)
FN:364,(anonymous_19)
FN:424,(anonymous_20)
FNF:21
FNH:21
FNDA:53,(anonymous_0)
FNDA:10,(anonymous_1)
FNDA:1,(anonymous_2)
FNDA:15,(anonymous_3)
FNDA:17,(anonymous_4)
FNDA:2,(anonymous_5)
FNDA:7,(anonymous_6)
FNDA:8,(anonymous_7)
FNDA:2,(anonymous_8)
FNDA:14,(anonymous_9)
FNDA:5,(anonymous_10)
FNDA:5,(anonymous_11)
FNDA:16,(anonymous_12)
FNDA:45,(anonymous_13)
FNDA:22,(anonymous_14)
FNDA:12,(anonymous_15)
FNDA:16,(anonymous_16)
FNDA:31,(anonymous_17)
FNDA:29,(anonymous_18)
FNDA:19,(anonymous_19)
FNDA:2,(anonymous_20)
DA:1,1
DA:2,1
DA:6,53
DA:11,10
DA:12,10
DA:13,10
DA:16,10
DA:17,10
DA:20,10
DA:21,9
DA:22,9
DA:24,9
DA:25,1
DA:26,1
DA:30,9
DA:31,9
DA:32,8
DA:34,1
DA:37,9
DA:38,9
DA:40,9
DA:50,15
DA:51,15
DA:54,15
DA:55,9
DA:58,6
DA:60,6
DA:62,5
DA:63,17
DA:64,17
DA:67,17
DA:68,8
DA:73,5
DA:74,5
DA:75,5
DA:76,3
DA:80,5
DA:81,2
DA:82,2
DA:83,2
DA:84,2
DA:85,2
DA:86,2
DA:87,2
DA:89,2
DA:90,2
DA:94,0
DA:101,1
DA:104,6
DA:114,7
DA:116,7
DA:117,7
DA:119,6
DA:120,8
DA:121,8
DA:123,7
DA:125,4
DA:126,3
DA:128,3
DA:129,3
DA:133,2
DA:136,7
DA:140,2
DA:141,2
DA:142,1
DA:144,1
DA:148,14
DA:151,14
DA:152,14
DA:153,14
DA:154,14
DA:155,14
DA:156,14
DA:157,14
DA:158,14
DA:159,14
DA:161,14
DA:162,1
DA:163,1
DA:164,1
DA:165,1
DA:166,1
DA:167,1
DA:168,1
DA:169,1
DA:170,1
DA:171,1
DA:172,1
DA:173,1
DA:174,1
DA:175,1
DA:176,1
DA:177,1
DA:178,13
DA:179,1
DA:180,1
DA:181,1
DA:183,12
DA:184,12
DA:185,12
DA:186,12
DA:187,12
DA:190,12
DA:191,2
DA:192,2
DA:193,2
DA:194,2
DA:195,2
DA:196,1
DA:197,1
DA:199,1
DA:200,1
DA:202,2
DA:205,12
DA:206,10
DA:210,12
DA:211,10
DA:214,10
DA:215,2
DA:216,2
DA:217,2
DA:221,10
DA:224,12
DA:225,2
DA:228,12
DA:229,2
DA:230,2
DA:231,5
DA:236,14
DA:239,14
DA:241,14
DA:245,5
DA:267,5
DA:271,16
DA:272,45
DA:273,16
DA:275,16
DA:284,22
DA:293,12
DA:294,12
DA:295,12
DA:298,12
DA:299,12
DA:301,12
DA:305,16
DA:306,16
DA:309,16
DA:311,16
DA:312,4
DA:315,4
DA:316,2
DA:317,2
DA:319,2
DA:324,16
DA:327,16
DA:328,2
DA:332,14
DA:333,14
DA:334,31
DA:336,29
DA:337,4
DA:338,2
DA:340,2
DA:343,25
DA:345,29
DA:351,14
DA:352,14
DA:353,29
DA:354,27
DA:355,27
DA:360,14
DA:361,14
DA:365,19
DA:367,19
DA:368,2
DA:369,17
DA:370,2
DA:372,15
DA:375,19
DA:376,19
DA:377,19
DA:378,19
DA:379,19
DA:380,19
DA:381,19
DA:382,19
DA:384,19
DA:385,19
DA:386,19
DA:387,19
DA:388,19
DA:389,19
DA:390,19
DA:392,19
DA:393,19
DA:394,19
DA:395,19
DA:396,19
DA:398,19
DA:401,19
DA:402,19
DA:403,19
DA:404,19
DA:405,19
DA:406,19
DA:407,19
DA:408,19
DA:409,19
DA:410,19
DA:411,19
DA:412,19
DA:413,19
DA:414,19
DA:415,19
DA:416,19
DA:417,19
DA:418,19
DA:419,19
DA:421,19
DA:426,2
DA:438,1
LF:221
LH:220
BRDA:31,0,0,8
BRDA:31,0,1,1
BRDA:54,1,0,9
BRDA:54,1,1,6
BRDA:67,2,0,8
BRDA:67,2,1,9
BRDA:75,3,0,3
BRDA:75,3,1,2
BRDA:80,4,0,2
BRDA:80,4,1,3
BRDA:82,5,0,2
BRDA:82,5,1,0
BRDA:89,6,0,2
BRDA:89,6,1,0
BRDA:89,7,0,2
BRDA:89,7,1,2
BRDA:123,8,0,4
BRDA:123,8,1,3
BRDA:126,9,0,3
BRDA:126,9,1,0
BRDA:141,10,0,1
BRDA:141,10,1,1
BRDA:161,11,0,1
BRDA:161,11,1,13
BRDA:178,12,0,1
BRDA:178,12,1,12
BRDA:190,13,0,2
BRDA:190,13,1,10
BRDA:190,14,0,12
BRDA:190,14,1,10
BRDA:195,15,0,1
BRDA:195,15,1,1
BRDA:205,16,0,10
BRDA:205,16,1,2
BRDA:205,17,0,12
BRDA:205,17,1,12
BRDA:210,18,0,10
BRDA:210,18,1,2
BRDA:210,19,0,12
BRDA:210,19,1,12
BRDA:214,20,0,2
BRDA:214,20,1,8
BRDA:214,21,0,10
BRDA:214,21,1,8
BRDA:216,22,0,2
BRDA:216,22,1,0
BRDA:224,23,0,2
BRDA:224,23,1,10
BRDA:228,24,0,2
BRDA:228,24,1,10
BRDA:228,25,0,12
BRDA:228,25,1,12
BRDA:267,26,0,5
BRDA:267,26,1,1
BRDA:273,27,0,15
BRDA:273,27,1,1
BRDA:304,28,0,3
BRDA:309,29,0,16
BRDA:309,29,1,0
BRDA:311,30,0,4
BRDA:311,30,1,12
BRDA:311,31,0,16
BRDA:311,31,1,12
BRDA:315,32,0,2
BRDA:315,32,1,2
BRDA:315,33,0,4
BRDA:315,33,1,2
BRDA:317,34,0,2
BRDA:317,34,1,0
BRDA:324,35,0,16
BRDA:324,35,1,16
BRDA:324,35,2,2
BRDA:327,36,0,2
BRDA:327,36,1,14
BRDA:332,37,0,14
BRDA:332,37,1,0
BRDA:334,38,0,29
BRDA:334,38,1,2
BRDA:334,39,0,31
BRDA:334,39,1,29
BRDA:336,40,0,4
BRDA:336,40,1,25
BRDA:336,41,0,29
BRDA:336,41,1,4
BRDA:336,41,2,0
BRDA:337,42,0,2
BRDA:337,42,1,2
BRDA:351,43,0,14
BRDA:351,43,1,0
BRDA:351,44,0,14
BRDA:351,44,1,14
BRDA:353,45,0,27
BRDA:353,45,1,2
BRDA:353,46,0,29
BRDA:353,46,1,27
BRDA:367,47,0,2
BRDA:367,47,1,17
BRDA:369,48,0,2
BRDA:369,48,1,15
BRF:99
BRH:90
end_of_record
TN:
SF:lib/autoFixer.js
FN:15,(anonymous_0)
FN:44,(anonymous_1)
FN:120,(anonymous_2)
FN:157,(anonymous_3)
FN:175,(anonymous_4)
FN:227,(anonymous_5)
FN:257,(anonymous_6)
FN:258,(anonymous_7)
FN:279,(anonymous_8)
FN:295,(anonymous_9)
FN:304,(anonymous_10)
FN:312,(anonymous_11)
FN:328,(anonymous_12)
FN:359,(anonymous_13)
FN:400,(anonymous_14)
FN:420,(anonymous_15)
FN:443,(anonymous_16)
FN:445,(anonymous_17)
FN:450,(anonymous_18)
FN:453,(anonymous_19)
FN:459,(anonymous_20)
FN:466,(anonymous_21)
FN:480,(anonymous_22)
FN:498,(anonymous_23)
FN:512,(anonymous_24)
FN:517,(anonymous_25)
FN:518,(anonymous_26)
FN:534,(anonymous_27)
FN:545,(anonymous_28)
FN:554,(anonymous_29)
FNF:30
FNH:29
FNDA:33,(anonymous_0)
FNDA:14,(anonymous_1)
FNDA:2,(anonymous_2)
FNDA:1,(anonymous_3)
FNDA:4,(anonymous_4)
FNDA:4,(anonymous_5)
FNDA:2,(anonymous_6)
FNDA:2,(anonymous_7)
FNDA:18,(anonymous_8)
FNDA:18,(anonymous_9)
FNDA:14,(anonymous_10)
FNDA:52,(anonymous_11)
FNDA:15,(anonymous_12)
FNDA:9,(anonymous_13)
FNDA:1,(anonymous_14)
FNDA:6,(anonymous_15)
FNDA:10,(anonymous_16)
FNDA:6,(anonymous_17)
FNDA:4,(anonymous_18)
FNDA:10,(anonymous_19)
FNDA:0,(anonymous_20)
FNDA:30,(anonymous_21)
FNDA:7,(anonymous_22)
FNDA:7,(anonymous_23)
FNDA:2,(anonymous_24)
FNDA:2,(anonymous_25)
FNDA:2,(anonymous_26)
FNDA:14,(anonymous_27)
FNDA:13,(anonymous_28)
FNDA:14,(anonymous_29)
DA:8,1
DA:9,1
DA:10,1
DA:11,1
DA:12,1
DA:16,33
DA:17,33
DA:18,33
DA:20,33
DA:28,33
DA:45,14
DA:47,14
DA:48,14
DA:51,14
DA:52,14
DA:53,2
DA:57,12
DA:58,12
DA:59,12
DA:60,11
DA:64,11
DA:65,11
DA:66,1
DA:69,10
DA:71,10
DA:72,10
DA:73,1
DA:77,9
DA:80,7
DA:81,4
DA:87,4
DA:88,1
DA:91,3
DA:95,6
DA:96,6
DA:97,6
DA:100,6
DA:104,10
DA:108,4
DA:109,4
DA:111,14
DA:121,2
DA:122,2
DA:123,2
DA:124,1
DA:131,1
DA:133,1
DA:143,0
DA:158,1
DA:159,1
DA:160,1
DA:162,1
DA:163,1
DA:165,1
DA:166,1
DA:176,4
DA:178,4
DA:179,4
DA:181,4
DA:182,3
DA:184,3
DA:186,2
DA:188,2
DA:190,1
DA:196,2
DA:205,1
DA:212,1
DA:213,1
DA:218,4
DA:228,4
DA:229,4
DA:230,1
DA:238,3
DA:239,3
DA:240,1
DA:249,2
DA:250,2
DA:252,2
DA:257,2
DA:258,2
DA:267,0
DA:280,18
DA:289,18
DA:296,18
DA:297,18
DA:298,18
DA:305,14
DA:312,52
DA:314,14
DA:315,2
DA:322,12
DA:329,15
DA:330,15
DA:331,13
DA:333,13
DA:334,1
DA:341,12
DA:348,2
DA:360,9
DA:361,9
DA:362,9
DA:364,9
DA:365,14
DA:367,14
DA:368,12
DA:370,12
DA:371,6
DA:375,6
DA:376,6
DA:377,6
DA:379,6
DA:381,6
DA:388,7
DA:401,1
DA:403,1
DA:405,1
DA:406,1
DA:414,0
DA:421,6
DA:422,6
DA:423,6
DA:424,6
DA:426,6
DA:433,2
DA:444,10
DA:445,6
DA:448,8
DA:450,4
DA:453,10
DA:456,1
DA:459,0
DA:467,30
DA:474,30
DA:481,7
DA:499,7
DA:513,2
DA:514,1
DA:517,2
DA:518,2
DA:520,1
DA:521,0
DA:524,1
DA:525,1
DA:528,0
DA:535,14
DA:536,14
DA:537,14
DA:538,14
DA:539,14
DA:541,0
DA:546,13
DA:547,13
DA:548,12
DA:550,1
DA:556,14
DA:557,14
DA:558,14
DA:560,3
DA:565,1
LF:159
LH:152
BRDA:15,0,0,1
BRDA:17,1,0,33
BRDA:17,1,1,33
BRDA:18,2,0,33
BRDA:18,2,1,33
BRDA:21,3,0,33
BRDA:21,3,1,1
BRDA:24,4,0,33
BRDA:24,4,1,1
BRDA:25,5,0,33
BRDA:25,5,1,32
BRDA:44,6,0,14
BRDA:52,7,0,2
BRDA:52,7,1,12
BRDA:58,8,0,12
BRDA:58,8,1,0
BRDA:65,9,0,1
BRDA:65,9,1,10
BRDA:72,10,0,1
BRDA:72,10,1,9
BRDA:80,11,0,4
BRDA:80,11,1,3
BRDA:87,12,0,1
BRDA:87,12,1,3
BRDA:95,13,0,6
BRDA:95,13,1,0
BRDA:123,14,0,1
BRDA:123,14,1,1
BRDA:184,15,0,2
BRDA:184,15,1,1
BRDA:188,16,0,1
BRDA:188,16,1,1
BRDA:229,17,0,1
BRDA:229,17,1,3
BRDA:239,18,0,1
BRDA:239,18,1,2
BRDA:261,19,0,2
BRDA:261,19,1,1
BRDA:308,20,0,13
BRDA:308,20,1,1
BRDA:314,21,0,2
BRDA:314,21,1,12
BRDA:333,22,0,1
BRDA:333,22,1,12
BRDA:370,23,0,6
BRDA:370,23,1,6
BRDA:370,24,0,12
BRDA:370,24,1,6
BRDA:405,25,0,1
BRDA:405,25,1,0
BRDA:444,26,0,2
BRDA:444,26,1,8
BRDA:444,27,0,10
BRDA:444,27,1,2
BRDA:448,28,0,1
BRDA:448,28,1,6
BRDA:448,28,2,1
BRDA:448,28,3,0
BRDA:450,29,0,4
BRDA:450,29,1,2
BRDA:474,30,0,26
BRDA:474,30,1,4
BRDA:480,31,0,1
BRDA:485,32,0,7
BRDA:485,32,1,0
BRDA:488,33,0,6
BRDA:488,33,1,1
BRDA:489,34,0,6
BRDA:489,34,1,1
BRDA:513,35,0,1
BRDA:513,35,1,1
BRDA:520,36,0,0
BRDA:520,36,1,1
BRDA:524,37,0,1
BRDA:524,37,1,0
BRF:75
BRH:68
end_of_record
TN:
SF:lib/buildRecoveryManager.js
FN:16,(anonymous_0)
FN:39,(anonymous_1)
FN:158,(anonymous_2)
FN:195,(anonymous_3)
FN:198,(anonymous_4)
FN:210,(anonymous_5)
FN:214,(anonymous_6)
FN:218,(anonymous_7)
FN:237,(anonymous_8)
FN:256,(anonymous_9)
FN:297,(anonymous_10)
FN:299,(anonymous_11)
FN:301,(anonymous_12)
FN:330,(anonymous_13)
FN:337,(anonymous_14)
FN:372,(anonymous_15)
FN:411,(anonymous_16)
FN:437,(anonymous_17)
FN:453,(anonymous_18)
FN:497,(anonymous_19)
FN:553,(anonymous_20)
FN:648,(anonymous_21)
FN:707,(anonymous_22)
FN:716,(anonymous_23)
FN:723,(anonymous_24)
FN:745,(anonymous_25)
FN:746,(anonymous_26)
FN:752,(anonymous_27)
FNF:28
FNH:0
FNDA:0,(anonymous_0)
FNDA:0,(anonymous_1)
FNDA:0,(anonymous_2)
FNDA:0,(anonymous_3)
FNDA:0,(anonymous_4)
FNDA:0,(anonymous_5)
FNDA:0,(anonymous_6)
FNDA:0,(anonymous_7)
FNDA:0,(anonymous_8)
FNDA:0,(anonymous_9)
FNDA:0,(anonymous_10)
FNDA:0,(anonymous_11)
FNDA:0,(anonymous_12)
FNDA:0,(anonymous_13)
FNDA:0,(anonymous_14)
FNDA:0,(anonymous_15)
FNDA:0,(anonymous_16)
FNDA:0,(anonymous_17)
FNDA:0,(anonymous_18)
FNDA:0,(anonymous_19)
FNDA:0,(anonymous_20)
FNDA:0,(anonymous_21)
FNDA:0,(anonymous_22)
FNDA:0,(anonymous_23)
FNDA:0,(anonymous_24)
FNDA:0,(anonymous_25)
FNDA:0,(anonymous_26)
FNDA:0,(anonymous_27)
DA:9,0
DA:10,0
DA:11,0
DA:12,0
DA:13,0
DA:17,0
DA:18,0
DA:19,0
DA:22,0
DA:23,0
DA:28,0
DA:31,0
DA:32,0
DA:33,0
DA:40,0
DA:41,0
DA:43,0
DA:45,0
DA:46,0
DA:47,0
DA:51,0
DA:52,0
DA:54,0
DA:55,0
DA:56,0
DA:58,0
DA:60,0
DA:61,0
DA:62,0
DA:63,0
DA:66,0
DA:67,0
DA:68,0
DA:73,0
DA:75,0
DA:76,0
DA:79,0
DA:81,0
DA:83,0
DA:84,0
DA:85,0
DA:86,0
DA:95,0
DA:96,0
DA:99,0
DA:100,0
DA:103,0
DA:107,0
DA:108,0
DA:111,0
DA:112,0
DA:113,0
DA:118,0
DA:119,0
DA:121,0
DA:123,0
DA:124,0
DA:125,0
DA:127,0
DA:128,0
DA:134,0
DA:135,0
DA:146,0
DA:147,0
DA:159,0
DA:160,0
DA:163,0
DA:164,0
DA:167,0
DA:168,0
DA:172,0
DA:173,0
DA:174,0
DA:175,0
DA:177,0
DA:178,0
DA:180,0
DA:184,0
DA:185,0
DA:188,0
DA:196,0
DA:198,0
DA:199,0
DA:201,0
DA:207,0
DA:208,0
DA:210,0
DA:211,0
DA:214,0
DA:215,0
DA:218,0
DA:219,0
DA:220,0
DA:227,0
DA:237,0
DA:238,0
DA:245,0
DA:257,0
DA:258,0
DA:260,0
DA:269,0
DA:270,0
DA:273,0
DA:274,0
DA:277,0
DA:278,0
DA:281,0
DA:282,0
DA:285,0
DA:286,0
DA:289,0
DA:290,0
DA:293,0
DA:294,0
DA:297,0
DA:298,0
DA:299,0
DA:301,0
DA:304,0
DA:305,0
DA:307,0
DA:308,0
DA:309,0
DA:310,0
DA:312,0
DA:316,0
DA:317,0
DA:318,0
DA:321,0
DA:322,0
DA:324,0
DA:331,0
DA:338,0
DA:344,0
DA:345,0
DA:346,0
DA:348,0
DA:349,0
DA:350,0
DA:351,0
DA:354,0
DA:355,0
DA:356,0
DA:358,0
DA:359,0
DA:363,0
DA:366,0
DA:373,0
DA:379,0
DA:380,0
DA:386,0
DA:388,0
DA:389,0
DA:390,0
DA:391,0
DA:393,0
DA:394,0
DA:398,0
DA:401,0
DA:402,0
DA:405,0
DA:412,0
DA:418,0
DA:420,0
DA:421,0
DA:423,0
DA:425,0
DA:427,0
DA:428,0
DA:430,0
DA:431,0
DA:432,0
DA:433,0
DA:436,0
DA:437,0
DA:439,0
DA:440,0
DA:444,0
DA:447,0
DA:454,0
DA:460,0
DA:462,0
DA:463,0
DA:465,0
DA:466,0
DA:467,0
DA:469,0
DA:470,0
DA:471,0
DA:472,0
DA:475,0
DA:477,0
DA:482,0
DA:483,0
DA:484,0
DA:485,0
DA:488,0
DA:491,0
DA:498,0
DA:504,0
DA:505,0
DA:511,0
DA:512,0
DA:514,0
DA:515,0
DA:516,0
DA:517,0
DA:518,0
DA:521,0
DA:523,0
DA:524,0
DA:525,0
DA:527,0
DA:531,0
DA:534,0
DA:539,0
DA:540,0
DA:541,0
DA:544,0
DA:547,0
DA:554,0
DA:560,0
DA:561,0
DA:569,0
DA:570,0
DA:572,0
DA:573,0
DA:574,0
DA:575,0
DA:577,0
DA:578,0
DA:579,0
DA:581,0
DA:582,0
DA:586,0
DA:587,0
DA:593,0
DA:594,0
DA:595,0
DA:596,0
DA:597,0
DA:598,0
DA:599,0
DA:603,0
DA:604,0
DA:608,0
DA:609,0
DA:610,0
DA:611,0
DA:612,0
DA:613,0
DA:614,0
DA:615,0
DA:616,0
DA:621,0
DA:622,0
DA:625,0
DA:626,0
DA:629,0
DA:630,0
DA:632,0
DA:633,0
DA:634,0
DA:638,0
DA:639,0
DA:642,0
DA:649,0
DA:655,0
DA:657,0
DA:658,0
DA:661,0
DA:666,0
DA:667,0
DA:669,0
DA:670,0
DA:671,0
DA:672,0
DA:673,0
DA:674,0
DA:676,0
DA:677,0
DA:679,0
DA:682,0
DA:687,0
DA:688,0
DA:691,0
DA:692,0
DA:695,0
DA:698,0
DA:701,0
DA:710,0
DA:717,0
DA:724,0
DA:726,0
DA:728,0
DA:735,0
DA:746,0
DA:753,0
DA:757,0
LF:299
LH:0
BRDA:16,0,0,0
BRDA:17,1,0,0
BRDA:17,1,1,0
BRDA:18,2,0,0
BRDA:18,2,1,0
BRDA:19,3,0,0
BRDA:19,3,1,0
BRDA:46,4,0,0
BRDA:46,4,1,0
BRDA:61,5,0,0
BRDA:61,5,1,0
BRDA:67,6,0,0
BRDA:67,6,1,0
BRDA:75,7,0,0
BRDA:75,7,1,0
BRDA:81,8,0,0
BRDA:81,8,1,0
BRDA:84,9,0,0
BRDA:84,9,1,0
BRDA:103,10,0,0
BRDA:103,10,1,0
BRDA:111,11,0,0
BRDA:111,11,1,0
BRDA:111,12,0,0
BRDA:111,12,1,0
BRDA:118,13,0,0
BRDA:118,13,1,0
BRDA:123,14,0,0
BRDA:123,14,1,0
BRDA:167,15,0,0
BRDA:167,15,1,0
BRDA:167,16,0,0
BRDA:167,16,1,0
BRDA:173,17,0,0
BRDA:173,17,1,0
BRDA:177,18,0,0
BRDA:177,18,1,0
BRDA:219,19,0,0
BRDA:219,19,1,0
BRDA:307,20,0,0
BRDA:307,20,1,0
BRDA:309,21,0,0
BRDA:309,21,1,0
BRDA:348,22,0,0
BRDA:348,22,1,0
BRDA:393,23,0,0
BRDA:393,23,1,0
BRDA:425,24,0,0
BRDA:425,24,1,0
BRDA:469,25,0,0
BRDA:469,25,1,0
BRDA:516,26,0,0
BRDA:516,26,1,0
BRDA:521,27,0,0
BRDA:521,27,1,0
BRDA:521,28,0,0
BRDA:521,28,1,0
BRDA:524,29,0,0
BRDA:524,29,1,0
BRDA:574,30,0,0
BRDA:574,30,1,0
BRDA:578,31,0,0
BRDA:578,31,1,0
BRDA:586,32,0,0
BRDA:586,32,1,0
BRDA:596,33,0,0
BRDA:596,33,1,0
BRDA:596,34,0,0
BRDA:596,34,1,0
BRDA:603,35,0,0
BRDA:603,35,1,0
BRDA:610,36,0,0
BRDA:610,36,1,0
BRDA:613,37,0,0
BRDA:613,37,1,0
BRDA:613,38,0,0
BRDA:613,38,1,0
BRDA:621,39,0,0
BRDA:621,39,1,0
BRDA:632,40,0,0
BRDA:632,40,1,0
BRDA:671,41,0,0
BRDA:671,41,1,0
BRDA:674,42,0,0
BRDA:674,42,1,0
BRDA:676,43,0,0
BRDA:676,43,1,0
BRDA:695,44,0,0
BRDA:695,44,1,0
BRDA:695,44,2,0
BRDA:731,45,0,0
BRDA:731,45,1,0
BRF:92
BRH:0
end_of_record
TN:
SF:lib/contaminationResolver.js
FN:12,(anonymous_0)
FN:29,(anonymous_1)
FN:50,(anonymous_2)
FN:75,(anonymous_3)
FN:102,(anonymous_4)
FN:135,(anonymous_5)
FN:138,(anonymous_6)
FN:151,(anonymous_7)
FN:154,(anonymous_8)
FN:180,(anonymous_9)
FN:248,(anonymous_10)
FN:251,(anonymous_11)
FN:259,(anonymous_12)
FN:262,(anonymous_13)
FN:265,(anonymous_14)
FN:267,(anonymous_15)
FN:267,(anonymous_16)
FN:276,(anonymous_17)
FNF:18
FNH:3
FNDA:13,(anonymous_0)
FNDA:13,(anonymous_1)
FNDA:65,(anonymous_2)
FNDA:0,(anonymous_3)
FNDA:0,(anonymous_4)
FNDA:0,(anonymous_5)
FNDA:0,(anonymous_6)
FNDA:0,(anonymous_7)
FNDA:0,(anonymous_8)
FNDA:0,(anonymous_9)
FNDA:0,(anonymous_10)
FNDA:0,(anonymous_11)
FNDA:0,(anonymous_12)
FNDA:0,(anonymous_13)
FNDA:0,(anonymous_14)
FNDA:0,(anonymous_15)
FNDA:0,(anonymous_16)
FNDA:0,(anonymous_17)
DA:8,13
DA:9,13
DA:13,13
DA:14,13
DA:23,13
DA:30,13
DA:31,65
DA:32,65
DA:33,65
DA:34,65
DA:36,65
DA:37,65
DA:38,65
DA:41,0
DA:52,65
DA:59,65
DA:60,195
DA:61,0
DA:66,65
DA:76,0
DA:78,0
DA:79,0
DA:80,0
DA:81,0
DA:82,0
DA:83,0
DA:84,0
DA:91,0
DA:96,0
DA:103,0
DA:105,0
DA:106,0
DA:107,0
DA:110,0
DA:112,0
DA:113,0
DA:114,0
DA:115,0
DA:116,0
DA:117,0
DA:118,0
DA:120,0
DA:124,0
DA:125,0
DA:129,0
DA:136,0
DA:138,0
DA:139,0
DA:140,0
DA:141,0
DA:142,0
DA:143,0
DA:151,0
DA:152,0
DA:154,0
DA:155,0
DA:156,0
DA:157,0
DA:158,0
DA:159,0
DA:160,0
DA:161,0
DA:162,0
DA:164,0
DA:174,0
DA:181,0
DA:183,0
DA:185,0
DA:227,0
DA:229,0
DA:230,0
DA:231,0
DA:235,0
DA:236,0
DA:237,0
DA:238,0
DA:240,0
DA:249,0
DA:251,0
DA:252,0
DA:253,0
DA:254,0
DA:259,0
DA:260,0
DA:262,0
DA:265,0
DA:266,0
DA:267,0
DA:270,0
DA:277,0
DA:278,0
DA:279,0
DA:280,0
DA:281,0
DA:282,0
DA:283,0
DA:284,0
DA:291,13
LF:98
LH:18
BRDA:12,0,0,13
BRDA:32,1,0,65
BRDA:32,1,1,0
BRDA:36,2,0,65
BRDA:36,2,1,0
BRDA:60,3,0,0
BRDA:60,3,1,195
BRDA:66,4,0,65
BRDA:66,4,1,39
BRDA:66,4,2,0
BRDA:66,4,3,0
BRDA:80,5,0,0
BRDA:80,5,1,0
BRDA:83,6,0,0
BRDA:83,6,1,0
BRDA:105,7,0,0
BRDA:105,7,1,0
BRDA:114,8,0,0
BRDA:114,8,1,0
BRDA:141,9,0,0
BRDA:141,9,1,0
BRDA:156,10,0,0
BRDA:156,10,1,0
BRDA:159,11,0,0
BRDA:159,11,1,0
BRDA:161,12,0,0
BRDA:161,12,1,0
BRDA:183,13,0,0
BRDA:183,13,1,0
BRDA:227,14,0,0
BRDA:227,14,1,0
BRDA:230,15,0,0
BRDA:230,15,1,0
BRDA:235,16,0,0
BRDA:235,16,1,0
BRDA:248,17,0,0
BRDA:253,18,0,0
BRDA:253,18,1,0
BRDA:279,19,0,0
BRDA:279,19,1,0
BRDA:281,20,0,0
BRDA:281,20,1,0
BRF:42
BRH:6
end_of_record
TN:
SF:lib/errorRecovery.js
FN:13,(anonymous_0)
FN:25,(anonymous_1)
FN:88,(anonymous_2)
FN:165,(anonymous_3)
FN:239,(anonymous_4)
FN:291,(anonymous_5)
FN:326,(anonymous_6)
FN:347,(anonymous_7)
FN:377,(anonymous_8)
FN:384,(anonymous_9)
FN:403,(anonymous_10)
FN:411,(anonymous_11)
FN:427,(anonymous_12)
FN:430,(anonymous_13)
FN:431,(anonymous_14)
FN:449,(anonymous_15)
FN:461,(anonymous_16)
FN:479,(anonymous_17)
FN:493,(anonymous_18)
FN:509,(anonymous_19)
FN:512,(anonymous_20)
FN:513,(anonymous_21)
FN:533,(anonymous_22)
FN:543,(anonymous_23)
FN:578,(anonymous_24)
FN:590,(anonymous_25)
FN:600,(anonymous_26)
FN:615,(anonymous_27)
FN:627,(anonymous_28)
FN:650,(anonymous_29)
FN:655,(anonymous_30)
FNF:31
FNH:21
FNDA:57,(anonymous_0)
FNDA:9,(anonymous_1)
FNDA:8,(anonymous_2)
FNDA:7,(anonymous_3)
FNDA:6,(anonymous_4)
FNDA:4,(anonymous_5)
FNDA:3,(anonymous_6)
FNDA:2,(anonymous_7)
FNDA:3,(anonymous_8)
FNDA:3,(anonymous_9)
FNDA:3,(anonymous_10)
FNDA:0,(anonymous_11)
FNDA:3,(anonymous_12)
FNDA:0,(anonymous_13)
FNDA:0,(anonymous_14)
FNDA:0,(anonymous_15)
FNDA:0,(anonymous_16)
FNDA:0,(anonymous_17)
FNDA:0,(anonymous_18)
FNDA:3,(anonymous_19)
FNDA:3,(anonymous_20)
FNDA:2,(anonymous_21)
FNDA:1,(anonymous_22)
FNDA:3,(anonymous_23)
FNDA:0,(anonymous_24)
FNDA:5,(anonymous_25)
FNDA:0,(anonymous_26)
FNDA:2,(anonymous_27)
FNDA:3,(anonymous_28)
FNDA:0,(anonymous_29)
FNDA:1,(anonymous_30)
DA:8,2
DA:9,2
DA:10,2
DA:14,57
DA:15,57
DA:16,57
DA:17,57
DA:26,9
DA:28,9
DA:29,0
DA:36,9
DA:37,1
DA:44,8
DA:45,8
DA:48,8
DA:49,2
DA:53,8
DA:54,8
DA:55,6
DA:56,6
DA:57,6
DA:60,6
DA:63,6
DA:65,6
DA:74,2
DA:89,8
DA:90,8
DA:91,8
DA:93,8
DA:94,1
DA:103,7
DA:104,2
DA:105,2
DA:106,1
DA:114,5
DA:115,5
DA:116,1
DA:122,4
DA:126,5
DA:127,5
DA:128,1
DA:136,4
DA:137,3
DA:141,4
DA:143,3
DA:150,1
DA:167,7
DA:169,0
DA:176,7
DA:177,7
DA:179,7
DA:181,7
DA:182,2
DA:183,2
DA:184,1
DA:193,6
DA:196,4
DA:197,4
DA:199,2
DA:200,1
DA:208,2
DA:210,2
DA:218,3
DA:219,2
DA:220,2
DA:226,3
DA:240,6
DA:241,6
DA:243,6
DA:245,6
DA:246,3
DA:247,3
DA:248,2
DA:255,1
DA:260,4
DA:267,4
DA:268,3
DA:270,3
DA:277,1
DA:292,4
DA:293,4
DA:294,4
DA:295,1
DA:302,3
DA:303,3
DA:307,2
DA:309,2
DA:314,1
DA:327,3
DA:328,3
DA:329,3
DA:331,3
DA:332,1
DA:335,1
DA:338,1
DA:348,2
DA:355,2
DA:356,6
DA:357,6
DA:358,1
DA:367,1
DA:378,3
DA:380,3
DA:382,3
DA:383,2
DA:384,2
DA:385,3
DA:386,3
DA:394,3
DA:404,3
DA:406,3
DA:407,3
DA:409,3
DA:410,0
DA:411,0
DA:412,0
DA:413,0
DA:428,3
DA:429,3
DA:430,0
DA:432,0
DA:433,0
DA:436,0
DA:437,0
DA:439,0
DA:449,0
DA:452,3
DA:462,0
DA:463,0
DA:464,0
DA:466,0
DA:467,0
DA:475,0
DA:476,0
DA:477,0
DA:479,0
DA:480,0
DA:481,0
DA:482,0
DA:488,0
DA:493,0
DA:497,0
DA:510,3
DA:511,3
DA:512,3
DA:514,2
DA:515,2
DA:518,2
DA:519,2
DA:520,2
DA:522,2
DA:533,2
DA:536,1
DA:544,3
DA:545,3
DA:546,3
DA:549,2
DA:550,1
DA:556,1
DA:557,1
DA:568,1
DA:579,0
DA:580,0
DA:581,0
DA:583,0
DA:591,5
DA:593,2
DA:594,2
DA:601,0
DA:603,0
DA:605,0
DA:607,0
DA:609,0
DA:611,0
DA:616,2
DA:617,2
DA:618,1
DA:624,1
DA:628,3
DA:629,3
DA:631,2
DA:634,2
DA:635,2
DA:637,2
DA:638,1
DA:640,1
DA:646,1
DA:652,0
DA:656,1
DA:665,1
DA:667,1
DA:675,2
LF:192
LH:153
BRDA:13,0,0,56
BRDA:14,1,0,57
BRDA:14,1,1,56
BRDA:15,2,0,57
BRDA:15,2,1,56
BRDA:16,3,0,57
BRDA:16,3,1,56
BRDA:28,4,0,0
BRDA:28,4,1,9
BRDA:28,5,0,9
BRDA:28,5,1,9
BRDA:36,6,0,1
BRDA:36,6,1,8
BRDA:48,7,0,2
BRDA:48,7,1,6
BRDA:88,8,0,6
BRDA:93,9,0,1
BRDA:93,9,1,7
BRDA:103,10,0,2
BRDA:103,10,1,5
BRDA:105,11,0,1
BRDA:105,11,1,1
BRDA:115,12,0,1
BRDA:115,12,1,4
BRDA:127,13,0,1
BRDA:127,13,1,4
BRDA:136,14,0,3
BRDA:136,14,1,1
BRDA:165,15,0,1
BRDA:167,16,0,0
BRDA:167,16,1,7
BRDA:167,17,0,7
BRDA:167,17,1,7
BRDA:167,17,2,7
BRDA:167,17,3,7
BRDA:167,17,4,7
BRDA:167,17,5,7
BRDA:181,18,0,2
BRDA:181,18,1,5
BRDA:181,19,0,7
BRDA:181,19,1,4
BRDA:183,20,0,1
BRDA:183,20,1,1
BRDA:203,21,0,0
BRDA:203,21,1,1
BRDA:212,22,0,1
BRDA:212,22,1,1
BRDA:213,23,0,1
BRDA:213,23,1,1
BRDA:218,24,0,2
BRDA:218,24,1,1
BRDA:229,25,0,0
BRDA:229,25,1,3
BRDA:245,26,0,3
BRDA:245,26,1,3
BRDA:247,27,0,2
BRDA:247,27,1,1
BRDA:247,28,0,3
BRDA:247,28,1,3
BRDA:294,29,0,1
BRDA:294,29,1,3
BRDA:294,30,0,4
BRDA:294,30,1,4
BRDA:302,31,0,3
BRDA:302,31,1,0
BRDA:331,32,0,1
BRDA:331,32,1,1
BRDA:357,33,0,1
BRDA:357,33,1,5
BRDA:382,34,0,2
BRDA:382,34,1,1
BRDA:409,35,0,0
BRDA:409,35,1,3
BRDA:437,36,0,0
BRDA:437,36,1,0
BRDA:466,37,0,0
BRDA:466,37,1,0
BRDA:512,38,0,3
BRDA:512,38,1,2
BRDA:519,39,0,2
BRDA:519,39,1,0
BRDA:520,40,0,2
BRDA:520,40,1,0
BRDA:549,41,0,1
BRDA:549,41,1,1
BRDA:549,42,0,2
BRDA:549,42,1,1
BRDA:591,43,0,3
BRDA:591,43,1,2
BRDA:591,44,0,5
BRDA:591,44,1,4
BRDA:601,45,0,0
BRDA:601,45,1,0
BRDA:601,45,2,0
BRDA:601,45,3,0
BRDA:601,45,4,0
BRDA:617,46,0,1
BRDA:617,46,1,1
BRDA:629,47,0,1
BRDA:629,47,1,2
BRF:100
BRH:83
end_of_record
TN:
SF:lib/fileOperationLogger.js
FN:19,(anonymous_0)
FN:80,(anonymous_1)
FN:108,(anonymous_2)
FN:152,(anonymous_3)
FN:211,(anonymous_4)
FN:238,(anonymous_5)
FN:240,(anonymous_6)
FN:244,(anonymous_7)
FN:261,(anonymous_8)
FN:296,(anonymous_9)
FN:309,(anonymous_10)
FN:311,(anonymous_11)
FN:312,(anonymous_12)
FN:340,(anonymous_13)
FN:341,(anonymous_14)
FN:349,(anonymous_15)
FN:368,(anonymous_16)
FN:374,(anonymous_17)
FN:376,(anonymous_18)
FN:386,(anonymous_19)
FN:405,(anonymous_20)
FN:414,(anonymous_21)
FN:422,(anonymous_22)
FN:435,(anonymous_23)
FN:441,(anonymous_24)
FN:455,(anonymous_25)
FN:465,(anonymous_26)
FN:482,(anonymous_27)
FN:484,(anonymous_28)
FN:490,(anonymous_29)
FN:497,(anonymous_30)
FN:504,(anonymous_31)
FN:511,(anonymous_32)
FN:531,(anonymous_33)
FN:552,(anonymous_34)
FN:572,(anonymous_35)
FN:585,(anonymous_36)
FN:592,(anonymous_37)
FN:605,(anonymous_38)
FN:609,(anonymous_39)
FN:612,(anonymous_40)
FN:623,(anonymous_41)
FN:631,(anonymous_42)
FN:634,(anonymous_43)
FN:649,(anonymous_44)
FN:670,(anonymous_45)
FNF:46
FNH:32
FNDA:65,(anonymous_0)
FNDA:65,(anonymous_1)
FNDA:89,(anonymous_2)
FNDA:89,(anonymous_3)
FNDA:0,(anonymous_4)
FNDA:0,(anonymous_5)
FNDA:0,(anonymous_6)
FNDA:0,(anonymous_7)
FNDA:1,(anonymous_8)
FNDA:1,(anonymous_9)
FNDA:0,(anonymous_10)
FNDA:0,(anonymous_11)
FNDA:0,(anonymous_12)
FNDA:89,(anonymous_13)
FNDA:725,(anonymous_14)
FNDA:89,(anonymous_15)
FNDA:264,(anonymous_16)
FNDA:89,(anonymous_17)
FNDA:150,(anonymous_18)
FNDA:89,(anonymous_19)
FNDA:89,(anonymous_20)
FNDA:326,(anonymous_21)
FNDA:89,(anonymous_22)
FNDA:330,(anonymous_23)
FNDA:89,(anonymous_24)
FNDA:402,(anonymous_25)
FNDA:89,(anonymous_26)
FNDA:89,(anonymous_27)
FNDA:356,(anonymous_28)
FNDA:65,(anonymous_29)
FNDA:89,(anonymous_30)
FNDA:0,(anonymous_31)
FNDA:65,(anonymous_32)
FNDA:89,(anonymous_33)
FNDA:0,(anonymous_34)
FNDA:0,(anonymous_35)
FNDA:0,(anonymous_36)
FNDA:0,(anonymous_37)
FNDA:1,(anonymous_38)
FNDA:4,(anonymous_39)
FNDA:6,(anonymous_40)
FNDA:3,(anonymous_41)
FNDA:2,(anonymous_42)
FNDA:7,(anonymous_43)
FNDA:0,(anonymous_44)
FNDA:0,(anonymous_45)
DA:15,13
DA:16,13
DA:20,65
DA:21,65
DA:22,65
DA:23,65
DA:26,65
DA:31,65
DA:42,65
DA:43,65
DA:44,65
DA:45,65
DA:46,65
DA:49,65
DA:64,65
DA:74,65
DA:81,65
DA:83,65
DA:84,65
DA:85,52
DA:89,65
DA:92,65
DA:93,0
DA:101,0
DA:109,89
DA:110,89
DA:112,89
DA:128,89
DA:131,89
DA:134,89
DA:137,89
DA:138,0
DA:142,89
DA:143,0
DA:146,89
DA:153,89
DA:156,89
DA:157,36
DA:158,36
DA:162,89
DA:163,18
DA:164,18
DA:168,89
DA:169,21
DA:170,21
DA:174,89
DA:175,2
DA:176,2
DA:180,89
DA:181,14
DA:182,14
DA:186,89
DA:187,4
DA:188,4
DA:192,89
DA:193,6
DA:194,6
DA:197,89
DA:198,89
DA:201,89
DA:202,5
DA:203,84
DA:204,26
DA:212,0
DA:224,0
DA:227,0
DA:230,0
DA:232,0
DA:239,0
DA:240,0
DA:243,0
DA:245,0
DA:249,0
DA:262,1
DA:264,1
DA:265,1
DA:266,1
DA:269,1
DA:270,1
DA:271,1
DA:274,1
DA:275,0
DA:276,0
DA:279,1
DA:280,0
DA:281,0
DA:284,1
DA:285,0
DA:286,0
DA:287,0
DA:290,1
DA:297,1
DA:298,1
DA:301,0
DA:302,0
DA:309,0
DA:311,0
DA:312,0
DA:320,0
DA:322,0
DA:329,0
DA:341,89
DA:342,725
DA:350,89
DA:351,5
DA:355,84
DA:357,18
DA:361,66
DA:368,264
DA:375,89
DA:376,89
DA:377,150
DA:380,89
DA:387,89
DA:388,5
DA:392,84
DA:394,64
DA:395,2
DA:399,82
DA:407,89
DA:414,89
DA:415,326
DA:423,89
DA:424,5
DA:428,84
DA:435,330
DA:442,89
DA:443,5
DA:447,84
DA:455,402
DA:466,89
DA:467,84
DA:469,84
DA:470,84
DA:471,57
DA:472,57
DA:473,55
DA:474,55
DA:476,55
DA:483,89
DA:484,356
DA:491,65
DA:498,89
DA:505,0
DA:512,65
DA:525,65
DA:532,89
DA:533,89
DA:536,89
DA:537,89
DA:538,89
DA:539,0
DA:543,89
DA:545,0
DA:553,0
DA:554,0
DA:562,0
DA:563,0
DA:565,0
DA:573,0
DA:580,0
DA:581,0
DA:582,0
DA:583,0
DA:584,0
DA:585,0
DA:586,0
DA:593,0
DA:594,0
DA:595,0
DA:596,0
DA:598,0
DA:606,1
DA:607,1
DA:609,1
DA:610,4
DA:611,4
DA:612,4
DA:613,6
DA:618,1
DA:623,3
DA:632,2
DA:634,2
DA:635,7
DA:636,2
DA:637,3
DA:638,0
DA:639,2
DA:643,2
DA:650,0
DA:651,0
DA:653,0
DA:654,0
DA:655,0
DA:656,0
DA:657,0
DA:658,0
DA:659,0
DA:661,0
DA:664,0
DA:672,0
DA:673,0
DA:674,0
DA:676,0
DA:682,13
LF:205
LH:139
BRDA:19,0,0,0
BRDA:20,1,0,65
BRDA:20,1,1,0
BRDA:26,2,0,65
BRDA:26,2,1,0
BRDA:26,2,2,0
BRDA:32,3,0,65
BRDA:32,3,1,0
BRDA:33,4,0,65
BRDA:33,4,1,0
BRDA:35,5,0,65
BRDA:35,5,1,0
BRDA:36,6,0,65
BRDA:36,6,1,13
BRDA:37,7,0,65
BRDA:37,7,1,65
BRDA:84,8,0,52
BRDA:84,8,1,13
BRDA:92,9,0,0
BRDA:92,9,1,65
BRDA:108,10,0,0
BRDA:108,11,0,28
BRDA:119,12,0,84
BRDA:119,12,1,5
BRDA:137,13,0,0
BRDA:137,13,1,89
BRDA:137,14,0,89
BRDA:137,14,1,65
BRDA:142,15,0,0
BRDA:142,15,1,89
BRDA:156,16,0,36
BRDA:156,16,1,53
BRDA:162,17,0,18
BRDA:162,17,1,71
BRDA:168,18,0,21
BRDA:168,18,1,68
BRDA:174,19,0,2
BRDA:174,19,1,87
BRDA:180,20,0,14
BRDA:180,20,1,75
BRDA:186,21,0,4
BRDA:186,21,1,85
BRDA:192,22,0,6
BRDA:192,22,1,83
BRDA:201,23,0,5
BRDA:201,23,1,84
BRDA:203,24,0,26
BRDA:203,24,1,58
BRDA:220,25,0,0
BRDA:220,25,1,0
BRDA:245,26,0,0
BRDA:245,26,1,0
BRDA:264,27,0,1
BRDA:264,27,1,0
BRDA:269,28,0,1
BRDA:269,28,1,0
BRDA:274,29,0,0
BRDA:274,29,1,1
BRDA:279,30,0,0
BRDA:279,30,1,1
BRDA:284,31,0,0
BRDA:284,31,1,1
BRDA:297,32,0,1
BRDA:297,32,1,0
BRDA:350,33,0,5
BRDA:350,33,1,84
BRDA:350,34,0,89
BRDA:350,34,1,84
BRDA:355,35,0,18
BRDA:355,35,1,66
BRDA:355,36,0,84
BRDA:355,36,1,33
BRDA:355,36,2,15
BRDA:387,37,0,5
BRDA:387,37,1,84
BRDA:387,38,0,89
BRDA:387,38,1,84
BRDA:392,39,0,64
BRDA:392,39,1,20
BRDA:394,40,0,2
BRDA:394,40,1,62
BRDA:394,41,0,64
BRDA:394,41,1,63
BRDA:423,42,0,5
BRDA:423,42,1,84
BRDA:423,43,0,89
BRDA:423,43,1,84
BRDA:442,44,0,5
BRDA:442,44,1,84
BRDA:442,45,0,89
BRDA:442,45,1,84
BRDA:466,46,0,5
BRDA:466,46,1,84
BRDA:467,47,0,0
BRDA:467,47,1,84
BRDA:470,48,0,27
BRDA:470,48,1,57
BRDA:470,49,0,84
BRDA:470,49,1,27
BRDA:471,50,0,0
BRDA:471,50,1,57
BRDA:471,51,0,57
BRDA:471,51,1,0
BRDA:472,52,0,2
BRDA:472,52,1,55
BRDA:472,53,0,57
BRDA:472,53,1,57
BRDA:473,54,0,0
BRDA:473,54,1,55
BRDA:473,55,0,55
BRDA:473,55,1,55
BRDA:474,56,0,0
BRDA:474,56,1,55
BRDA:484,57,0,89
BRDA:484,57,1,0
BRDA:533,58,0,65
BRDA:533,58,1,24
BRDA:536,59,0,89
BRDA:536,59,1,0
BRDA:538,60,0,0
BRDA:538,60,1,89
BRDA:611,61,0,4
BRDA:611,61,1,0
BRDA:613,62,0,6
BRDA:613,62,1,4
BRDA:635,63,0,2
BRDA:635,63,1,3
BRDA:635,63,2,0
BRDA:635,63,3,2
BRDA:653,64,0,0
BRDA:653,64,1,0
BRDA:657,65,0,0
BRDA:657,65,1,0
BRDA:670,66,0,0
BRDA:670,67,0,0
BRDA:672,68,0,0
BRDA:672,68,1,0
BRDA:673,69,0,0
BRDA:673,69,1,0
BRDA:676,70,0,0
BRDA:676,70,1,0
BRF:141
BRH:98
end_of_record
TN:
SF:lib/jestHooks.js
FN:21,(anonymous_0)
FN:51,(anonymous_1)
FN:84,(anonymous_2)
FN:101,(anonymous_3)
FN:159,(anonymous_4)
FN:172,(anonymous_5)
FN:185,(anonymous_6)
FN:198,(anonymous_7)
FN:216,(anonymous_8)
FN:232,(anonymous_9)
FN:265,(anonymous_10)
FN:288,(anonymous_11)
FN:299,(anonymous_12)
FN:300,(anonymous_13)
FN:307,(anonymous_14)
FN:316,(anonymous_15)
FN:321,(anonymous_16)
FN:322,(anonymous_17)
FN:330,(anonymous_18)
FN:341,(anonymous_19)
FN:354,(anonymous_20)
FN:378,createGlobalSetup
FN:379,jestGlobalSetup
FN:389,createGlobalTeardown
FN:390,jestGlobalTeardown
FN:404,(anonymous_25)
FN:410,(anonymous_26)
FN:417,(anonymous_27)
FN:424,(anonymous_28)
FN:428,(anonymous_29)
FNF:30
FNH:0
FNDA:0,(anonymous_0)
FNDA:0,(anonymous_1)
FNDA:0,(anonymous_2)
FNDA:0,(anonymous_3)
FNDA:0,(anonymous_4)
FNDA:0,(anonymous_5)
FNDA:0,(anonymous_6)
FNDA:0,(anonymous_7)
FNDA:0,(anonymous_8)
FNDA:0,(anonymous_9)
FNDA:0,(anonymous_10)
FNDA:0,(anonymous_11)
FNDA:0,(anonymous_12)
FNDA:0,(anonymous_13)
FNDA:0,(anonymous_14)
FNDA:0,(anonymous_15)
FNDA:0,(anonymous_16)
FNDA:0,(anonymous_17)
FNDA:0,(anonymous_18)
FNDA:0,(anonymous_19)
FNDA:0,(anonymous_20)
FNDA:0,createGlobalSetup
FNDA:0,jestGlobalSetup
FNDA:0,createGlobalTeardown
FNDA:0,jestGlobalTeardown
FNDA:0,(anonymous_25)
FNDA:0,(anonymous_26)
FNDA:0,(anonymous_27)
FNDA:0,(anonymous_28)
FNDA:0,(anonymous_29)
DA:16,0
DA:17,0
DA:18,0
DA:22,0
DA:30,0
DA:37,0
DA:44,0
DA:52,0
DA:53,0
DA:54,0
DA:56,0
DA:57,0
DA:59,0
DA:65,0
DA:66,0
DA:72,0
DA:75,0
DA:76,0
DA:85,0
DA:86,0
DA:87,0
DA:88,0
DA:91,0
DA:92,0
DA:95,0
DA:96,0
DA:98,0
DA:99,0
DA:101,0
DA:105,0
DA:106,0
DA:108,0
DA:109,0
DA:116,0
DA:119,0
DA:120,0
DA:123,0
DA:127,0
DA:130,0
DA:131,0
DA:132,0
DA:137,0
DA:145,0
DA:147,0
DA:150,0
DA:151,0
DA:160,0
DA:161,0
DA:165,0
DA:173,0
DA:174,0
DA:178,0
DA:186,0
DA:188,0
DA:189,0
DA:190,0
DA:193,0
DA:195,0
DA:196,0
DA:198,0
DA:202,0
DA:205,0
DA:208,0
DA:209,0
DA:217,0
DA:233,0
DA:234,0
DA:248,0
DA:249,0
DA:250,0
DA:252,0
DA:254,0
DA:257,0
DA:258,0
DA:266,0
DA:267,0
DA:274,0
DA:275,0
DA:276,0
DA:278,0
DA:281,0
DA:289,0
DA:291,0
DA:292,0
DA:299,0
DA:300,0
DA:302,0
DA:303,0
DA:307,0
DA:311,0
DA:312,0
DA:316,0
DA:321,0
DA:322,0
DA:325,0
DA:326,0
DA:330,0
DA:335,0
DA:342,0
DA:343,0
DA:346,0
DA:347,0
DA:348,0
DA:355,0
DA:361,0
DA:363,0
DA:364,0
DA:366,0
DA:379,0
DA:380,0
DA:381,0
DA:382,0
DA:390,0
DA:391,0
DA:392,0
DA:394,0
DA:395,0
DA:405,0
DA:406,0
DA:407,0
DA:412,0
DA:413,0
DA:419,0
DA:420,0
DA:425,0
DA:430,0
DA:433,0
DA:436,0
DA:441,0
LF:129
LH:0
BRDA:21,0,0,0
BRDA:23,1,0,0
BRDA:23,1,1,0
BRDA:26,2,0,0
BRDA:26,2,1,0
BRDA:31,3,0,0
BRDA:31,3,1,0
BRDA:33,4,0,0
BRDA:33,4,1,0
BRDA:86,5,0,0
BRDA:86,5,1,0
BRDA:98,6,0,0
BRDA:98,6,1,0
BRDA:106,7,0,0
BRDA:106,7,1,0
BRDA:108,8,0,0
BRDA:108,8,1,0
BRDA:119,9,0,0
BRDA:119,9,1,0
BRDA:119,10,0,0
BRDA:119,10,1,0
BRDA:160,11,0,0
BRDA:160,11,1,0
BRDA:173,12,0,0
BRDA:173,12,1,0
BRDA:189,13,0,0
BRDA:189,13,1,0
BRDA:195,14,0,0
BRDA:195,14,1,0
BRDA:291,15,0,0
BRDA:291,15,1,0
BRDA:302,16,0,0
BRDA:302,16,1,0
BRDA:311,17,0,0
BRDA:311,17,1,0
BRDA:325,18,0,0
BRDA:325,18,1,0
BRDA:342,19,0,0
BRDA:342,19,1,0
BRDA:342,20,0,0
BRDA:342,20,1,0
BRDA:354,21,0,0
BRDA:354,22,0,0
BRDA:361,23,0,0
BRDA:361,23,1,0
BRDA:363,24,0,0
BRDA:363,24,1,0
BRDA:378,25,0,0
BRDA:389,26,0,0
BRDA:391,27,0,0
BRDA:391,27,1,0
BRDA:407,28,0,0
BRDA:407,28,1,0
BRDA:412,29,0,0
BRDA:412,29,1,0
BRDA:419,30,0,0
BRDA:419,30,1,0
BRDA:430,31,0,0
BRDA:430,31,1,0
BRF:59
BRH:0
end_of_record
TN:
SF:lib/logger.js
FN:6,(anonymous_0)
FN:29,(anonymous_1)
FN:39,(anonymous_2)
FN:44,(anonymous_3)
FN:45,(anonymous_4)
FN:46,(anonymous_5)
FN:55,(anonymous_6)
FN:74,(anonymous_7)
FN:86,(anonymous_8)
FN:99,(anonymous_9)
FN:112,(anonymous_10)
FN:123,(anonymous_11)
FN:129,(anonymous_12)
FN:141,(anonymous_13)
FN:148,(anonymous_14)
FNF:15
FNH:15
FNDA:39,(anonymous_0)
FNDA:6,(anonymous_1)
FNDA:5,(anonymous_2)
FNDA:12,(anonymous_3)
FNDA:12,(anonymous_4)
FNDA:12,(anonymous_5)
FNDA:6,(anonymous_6)
FNDA:5,(anonymous_7)
FNDA:2,(anonymous_8)
FNDA:2,(anonymous_9)
FNDA:4,(anonymous_10)
FNDA:3,(anonymous_11)
FNDA:7,(anonymous_12)
FNDA:58,(anonymous_13)
FNDA:6,(anonymous_14)
DA:1,2
DA:2,2
DA:3,2
DA:7,39
DA:8,39
DA:9,39
DA:30,6
DA:36,6
DA:40,5
DA:44,12
DA:45,12
DA:46,12
DA:52,5
DA:56,6
DA:57,4
DA:67,4
DA:69,2
DA:70,2
DA:75,5
DA:82,5
DA:83,5
DA:87,2
DA:95,2
DA:96,2
DA:100,2
DA:106,2
DA:107,2
DA:108,1
DA:113,4
DA:120,4
DA:124,3
DA:125,3
DA:126,3
DA:130,7
DA:137,7
DA:138,7
DA:142,58
DA:149,6
DA:151,6
DA:154,6
DA:155,6
DA:156,6
DA:159,6
DA:166,5
DA:170,5
DA:171,2
DA:175,1
DA:180,2
LF:48
LH:48
BRDA:56,0,0,4
BRDA:56,0,1,2
BRDA:83,1,0,5
BRDA:83,1,1,3
BRDA:96,2,0,2
BRDA:96,2,1,1
BRDA:107,3,0,1
BRDA:107,3,1,1
BRDA:170,4,0,2
BRDA:170,4,1,3
BRF:10
BRH:10
end_of_record
TN:
SF:lib/nodeModulesMonitor.js
FN:21,(anonymous_0)
FN:74,(anonymous_1)
FN:121,(anonymous_2)
FN:153,(anonymous_3)
FN:176,(anonymous_4)
FN:193,(anonymous_5)
FN:246,(anonymous_6)
FN:254,(anonymous_7)
FN:255,(anonymous_8)
FN:258,(anonymous_9)
FN:260,(anonymous_10)
FN:275,(anonymous_11)
FN:310,(anonymous_12)
FN:341,(anonymous_13)
FN:365,(anonymous_14)
FN:366,(anonymous_15)
FN:370,(anonymous_16)
FN:386,(anonymous_17)
FN:391,(anonymous_18)
FN:395,(anonymous_19)
FN:410,(anonymous_20)
FN:448,(anonymous_21)
FN:474,(anonymous_22)
FN:486,(anonymous_23)
FN:508,(anonymous_24)
FN:523,(anonymous_25)
FN:526,traverse
FN:557,(anonymous_27)
FN:577,(anonymous_28)
FN:583,(anonymous_29)
FN:594,(anonymous_30)
FN:618,(anonymous_31)
FN:619,(anonymous_32)
FN:630,(anonymous_33)
FN:652,(anonymous_34)
FN:672,(anonymous_35)
FN:694,(anonymous_36)
FN:702,(anonymous_37)
FN:722,(anonymous_38)
FN:735,(anonymous_39)
FN:748,(anonymous_40)
FN:775,(anonymous_41)
FN:810,(anonymous_42)
FN:831,(anonymous_43)
FN:862,(anonymous_44)
FN:887,(anonymous_45)
FN:905,(anonymous_46)
FN:948,(anonymous_47)
FN:958,(anonymous_48)
FN:978,(anonymous_49)
FN:997,(anonymous_50)
FN:1027,(anonymous_51)
FN:1043,(anonymous_52)
FN:1064,(anonymous_53)
FN:1165,(anonymous_54)
FN:1194,(anonymous_55)
FN:1199,(anonymous_56)
FN:1230,(anonymous_57)
FN:1260,getGlobalMonitor
FN:1270,resetGlobalMonitor
FN:1272,(anonymous_60)
FNF:61
FNH:42
FNDA:44,(anonymous_0)
FNDA:25,(anonymous_1)
FNDA:3,(anonymous_2)
FNDA:0,(anonymous_3)
FNDA:2,(anonymous_4)
FNDA:2,(anonymous_5)
FNDA:1,(anonymous_6)
FNDA:1,(anonymous_7)
FNDA:1,(anonymous_8)
FNDA:4,(anonymous_9)
FNDA:4,(anonymous_10)
FNDA:489,(anonymous_11)
FNDA:25,(anonymous_12)
FNDA:0,(anonymous_13)
FNDA:56,(anonymous_14)
FNDA:56,(anonymous_15)
FNDA:56,(anonymous_16)
FNDA:7,(anonymous_17)
FNDA:49,(anonymous_18)
FNDA:49,(anonymous_19)
FNDA:18,(anonymous_20)
FNDA:1,(anonymous_21)
FNDA:3,(anonymous_22)
FNDA:25,(anonymous_23)
FNDA:3,(anonymous_24)
FNDA:6,(anonymous_25)
FNDA:24,traverse
FNDA:0,(anonymous_27)
FNDA:0,(anonymous_28)
FNDA:25,(anonymous_29)
FNDA:20,(anonymous_30)
FNDA:1,(anonymous_31)
FNDA:17,(anonymous_32)
FNDA:18,(anonymous_33)
FNDA:2,(anonymous_34)
FNDA:1165,(anonymous_35)
FNDA:0,(anonymous_36)
FNDA:1165,(anonymous_37)
FNDA:18,(anonymous_38)
FNDA:0,(anonymous_39)
FNDA:0,(anonymous_40)
FNDA:0,(anonymous_41)
FNDA:21,(anonymous_42)
FNDA:0,(anonymous_43)
FNDA:2,(anonymous_44)
FNDA:6,(anonymous_45)
FNDA:21,(anonymous_46)
FNDA:2,(anonymous_47)
FNDA:2,(anonymous_48)
FNDA:0,(anonymous_49)
FNDA:2,(anonymous_50)
FNDA:0,(anonymous_51)
FNDA:0,(anonymous_52)
FNDA:0,(anonymous_53)
FNDA:0,(anonymous_54)
FNDA:0,(anonymous_55)
FNDA:0,(anonymous_56)
FNDA:0,(anonymous_57)
FNDA:13,getGlobalMonitor
FNDA:0,resetGlobalMonitor
FNDA:0,(anonymous_60)
DA:16,13
DA:17,13
DA:18,13
DA:22,44
DA:23,44
DA:24,44
DA:25,44
DA:26,44
DA:29,44
DA:37,44
DA:47,44
DA:48,44
DA:49,44
DA:50,44
DA:51,44
DA:54,44
DA:64,44
DA:75,25
DA:76,25
DA:77,25
DA:79,25
DA:81,25
DA:82,25
DA:86,25
DA:89,18
DA:90,18
DA:94,18
DA:95,18
DA:98,18
DA:104,18
DA:111,7
DA:112,7
DA:113,7
DA:122,3
DA:123,0
DA:126,3
DA:128,3
DA:129,3
DA:130,3
DA:133,3
DA:134,8
DA:135,8
DA:137,8
DA:138,2
DA:146,2
DA:147,2
DA:152,3
DA:153,3
DA:154,0
DA:159,0
DA:160,0
DA:163,3
DA:165,3
DA:173,3
DA:174,2
DA:176,2
DA:179,1
DA:182,3
DA:185,0
DA:186,0
DA:194,2
DA:195,1
DA:196,1
DA:199,1
DA:200,0
DA:201,0
DA:205,1
DA:206,1
DA:207,0
DA:208,0
DA:211,1
DA:212,1
DA:213,1
DA:215,1
DA:216,1
DA:217,1
DA:218,1
DA:219,1
DA:220,1
DA:221,1
DA:223,0
DA:231,1
DA:236,1
DA:247,1
DA:254,1
DA:255,1
DA:259,4
DA:260,4
DA:261,4
DA:269,1
DA:276,489
DA:279,489
DA:280,6
DA:284,489
DA:285,2
DA:288,489
DA:290,489
DA:295,489
DA:311,25
DA:313,25
DA:314,86
DA:315,86
DA:316,48
DA:317,41
DA:322,18
DA:323,5
DA:329,5
DA:330,15
DA:331,15
DA:332,0
DA:342,0
DA:343,0
DA:345,0
DA:347,0
DA:348,0
DA:351,0
DA:352,0
DA:355,0
DA:366,56
DA:367,56
DA:368,56
DA:370,56
DA:371,56
DA:372,56
DA:373,56
DA:376,1
DA:378,56
DA:382,56
DA:383,56
DA:384,56
DA:386,56
DA:387,7
DA:388,7
DA:391,56
DA:392,49
DA:395,56
DA:396,49
DA:397,49
DA:401,0
DA:402,0
DA:411,18
DA:412,18
DA:414,18
DA:416,18
DA:418,18
DA:419,72
DA:420,72
DA:422,72
DA:423,26
DA:424,26
DA:425,26
DA:426,24
DA:428,2
DA:437,18
DA:439,18
DA:449,1
DA:450,1
DA:451,0
DA:454,1
DA:455,1
DA:456,1
DA:458,1
DA:459,0
DA:463,1
DA:465,1
DA:475,3
DA:478,3
DA:483,3
DA:484,6
DA:485,6
DA:486,25
DA:488,6
DA:490,3
DA:491,0
DA:495,0
DA:502,3
DA:509,3
DA:510,3
DA:517,3
DA:524,6
DA:527,24
DA:528,24
DA:530,23
DA:531,45
DA:532,45
DA:534,43
DA:536,18
DA:537,18
DA:539,25
DA:540,25
DA:541,25
DA:550,6
DA:551,6
DA:558,0
DA:559,0
DA:562,0
DA:563,0
DA:567,0
DA:577,0
DA:584,25
DA:585,25
DA:587,0
DA:595,20
DA:596,20
DA:597,1
DA:600,19
DA:601,19
DA:603,19
DA:604,19
DA:605,19
DA:607,17
DA:608,17
DA:617,17
DA:618,1
DA:619,17
DA:622,2
DA:623,2
DA:631,18
DA:632,18
DA:634,18
DA:636,0
DA:638,0
DA:639,0
DA:640,0
DA:641,0
DA:645,0
DA:653,2
DA:654,2
DA:660,2
DA:665,1
DA:673,1165
DA:681,1165
DA:688,1165
DA:689,0
DA:694,1165
DA:703,1165
DA:705,1165
DA:706,1165
DA:710,0
DA:712,0
DA:713,0
DA:724,18
DA:725,18
DA:728,18
DA:731,0
DA:732,0
DA:733,0
DA:734,0
DA:735,0
DA:737,0
DA:738,0
DA:740,0
DA:748,0
DA:749,0
DA:755,0
DA:758,0
DA:762,0
DA:766,0
DA:776,0
DA:777,0
DA:779,0
DA:780,0
DA:781,0
DA:783,0
DA:784,0
DA:785,0
DA:793,0
DA:794,0
DA:799,0
DA:811,21
DA:812,21
DA:813,21
DA:815,21
DA:816,4
DA:817,4
DA:822,4
DA:823,2
DA:832,0
DA:833,0
DA:834,0
DA:837,0
DA:838,0
DA:840,0
DA:841,0
DA:843,0
DA:844,0
DA:851,0
DA:852,0
DA:863,2
DA:869,2
DA:870,2
DA:874,2
DA:879,0
DA:880,0
DA:888,6
DA:889,0
DA:890,0
DA:892,0
DA:898,6
DA:899,6
DA:906,21
DA:914,21
DA:917,21
DA:918,2
DA:922,21
DA:925,2
DA:926,2
DA:928,0
DA:929,0
DA:931,0
DA:932,0
DA:934,19
DA:938,21
DA:939,0
DA:942,21
DA:949,2
DA:957,2
DA:958,2
DA:959,2
DA:960,2
DA:962,0
DA:971,2
DA:972,2
DA:979,0
DA:986,0
DA:989,0
DA:990,0
DA:998,2
DA:1000,2
DA:1002,2
DA:1003,2
DA:1004,0
DA:1006,0
DA:1007,0
DA:1013,0
DA:1017,0
DA:1028,0
DA:1034,0
DA:1037,0
DA:1044,0
DA:1051,0
DA:1058,0
DA:1065,0
DA:1066,0
DA:1069,0
DA:1071,0
DA:1073,0
DA:1100,0
DA:1101,0
DA:1102,0
DA:1112,0
DA:1113,0
DA:1114,0
DA:1115,0
DA:1116,0
DA:1117,0
DA:1121,0
DA:1122,0
DA:1132,0
DA:1133,0
DA:1139,0
DA:1140,0
DA:1141,0
DA:1151,0
DA:1154,0
DA:1158,0
DA:1166,0
DA:1167,0
DA:1170,0
DA:1172,0
DA:1178,0
DA:1186,0
DA:1187,0
DA:1188,0
DA:1189,0
DA:1190,0
DA:1192,0
DA:1193,0
DA:1194,0
DA:1196,0
DA:1199,0
DA:1203,0
DA:1206,0
DA:1213,0
DA:1216,0
DA:1217,0
DA:1219,0
DA:1220,0
DA:1224,0
DA:1231,0
DA:1237,0
DA:1238,0
DA:1241,0
DA:1244,0
DA:1246,0
DA:1255,13
DA:1261,13
DA:1262,13
DA:1264,13
DA:1271,0
DA:1272,0
DA:1276,0
DA:1279,13
DA:1280,13
DA:1281,13
LF:405
LH:244
BRDA:21,0,0,1
BRDA:22,1,0,44
BRDA:22,1,1,14
BRDA:41,2,0,44
BRDA:41,2,1,15
BRDA:42,3,0,44
BRDA:42,3,1,43
BRDA:81,4,0,25
BRDA:81,4,1,0
BRDA:89,5,0,18
BRDA:89,5,1,0
BRDA:94,6,0,18
BRDA:94,6,1,0
BRDA:122,7,0,0
BRDA:122,7,1,3
BRDA:137,8,0,2
BRDA:137,8,1,6
BRDA:173,9,0,2
BRDA:173,9,1,1
BRDA:194,10,0,1
BRDA:194,10,1,1
BRDA:199,11,0,0
BRDA:199,11,1,1
BRDA:206,12,0,0
BRDA:206,12,1,1
BRDA:216,13,0,1
BRDA:216,13,1,0
BRDA:256,14,0,0
BRDA:256,14,1,1
BRDA:263,15,0,1
BRDA:263,15,1,3
BRDA:264,16,0,4
BRDA:264,16,1,3
BRDA:279,17,0,6
BRDA:279,17,1,483
BRDA:284,18,0,2
BRDA:284,18,1,487
BRDA:315,19,0,48
BRDA:315,19,1,38
BRDA:322,20,0,5
BRDA:322,20,1,13
BRDA:331,21,0,0
BRDA:331,21,1,15
BRDA:347,22,0,0
BRDA:347,22,1,0
BRDA:371,23,0,56
BRDA:371,23,1,0
BRDA:422,24,0,26
BRDA:422,24,1,46
BRDA:450,25,0,0
BRDA:450,25,1,1
BRDA:458,26,0,0
BRDA:458,26,1,1
BRDA:490,27,0,0
BRDA:490,27,1,3
BRDA:523,28,0,6
BRDA:534,29,0,18
BRDA:534,29,1,25
BRDA:536,30,0,18
BRDA:536,30,1,0
BRDA:536,31,0,18
BRDA:536,31,1,18
BRDA:539,32,0,25
BRDA:539,32,1,0
BRDA:540,33,0,25
BRDA:540,33,1,0
BRDA:540,34,0,25
BRDA:540,34,1,0
BRDA:562,35,0,0
BRDA:562,35,1,0
BRDA:596,36,0,1
BRDA:596,36,1,19
BRDA:607,37,0,17
BRDA:607,37,1,0
BRDA:634,38,0,0
BRDA:634,38,1,18
BRDA:672,39,0,525
BRDA:672,40,0,1116
BRDA:688,41,0,0
BRDA:688,41,1,1165
BRDA:689,42,0,0
BRDA:689,42,1,0
BRDA:690,43,0,0
BRDA:690,43,1,0
BRDA:705,44,0,1165
BRDA:705,44,1,0
BRDA:724,45,0,18
BRDA:724,45,1,0
BRDA:734,46,0,0
BRDA:734,46,1,0
BRDA:776,47,0,0
BRDA:776,47,1,0
BRDA:780,48,0,0
BRDA:780,48,1,0
BRDA:783,49,0,0
BRDA:783,49,1,0
BRDA:793,50,0,0
BRDA:793,50,1,0
BRDA:815,51,0,4
BRDA:815,51,1,17
BRDA:822,52,0,2
BRDA:822,52,1,2
BRDA:822,53,0,4
BRDA:822,53,1,2
BRDA:840,54,0,0
BRDA:840,54,1,0
BRDA:869,55,0,2
BRDA:869,55,1,0
BRDA:879,56,0,0
BRDA:879,56,1,0
BRDA:879,57,0,0
BRDA:879,57,1,0
BRDA:911,58,0,21
BRDA:911,58,1,21
BRDA:917,59,0,2
BRDA:917,59,1,19
BRDA:922,60,0,0
BRDA:922,60,1,2
BRDA:922,60,2,0
BRDA:922,60,3,0
BRDA:922,60,4,19
BRDA:938,61,0,0
BRDA:938,61,1,21
BRDA:957,62,0,2
BRDA:957,62,1,0
BRDA:957,63,0,2
BRDA:957,63,1,2
BRDA:989,64,0,0
BRDA:989,64,1,0
BRDA:1003,65,0,0
BRDA:1003,65,1,2
BRDA:1006,66,0,0
BRDA:1006,66,1,0
BRDA:1065,67,0,0
BRDA:1065,67,1,0
BRDA:1101,68,0,0
BRDA:1101,68,1,0
BRDA:1112,69,0,0
BRDA:1112,69,1,0
BRDA:1116,70,0,0
BRDA:1116,70,1,0
BRDA:1116,71,0,0
BRDA:1116,71,1,0
BRDA:1116,71,2,0
BRDA:1116,71,3,0
BRDA:1116,71,4,0
BRDA:1121,72,0,0
BRDA:1121,72,1,0
BRDA:1132,73,0,0
BRDA:1132,73,1,0
BRDA:1132,74,0,0
BRDA:1132,74,1,0
BRDA:1140,75,0,0
BRDA:1140,75,1,0
BRDA:1151,76,0,0
BRDA:1151,76,1,0
BRDA:1166,77,0,0
BRDA:1166,77,1,0
BRDA:1188,78,0,0
BRDA:1188,78,1,0
BRDA:1192,79,0,0
BRDA:1192,79,1,0
BRDA:1192,80,0,0
BRDA:1192,80,1,0
BRDA:1216,81,0,0
BRDA:1216,81,1,0
BRDA:1216,82,0,0
BRDA:1216,82,1,0
BRDA:1219,83,0,0
BRDA:1219,83,1,0
BRDA:1260,84,0,0
BRDA:1261,85,0,13
BRDA:1261,85,1,0
BRDA:1271,86,0,0
BRDA:1271,86,1,0
BRF:175
BRH:77
end_of_record
TN:
SF:lib/postTestValidator.js
FN:6,(anonymous_0)
FN:41,(anonymous_1)
FN:90,(anonymous_2)
FN:167,(anonymous_3)
FN:255,(anonymous_4)
FN:344,(anonymous_5)
FN:418,(anonymous_6)
FN:486,(anonymous_7)
FN:517,(anonymous_8)
FN:563,(anonymous_9)
FN:572,(anonymous_10)
FN:619,(anonymous_11)
FN:626,(anonymous_12)
FN:627,(anonymous_13)
FN:673,(anonymous_14)
FN:708,(anonymous_15)
FN:710,(anonymous_16)
FN:712,(anonymous_17)
FN:714,(anonymous_18)
FN:736,(anonymous_19)
FN:783,(anonymous_20)
FN:792,(anonymous_21)
FN:834,(anonymous_22)
FN:860,(anonymous_23)
FN:861,(anonymous_24)
FN:862,(anonymous_25)
FN:866,(anonymous_26)
FN:875,(anonymous_27)
FN:884,(anonymous_28)
FN:899,(anonymous_29)
FNF:30
FNH:24
FNDA:30,(anonymous_0)
FNDA:11,(anonymous_1)
FNDA:9,(anonymous_2)
FNDA:9,(anonymous_3)
FNDA:9,(anonymous_4)
FNDA:7,(anonymous_5)
FNDA:7,(anonymous_6)
FNDA:8,(anonymous_7)
FNDA:29,(anonymous_8)
FNDA:9,(anonymous_9)
FNDA:45,(anonymous_10)
FNDA:7,(anonymous_11)
FNDA:60,(anonymous_12)
FNDA:6,(anonymous_13)
FNDA:36,(anonymous_14)
FNDA:36,(anonymous_15)
FNDA:36,(anonymous_16)
FNDA:4,(anonymous_17)
FNDA:4,(anonymous_18)
FNDA:4,(anonymous_19)
FNDA:6,(anonymous_20)
FNDA:3,(anonymous_21)
FNDA:2,(anonymous_22)
FNDA:0,(anonymous_23)
FNDA:0,(anonymous_24)
FNDA:0,(anonymous_25)
FNDA:0,(anonymous_26)
FNDA:0,(anonymous_27)
FNDA:0,(anonymous_28)
FNDA:12,(anonymous_29)
DA:1,1
DA:2,1
DA:3,1
DA:7,30
DA:8,30
DA:17,30
DA:25,30
DA:26,30
DA:42,11
DA:43,0
DA:47,11
DA:48,11
DA:49,11
DA:50,11
DA:53,11
DA:54,44
DA:56,44
DA:57,44
DA:58,44
DA:61,44
DA:62,44
DA:63,43
DA:64,43
DA:65,43
DA:70,43
DA:71,0
DA:74,1
DA:75,0
DA:79,0
DA:80,0
DA:85,11
DA:86,11
DA:91,9
DA:92,0
DA:94,9
DA:101,9
DA:102,36
DA:103,36
DA:104,1
DA:111,1
DA:112,1
DA:113,1
DA:114,1
DA:117,35
DA:118,35
DA:119,35
DA:121,35
DA:131,35
DA:132,3
DA:144,3
DA:145,3
DA:146,3
DA:150,0
DA:157,0
DA:158,0
DA:159,0
DA:163,9
DA:164,9
DA:168,9
DA:169,0
DA:171,9
DA:178,9
DA:184,9
DA:185,27
DA:187,27
DA:188,27
DA:189,18
DA:192,18
DA:193,18
DA:194,15
DA:200,3
DA:207,3
DA:208,3
DA:209,3
DA:213,18
DA:214,9
DA:221,9
DA:222,36
DA:223,1
DA:230,1
DA:231,1
DA:232,1
DA:238,0
DA:245,0
DA:246,0
DA:247,0
DA:251,9
DA:252,9
DA:256,9
DA:257,0
DA:259,9
DA:266,9
DA:268,9
DA:269,0
DA:270,0
DA:271,0
DA:275,9
DA:282,9
DA:283,9
DA:284,9
DA:286,9
DA:287,1
DA:288,1
DA:295,1
DA:296,1
DA:301,9
DA:302,9
DA:303,9
DA:306,9
DA:307,1
DA:314,1
DA:315,1
DA:316,1
DA:319,9
DA:328,0
DA:335,0
DA:336,0
DA:337,0
DA:340,9
DA:341,9
DA:345,7
DA:346,0
DA:348,7
DA:355,7
DA:361,7
DA:362,21
DA:364,21
DA:365,21
DA:366,15
DA:368,15
DA:370,1
DA:371,1
DA:378,14
DA:386,14
DA:387,0
DA:394,0
DA:395,0
DA:399,6
DA:402,0
DA:409,0
DA:410,0
DA:414,7
DA:415,7
DA:419,7
DA:420,0
DA:422,7
DA:429,7
DA:437,7
DA:442,7
DA:445,7
DA:446,28
DA:448,7
DA:449,7
DA:452,0
DA:453,0
DA:454,0
DA:455,0
DA:458,0
DA:459,0
DA:460,0
DA:461,0
DA:463,0
DA:470,0
DA:471,0
DA:472,0
DA:475,0
DA:478,0
DA:482,0
DA:483,0
DA:487,8
DA:488,0
DA:490,8
DA:498,8
DA:499,8
DA:500,8
DA:517,8
DA:518,29
DA:525,8
DA:532,8
DA:533,2
DA:534,2
DA:541,2
DA:542,2
DA:547,0
DA:554,0
DA:555,0
DA:556,0
DA:559,8
DA:560,8
DA:564,9
DA:571,9
DA:572,9
DA:573,45
DA:575,45
DA:577,45
DA:578,55
DA:580,55
DA:581,55
DA:583,55
DA:584,36
DA:585,36
DA:586,36
DA:589,19
DA:592,19
DA:593,73
DA:594,1
DA:595,1
DA:600,0
DA:608,9
DA:610,0
DA:616,9
DA:621,7
DA:622,7
DA:623,7
DA:624,7
DA:625,7
DA:626,7
DA:627,7
DA:630,0
DA:633,7
DA:636,7
DA:650,7
DA:652,7
DA:654,1
DA:655,1
DA:657,1
DA:660,0
DA:663,1
DA:668,6
DA:669,5
DA:673,36
DA:676,6
DA:678,6
DA:679,6
DA:682,6
DA:683,6
DA:686,6
DA:687,6
DA:690,6
DA:691,6
DA:694,6
DA:695,6
DA:698,6
DA:699,6
DA:703,6
DA:706,6
DA:707,6
DA:708,36
DA:709,6
DA:710,36
DA:711,6
DA:712,4
DA:713,6
DA:714,4
DA:716,6
DA:717,6
DA:721,6
DA:722,6
DA:735,6
DA:736,1
DA:737,4
DA:741,6
DA:742,6
DA:746,6
DA:747,6
DA:748,6
DA:751,0
DA:754,6
DA:758,1
DA:759,1
DA:760,1
DA:765,1
DA:766,1
DA:767,1
DA:768,1
DA:771,1
DA:772,1
DA:773,1
DA:779,1
DA:783,6
DA:784,1
DA:785,1
DA:786,1
DA:787,1
DA:788,1
DA:793,3
DA:795,3
DA:797,3
DA:798,3
DA:799,3
DA:803,2
DA:813,2
DA:814,2
DA:817,2
DA:818,2
DA:819,2
DA:820,2
DA:822,2
DA:829,1
DA:830,1
DA:835,2
DA:836,2
DA:838,2
DA:839,2
DA:840,2
DA:841,2
DA:842,2
DA:843,2
DA:844,2
DA:845,2
DA:847,2
DA:848,2
DA:849,2
DA:850,2
DA:851,2
DA:852,2
DA:853,2
DA:854,2
DA:856,2
DA:857,0
DA:858,0
DA:860,0
DA:861,0
DA:862,0
DA:864,0
DA:865,0
DA:866,0
DA:867,0
DA:868,0
DA:869,0
DA:873,0
DA:874,0
DA:875,0
DA:876,0
DA:877,0
DA:878,0
DA:882,0
DA:883,0
DA:884,0
DA:885,0
DA:886,0
DA:887,0
DA:891,2
DA:892,2
DA:895,2
DA:896,2
DA:897,2
DA:899,2
DA:900,12
DA:901,12
DA:902,0
DA:906,2
DA:907,2
DA:909,2
DA:913,1
LF:355
LH:274
BRDA:6,0,0,0
BRDA:7,1,0,30
BRDA:7,1,1,0
BRDA:42,2,0,0
BRDA:42,2,1,11
BRDA:42,3,0,11
BRDA:42,3,1,0
BRDA:47,4,0,11
BRDA:47,4,1,0
BRDA:47,5,0,11
BRDA:47,5,1,11
BRDA:56,6,0,44
BRDA:56,6,1,0
BRDA:56,7,0,44
BRDA:56,7,1,44
BRDA:62,8,0,43
BRDA:62,8,1,1
BRDA:70,9,0,0
BRDA:70,9,1,43
BRDA:70,10,0,43
BRDA:70,10,1,0
BRDA:74,11,0,0
BRDA:74,11,1,1
BRDA:74,12,0,1
BRDA:74,12,1,0
BRDA:79,13,0,0
BRDA:79,13,1,0
BRDA:79,14,0,0
BRDA:79,14,1,0
BRDA:85,15,0,11
BRDA:85,15,1,0
BRDA:85,16,0,11
BRDA:85,16,1,11
BRDA:91,17,0,0
BRDA:91,17,1,9
BRDA:91,18,0,9
BRDA:91,18,1,0
BRDA:103,19,0,1
BRDA:103,19,1,35
BRDA:128,20,0,32
BRDA:128,20,1,3
BRDA:131,21,0,3
BRDA:131,21,1,32
BRDA:168,22,0,0
BRDA:168,22,1,9
BRDA:168,23,0,9
BRDA:168,23,1,0
BRDA:188,24,0,18
BRDA:188,24,1,9
BRDA:213,25,0,9
BRDA:213,25,1,9
BRDA:222,26,0,1
BRDA:222,26,1,35
BRDA:256,27,0,0
BRDA:256,27,1,9
BRDA:256,28,0,9
BRDA:256,28,1,0
BRDA:268,29,0,0
BRDA:268,29,1,9
BRDA:286,30,0,1
BRDA:286,30,1,8
BRDA:302,31,0,9
BRDA:302,31,1,0
BRDA:306,32,0,1
BRDA:306,32,1,8
BRDA:306,33,0,9
BRDA:306,33,1,8
BRDA:323,34,0,7
BRDA:323,34,1,2
BRDA:345,35,0,0
BRDA:345,35,1,7
BRDA:345,36,0,7
BRDA:345,36,1,0
BRDA:362,37,0,14
BRDA:362,37,1,7
BRDA:365,38,0,15
BRDA:365,38,1,6
BRDA:368,39,0,1
BRDA:368,39,1,14
BRDA:386,40,0,0
BRDA:386,40,1,14
BRDA:386,41,0,14
BRDA:386,41,1,7
BRDA:419,42,0,0
BRDA:419,42,1,7
BRDA:419,43,0,7
BRDA:419,43,1,0
BRDA:437,44,0,7
BRDA:437,44,1,0
BRDA:437,44,2,0
BRDA:437,44,3,0
BRDA:442,45,0,7
BRDA:442,45,1,0
BRDA:487,46,0,0
BRDA:487,46,1,8
BRDA:487,47,0,8
BRDA:487,47,1,0
BRDA:518,48,0,29
BRDA:518,48,1,2
BRDA:518,48,2,2
BRDA:518,48,3,2
BRDA:518,48,4,2
BRDA:532,49,0,2
BRDA:532,49,1,6
BRDA:563,50,0,0
BRDA:573,51,0,0
BRDA:573,51,1,45
BRDA:583,52,0,36
BRDA:583,52,1,19
BRDA:585,53,0,36
BRDA:585,53,1,0
BRDA:593,54,0,1
BRDA:593,54,1,72
BRDA:622,55,0,7
BRDA:622,55,1,0
BRDA:622,56,0,7
BRDA:622,56,1,0
BRDA:652,57,0,1
BRDA:652,57,1,6
BRDA:654,58,0,1
BRDA:654,58,1,0
BRDA:655,59,0,1
BRDA:655,59,1,1
BRDA:657,60,0,0
BRDA:657,60,1,1
BRDA:657,61,0,1
BRDA:657,61,1,1
BRDA:668,62,0,5
BRDA:668,62,1,1
BRDA:678,63,0,6
BRDA:678,63,1,0
BRDA:682,64,0,6
BRDA:682,64,1,0
BRDA:686,65,0,6
BRDA:686,65,1,0
BRDA:690,66,0,6
BRDA:690,66,1,0
BRDA:694,67,0,6
BRDA:694,67,1,0
BRDA:698,68,0,6
BRDA:698,68,1,0
BRDA:717,69,0,1
BRDA:717,69,1,5
BRDA:718,70,0,0
BRDA:718,70,1,5
BRDA:721,71,0,6
BRDA:721,71,1,0
BRDA:735,72,0,1
BRDA:735,72,1,5
BRDA:746,73,0,6
BRDA:746,73,1,0
BRDA:758,74,0,1
BRDA:758,74,1,0
BRDA:771,75,0,1
BRDA:771,75,1,0
BRDA:792,76,0,2
BRDA:793,77,0,3
BRDA:793,77,1,2
BRDA:798,78,0,3
BRDA:798,78,1,0
BRDA:856,79,0,0
BRDA:856,79,1,2
BRDA:864,80,0,0
BRDA:864,80,1,0
BRDA:873,81,0,0
BRDA:873,81,1,0
BRDA:882,82,0,0
BRDA:882,82,1,0
BRDA:901,83,0,0
BRDA:901,83,1,12
BRF:170
BRH:109
end_of_record
TN:
SF:lib/reviewSystem.js
FN:6,(anonymous_0)
FN:42,(anonymous_1)
FN:79,(anonymous_2)
FN:95,(anonymous_3)
FN:171,(anonymous_4)
FN:185,(anonymous_5)
FN:200,(anonymous_6)
FN:220,(anonymous_7)
FN:221,(anonymous_8)
FN:313,(anonymous_9)
FN:316,(anonymous_10)
FN:318,(anonymous_11)
FN:337,(anonymous_12)
FN:362,(anonymous_13)
FN:364,(anonymous_14)
FN:365,(anonymous_15)
FN:380,(anonymous_16)
FN:387,(anonymous_17)
FN:408,(anonymous_18)
FN:412,(anonymous_19)
FN:428,(anonymous_20)
FN:434,(anonymous_21)
FN:435,(anonymous_22)
FN:436,(anonymous_23)
FN:446,(anonymous_24)
FN:447,(anonymous_25)
FN:454,(anonymous_26)
FN:478,(anonymous_27)
FN:482,(anonymous_28)
FN:503,(anonymous_29)
FN:514,(anonymous_30)
FN:531,(anonymous_31)
FNF:32
FNH:30
FNDA:56,(anonymous_0)
FNDA:19,(anonymous_1)
FNDA:0,(anonymous_2)
FNDA:19,(anonymous_3)
FNDA:0,(anonymous_4)
FNDA:1,(anonymous_5)
FNDA:42,(anonymous_6)
FNDA:2,(anonymous_7)
FNDA:2,(anonymous_8)
FNDA:6,(anonymous_9)
FNDA:14,(anonymous_10)
FNDA:15,(anonymous_11)
FNDA:15,(anonymous_12)
FNDA:5,(anonymous_13)
FNDA:10,(anonymous_14)
FNDA:10,(anonymous_15)
FNDA:2,(anonymous_16)
FNDA:8,(anonymous_17)
FNDA:7,(anonymous_18)
FNDA:28,(anonymous_19)
FNDA:9,(anonymous_20)
FNDA:1041,(anonymous_21)
FNDA:1038,(anonymous_22)
FNDA:1041,(anonymous_23)
FNDA:6,(anonymous_24)
FNDA:13,(anonymous_25)
FNDA:6,(anonymous_26)
FNDA:8,(anonymous_27)
FNDA:5,(anonymous_28)
FNDA:5,(anonymous_29)
FNDA:3,(anonymous_30)
FNDA:3,(anonymous_31)
DA:1,1
DA:2,1
DA:3,1
DA:7,56
DA:44,19
DA:52,19
DA:60,19
DA:61,67
DA:62,6
DA:67,12
DA:68,12
DA:69,12
DA:73,0
DA:80,0
DA:82,0
DA:83,0
DA:84,0
DA:85,0
DA:87,0
DA:97,19
DA:104,19
DA:106,19
DA:108,19
DA:109,19
DA:110,18
DA:113,16
DA:114,2
DA:115,2
DA:119,16
DA:120,8
DA:121,8
DA:125,16
DA:126,14
DA:127,14
DA:133,6
DA:134,6
DA:139,3
DA:140,3
DA:144,19
DA:145,19
DA:147,18
DA:149,6
DA:151,6
DA:158,2
DA:166,2
DA:168,2
DA:171,0
DA:172,0
DA:173,0
DA:176,4
DA:177,1
DA:178,1
DA:181,1
DA:182,1
DA:183,0
DA:185,1
DA:186,1
DA:187,0
DA:188,0
DA:190,1
DA:195,12
DA:197,12
DA:200,12
DA:201,42
DA:204,12
DA:205,10
DA:206,10
DA:209,2
DA:210,2
DA:217,1
DA:218,1
DA:219,1
DA:220,2
DA:221,2
DA:223,1
DA:224,1
DA:225,1
DA:227,1
DA:228,1
DA:229,1
DA:232,0
DA:233,0
DA:236,0
DA:237,0
DA:243,0
DA:244,0
DA:247,3
DA:248,3
DA:252,19
DA:253,19
DA:254,19
DA:255,18
DA:258,16
DA:259,5
DA:260,5
DA:263,11
DA:264,11
DA:270,2
DA:271,2
DA:275,11
DA:276,8
DA:277,8
DA:283,1
DA:284,1
DA:287,3
DA:288,3
DA:293,3
DA:294,3
DA:298,19
DA:303,0
DA:304,0
DA:307,19
DA:314,6
DA:316,6
DA:317,14
DA:318,15
DA:322,6
DA:337,15
DA:364,10
DA:365,10
DA:368,5
DA:374,5
DA:381,2
DA:384,2
DA:388,8
DA:389,8
DA:390,3
DA:393,5
DA:409,7
DA:410,7
DA:412,7
DA:413,28
DA:416,7
DA:417,7
DA:418,7
DA:419,7
DA:420,7
DA:422,7
DA:423,7
DA:425,7
DA:430,9
DA:431,1
DA:434,1041
DA:435,1038
DA:436,8
DA:437,1041
DA:441,8
DA:447,6
DA:448,13
DA:451,6
DA:455,6
DA:456,4
DA:459,4
DA:460,1
DA:465,3
DA:471,2
DA:479,8
DA:481,8
DA:482,3
DA:483,5
DA:498,8
DA:499,3
DA:503,5
DA:513,8
DA:514,3
DA:515,3
DA:530,8
DA:531,2
DA:532,3
DA:547,8
DA:551,1
LF:171
LH:150
BRDA:61,0,0,6
BRDA:61,0,1,60
BRDA:68,1,0,12
BRDA:68,1,1,0
BRDA:82,2,0,0
BRDA:82,2,1,0
BRDA:84,3,0,0
BRDA:84,3,1,0
BRDA:109,4,0,18
BRDA:109,4,1,0
BRDA:113,5,0,2
BRDA:113,5,1,14
BRDA:113,6,0,16
BRDA:113,6,1,16
BRDA:119,7,0,8
BRDA:119,7,1,8
BRDA:125,8,0,14
BRDA:125,8,1,2
BRDA:125,9,0,16
BRDA:125,9,1,16
BRDA:147,10,0,6
BRDA:147,10,1,12
BRDA:166,11,0,2
BRDA:166,11,1,0
BRDA:166,12,0,2
BRDA:166,12,1,2
BRDA:176,13,0,1
BRDA:176,13,1,1
BRDA:176,14,0,4
BRDA:176,14,1,1
BRDA:181,15,0,1
BRDA:181,15,1,1
BRDA:181,15,2,1
BRDA:182,16,0,0
BRDA:182,16,1,1
BRDA:185,17,0,1
BRDA:185,17,1,0
BRDA:186,18,0,0
BRDA:186,18,1,1
BRDA:195,19,0,12
BRDA:195,19,1,0
BRDA:204,20,0,10
BRDA:204,20,1,2
BRDA:217,21,0,1
BRDA:217,21,1,0
BRDA:223,22,0,1
BRDA:223,22,1,0
BRDA:227,23,0,1
BRDA:227,23,1,0
BRDA:254,24,0,18
BRDA:254,24,1,0
BRDA:258,25,0,5
BRDA:258,25,1,11
BRDA:258,26,0,16
BRDA:258,26,1,16
BRDA:275,27,0,8
BRDA:275,27,1,3
BRDA:298,28,0,19
BRDA:298,28,1,2
BRDA:298,28,2,1
BRDA:317,29,0,10
BRDA:317,29,1,4
BRDA:317,30,0,14
BRDA:317,30,1,10
BRDA:332,31,0,6
BRDA:332,31,1,1
BRDA:333,32,0,6
BRDA:333,32,1,2
BRDA:334,33,0,6
BRDA:334,33,1,3
BRDA:389,34,0,3
BRDA:389,34,1,5
BRDA:430,35,0,1
BRDA:430,35,1,8
BRDA:430,36,0,9
BRDA:430,36,1,9
BRDA:437,37,0,1041
BRDA:437,37,1,3
BRDA:441,38,0,8
BRDA:441,38,1,8
BRDA:441,38,2,7
BRDA:448,39,0,13
BRDA:448,39,1,8
BRDA:455,40,0,4
BRDA:455,40,1,2
BRDA:459,41,0,1
BRDA:459,41,1,3
BRDA:481,42,0,3
BRDA:481,42,1,5
BRDA:498,43,0,3
BRDA:498,43,1,5
BRDA:504,44,0,3
BRDA:504,44,1,2
BRDA:513,45,0,3
BRDA:513,45,1,5
BRDA:521,46,0,3
BRDA:521,46,1,2
BRDA:530,47,0,2
BRDA:530,47,1,6
BRDA:538,48,0,3
BRDA:538,48,1,2
BRDA:540,49,0,1
BRDA:540,49,1,2
BRF:103
BRH:88
end_of_record
TN:
SF:lib/taskManager.js
FN:5,(anonymous_0)
FN:24,(anonymous_1)
FN:65,(anonymous_2)
FN:94,(anonymous_3)
FN:99,(anonymous_4)
FN:102,(anonymous_5)
FN:104,(anonymous_6)
FN:113,(anonymous_7)
FN:120,(anonymous_8)
FN:122,(anonymous_9)
FN:132,(anonymous_10)
FN:134,(anonymous_11)
FN:149,(anonymous_12)
FN:151,(anonymous_13)
FN:168,(anonymous_14)
FN:177,(anonymous_15)
FN:188,(anonymous_16)
FN:222,(anonymous_17)
FN:253,(anonymous_18)
FN:262,(anonymous_19)
FN:264,(anonymous_20)
FN:273,(anonymous_21)
FN:294,(anonymous_22)
FN:303,(anonymous_23)
FN:311,(anonymous_24)
FN:319,(anonymous_25)
FN:328,(anonymous_26)
FN:336,(anonymous_27)
FN:344,(anonymous_28)
FN:352,(anonymous_29)
FN:376,(anonymous_30)
FN:385,(anonymous_31)
FN:405,(anonymous_32)
FN:415,(anonymous_33)
FN:418,(anonymous_34)
FN:418,(anonymous_35)
FN:420,(anonymous_36)
FN:423,(anonymous_37)
FN:431,(anonymous_38)
FN:443,(anonymous_39)
FN:450,(anonymous_40)
FN:466,(anonymous_41)
FN:471,(anonymous_42)
FN:484,(anonymous_43)
FN:492,(anonymous_44)
FN:504,(anonymous_45)
FN:505,(anonymous_46)
FN:512,(anonymous_47)
FN:526,(anonymous_48)
FN:530,(anonymous_49)
FN:540,(anonymous_50)
FN:551,(anonymous_51)
FN:561,(anonymous_52)
FN:564,(anonymous_53)
FN:569,(anonymous_54)
FN:573,(anonymous_55)
FN:585,(anonymous_56)
FN:592,(anonymous_57)
FN:596,(anonymous_58)
FN:604,(anonymous_59)
FN:615,(anonymous_60)
FN:617,(anonymous_61)
FN:635,(anonymous_62)
FN:642,(anonymous_63)
FN:643,(anonymous_64)
FN:651,(anonymous_65)
FN:688,(anonymous_66)
FN:689,(anonymous_67)
FN:691,(anonymous_68)
FN:711,(anonymous_69)
FN:741,(anonymous_70)
FN:743,(anonymous_71)
FN:765,(anonymous_72)
FN:769,(anonymous_73)
FN:770,(anonymous_74)
FN:791,(anonymous_75)
FN:797,(anonymous_76)
FN:801,(anonymous_77)
FN:805,(anonymous_78)
FN:809,(anonymous_79)
FN:810,(anonymous_80)
FN:815,(anonymous_81)
FN:829,(anonymous_82)
FN:891,(anonymous_83)
FN:893,(anonymous_84)
FN:923,(anonymous_85)
FN:927,(anonymous_86)
FN:933,(anonymous_87)
FN:935,(anonymous_88)
FN:944,(anonymous_89)
FN:947,(anonymous_90)
FN:947,(anonymous_91)
FN:956,(anonymous_92)
FN:961,(anonymous_93)
FN:977,(anonymous_94)
FN:981,(anonymous_95)
FN:982,(anonymous_96)
FN:992,(anonymous_97)
FN:1007,(anonymous_98)
FN:1009,(anonymous_99)
FN:1040,(anonymous_100)
FN:1049,(anonymous_101)
FN:1060,(anonymous_102)
FN:1062,(anonymous_103)
FN:1076,(anonymous_104)
FN:1078,(anonymous_105)
FN:1092,(anonymous_106)
FN:1109,(anonymous_107)
FN:1138,(anonymous_108)
FN:1140,(anonymous_109)
FN:1142,(anonymous_110)
FN:1147,(anonymous_111)
FN:1166,(anonymous_112)
FN:1168,(anonymous_113)
FN:1175,(anonymous_114)
FN:1214,(anonymous_115)
FN:1228,(anonymous_116)
FN:1246,(anonymous_117)
FN:1257,(anonymous_118)
FN:1263,(anonymous_119)
FN:1267,(anonymous_120)
FN:1277,(anonymous_121)
FN:1296,(anonymous_122)
FN:1326,(anonymous_123)
FN:1328,(anonymous_124)
FN:1357,(anonymous_125)
FN:1359,(anonymous_126)
FN:1381,(anonymous_127)
FN:1395,(anonymous_128)
FN:1397,(anonymous_129)
FNF:130
FNH:28
FNDA:75,(anonymous_0)
FNDA:11,(anonymous_1)
FNDA:5,(anonymous_2)
FNDA:9,(anonymous_3)
FNDA:5013,(anonymous_4)
FNDA:11,(anonymous_5)
FNDA:11,(anonymous_6)
FNDA:0,(anonymous_7)
FNDA:6,(anonymous_8)
FNDA:6,(anonymous_9)
FNDA:4,(anonymous_10)
FNDA:3,(anonymous_11)
FNDA:4,(anonymous_12)
FNDA:3,(anonymous_13)
FNDA:9,(anonymous_14)
FNDA:3,(anonymous_15)
FNDA:7,(anonymous_16)
FNDA:2,(anonymous_17)
FNDA:4,(anonymous_18)
FNDA:5,(anonymous_19)
FNDA:26,(anonymous_20)
FNDA:5,(anonymous_21)
FNDA:1,(anonymous_22)
FNDA:2,(anonymous_23)
FNDA:1,(anonymous_24)
FNDA:1,(anonymous_25)
FNDA:2,(anonymous_26)
FNDA:1,(anonymous_27)
FNDA:0,(anonymous_28)
FNDA:3,(anonymous_29)
FNDA:0,(anonymous_30)
FNDA:0,(anonymous_31)
FNDA:0,(anonymous_32)
FNDA:0,(anonymous_33)
FNDA:0,(anonymous_34)
FNDA:0,(anonymous_35)
FNDA:0,(anonymous_36)
FNDA:0,(anonymous_37)
FNDA:0,(anonymous_38)
FNDA:0,(anonymous_39)
FNDA:0,(anonymous_40)
FNDA:0,(anonymous_41)
FNDA:0,(anonymous_42)
FNDA:0,(anonymous_43)
FNDA:0,(anonymous_44)
FNDA:0,(anonymous_45)
FNDA:0,(anonymous_46)
FNDA:0,(anonymous_47)
FNDA:0,(anonymous_48)
FNDA:0,(anonymous_49)
FNDA:0,(anonymous_50)
FNDA:0,(anonymous_51)
FNDA:0,(anonymous_52)
FNDA:0,(anonymous_53)
FNDA:0,(anonymous_54)
FNDA:0,(anonymous_55)
FNDA:0,(anonymous_56)
FNDA:0,(anonymous_57)
FNDA:0,(anonymous_58)
FNDA:0,(anonymous_59)
FNDA:0,(anonymous_60)
FNDA:0,(anonymous_61)
FNDA:0,(anonymous_62)
FNDA:0,(anonymous_63)
FNDA:0,(anonymous_64)
FNDA:0,(anonymous_65)
FNDA:0,(anonymous_66)
FNDA:0,(anonymous_67)
FNDA:0,(anonymous_68)
FNDA:0,(anonymous_69)
FNDA:0,(anonymous_70)
FNDA:0,(anonymous_71)
FNDA:0,(anonymous_72)
FNDA:0,(anonymous_73)
FNDA:0,(anonymous_74)
FNDA:0,(anonymous_75)
FNDA:0,(anonymous_76)
FNDA:0,(anonymous_77)
FNDA:0,(anonymous_78)
FNDA:0,(anonymous_79)
FNDA:0,(anonymous_80)
FNDA:0,(anonymous_81)
FNDA:0,(anonymous_82)
FNDA:0,(anonymous_83)
FNDA:0,(anonymous_84)
FNDA:0,(anonymous_85)
FNDA:0,(anonymous_86)
FNDA:0,(anonymous_87)
FNDA:0,(anonymous_88)
FNDA:0,(anonymous_89)
FNDA:0,(anonymous_90)
FNDA:0,(anonymous_91)
FNDA:0,(anonymous_92)
FNDA:0,(anonymous_93)
FNDA:0,(anonymous_94)
FNDA:0,(anonymous_95)
FNDA:0,(anonymous_96)
FNDA:0,(anonymous_97)
FNDA:0,(anonymous_98)
FNDA:0,(anonymous_99)
FNDA:0,(anonymous_100)
FNDA:0,(anonymous_101)
FNDA:0,(anonymous_102)
FNDA:0,(anonymous_103)
FNDA:0,(anonymous_104)
FNDA:0,(anonymous_105)
FNDA:0,(anonymous_106)
FNDA:0,(anonymous_107)
FNDA:0,(anonymous_108)
FNDA:0,(anonymous_109)
FNDA:0,(anonymous_110)
FNDA:0,(anonymous_111)
FNDA:0,(anonymous_112)
FNDA:0,(anonymous_113)
FNDA:0,(anonymous_114)
FNDA:0,(anonymous_115)
FNDA:0,(anonymous_116)
FNDA:0,(anonymous_117)
FNDA:0,(anonymous_118)
FNDA:0,(anonymous_119)
FNDA:0,(anonymous_120)
FNDA:0,(anonymous_121)
FNDA:0,(anonymous_122)
FNDA:0,(anonymous_123)
FNDA:0,(anonymous_124)
FNDA:0,(anonymous_125)
FNDA:0,(anonymous_126)
FNDA:0,(anonymous_127)
FNDA:0,(anonymous_128)
FNDA:0,(anonymous_129)
DA:1,1
DA:2,1
DA:6,75
DA:7,75
DA:8,75
DA:11,75
DA:15,75
DA:25,11
DA:26,1
DA:29,10
DA:30,10
DA:31,6
DA:34,6
DA:35,6
DA:37,6
DA:38,1
DA:42,1
DA:44,1
DA:49,5
DA:52,4
DA:54,3
DA:56,3
DA:57,1
DA:61,3
DA:66,5
DA:68,5
DA:69,5
DA:71,4
DA:72,1
DA:77,4
DA:83,4
DA:84,2
DA:87,2
DA:90,3
DA:95,9
DA:96,9
DA:97,1
DA:99,5013
DA:103,11
DA:104,11
DA:105,11
DA:106,10
DA:107,10
DA:110,10
DA:111,0
DA:113,0
DA:116,10
DA:121,6
DA:122,6
DA:123,6
DA:124,5
DA:125,2
DA:127,5
DA:128,5
DA:133,4
DA:134,4
DA:135,4
DA:136,3
DA:137,1
DA:140,3
DA:141,2
DA:142,2
DA:143,2
DA:146,2
DA:150,4
DA:151,4
DA:152,4
DA:153,2
DA:154,2
DA:155,1
DA:156,1
DA:157,1
DA:160,3
DA:169,9
DA:178,3
DA:179,3
DA:182,3
DA:183,3
DA:185,3
DA:189,7
DA:193,7
DA:194,7
DA:195,7
DA:196,6
DA:198,1
DA:202,1
DA:203,1
DA:205,7
DA:208,7
DA:209,7
DA:212,7
DA:213,4
DA:216,4
DA:217,4
DA:221,4
DA:222,4
DA:223,4
DA:228,7
DA:245,7
DA:248,7
DA:250,7
DA:255,4
DA:256,3
DA:257,3
DA:259,1
DA:264,5
DA:265,26
DA:270,5
DA:275,5
DA:276,2
DA:277,2
DA:278,2
DA:282,3
DA:283,2
DA:284,2
DA:287,1
DA:295,1
DA:304,2
DA:312,1
DA:320,1
DA:329,2
DA:337,1
DA:345,0
DA:353,3
DA:354,3
DA:355,2
DA:356,1
DA:358,2
DA:377,0
DA:378,0
DA:381,0
DA:382,0
DA:385,0
DA:386,0
DA:387,0
DA:391,0
DA:394,0
DA:397,0
DA:399,0
DA:405,0
DA:416,0
DA:417,0
DA:418,0
DA:420,0
DA:421,0
DA:422,0
DA:423,0
DA:432,0
DA:433,0
DA:435,0
DA:437,0
DA:438,0
DA:439,0
DA:441,0
DA:442,0
DA:443,0
DA:444,0
DA:446,0
DA:449,0
DA:450,0
DA:451,0
DA:454,0
DA:455,0
DA:456,0
DA:457,0
DA:458,0
DA:460,0
DA:467,0
DA:468,0
DA:469,0
DA:471,0
DA:472,0
DA:474,0
DA:475,0
DA:476,0
DA:479,0
DA:481,0
DA:482,0
DA:484,0
DA:485,0
DA:488,0
DA:489,0
DA:492,0
DA:493,0
DA:494,0
DA:498,0
DA:505,0
DA:506,0
DA:509,0
DA:510,0
DA:512,0
DA:513,0
DA:514,0
DA:515,0
DA:518,0
DA:519,0
DA:520,0
DA:523,0
DA:526,0
DA:527,0
DA:530,0
DA:531,0
DA:532,0
DA:533,0
DA:537,0
DA:538,0
DA:540,0
DA:541,0
DA:545,0
DA:552,0
DA:553,0
DA:556,0
DA:557,0
DA:558,0
DA:560,0
DA:561,0
DA:562,0
DA:563,0
DA:564,0
DA:567,0
DA:569,0
DA:570,0
DA:573,0
DA:574,0
DA:575,0
DA:579,0
DA:586,0
DA:587,0
DA:589,0
DA:590,0
DA:592,0
DA:593,0
DA:595,0
DA:596,0
DA:597,0
DA:601,0
DA:603,0
DA:604,0
DA:607,0
DA:616,0
DA:617,0
DA:619,0
DA:620,0
DA:623,0
DA:625,0
DA:626,0
DA:627,0
DA:635,0
DA:637,0
DA:642,0
DA:643,0
DA:652,0
DA:654,0
DA:656,0
DA:657,0
DA:659,0
DA:660,0
DA:661,0
DA:662,0
DA:664,0
DA:665,0
DA:666,0
DA:668,0
DA:669,0
DA:671,0
DA:674,0
DA:681,0
DA:689,0
DA:690,0
DA:691,0
DA:692,0
DA:693,0
DA:699,0
DA:712,0
DA:714,0
DA:715,0
DA:716,0
DA:722,0
DA:723,0
DA:725,0
DA:731,0
DA:742,0
DA:743,0
DA:745,0
DA:747,0
DA:748,0
DA:751,0
DA:752,0
DA:753,0
DA:754,0
DA:757,0
DA:766,0
DA:767,0
DA:769,0
DA:770,0
DA:771,0
DA:772,0
DA:773,0
DA:775,0
DA:779,0
DA:780,0
DA:783,0
DA:792,0
DA:793,0
DA:796,0
DA:797,0
DA:800,0
DA:801,0
DA:804,0
DA:805,0
DA:808,0
DA:809,0
DA:810,0
DA:814,0
DA:815,0
DA:816,0
DA:820,0
DA:830,0
DA:878,0
DA:879,0
DA:880,0
DA:883,0
DA:892,0
DA:893,0
DA:895,0
DA:897,0
DA:898,0
DA:901,0
DA:910,0
DA:911,0
DA:914,0
DA:915,0
DA:924,0
DA:926,0
DA:927,0
DA:928,0
DA:932,0
DA:933,0
DA:934,0
DA:935,0
DA:936,0
DA:941,0
DA:945,0
DA:947,0
DA:957,0
DA:958,0
DA:961,0
DA:964,0
DA:965,0
DA:966,0
DA:969,0
DA:978,0
DA:979,0
DA:981,0
DA:982,0
DA:983,0
DA:984,0
DA:986,0
DA:991,0
DA:992,0
DA:993,0
DA:995,0
DA:998,0
DA:1008,0
DA:1009,0
DA:1011,0
DA:1012,0
DA:1016,0
DA:1017,0
DA:1021,0
DA:1022,0
DA:1026,0
DA:1029,0
DA:1031,0
DA:1032,0
DA:1041,0
DA:1050,0
DA:1051,0
DA:1052,0
DA:1061,0
DA:1062,0
DA:1064,0
DA:1065,0
DA:1068,0
DA:1077,0
DA:1078,0
DA:1080,0
DA:1081,0
DA:1084,0
DA:1093,0
DA:1094,0
DA:1097,0
DA:1098,0
DA:1100,0
DA:1101,0
DA:1102,0
DA:1106,0
DA:1109,0
DA:1110,0
DA:1111,0
DA:1112,0
DA:1116,0
DA:1119,0
DA:1120,0
DA:1121,0
DA:1125,0
DA:1128,0
DA:1132,0
DA:1133,0
DA:1137,0
DA:1138,0
DA:1140,0
DA:1142,0
DA:1145,0
DA:1146,0
DA:1147,0
DA:1149,0
DA:1151,0
DA:1153,0
DA:1157,0
DA:1158,0
DA:1167,0
DA:1168,0
DA:1176,0
DA:1177,0
DA:1181,0
DA:1189,0
DA:1190,0
DA:1191,0
DA:1192,0
DA:1195,0
DA:1198,0
DA:1202,0
DA:1203,0
DA:1204,0
DA:1207,0
DA:1215,0
DA:1229,0
DA:1230,0
DA:1233,0
DA:1234,0
DA:1235,0
DA:1237,0
DA:1247,0
DA:1248,0
DA:1251,0
DA:1252,0
DA:1255,0
DA:1256,0
DA:1257,0
DA:1258,0
DA:1262,0
DA:1263,0
DA:1266,0
DA:1267,0
DA:1270,0
DA:1278,0
DA:1279,0
DA:1281,0
DA:1293,0
DA:1294,0
DA:1296,0
DA:1298,0
DA:1299,0
DA:1303,0
DA:1304,0
DA:1308,0
DA:1309,0
DA:1310,0
DA:1312,0
DA:1313,0
DA:1314,0
DA:1318,0
DA:1327,0
DA:1328,0
DA:1330,0
DA:1331,0
DA:1335,0
DA:1336,0
DA:1339,0
DA:1340,0
DA:1343,0
DA:1344,0
DA:1347,0
DA:1348,0
DA:1350,0
DA:1358,0
DA:1359,0
DA:1361,0
DA:1362,0
DA:1365,0
DA:1366,0
DA:1369,0
DA:1370,0
DA:1371,0
DA:1372,0
DA:1374,0
DA:1375,0
DA:1380,0
DA:1381,0
DA:1382,0
DA:1385,0
DA:1396,0
DA:1397,0
DA:1398,0
DA:1399,0
DA:1400,0
DA:1402,0
DA:1404,0
DA:1408,1
LF:510
LH:126
BRDA:5,0,0,73
BRDA:7,1,0,75
BRDA:7,1,1,75
BRDA:8,2,0,75
BRDA:8,2,1,75
BRDA:11,3,0,75
BRDA:11,3,1,0
BRDA:11,3,2,0
BRDA:17,4,0,75
BRDA:17,4,1,74
BRDA:19,5,0,75
BRDA:19,5,1,0
BRDA:25,6,0,1
BRDA:25,6,1,10
BRDA:34,7,0,6
BRDA:34,7,1,0
BRDA:34,8,0,6
BRDA:34,8,1,0
BRDA:37,9,0,1
BRDA:37,9,1,5
BRDA:37,10,0,6
BRDA:37,10,1,1
BRDA:37,10,2,1
BRDA:42,11,0,1
BRDA:42,11,1,0
BRDA:42,12,0,1
BRDA:42,12,1,1
BRDA:52,13,0,3
BRDA:52,13,1,1
BRDA:56,14,0,1
BRDA:56,14,1,2
BRDA:68,15,0,5
BRDA:68,15,1,0
BRDA:71,16,0,1
BRDA:71,16,1,3
BRDA:71,17,0,4
BRDA:71,17,1,1
BRDA:83,18,0,2
BRDA:83,18,1,2
BRDA:96,19,0,1
BRDA:96,19,1,8
BRDA:96,20,0,9
BRDA:96,20,1,8
BRDA:99,21,0,5013
BRDA:99,21,1,5011
BRDA:99,21,2,5007
BRDA:105,22,0,10
BRDA:105,22,1,1
BRDA:110,23,0,0
BRDA:110,23,1,10
BRDA:110,24,0,10
BRDA:110,24,1,5
BRDA:110,24,2,5
BRDA:123,25,0,5
BRDA:123,25,1,1
BRDA:124,26,0,2
BRDA:124,26,1,3
BRDA:135,27,0,3
BRDA:135,27,1,1
BRDA:136,28,0,1
BRDA:136,28,1,2
BRDA:140,29,0,2
BRDA:140,29,1,1
BRDA:152,30,0,2
BRDA:152,30,1,2
BRDA:152,31,0,4
BRDA:152,31,1,3
BRDA:154,32,0,1
BRDA:154,32,1,1
BRDA:195,33,0,6
BRDA:195,33,1,1
BRDA:195,34,0,7
BRDA:195,34,1,6
BRDA:208,35,0,7
BRDA:208,35,1,6
BRDA:209,36,0,7
BRDA:209,36,1,5
BRDA:212,37,0,4
BRDA:212,37,1,3
BRDA:212,38,0,7
BRDA:212,38,1,5
BRDA:216,39,0,4
BRDA:216,39,1,0
BRDA:222,40,0,4
BRDA:222,40,1,0
BRDA:233,41,0,7
BRDA:233,41,1,6
BRDA:234,42,0,7
BRDA:234,42,1,6
BRDA:235,43,0,7
BRDA:235,43,1,7
BRDA:238,44,0,7
BRDA:238,44,1,7
BRDA:239,45,0,7
BRDA:239,45,1,7
BRDA:240,46,0,7
BRDA:240,46,1,7
BRDA:255,47,0,3
BRDA:255,47,1,1
BRDA:255,48,0,4
BRDA:255,48,1,2
BRDA:257,49,0,1
BRDA:257,49,1,2
BRDA:265,50,0,26
BRDA:265,50,1,24
BRDA:270,51,0,5
BRDA:270,51,1,4
BRDA:275,52,0,2
BRDA:275,52,1,3
BRDA:275,53,0,5
BRDA:275,53,1,4
BRDA:282,54,0,2
BRDA:282,54,1,1
BRDA:282,55,0,3
BRDA:282,55,1,2
BRDA:303,56,0,1
BRDA:328,57,0,1
BRDA:376,58,0,0
BRDA:378,59,0,0
BRDA:378,59,1,0
BRDA:378,59,2,0
BRDA:387,60,0,0
BRDA:387,60,1,0
BRDA:405,61,0,0
BRDA:405,61,1,0
BRDA:417,62,0,0
BRDA:417,62,1,0
BRDA:421,63,0,0
BRDA:421,63,1,0
BRDA:422,64,0,0
BRDA:422,64,1,0
BRDA:422,65,0,0
BRDA:422,65,1,0
BRDA:441,66,0,0
BRDA:441,66,1,0
BRDA:471,67,0,0
BRDA:472,68,0,0
BRDA:472,68,1,0
BRDA:479,69,0,0
BRDA:479,69,1,0
BRDA:482,70,0,0
BRDA:482,70,1,0
BRDA:493,71,0,0
BRDA:493,71,1,0
BRDA:506,72,0,0
BRDA:506,72,1,0
BRDA:512,73,0,0
BRDA:512,74,0,0
BRDA:512,75,0,0
BRDA:513,76,0,0
BRDA:513,76,1,0
BRDA:514,77,0,0
BRDA:514,77,1,0
BRDA:519,78,0,0
BRDA:519,78,1,0
BRDA:520,79,0,0
BRDA:520,79,1,0
BRDA:521,80,0,0
BRDA:521,80,1,0
BRDA:527,81,0,0
BRDA:527,81,1,0
BRDA:532,82,0,0
BRDA:532,82,1,0
BRDA:537,83,0,0
BRDA:537,83,1,0
BRDA:552,84,0,0
BRDA:552,84,1,0
BRDA:562,85,0,0
BRDA:562,85,1,0
BRDA:563,86,0,0
BRDA:563,86,1,0
BRDA:567,87,0,0
BRDA:567,87,1,0
BRDA:593,88,0,0
BRDA:593,88,1,0
BRDA:595,89,0,0
BRDA:595,89,1,0
BRDA:596,90,0,0
BRDA:596,90,1,0
BRDA:601,91,0,0
BRDA:601,91,1,0
BRDA:619,92,0,0
BRDA:619,92,1,0
BRDA:619,93,0,0
BRDA:619,93,1,0
BRDA:654,94,0,0
BRDA:654,94,1,0
BRDA:654,95,0,0
BRDA:654,95,1,0
BRDA:657,96,0,0
BRDA:657,96,1,0
BRDA:661,97,0,0
BRDA:661,97,1,0
BRDA:662,98,0,0
BRDA:662,98,1,0
BRDA:666,99,0,0
BRDA:666,99,1,0
BRDA:669,100,0,0
BRDA:669,100,1,0
BRDA:692,101,0,0
BRDA:692,101,1,0
BRDA:695,102,0,0
BRDA:695,102,1,0
BRDA:696,103,0,0
BRDA:696,103,1,0
BRDA:701,104,0,0
BRDA:701,104,1,0
BRDA:715,105,0,0
BRDA:715,105,1,0
BRDA:723,106,0,0
BRDA:723,106,1,0
BRDA:723,107,0,0
BRDA:723,107,1,0
BRDA:745,108,0,0
BRDA:745,108,1,0
BRDA:747,109,0,0
BRDA:747,109,1,0
BRDA:751,110,0,0
BRDA:751,110,1,0
BRDA:771,111,0,0
BRDA:771,111,1,0
BRDA:771,112,0,0
BRDA:771,112,1,0
BRDA:771,112,2,0
BRDA:779,113,0,0
BRDA:779,113,1,0
BRDA:791,114,0,0
BRDA:793,115,0,0
BRDA:793,115,1,0
BRDA:796,116,0,0
BRDA:796,116,1,0
BRDA:800,117,0,0
BRDA:800,117,1,0
BRDA:804,118,0,0
BRDA:804,118,1,0
BRDA:808,119,0,0
BRDA:808,119,1,0
BRDA:810,120,0,0
BRDA:810,120,1,0
BRDA:814,121,0,0
BRDA:814,121,1,0
BRDA:829,122,0,0
BRDA:832,123,0,0
BRDA:832,123,1,0
BRDA:833,124,0,0
BRDA:833,124,1,0
BRDA:833,125,0,0
BRDA:833,125,1,0
BRDA:835,126,0,0
BRDA:835,126,1,0
BRDA:844,127,0,0
BRDA:844,127,1,0
BRDA:845,128,0,0
BRDA:845,128,1,0
BRDA:845,129,0,0
BRDA:845,129,1,0
BRDA:847,130,0,0
BRDA:847,130,1,0
BRDA:857,131,0,0
BRDA:857,131,1,0
BRDA:858,132,0,0
BRDA:858,132,1,0
BRDA:858,133,0,0
BRDA:858,133,1,0
BRDA:860,134,0,0
BRDA:860,134,1,0
BRDA:870,135,0,0
BRDA:870,135,1,0
BRDA:871,136,0,0
BRDA:871,136,1,0
BRDA:871,137,0,0
BRDA:871,137,1,0
BRDA:873,138,0,0
BRDA:873,138,1,0
BRDA:879,139,0,0
BRDA:879,139,1,0
BRDA:895,140,0,0
BRDA:895,140,1,0
BRDA:897,141,0,0
BRDA:897,141,1,0
BRDA:903,142,0,0
BRDA:903,142,1,0
BRDA:904,143,0,0
BRDA:904,143,1,0
BRDA:905,144,0,0
BRDA:905,144,1,0
BRDA:906,145,0,0
BRDA:906,145,1,0
BRDA:910,146,0,0
BRDA:910,146,1,0
BRDA:923,147,0,0
BRDA:926,148,0,0
BRDA:926,148,1,0
BRDA:928,149,0,0
BRDA:928,149,1,0
BRDA:928,150,0,0
BRDA:928,150,1,0
BRDA:934,151,0,0
BRDA:934,151,1,0
BRDA:964,152,0,0
BRDA:964,152,1,0
BRDA:983,153,0,0
BRDA:983,153,1,0
BRDA:991,154,0,0
BRDA:991,154,1,0
BRDA:1011,155,0,0
BRDA:1011,155,1,0
BRDA:1016,156,0,0
BRDA:1016,156,1,0
BRDA:1016,157,0,0
BRDA:1016,157,1,0
BRDA:1021,158,0,0
BRDA:1021,158,1,0
BRDA:1064,159,0,0
BRDA:1064,159,1,0
BRDA:1064,160,0,0
BRDA:1064,160,1,0
BRDA:1080,161,0,0
BRDA:1080,161,1,0
BRDA:1080,162,0,0
BRDA:1080,162,1,0
BRDA:1100,163,0,0
BRDA:1100,163,1,0
BRDA:1100,164,0,0
BRDA:1100,164,1,0
BRDA:1101,165,0,0
BRDA:1101,165,1,0
BRDA:1103,166,0,0
BRDA:1103,166,1,0
BRDA:1110,167,0,0
BRDA:1110,167,1,0
BRDA:1119,168,0,0
BRDA:1119,168,1,0
BRDA:1119,169,0,0
BRDA:1119,169,1,0
BRDA:1132,170,0,0
BRDA:1132,170,1,0
BRDA:1149,171,0,0
BRDA:1149,171,1,0
BRDA:1176,172,0,0
BRDA:1176,172,1,0
BRDA:1189,173,0,0
BRDA:1189,173,1,0
BRDA:1229,174,0,0
BRDA:1229,174,1,0
BRDA:1246,175,0,0
BRDA:1248,176,0,0
BRDA:1248,176,1,0
BRDA:1251,177,0,0
BRDA:1251,177,1,0
BRDA:1251,178,0,0
BRDA:1251,178,1,0
BRDA:1255,179,0,0
BRDA:1255,179,1,0
BRDA:1255,180,0,0
BRDA:1255,180,1,0
BRDA:1258,181,0,0
BRDA:1258,181,1,0
BRDA:1262,182,0,0
BRDA:1262,182,1,0
BRDA:1262,183,0,0
BRDA:1262,183,1,0
BRDA:1266,184,0,0
BRDA:1266,184,1,0
BRDA:1266,185,0,0
BRDA:1266,185,1,0
BRDA:1279,186,0,0
BRDA:1279,186,1,0
BRDA:1298,187,0,0
BRDA:1298,187,1,0
BRDA:1299,188,0,0
BRDA:1299,188,1,0
BRDA:1303,189,0,0
BRDA:1303,189,1,0
BRDA:1304,190,0,0
BRDA:1304,190,1,0
BRDA:1308,191,0,0
BRDA:1308,191,1,0
BRDA:1312,192,0,0
BRDA:1312,192,1,0
BRDA:1313,193,0,0
BRDA:1313,193,1,0
BRDA:1314,194,0,0
BRDA:1314,194,1,0
BRDA:1330,195,0,0
BRDA:1330,195,1,0
BRDA:1361,196,0,0
BRDA:1361,196,1,0
BRDA:1380,197,0,0
BRDA:1380,197,1,0
BRDA:1398,198,0,0
BRDA:1398,198,1,0
BRDA:1399,199,0,0
BRDA:1399,199,1,0
BRF:394
BRH:107
end_of_record
TN:
SF:lib/testEnvironmentRecovery.js
FN:15,(anonymous_0)
FN:111,(anonymous_1)
FN:168,(anonymous_2)
FN:245,(anonymous_3)
FN:326,(anonymous_4)
FN:386,(anonymous_5)
FN:420,(anonymous_6)
FN:438,(anonymous_7)
FN:492,(anonymous_8)
FN:539,(anonymous_9)
FN:588,(anonymous_10)
FN:650,(anonymous_11)
FN:691,(anonymous_12)
FN:752,(anonymous_13)
FN:771,(anonymous_14)
FN:784,(anonymous_15)
FN:809,(anonymous_16)
FN:842,(anonymous_17)
FN:888,(anonymous_18)
FN:909,(anonymous_19)
FN:926,(anonymous_20)
FN:940,(anonymous_21)
FN:945,(anonymous_22)
FN:946,(anonymous_23)
FN:961,(anonymous_24)
FN:966,(anonymous_25)
FN:972,(anonymous_26)
FN:974,(anonymous_27)
FN:975,(anonymous_28)
FN:976,(anonymous_29)
FN:979,(anonymous_30)
FN:983,(anonymous_31)
FN:990,(anonymous_32)
FN:992,(anonymous_33)
FN:996,(anonymous_34)
FN:1002,(anonymous_35)
FN:1007,(anonymous_36)
FN:1009,(anonymous_37)
FN:1015,(anonymous_38)
FN:1020,(anonymous_39)
FN:1028,(anonymous_40)
FN:1033,(anonymous_41)
FN:1040,(anonymous_42)
FN:1045,(anonymous_43)
FN:1058,(anonymous_44)
FN:1074,(anonymous_45)
FN:1087,(anonymous_46)
FNF:47
FNH:0
FNDA:0,(anonymous_0)
FNDA:0,(anonymous_1)
FNDA:0,(anonymous_2)
FNDA:0,(anonymous_3)
FNDA:0,(anonymous_4)
FNDA:0,(anonymous_5)
FNDA:0,(anonymous_6)
FNDA:0,(anonymous_7)
FNDA:0,(anonymous_8)
FNDA:0,(anonymous_9)
FNDA:0,(anonymous_10)
FNDA:0,(anonymous_11)
FNDA:0,(anonymous_12)
FNDA:0,(anonymous_13)
FNDA:0,(anonymous_14)
FNDA:0,(anonymous_15)
FNDA:0,(anonymous_16)
FNDA:0,(anonymous_17)
FNDA:0,(anonymous_18)
FNDA:0,(anonymous_19)
FNDA:0,(anonymous_20)
FNDA:0,(anonymous_21)
FNDA:0,(anonymous_22)
FNDA:0,(anonymous_23)
FNDA:0,(anonymous_24)
FNDA:0,(anonymous_25)
FNDA:0,(anonymous_26)
FNDA:0,(anonymous_27)
FNDA:0,(anonymous_28)
FNDA:0,(anonymous_29)
FNDA:0,(anonymous_30)
FNDA:0,(anonymous_31)
FNDA:0,(anonymous_32)
FNDA:0,(anonymous_33)
FNDA:0,(anonymous_34)
FNDA:0,(anonymous_35)
FNDA:0,(anonymous_36)
FNDA:0,(anonymous_37)
FNDA:0,(anonymous_38)
FNDA:0,(anonymous_39)
FNDA:0,(anonymous_40)
FNDA:0,(anonymous_41)
FNDA:0,(anonymous_42)
FNDA:0,(anonymous_43)
FNDA:0,(anonymous_44)
FNDA:0,(anonymous_45)
FNDA:0,(anonymous_46)
DA:8,0
DA:9,0
DA:10,0
DA:11,0
DA:12,0
DA:16,0
DA:17,0
DA:42,0
DA:60,0
DA:66,0
DA:67,0
DA:68,0
DA:69,0
DA:70,0
DA:79,0
DA:93,0
DA:101,0
DA:112,0
DA:114,0
DA:116,0
DA:123,0
DA:124,0
DA:128,0
DA:129,0
DA:130,0
DA:133,0
DA:134,0
DA:138,0
DA:139,0
DA:142,0
DA:143,0
DA:145,0
DA:151,0
DA:160,0
DA:161,0
DA:169,0
DA:170,0
DA:173,0
DA:179,0
DA:188,0
DA:189,0
DA:191,0
DA:193,0
DA:194,0
DA:195,0
DA:198,0
DA:200,0
DA:201,0
DA:202,0
DA:208,0
DA:209,0
DA:216,0
DA:218,0
DA:227,0
DA:228,0
DA:234,0
DA:235,0
DA:238,0
DA:246,0
DA:248,0
DA:262,0
DA:264,0
DA:265,0
DA:266,0
DA:267,0
DA:271,0
DA:272,0
DA:273,0
DA:279,0
DA:280,0
DA:281,0
DA:286,0
DA:287,0
DA:288,0
DA:289,0
DA:290,0
DA:295,0
DA:296,0
DA:297,0
DA:301,0
DA:302,0
DA:303,0
DA:306,0
DA:312,0
DA:315,0
DA:316,0
DA:318,0
DA:319,0
DA:327,0
DA:329,0
DA:336,0
DA:337,0
DA:339,0
DA:340,0
DA:341,0
DA:343,0
DA:344,0
DA:350,0
DA:353,0
DA:360,0
DA:367,0
DA:374,0
DA:380,0
DA:387,0
DA:389,0
DA:395,0
DA:396,0
DA:398,0
DA:406,0
DA:407,0
DA:409,0
DA:419,0
DA:420,0
DA:425,0
DA:426,0
DA:439,0
DA:441,0
DA:444,0
DA:446,0
DA:447,0
DA:449,0
DA:450,0
DA:452,0
DA:453,0
DA:455,0
DA:456,0
DA:458,0
DA:459,0
DA:461,0
DA:464,0
DA:465,0
DA:473,0
DA:474,0
DA:480,0
DA:493,0
DA:495,0
DA:501,0
DA:503,0
DA:504,0
DA:506,0
DA:507,0
DA:508,0
DA:511,0
DA:512,0
DA:513,0
DA:514,0
DA:516,0
DA:520,0
DA:525,0
DA:527,0
DA:540,0
DA:542,0
DA:548,0
DA:550,0
DA:551,0
DA:552,0
DA:554,0
DA:556,0
DA:557,0
DA:558,0
DA:560,0
DA:564,0
DA:565,0
DA:566,0
DA:567,0
DA:569,0
DA:573,0
DA:577,0
DA:589,0
DA:591,0
DA:598,0
DA:599,0
DA:600,0
DA:601,0
DA:602,0
DA:603,0
DA:604,0
DA:606,0
DA:612,0
DA:613,0
DA:614,0
DA:615,0
DA:616,0
DA:617,0
DA:619,0
DA:625,0
DA:626,0
DA:627,0
DA:628,0
DA:629,0
DA:630,0
DA:631,0
DA:633,0
DA:638,0
DA:651,0
DA:653,0
DA:659,0
DA:665,0
DA:666,0
DA:667,0
DA:668,0
DA:670,0
DA:671,0
DA:673,0
DA:676,0
DA:680,0
DA:692,0
DA:694,0
DA:700,0
DA:701,0
DA:702,0
DA:716,0
DA:722,0
DA:723,0
DA:728,0
DA:729,0
DA:730,0
DA:731,0
DA:732,0
DA:733,0
DA:734,0
DA:736,0
DA:741,0
DA:753,0
DA:756,0
DA:757,0
DA:760,0
DA:764,0
DA:766,0
DA:767,0
DA:769,0
DA:770,0
DA:771,0
DA:772,0
DA:773,0
DA:775,0
DA:784,0
DA:785,0
DA:791,0
DA:794,0
DA:796,0
DA:801,0
DA:810,0
DA:811,0
DA:812,0
DA:815,0
DA:816,0
DA:827,0
DA:831,0
DA:843,0
DA:845,0
DA:847,0
DA:848,0
DA:849,0
DA:850,0
DA:852,0
DA:855,0
DA:859,0
DA:860,0
DA:864,0
DA:866,0
DA:867,0
DA:868,0
DA:870,0
DA:877,0
DA:880,0
DA:881,0
DA:889,0
DA:911,0
DA:912,0
DA:915,0
DA:916,0
DA:917,0
DA:918,0
DA:919,0
DA:920,0
DA:923,0
DA:927,0
DA:929,0
DA:930,0
DA:931,0
DA:932,0
DA:933,0
DA:937,0
DA:942,0
DA:946,0
DA:947,0
DA:950,0
DA:951,0
DA:953,0
DA:963,0
DA:967,0
DA:968,0
DA:969,0
DA:973,0
DA:974,0
DA:975,0
DA:976,0
DA:978,0
DA:979,0
DA:984,0
DA:985,0
DA:987,0
DA:991,0
DA:992,0
DA:993,0
DA:996,0
DA:997,0
DA:1004,0
DA:1009,0
DA:1010,0
DA:1017,0
DA:1022,0
DA:1023,0
DA:1024,0
DA:1030,0
DA:1035,0
DA:1036,0
DA:1042,0
DA:1047,0
DA:1048,0
DA:1049,0
DA:1050,0
DA:1052,0
DA:1054,0
DA:1060,0
DA:1061,0
DA:1063,0
DA:1064,0
DA:1065,0
DA:1066,0
DA:1068,0
DA:1070,0
DA:1076,0
DA:1081,0
DA:1088,0
DA:1098,0
DA:1104,0
DA:1105,0
DA:1111,0
LF:340
LH:0
BRDA:15,0,0,0
BRDA:16,1,0,0
BRDA:16,1,1,0
BRDA:19,2,0,0
BRDA:19,2,1,0
BRDA:20,3,0,0
BRDA:20,3,1,0
BRDA:26,4,0,0
BRDA:26,4,1,0
BRDA:27,5,0,0
BRDA:27,5,1,0
BRDA:31,6,0,0
BRDA:31,6,1,0
BRDA:32,7,0,0
BRDA:32,7,1,0
BRDA:123,8,0,0
BRDA:123,8,1,0
BRDA:133,9,0,0
BRDA:133,9,1,0
BRDA:138,10,0,0
BRDA:138,10,1,0
BRDA:169,11,0,0
BRDA:169,11,1,0
BRDA:182,12,0,0
BRDA:182,12,1,0
BRDA:183,13,0,0
BRDA:183,13,1,0
BRDA:200,14,0,0
BRDA:200,14,1,0
BRDA:234,15,0,0
BRDA:234,15,1,0
BRDA:265,16,0,0
BRDA:265,16,1,0
BRDA:271,17,0,0
BRDA:271,17,1,0
BRDA:275,18,0,0
BRDA:275,18,1,0
BRDA:276,19,0,0
BRDA:276,19,1,0
BRDA:279,20,0,0
BRDA:279,20,1,0
BRDA:287,21,0,0
BRDA:287,21,1,0
BRDA:289,22,0,0
BRDA:289,22,1,0
BRDA:296,23,0,0
BRDA:296,23,1,0
BRDA:302,24,0,0
BRDA:302,24,1,0
BRDA:340,25,0,0
BRDA:340,25,1,0
BRDA:343,26,0,0
BRDA:343,26,1,0
BRDA:347,27,0,0
BRDA:347,27,1,0
BRDA:350,28,0,0
BRDA:350,28,1,0
BRDA:406,29,0,0
BRDA:406,29,1,0
BRDA:419,30,0,0
BRDA:419,30,1,0
BRDA:444,31,0,0
BRDA:444,31,1,0
BRDA:444,31,2,0
BRDA:444,31,3,0
BRDA:444,31,4,0
BRDA:444,31,5,0
BRDA:506,32,0,0
BRDA:506,32,1,0
BRDA:506,33,0,0
BRDA:506,33,1,0
BRDA:512,34,0,0
BRDA:512,34,1,0
BRDA:554,35,0,0
BRDA:554,35,1,0
BRDA:557,36,0,0
BRDA:557,36,1,0
BRDA:565,37,0,0
BRDA:565,37,1,0
BRDA:601,38,0,0
BRDA:601,38,1,0
BRDA:614,39,0,0
BRDA:614,39,1,0
BRDA:628,40,0,0
BRDA:628,40,1,0
BRDA:670,41,0,0
BRDA:670,41,1,0
BRDA:701,42,0,0
BRDA:701,42,1,0
BRDA:701,43,0,0
BRDA:701,43,1,0
BRDA:722,44,0,0
BRDA:722,44,1,0
BRDA:731,45,0,0
BRDA:731,45,1,0
BRDA:756,46,0,0
BRDA:756,46,1,0
BRDA:769,47,0,0
BRDA:769,47,1,0
BRDA:811,48,0,0
BRDA:811,48,1,0
BRDA:811,49,0,0
BRDA:811,49,1,0
BRDA:812,50,0,0
BRDA:812,50,1,0
BRDA:815,51,0,0
BRDA:815,51,1,0
BRDA:847,52,0,0
BRDA:847,52,1,0
BRDA:859,53,0,0
BRDA:859,53,1,0
BRDA:911,54,0,0
BRDA:911,54,1,0
BRDA:915,55,0,0
BRDA:915,55,1,0
BRDA:918,56,0,0
BRDA:918,56,1,0
BRDA:931,57,0,0
BRDA:931,57,1,0
BRDA:931,58,0,0
BRDA:931,58,1,0
BRDA:978,59,0,0
BRDA:978,59,1,0
BRDA:987,60,0,0
BRDA:987,60,1,0
BRDA:993,61,0,0
BRDA:993,61,1,0
BRDA:997,62,0,0
BRDA:997,62,1,0
BRDA:997,63,0,0
BRDA:997,63,1,0
BRDA:1004,64,0,0
BRDA:1004,64,1,0
BRDA:1010,65,0,0
BRDA:1010,65,1,0
BRDA:1023,66,0,0
BRDA:1023,66,1,0
BRDA:1035,67,0,0
BRDA:1035,67,1,0
BRDA:1049,68,0,0
BRDA:1049,68,1,0
BRDA:1061,69,0,0
BRDA:1061,69,1,0
BRDA:1064,70,0,0
BRDA:1064,70,1,0
BRDA:1087,71,0,0
BRDA:1087,72,0,0
BRDA:1104,73,0,0
BRDA:1104,73,1,0
BRDA:1105,74,0,0
BRDA:1105,74,1,0
BRDA:1106,75,0,0
BRDA:1106,75,1,0
BRF:153
BRH:0
end_of_record
TN:
SF:lib/testErrorHandler.js
FN:10,(anonymous_0)
FN:34,(anonymous_1)
FN:61,(anonymous_2)
FN:119,(anonymous_3)
FN:120,(anonymous_4)
FN:121,(anonymous_5)
FN:128,(anonymous_6)
FN:131,(anonymous_7)
FN:145,(anonymous_8)
FN:178,(anonymous_9)
FN:184,(anonymous_10)
FN:198,(anonymous_11)
FN:229,(anonymous_12)
FN:246,(anonymous_13)
FN:259,(anonymous_14)
FN:268,(anonymous_15)
FN:276,(anonymous_16)
FN:286,(anonymous_17)
FN:297,(anonymous_18)
FN:324,(anonymous_19)
FN:340,(anonymous_20)
FN:357,(anonymous_21)
FN:373,(anonymous_22)
FN:397,(anonymous_23)
FN:418,(anonymous_24)
FN:446,(anonymous_25)
FN:447,(anonymous_26)
FN:455,(anonymous_27)
FN:470,(anonymous_28)
FN:483,(anonymous_29)
FN:497,(anonymous_30)
FN:506,(anonymous_31)
FN:512,(anonymous_32)
FN:514,(anonymous_33)
FN:522,(anonymous_34)
FN:524,(anonymous_35)
FN:528,(anonymous_36)
FN:530,(anonymous_37)
FN:537,(anonymous_38)
FN:539,(anonymous_39)
FN:547,(anonymous_40)
FN:549,(anonymous_41)
FN:556,(anonymous_42)
FN:559,(anonymous_43)
FN:565,(anonymous_44)
FN:566,(anonymous_45)
FNF:46
FNH:6
FNDA:13,(anonymous_0)
FNDA:13,(anonymous_1)
FNDA:2,(anonymous_2)
FNDA:2,(anonymous_3)
FNDA:2,(anonymous_4)
FNDA:0,(anonymous_5)
FNDA:2,(anonymous_6)
FNDA:0,(anonymous_7)
FNDA:0,(anonymous_8)
FNDA:0,(anonymous_9)
FNDA:0,(anonymous_10)
FNDA:0,(anonymous_11)
FNDA:0,(anonymous_12)
FNDA:0,(anonymous_13)
FNDA:0,(anonymous_14)
FNDA:0,(anonymous_15)
FNDA:0,(anonymous_16)
FNDA:0,(anonymous_17)
FNDA:0,(anonymous_18)
FNDA:0,(anonymous_19)
FNDA:0,(anonymous_20)
FNDA:0,(anonymous_21)
FNDA:0,(anonymous_22)
FNDA:0,(anonymous_23)
FNDA:0,(anonymous_24)
FNDA:0,(anonymous_25)
FNDA:0,(anonymous_26)
FNDA:0,(anonymous_27)
FNDA:0,(anonymous_28)
FNDA:0,(anonymous_29)
FNDA:0,(anonymous_30)
FNDA:0,(anonymous_31)
FNDA:0,(anonymous_32)
FNDA:0,(anonymous_33)
FNDA:0,(anonymous_34)
FNDA:0,(anonymous_35)
FNDA:0,(anonymous_36)
FNDA:0,(anonymous_37)
FNDA:0,(anonymous_38)
FNDA:0,(anonymous_39)
FNDA:0,(anonymous_40)
FNDA:0,(anonymous_41)
FNDA:0,(anonymous_42)
FNDA:0,(anonymous_43)
FNDA:0,(anonymous_44)
FNDA:0,(anonymous_45)
DA:11,13
DA:20,13
DA:27,13
DA:28,13
DA:36,13
DA:37,13
DA:38,13
DA:41,13
DA:42,13
DA:43,13
DA:46,13
DA:47,13
DA:50,13
DA:51,13
DA:52,13
DA:62,2
DA:63,2
DA:65,2
DA:66,2
DA:68,2
DA:69,2
DA:71,2
DA:72,2
DA:73,2
DA:76,0
DA:79,0
DA:80,0
DA:82,0
DA:85,0
DA:87,0
DA:88,0
DA:90,0
DA:91,0
DA:92,0
DA:93,0
DA:94,0
DA:99,0
DA:100,0
DA:103,0
DA:108,0
DA:109,0
DA:120,2
DA:121,2
DA:122,0
DA:123,0
DA:124,0
DA:125,0
DA:128,2
DA:129,2
DA:130,2
DA:132,0
DA:133,0
DA:146,0
DA:147,0
DA:150,0
DA:151,0
DA:153,0
DA:154,0
DA:155,0
DA:156,0
DA:162,0
DA:163,0
DA:168,0
DA:180,0
DA:184,0
DA:185,0
DA:188,0
DA:189,0
DA:192,0
DA:199,0
DA:201,0
DA:202,0
DA:203,0
DA:204,0
DA:207,0
DA:208,0
DA:209,0
DA:213,0
DA:214,0
DA:216,0
DA:217,0
DA:219,0
DA:223,0
DA:231,0
DA:232,0
DA:233,0
DA:234,0
DA:236,0
DA:240,0
DA:248,0
DA:249,0
DA:252,0
DA:253,0
DA:260,0
DA:261,0
DA:262,0
DA:269,0
DA:270,0
DA:278,0
DA:279,0
DA:280,0
DA:288,0
DA:289,0
DA:291,0
DA:299,0
DA:300,0
DA:302,0
DA:307,0
DA:308,0
DA:310,0
DA:314,0
DA:315,0
DA:318,0
DA:325,0
DA:326,0
DA:327,0
DA:328,0
DA:330,0
DA:334,0
DA:343,0
DA:351,0
DA:359,0
DA:360,0
DA:361,0
DA:364,0
DA:374,0
DA:376,0
DA:377,0
DA:378,0
DA:380,0
DA:381,0
DA:398,0
DA:402,0
DA:403,0
DA:404,0
DA:405,0
DA:406,0
DA:407,0
DA:408,0
DA:410,0
DA:420,0
DA:426,0
DA:427,0
DA:428,0
DA:429,0
DA:434,0
DA:435,0
DA:438,0
DA:447,0
DA:456,0
DA:458,0
DA:459,0
DA:460,0
DA:462,0
DA:471,0
DA:484,0
DA:498,0
DA:507,0
DA:509,0
DA:513,0
DA:514,0
DA:523,0
DA:524,0
DA:529,0
DA:530,0
DA:538,0
DA:539,0
DA:548,0
DA:549,0
DA:557,0
DA:560,0
DA:565,0
DA:566,0
DA:571,13
LF:174
LH:30
BRDA:10,0,0,0
BRDA:12,1,0,13
BRDA:12,1,1,0
BRDA:13,2,0,13
BRDA:13,2,1,0
BRDA:14,3,0,13
BRDA:14,3,1,13
BRDA:61,4,0,0
BRDA:62,5,0,2
BRDA:62,5,1,0
BRDA:63,6,0,2
BRDA:63,6,1,2
BRDA:71,7,0,2
BRDA:71,7,1,0
BRDA:71,8,0,2
BRDA:71,8,1,2
BRDA:72,9,0,2
BRDA:72,9,1,2
BRDA:87,10,0,0
BRDA:87,10,1,0
BRDA:90,11,0,0
BRDA:90,11,1,0
BRDA:90,12,0,0
BRDA:90,12,1,0
BRDA:93,13,0,0
BRDA:93,13,1,0
BRDA:99,14,0,0
BRDA:99,14,1,0
BRDA:99,15,0,0
BRDA:99,15,1,0
BRDA:119,16,0,0
BRDA:146,17,0,0
BRDA:146,17,1,0
BRDA:150,18,0,0
BRDA:150,18,1,0
BRDA:150,18,2,0
BRDA:153,19,0,0
BRDA:153,19,1,0
BRDA:185,20,0,0
BRDA:185,20,1,0
BRDA:185,21,0,0
BRDA:185,21,1,0
BRDA:188,22,0,0
BRDA:188,22,1,0
BRDA:188,23,0,0
BRDA:188,23,1,0
BRDA:201,24,0,0
BRDA:201,24,1,0
BRDA:201,25,0,0
BRDA:201,25,1,0
BRDA:208,26,0,0
BRDA:208,26,1,0
BRDA:213,27,0,0
BRDA:213,27,1,0
BRDA:231,28,0,0
BRDA:231,28,1,0
BRDA:231,29,0,0
BRDA:231,29,1,0
BRDA:248,30,0,0
BRDA:248,30,1,0
BRDA:288,31,0,0
BRDA:288,31,1,0
BRDA:299,32,0,0
BRDA:299,32,1,0
BRDA:299,33,0,0
BRDA:299,33,1,0
BRDA:314,34,0,0
BRDA:314,34,1,0
BRDA:325,35,0,0
BRDA:325,35,1,0
BRDA:325,36,0,0
BRDA:325,36,1,0
BRDA:359,37,0,0
BRDA:359,37,1,0
BRDA:359,38,0,0
BRDA:359,38,1,0
BRDA:360,39,0,0
BRDA:360,39,1,0
BRDA:376,40,0,0
BRDA:376,40,1,0
BRDA:376,40,2,0
BRDA:377,41,0,0
BRDA:377,41,1,0
BRDA:380,42,0,0
BRDA:380,42,1,0
BRDA:428,43,0,0
BRDA:428,43,1,0
BRDA:434,44,0,0
BRDA:434,44,1,0
BRDA:455,45,0,0
BRDA:456,46,0,0
BRDA:456,46,1,0
BRDA:459,47,0,0
BRDA:459,47,1,0
BRDA:474,48,0,0
BRDA:474,48,1,0
BRDA:506,49,0,0
BRDA:512,50,0,0
BRDA:518,51,0,0
BRDA:518,51,1,0
BRDA:537,52,0,0
BRDA:556,53,0,0
BRDA:559,54,0,0
BRF:103
BRH:12
end_of_record
TN:
SF:lib/todoValidator.js
FN:12,(anonymous_0)
FN:31,(anonymous_1)
FN:88,(anonymous_2)
FN:119,(anonymous_3)
FN:120,(anonymous_4)
FN:184,(anonymous_5)
FN:188,(anonymous_6)
FN:204,(anonymous_7)
FN:206,(anonymous_8)
FN:220,(anonymous_9)
FN:223,(anonymous_10)
FN:285,(anonymous_11)
FN:300,(anonymous_12)
FN:303,(anonymous_13)
FN:315,(anonymous_14)
FN:351,(anonymous_15)
FN:352,(anonymous_16)
FN:355,(anonymous_17)
FN:379,(anonymous_18)
FN:384,(anonymous_19)
FN:387,(anonymous_20)
FN:408,(anonymous_21)
FN:412,(anonymous_22)
FN:432,(anonymous_23)
FN:433,(anonymous_24)
FN:433,(anonymous_25)
FN:435,(anonymous_26)
FN:438,(anonymous_27)
FN:466,(anonymous_28)
FN:494,(anonymous_29)
FN:502,(anonymous_30)
FN:517,(anonymous_31)
FN:535,(anonymous_32)
FN:553,(anonymous_33)
FN:557,(anonymous_34)
FN:558,(anonymous_35)
FN:559,(anonymous_36)
FNF:37
FNH:37
FNDA:39,(anonymous_0)
FNDA:28,(anonymous_1)
FNDA:5,(anonymous_2)
FNDA:27,(anonymous_3)
FNDA:135,(anonymous_4)
FNDA:27,(anonymous_5)
FNDA:33,(anonymous_6)
FNDA:33,(anonymous_7)
FNDA:2,(anonymous_8)
FNDA:28,(anonymous_9)
FNDA:112,(anonymous_10)
FNDA:56,(anonymous_11)
FNDA:6,(anonymous_12)
FNDA:5,(anonymous_13)
FNDA:18,(anonymous_14)
FNDA:27,(anonymous_15)
FNDA:33,(anonymous_16)
FNDA:2,(anonymous_17)
FNDA:27,(anonymous_18)
FNDA:33,(anonymous_19)
FNDA:7,(anonymous_20)
FNDA:27,(anonymous_21)
FNDA:33,(anonymous_22)
FNDA:27,(anonymous_23)
FNDA:33,(anonymous_24)
FNDA:28,(anonymous_25)
FNDA:33,(anonymous_26)
FNDA:6,(anonymous_27)
FNDA:4,(anonymous_28)
FNDA:3,(anonymous_29)
FNDA:9,(anonymous_30)
FNDA:8,(anonymous_31)
FNDA:8,(anonymous_32)
FNDA:28,(anonymous_33)
FNDA:11,(anonymous_34)
FNDA:38,(anonymous_35)
FNDA:11,(anonymous_36)
DA:8,2
DA:9,2
DA:13,39
DA:14,39
DA:15,39
DA:16,39
DA:21,39
DA:22,39
DA:32,28
DA:33,28
DA:35,28
DA:37,28
DA:40,27
DA:43,27
DA:46,27
DA:49,27
DA:52,27
DA:55,27
DA:57,27
DA:66,1
DA:73,1
DA:89,5
DA:90,5
DA:91,1
DA:94,4
DA:95,4
DA:96,1
DA:101,1
DA:104,3
DA:112,3
DA:120,27
DA:121,135
DA:122,6
DA:123,6
DA:124,6
DA:135,27
DA:136,2
DA:137,2
DA:144,27
DA:145,1
DA:146,1
DA:153,27
DA:154,3
DA:155,3
DA:162,27
DA:163,1
DA:164,1
DA:171,27
DA:172,1
DA:173,1
DA:185,27
DA:188,27
DA:189,33
DA:190,5
DA:197,5
DA:200,28
DA:204,33
DA:205,27
DA:206,1
DA:207,2
DA:208,2
DA:223,28
DA:224,112
DA:225,5
DA:226,5
DA:227,5
DA:238,28
DA:239,0
DA:240,0
DA:248,28
DA:249,2
DA:250,2
DA:251,2
DA:259,28
DA:260,2
DA:261,2
DA:262,2
DA:270,28
DA:271,0
DA:272,0
DA:280,28
DA:281,6
DA:285,28
DA:286,56
DA:287,2
DA:288,2
DA:301,6
DA:303,6
DA:304,5
DA:305,2
DA:311,2
DA:315,3
DA:316,18
DA:317,5
DA:318,5
DA:319,5
DA:328,3
DA:329,1
DA:330,1
DA:337,3
DA:338,1
DA:339,1
DA:352,33
DA:355,27
DA:356,2
DA:357,1
DA:358,1
DA:365,2
DA:366,1
DA:367,1
DA:380,27
DA:382,27
DA:384,27
DA:385,33
DA:386,28
DA:387,6
DA:388,7
DA:389,7
DA:392,6
DA:393,1
DA:409,27
DA:410,27
DA:412,27
DA:413,33
DA:415,28
DA:416,1
DA:417,1
DA:418,1
DA:424,27
DA:433,33
DA:435,27
DA:436,33
DA:437,28
DA:438,7
DA:439,6
DA:440,4
DA:442,2
DA:448,2
DA:451,7
DA:452,1
DA:453,1
DA:467,4
DA:468,4
DA:471,4
DA:472,1
DA:473,1
DA:477,4
DA:478,0
DA:479,0
DA:483,4
DA:484,4
DA:485,1
DA:487,3
DA:495,3
DA:496,3
DA:503,9
DA:511,9
DA:518,8
DA:529,8
DA:536,8
DA:547,8
DA:554,28
DA:557,11
DA:558,38
DA:559,11
DA:564,2
LF:166
LH:160
BRDA:31,0,0,0
BRDA:95,1,0,1
BRDA:95,1,1,3
BRDA:121,2,0,6
BRDA:121,2,1,129
BRDA:135,3,0,2
BRDA:135,3,1,25
BRDA:136,4,0,2
BRDA:136,4,1,0
BRDA:144,5,0,1
BRDA:144,5,1,26
BRDA:153,6,0,3
BRDA:153,6,1,24
BRDA:153,7,0,27
BRDA:153,7,1,25
BRDA:153,7,2,25
BRDA:154,8,0,3
BRDA:154,8,1,2
BRDA:162,9,0,1
BRDA:162,9,1,26
BRDA:171,10,0,1
BRDA:171,10,1,26
BRDA:171,11,0,27
BRDA:171,11,1,27
BRDA:185,12,0,0
BRDA:185,12,1,27
BRDA:189,13,0,5
BRDA:189,13,1,28
BRDA:189,14,0,33
BRDA:189,14,1,31
BRDA:204,15,0,33
BRDA:204,15,1,30
BRDA:204,15,2,28
BRDA:205,16,0,1
BRDA:205,16,1,26
BRDA:224,17,0,5
BRDA:224,17,1,107
BRDA:228,18,0,3
BRDA:228,18,1,2
BRDA:229,19,0,3
BRDA:229,19,1,2
BRDA:229,20,0,2
BRDA:229,20,1,0
BRDA:238,21,0,0
BRDA:238,21,1,28
BRDA:238,22,0,28
BRDA:238,22,1,28
BRDA:239,23,0,0
BRDA:239,23,1,0
BRDA:248,24,0,2
BRDA:248,24,1,26
BRDA:259,25,0,2
BRDA:259,25,1,26
BRDA:270,26,0,0
BRDA:270,26,1,28
BRDA:270,27,0,28
BRDA:270,27,1,28
BRDA:271,28,0,0
BRDA:271,28,1,0
BRDA:280,29,0,6
BRDA:280,29,1,22
BRDA:286,30,0,2
BRDA:286,30,1,54
BRDA:286,31,0,56
BRDA:286,31,1,13
BRDA:301,32,0,0
BRDA:301,32,1,6
BRDA:304,33,0,2
BRDA:304,33,1,3
BRDA:304,34,0,5
BRDA:304,34,1,4
BRDA:316,35,0,5
BRDA:316,35,1,13
BRDA:328,36,0,1
BRDA:328,36,1,2
BRDA:337,37,0,1
BRDA:337,37,1,2
BRDA:352,38,0,33
BRDA:352,38,1,30
BRDA:352,38,2,28
BRDA:352,38,3,27
BRDA:356,39,0,1
BRDA:356,39,1,1
BRDA:356,40,0,2
BRDA:356,40,1,1
BRDA:365,41,0,1
BRDA:365,41,1,1
BRDA:380,42,0,0
BRDA:380,42,1,27
BRDA:385,43,0,5
BRDA:385,43,1,28
BRDA:385,44,0,33
BRDA:385,44,1,30
BRDA:386,45,0,6
BRDA:386,45,1,22
BRDA:386,46,0,28
BRDA:386,46,1,6
BRDA:389,47,0,7
BRDA:389,47,1,6
BRDA:392,48,0,1
BRDA:392,48,1,5
BRDA:413,49,0,5
BRDA:413,49,1,28
BRDA:413,50,0,33
BRDA:413,50,1,30
BRDA:415,51,0,1
BRDA:415,51,1,27
BRDA:433,52,0,33
BRDA:433,52,1,30
BRDA:436,53,0,5
BRDA:436,53,1,28
BRDA:436,54,0,33
BRDA:436,54,1,30
BRDA:437,55,0,7
BRDA:437,55,1,21
BRDA:437,56,0,28
BRDA:437,56,1,7
BRDA:439,57,0,4
BRDA:439,57,1,2
BRDA:439,58,0,6
BRDA:439,58,1,5
BRDA:439,58,2,3
BRDA:451,59,0,1
BRDA:451,59,1,6
BRDA:471,60,0,1
BRDA:471,60,1,3
BRDA:471,61,0,4
BRDA:471,61,1,4
BRDA:477,62,0,0
BRDA:477,62,1,4
BRDA:496,63,0,1
BRDA:496,63,1,2
BRDA:523,64,0,8
BRDA:523,64,1,0
BRDA:538,65,0,8
BRDA:538,65,1,0
BRF:136
BRH:121
end_of_record
