TN:
SF:lib/agentExecutor.js
FN:1,Object.<anonymous>
FN:5,AgentExecutor
FN:9,buildPrompt
FN:45,discoverDevelopmentFiles
FN:109,getAllFilesRecursively
FN:135,readModeFile
FN:143,buildTaskContext
FN:240,getReviewFocus
FN:266,getTaskSummary
FN:279,getResearchReportPath
FN:288,researchReportExists
FN:300,buildTaskFileInstructions
FN:362,buildTaskCompletionReminder
FN:422,formatSubagentPrompt
FNF:14
FNH:1
FNDA:1,Object.<anonymous>
FNDA:0,AgentExecutor
FNDA:0,buildPrompt
FNDA:0,discoverDevelopmentFiles
FNDA:0,getAllFilesRecursively
FNDA:0,readModeFile
FNDA:0,buildTaskContext
FNDA:0,getReviewFocus
FNDA:0,getTaskSummary
FNDA:0,getResearchReportPath
FNDA:0,researchReportExists
FNDA:0,buildTaskFileInstructions
FNDA:0,buildTaskCompletionReminder
FNDA:0,formatSubagentPrompt
DA:1,1
DA:2,1
DA:3,1
DA:4,1
DA:5,1
DA:6,0
DA:7,0
DA:8,1
DA:9,1
DA:10,0
DA:11,0
DA:12,0
DA:13,0
DA:14,0
DA:15,0
DA:16,0
DA:17,0
DA:18,0
DA:19,0
DA:20,0
DA:21,0
DA:22,0
DA:23,0
DA:24,0
DA:25,0
DA:26,0
DA:27,0
DA:28,0
DA:29,0
DA:30,0
DA:31,0
DA:32,0
DA:33,0
DA:34,0
DA:35,0
DA:36,0
DA:37,0
DA:38,1
DA:39,1
DA:40,1
DA:41,1
DA:42,1
DA:43,1
DA:44,1
DA:45,1
DA:46,0
DA:47,0
DA:48,0
DA:49,0
DA:50,0
DA:51,0
DA:52,0
DA:53,0
DA:54,0
DA:55,0
DA:56,0
DA:57,0
DA:58,0
DA:59,0
DA:60,0
DA:61,0
DA:62,0
DA:63,0
DA:64,0
DA:65,0
DA:66,0
DA:67,0
DA:68,0
DA:69,0
DA:70,0
DA:71,0
DA:72,0
DA:73,0
DA:74,0
DA:75,0
DA:76,0
DA:77,0
DA:78,0
DA:79,0
DA:80,0
DA:81,0
DA:82,0
DA:83,0
DA:84,0
DA:85,0
DA:86,0
DA:87,0
DA:88,0
DA:89,0
DA:90,0
DA:91,0
DA:92,0
DA:93,0
DA:94,0
DA:95,0
DA:96,0
DA:97,0
DA:98,0
DA:99,0
DA:100,0
DA:101,0
DA:102,1
DA:103,1
DA:104,1
DA:105,1
DA:106,1
DA:107,1
DA:108,1
DA:109,1
DA:110,0
DA:111,0
DA:112,0
DA:113,0
DA:114,0
DA:115,0
DA:116,0
DA:117,0
DA:118,0
DA:119,0
DA:120,0
DA:121,0
DA:122,0
DA:123,0
DA:124,0
DA:125,0
DA:126,0
DA:127,0
DA:128,0
DA:129,0
DA:130,0
DA:131,0
DA:132,0
DA:133,0
DA:134,1
DA:135,1
DA:136,0
DA:137,0
DA:138,0
DA:139,0
DA:140,0
DA:141,0
DA:142,1
DA:143,1
DA:144,0
DA:145,0
DA:146,0
DA:147,0
DA:148,0
DA:149,0
DA:150,0
DA:151,0
DA:152,0
DA:153,0
DA:154,0
DA:155,0
DA:156,0
DA:157,0
DA:158,0
DA:159,0
DA:160,0
DA:161,0
DA:162,0
DA:163,0
DA:164,0
DA:165,0
DA:166,0
DA:167,0
DA:168,0
DA:169,0
DA:170,0
DA:171,0
DA:172,0
DA:173,0
DA:174,0
DA:175,0
DA:176,0
DA:177,0
DA:178,0
DA:179,0
DA:180,0
DA:181,0
DA:182,0
DA:183,0
DA:184,0
DA:185,0
DA:186,0
DA:187,0
DA:188,0
DA:189,0
DA:190,0
DA:191,0
DA:192,0
DA:193,0
DA:194,0
DA:195,0
DA:196,0
DA:197,0
DA:198,0
DA:199,0
DA:200,0
DA:201,0
DA:202,0
DA:203,0
DA:204,0
DA:205,0
DA:206,0
DA:207,0
DA:208,0
DA:209,0
DA:210,0
DA:211,0
DA:212,0
DA:213,0
DA:214,0
DA:215,0
DA:216,0
DA:217,0
DA:218,0
DA:219,0
DA:220,0
DA:221,0
DA:222,0
DA:223,0
DA:224,0
DA:225,0
DA:226,0
DA:227,0
DA:228,0
DA:229,0
DA:230,0
DA:231,0
DA:232,0
DA:233,0
DA:234,0
DA:235,0
DA:236,0
DA:237,0
DA:238,0
DA:239,1
DA:240,1
DA:241,0
DA:242,0
DA:243,0
DA:244,0
DA:245,0
DA:246,0
DA:247,0
DA:248,0
DA:249,0
DA:250,0
DA:251,0
DA:252,0
DA:253,0
DA:254,0
DA:255,0
DA:256,0
DA:257,0
DA:258,0
DA:259,0
DA:260,0
DA:261,0
DA:262,0
DA:263,0
DA:264,0
DA:265,1
DA:266,1
DA:267,0
DA:268,0
DA:269,0
DA:270,0
DA:271,0
DA:272,0
DA:273,1
DA:274,1
DA:275,1
DA:276,1
DA:277,1
DA:278,1
DA:279,1
DA:280,0
DA:281,0
DA:282,1
DA:283,1
DA:284,1
DA:285,1
DA:286,1
DA:287,1
DA:288,1
DA:289,0
DA:290,0
DA:291,0
DA:292,0
DA:293,0
DA:294,0
DA:295,0
DA:296,0
DA:297,0
DA:298,0
DA:299,1
DA:300,1
DA:301,0
DA:302,0
DA:303,0
DA:304,0
DA:305,0
DA:306,0
DA:307,0
DA:308,0
DA:309,0
DA:310,0
DA:311,0
DA:312,0
DA:313,0
DA:314,0
DA:315,0
DA:316,0
DA:317,0
DA:318,0
DA:319,0
DA:320,0
DA:321,0
DA:322,0
DA:323,0
DA:324,0
DA:325,0
DA:326,0
DA:327,0
DA:328,0
DA:329,0
DA:330,0
DA:331,0
DA:332,0
DA:333,0
DA:334,0
DA:335,0
DA:336,0
DA:337,0
DA:338,0
DA:339,0
DA:340,0
DA:341,0
DA:342,0
DA:343,0
DA:344,0
DA:345,0
DA:346,0
DA:347,0
DA:348,0
DA:349,0
DA:350,0
DA:351,0
DA:352,0
DA:353,0
DA:354,0
DA:355,0
DA:356,0
DA:357,0
DA:358,0
DA:359,0
DA:360,0
DA:361,1
DA:362,1
DA:363,0
DA:364,0
DA:365,0
DA:366,0
DA:367,0
DA:368,0
DA:369,0
DA:370,0
DA:371,0
DA:372,0
DA:373,0
DA:374,0
DA:375,0
DA:376,0
DA:377,0
DA:378,0
DA:379,0
DA:380,0
DA:381,0
DA:382,0
DA:383,0
DA:384,0
DA:385,0
DA:386,0
DA:387,0
DA:388,0
DA:389,0
DA:390,0
DA:391,0
DA:392,0
DA:393,0
DA:394,0
DA:395,0
DA:396,0
DA:397,0
DA:398,0
DA:399,0
DA:400,0
DA:401,0
DA:402,0
DA:403,0
DA:404,0
DA:405,0
DA:406,0
DA:407,0
DA:408,0
DA:409,0
DA:410,0
DA:411,0
DA:412,0
DA:413,0
DA:414,0
DA:415,0
DA:416,0
DA:417,0
DA:418,0
DA:419,0
DA:420,0
DA:421,1
DA:422,1
DA:423,0
DA:424,0
DA:425,0
DA:426,0
DA:427,0
DA:428,0
DA:429,0
DA:430,0
DA:431,0
DA:432,0
DA:433,0
DA:434,1
DA:435,1
DA:436,1
LF:436
LH:54
BRDA:1,0,0,1
BRDA:1,1,0,1
BRF:2
BRH:2
end_of_record
TN:
SF:lib/autoFixer.js
FN:1,Object.<anonymous>
FN:15,AutoFixer
FN:44,autoFix
FN:120,dryRun
FN:157,fixSpecificErrors
FN:175,recoverCorruptedFile
FN:227,getFileStatus
FN:279,_initializeFixSession
FN:295,_finalizeFixSession
FN:304,_performPreFixChecks
FN:328,_safeReadFile
FN:359,_performFixCycle
FN:400,_handleCorruptedFile
FN:420,_performPostFixValidation
FN:443,_filterFixesByLevel
FN:466,_logOperation
FN:480,_generateSuccessResult
FN:498,_generateFailureResult
FN:512,_getSuggestedAction
FN:534,_checkDirectoryWritable
FN:545,_checkFileWritable
FN:554,_checkDiskSpace
FNF:22
FNH:22
FNDA:1,Object.<anonymous>
FNDA:33,AutoFixer
FNDA:14,autoFix
FNDA:2,dryRun
FNDA:1,fixSpecificErrors
FNDA:4,recoverCorruptedFile
FNDA:4,getFileStatus
FNDA:18,_initializeFixSession
FNDA:18,_finalizeFixSession
FNDA:14,_performPreFixChecks
FNDA:15,_safeReadFile
FNDA:9,_performFixCycle
FNDA:1,_handleCorruptedFile
FNDA:6,_performPostFixValidation
FNDA:10,_filterFixesByLevel
FNDA:30,_logOperation
FNDA:7,_generateSuccessResult
FNDA:7,_generateFailureResult
FNDA:2,_getSuggestedAction
FNDA:14,_checkDirectoryWritable
FNDA:13,_checkFileWritable
FNDA:14,_checkDiskSpace
DA:1,1
DA:2,1
DA:3,1
DA:4,1
DA:5,1
DA:6,1
DA:7,1
DA:8,1
DA:9,1
DA:10,1
DA:11,1
DA:12,1
DA:13,1
DA:14,1
DA:15,1
DA:16,33
DA:17,33
DA:18,33
DA:19,33
DA:20,33
DA:21,33
DA:22,33
DA:23,33
DA:24,33
DA:25,33
DA:26,33
DA:27,33
DA:28,33
DA:29,33
DA:30,33
DA:31,33
DA:32,33
DA:33,33
DA:34,33
DA:35,33
DA:36,33
DA:37,1
DA:38,1
DA:39,1
DA:40,1
DA:41,1
DA:42,1
DA:43,1
DA:44,1
DA:45,14
DA:46,14
DA:47,14
DA:48,14
DA:49,14
DA:50,14
DA:51,14
DA:52,14
DA:53,2
DA:54,2
DA:55,12
DA:56,12
DA:57,12
DA:58,12
DA:59,12
DA:60,11
DA:61,11
DA:62,11
DA:63,11
DA:64,11
DA:65,14
DA:66,1
DA:67,1
DA:68,10
DA:69,10
DA:70,10
DA:71,10
DA:72,14
DA:73,1
DA:74,1
DA:75,9
DA:76,9
DA:77,9
DA:78,7
DA:79,7
DA:80,14
DA:81,4
DA:82,4
DA:83,4
DA:84,4
DA:85,4
DA:86,4
DA:87,4
DA:88,1
DA:89,1
DA:90,3
DA:91,3
DA:92,3
DA:93,6
DA:94,6
DA:95,6
DA:96,6
DA:97,6
DA:98,6
DA:99,6
DA:100,6
DA:101,6
DA:102,14
DA:103,10
DA:104,10
DA:105,10
DA:106,14
DA:107,14
DA:108,4
DA:109,4
DA:110,14
DA:111,14
DA:112,14
DA:113,14
DA:114,1
DA:115,1
DA:116,1
DA:117,1
DA:118,1
DA:119,1
DA:120,1
DA:121,2
DA:122,2
DA:123,2
DA:124,1
DA:125,1
DA:126,1
DA:127,1
DA:128,1
DA:129,1
DA:130,1
DA:131,1
DA:132,1
DA:133,1
DA:134,1
DA:135,1
DA:136,1
DA:137,1
DA:138,1
DA:139,1
DA:140,1
DA:141,1
DA:142,2
DA:143,0
DA:144,0
DA:145,0
DA:146,0
DA:147,0
DA:148,0
DA:149,2
DA:150,1
DA:151,1
DA:152,1
DA:153,1
DA:154,1
DA:155,1
DA:156,1
DA:157,1
DA:158,1
DA:159,1
DA:160,1
DA:161,1
DA:162,1
DA:163,1
DA:164,1
DA:165,1
DA:166,1
DA:167,1
DA:168,1
DA:169,1
DA:170,1
DA:171,1
DA:172,1
DA:173,1
DA:174,1
DA:175,1
DA:176,4
DA:177,4
DA:178,4
DA:179,4
DA:180,4
DA:181,4
DA:182,3
DA:183,3
DA:184,4
DA:185,2
DA:186,2
DA:187,2
DA:188,2
DA:189,1
DA:190,1
DA:191,1
DA:192,1
DA:193,1
DA:194,1
DA:195,2
DA:196,2
DA:197,2
DA:198,2
DA:199,2
DA:200,2
DA:201,2
DA:202,2
DA:203,2
DA:204,1
DA:205,1
DA:206,1
DA:207,1
DA:208,1
DA:209,1
DA:210,1
DA:211,1
DA:212,1
DA:213,1
DA:214,1
DA:215,1
DA:216,1
DA:217,4
DA:218,4
DA:219,4
DA:220,4
DA:221,1
DA:222,1
DA:223,1
DA:224,1
DA:225,1
DA:226,1
DA:227,1
DA:228,4
DA:229,4
DA:230,1
DA:231,1
DA:232,1
DA:233,1
DA:234,1
DA:235,1
DA:236,1
DA:237,3
DA:238,3
DA:239,4
DA:240,1
DA:241,1
DA:242,1
DA:243,1
DA:244,1
DA:245,1
DA:246,1
DA:247,1
DA:248,2
DA:249,2
DA:250,2
DA:251,2
DA:252,2
DA:253,2
DA:254,2
DA:255,2
DA:256,2
DA:257,2
DA:258,2
DA:259,2
DA:260,2
DA:261,4
DA:262,4
DA:263,4
DA:264,4
DA:265,4
DA:266,4
DA:267,0
DA:268,0
DA:269,0
DA:270,0
DA:271,0
DA:272,0
DA:273,0
DA:274,4
DA:275,1
DA:276,1
DA:277,1
DA:278,1
DA:279,1
DA:280,18
DA:281,18
DA:282,18
DA:283,18
DA:284,18
DA:285,18
DA:286,18
DA:287,18
DA:288,18
DA:289,18
DA:290,18
DA:291,1
DA:292,1
DA:293,1
DA:294,1
DA:295,1
DA:296,18
DA:297,18
DA:298,18
DA:299,18
DA:300,1
DA:301,1
DA:302,1
DA:303,1
DA:304,1
DA:305,14
DA:306,14
DA:307,14
DA:308,14
DA:309,14
DA:310,14
DA:311,14
DA:312,14
DA:313,14
DA:314,14
DA:315,2
DA:316,2
DA:317,2
DA:318,2
DA:319,2
DA:320,2
DA:321,12
DA:322,12
DA:323,14
DA:324,1
DA:325,1
DA:326,1
DA:327,1
DA:328,1
DA:329,15
DA:330,15
DA:331,15
DA:332,15
DA:333,15
DA:334,1
DA:335,1
DA:336,1
DA:337,1
DA:338,1
DA:339,1
DA:340,12
DA:341,12
DA:342,12
DA:343,12
DA:344,12
DA:345,12
DA:346,12
DA:347,15
DA:348,2
DA:349,2
DA:350,2
DA:351,2
DA:352,2
DA:353,2
DA:354,15
DA:355,1
DA:356,1
DA:357,1
DA:358,1
DA:359,1
DA:360,9
DA:361,9
DA:362,9
DA:363,9
DA:364,9
DA:365,14
DA:366,14
DA:367,14
DA:368,14
DA:369,14
DA:370,14
DA:371,6
DA:372,6
DA:373,6
DA:374,6
DA:375,6
DA:376,6
DA:377,6
DA:378,6
DA:379,6
DA:380,6
DA:381,6
DA:382,6
DA:383,6
DA:384,6
DA:385,6
DA:386,6
DA:387,7
DA:388,7
DA:389,7
DA:390,7
DA:391,7
DA:392,7
DA:393,7
DA:394,7
DA:395,9
DA:396,1
DA:397,1
DA:398,1
DA:399,1
DA:400,1
DA:401,1
DA:402,1
DA:403,1
DA:404,1
DA:405,1
DA:406,1
DA:407,1
DA:408,1
DA:409,1
DA:410,1
DA:411,1
DA:412,1
DA:413,0
DA:414,0
DA:415,1
DA:416,1
DA:417,1
DA:418,1
DA:419,1
DA:420,1
DA:421,6
DA:422,6
DA:423,6
DA:424,6
DA:425,6
DA:426,6
DA:427,6
DA:428,6
DA:429,6
DA:430,6
DA:431,6
DA:432,6
DA:433,2
DA:434,2
DA:435,2
DA:436,2
DA:437,2
DA:438,6
DA:439,1
DA:440,1
DA:441,1
DA:442,1
DA:443,1
DA:444,10
DA:445,2
DA:446,2
DA:447,8
DA:448,8
DA:449,10
DA:450,1
DA:451,10
DA:452,10
DA:453,6
DA:454,10
DA:455,10
DA:456,10
DA:457,10
DA:458,10
DA:459,0
DA:460,10
DA:461,10
DA:462,1
DA:463,1
DA:464,1
DA:465,1
DA:466,1
DA:467,30
DA:468,30
DA:469,30
DA:470,30
DA:471,30
DA:472,30
DA:473,30
DA:474,30
DA:475,30
DA:476,1
DA:477,1
DA:478,1
DA:479,1
DA:480,1
DA:481,7
DA:482,7
DA:483,7
DA:484,7
DA:485,7
DA:486,7
DA:487,7
DA:488,7
DA:489,7
DA:490,7
DA:491,7
DA:492,7
DA:493,7
DA:494,1
DA:495,1
DA:496,1
DA:497,1
DA:498,1
DA:499,7
DA:500,7
DA:501,7
DA:502,7
DA:503,7
DA:504,7
DA:505,7
DA:506,7
DA:507,7
DA:508,1
DA:509,1
DA:510,1
DA:511,1
DA:512,1
DA:513,2
DA:514,1
DA:515,1
DA:516,1
DA:517,1
DA:518,1
DA:519,1
DA:520,2
DA:521,0
DA:522,0
DA:523,1
DA:524,1
DA:525,1
DA:526,1
DA:527,0
DA:528,0
DA:529,2
DA:530,1
DA:531,1
DA:532,1
DA:533,1
DA:534,1
DA:535,14
DA:536,14
DA:537,14
DA:538,14
DA:539,14
DA:540,14
DA:541,0
DA:542,0
DA:543,14
DA:544,1
DA:545,1
DA:546,13
DA:547,13
DA:548,13
DA:549,13
DA:550,1
DA:551,1
DA:552,13
DA:553,1
DA:554,1
DA:555,14
DA:556,14
DA:557,14
DA:558,14
DA:559,14
DA:560,3
DA:561,3
DA:562,14
DA:563,1
DA:564,1
DA:565,1
LF:565
LH:543
BRDA:1,0,0,1
BRDA:1,1,0,1
BRDA:15,2,0,33
BRDA:21,3,0,1
BRDA:24,4,0,1
BRDA:25,5,0,32
BRDA:44,6,0,14
BRDA:52,7,0,2
BRDA:55,8,0,12
BRDA:60,9,0,11
BRDA:62,10,0,11
BRDA:65,11,0,1
BRDA:68,12,0,10
BRDA:72,13,0,1
BRDA:75,14,0,9
BRDA:78,15,0,7
BRDA:80,16,0,4
BRDA:87,17,0,1
BRDA:90,18,0,3
BRDA:93,19,0,6
BRDA:102,20,0,10
BRDA:107,21,0,4
BRDA:110,22,0,0
BRDA:120,23,0,2
BRDA:123,24,0,1
BRDA:142,25,0,0
BRDA:157,26,0,1
BRDA:175,27,0,4
BRDA:182,28,0,3
BRDA:184,29,0,2
BRDA:188,30,0,1
BRDA:204,31,0,1
BRDA:217,32,0,0
BRDA:227,33,0,4
BRDA:229,34,0,1
BRDA:237,35,0,3
BRDA:239,36,0,1
BRDA:248,37,0,2
BRDA:261,38,0,1
BRDA:266,39,0,0
BRDA:257,40,0,2
BRDA:258,41,0,2
BRDA:279,42,0,18
BRDA:295,43,0,18
BRDA:304,44,0,14
BRDA:308,45,0,13
BRDA:308,46,0,1
BRDA:314,47,0,2
BRDA:321,48,0,12
BRDA:312,49,0,52
BRDA:328,50,0,15
BRDA:333,51,0,1
BRDA:340,52,0,12
BRDA:347,53,0,2
BRDA:359,54,0,9
BRDA:364,55,0,14
BRDA:370,56,0,6
BRDA:370,57,0,6
BRDA:387,58,0,7
BRDA:400,59,0,1
BRDA:413,60,0,0
BRDA:420,61,0,6
BRDA:432,62,0,2
BRDA:443,63,0,10
BRDA:444,64,0,2
BRDA:444,65,0,2
BRDA:447,66,0,8
BRDA:449,67,0,1
BRDA:452,68,0,6
BRDA:455,69,0,1
BRDA:458,70,0,0
BRDA:445,71,0,6
BRDA:450,72,0,4
BRDA:450,73,0,2
BRDA:453,74,0,10
BRDA:466,75,0,30
BRDA:474,76,0,26
BRDA:474,77,0,4
BRDA:480,78,0,7
BRDA:485,79,0,0
BRDA:488,80,0,6
BRDA:488,81,0,1
BRDA:489,82,0,6
BRDA:489,83,0,1
BRDA:498,84,0,7
BRDA:512,85,0,2
BRDA:513,86,0,1
BRDA:520,87,0,0
BRDA:523,88,0,1
BRDA:527,89,0,0
BRDA:517,90,0,2
BRDA:518,91,0,2
BRDA:534,92,0,14
BRDA:540,93,0,0
BRDA:545,94,0,13
BRDA:549,95,0,1
BRDA:554,96,0,14
BRDA:559,97,0,3
BRF:98
BRH:88
end_of_record
TN:
SF:lib/errorRecovery.js
FN:1,Object.<anonymous>
FN:13,ErrorRecovery
FN:25,createBackup
FN:88,restoreFromBackup
FN:165,atomicWrite
FN:239,acquireLock
FN:291,releaseLock
FN:326,listAvailableBackups
FN:347,recoverCorruptedFile
FN:377,_cleanupOldBackups
FN:399,_listBackups
FN:433,_validateBackup
FN:468,_readLockFile
FN:480,_isLockValid
FN:490,_executeRecoveryStrategy
FN:505,_strategyRestoreFromBackup
FN:517,_strategyRepairJsonSyntax
FN:540,_strategyRebuildFromFragments
FN:545,_strategyCreateMinimalStructure
FNF:19
FNH:16
FNDA:2,Object.<anonymous>
FNDA:57,ErrorRecovery
FNDA:9,createBackup
FNDA:8,restoreFromBackup
FNDA:7,atomicWrite
FNDA:6,acquireLock
FNDA:4,releaseLock
FNDA:3,listAvailableBackups
FNDA:2,recoverCorruptedFile
FNDA:3,_cleanupOldBackups
FNDA:3,_listBackups
FNDA:3,_validateBackup
FNDA:0,_readLockFile
FNDA:5,_isLockValid
FNDA:0,_executeRecoveryStrategy
FNDA:2,_strategyRestoreFromBackup
FNDA:3,_strategyRepairJsonSyntax
FNDA:0,_strategyRebuildFromFragments
FNDA:1,_strategyCreateMinimalStructure
DA:1,2
DA:2,2
DA:3,2
DA:4,2
DA:5,2
DA:6,2
DA:7,2
DA:8,2
DA:9,2
DA:10,2
DA:11,2
DA:12,2
DA:13,2
DA:14,57
DA:15,57
DA:16,57
DA:17,57
DA:18,57
DA:19,2
DA:20,2
DA:21,2
DA:22,2
DA:23,2
DA:24,2
DA:25,2
DA:26,9
DA:27,9
DA:28,9
DA:29,0
DA:30,0
DA:31,0
DA:32,0
DA:33,0
DA:34,0
DA:35,9
DA:36,9
DA:37,1
DA:38,1
DA:39,1
DA:40,1
DA:41,1
DA:42,1
DA:43,8
DA:44,8
DA:45,8
DA:46,8
DA:47,8
DA:48,9
DA:49,2
DA:50,2
DA:51,8
DA:52,8
DA:53,8
DA:54,8
DA:55,8
DA:56,8
DA:57,8
DA:58,8
DA:59,8
DA:60,8
DA:61,8
DA:62,8
DA:63,8
DA:64,6
DA:65,6
DA:66,6
DA:67,6
DA:68,6
DA:69,6
DA:70,6
DA:71,6
DA:72,6
DA:73,9
DA:74,2
DA:75,2
DA:76,2
DA:77,2
DA:78,2
DA:79,2
DA:80,9
DA:81,2
DA:82,2
DA:83,2
DA:84,2
DA:85,2
DA:86,2
DA:87,2
DA:88,2
DA:89,8
DA:90,8
DA:91,8
DA:92,8
DA:93,8
DA:94,1
DA:95,1
DA:96,1
DA:97,1
DA:98,1
DA:99,1
DA:100,7
DA:101,7
DA:102,7
DA:103,8
DA:104,2
DA:105,2
DA:106,1
DA:107,1
DA:108,1
DA:109,1
DA:110,1
DA:111,1
DA:112,8
DA:113,5
DA:114,5
DA:115,5
DA:116,1
DA:117,1
DA:118,1
DA:119,1
DA:120,1
DA:121,1
DA:122,4
DA:123,4
DA:124,5
DA:125,5
DA:126,5
DA:127,8
DA:128,1
DA:129,1
DA:130,1
DA:131,1
DA:132,1
DA:133,1
DA:134,4
DA:135,4
DA:136,8
DA:137,3
DA:138,3
DA:139,4
DA:140,4
DA:141,4
DA:142,4
DA:143,4
DA:144,4
DA:145,4
DA:146,4
DA:147,4
DA:148,4
DA:149,8
DA:150,1
DA:151,1
DA:152,1
DA:153,1
DA:154,1
DA:155,1
DA:156,8
DA:157,2
DA:158,2
DA:159,2
DA:160,2
DA:161,2
DA:162,2
DA:163,2
DA:164,2
DA:165,2
DA:166,7
DA:167,7
DA:168,7
DA:169,0
DA:170,0
DA:171,0
DA:172,0
DA:173,0
DA:174,0
DA:175,7
DA:176,7
DA:177,7
DA:178,7
DA:179,7
DA:180,7
DA:181,7
DA:182,2
DA:183,2
DA:184,1
DA:185,1
DA:186,1
DA:187,1
DA:188,1
DA:189,1
DA:190,2
DA:191,6
DA:192,6
DA:193,6
DA:194,6
DA:195,6
DA:196,6
DA:197,6
DA:198,7
DA:199,2
DA:200,2
DA:201,2
DA:202,2
DA:203,2
DA:204,2
DA:205,2
DA:206,2
DA:207,2
DA:208,2
DA:209,2
DA:210,2
DA:211,2
DA:212,7
DA:213,7
DA:214,7
DA:215,7
DA:216,7
DA:217,3
DA:218,3
DA:219,2
DA:220,2
DA:221,2
DA:222,1
DA:223,1
DA:224,2
DA:225,3
DA:226,3
DA:227,3
DA:228,3
DA:229,3
DA:230,3
DA:231,3
DA:232,7
DA:233,2
DA:234,2
DA:235,2
DA:236,2
DA:237,2
DA:238,2
DA:239,2
DA:240,6
DA:241,6
DA:242,6
DA:243,6
DA:244,6
DA:245,6
DA:246,3
DA:247,3
DA:248,2
DA:249,2
DA:250,2
DA:251,2
DA:252,2
DA:253,3
DA:254,1
DA:255,1
DA:256,1
DA:257,3
DA:258,4
DA:259,4
DA:260,4
DA:261,4
DA:262,4
DA:263,4
DA:264,4
DA:265,4
DA:266,4
DA:267,4
DA:268,4
DA:269,4
DA:270,4
DA:271,4
DA:272,4
DA:273,4
DA:274,4
DA:275,4
DA:276,6
DA:277,1
DA:278,1
DA:279,1
DA:280,1
DA:281,1
DA:282,1
DA:283,6
DA:284,2
DA:285,2
DA:286,2
DA:287,2
DA:288,2
DA:289,2
DA:290,2
DA:291,2
DA:292,4
DA:293,4
DA:294,4
DA:295,1
DA:296,1
DA:297,1
DA:298,1
DA:299,1
DA:300,3
DA:301,3
DA:302,3
DA:303,3
DA:304,3
DA:305,2
DA:306,2
DA:307,2
DA:308,2
DA:309,2
DA:310,2
DA:311,2
DA:312,2
DA:313,4
DA:314,1
DA:315,1
DA:316,1
DA:317,1
DA:318,1
DA:319,4
DA:320,2
DA:321,2
DA:322,2
DA:323,2
DA:324,2
DA:325,2
DA:326,2
DA:327,3
DA:328,3
DA:329,3
DA:330,3
DA:331,3
DA:332,1
DA:333,1
DA:334,1
DA:335,1
DA:336,1
DA:337,1
DA:338,1
DA:339,1
DA:340,3
DA:341,2
DA:342,2
DA:343,2
DA:344,2
DA:345,2
DA:346,2
DA:347,2
DA:348,2
DA:349,2
DA:350,2
DA:351,2
DA:352,2
DA:353,2
DA:354,2
DA:355,2
DA:356,6
DA:357,6
DA:358,1
DA:359,1
DA:360,1
DA:361,1
DA:362,1
DA:363,1
DA:364,1
DA:365,6
DA:366,1
DA:367,1
DA:368,1
DA:369,1
DA:370,1
DA:371,1
DA:372,2
DA:373,2
DA:374,2
DA:375,2
DA:376,2
DA:377,2
DA:378,3
DA:379,3
DA:380,3
DA:381,3
DA:382,2
DA:383,2
DA:384,3
DA:385,3
DA:386,3
DA:387,1
DA:388,1
DA:389,2
DA:390,2
DA:391,3
DA:392,0
DA:393,0
DA:394,3
DA:395,2
DA:396,2
DA:397,2
DA:398,2
DA:399,2
DA:400,3
DA:401,3
DA:402,3
DA:403,3
DA:404,2
DA:405,2
DA:406,2
DA:407,2
DA:408,2
DA:409,2
DA:410,2
DA:411,2
DA:412,2
DA:413,2
DA:414,2
DA:415,2
DA:416,2
DA:417,2
DA:418,2
DA:419,2
DA:420,3
DA:421,3
DA:422,3
DA:423,3
DA:424,3
DA:425,3
DA:426,1
DA:427,1
DA:428,3
DA:429,2
DA:430,2
DA:431,2
DA:432,2
DA:433,2
DA:434,3
DA:435,3
DA:436,3
DA:437,3
DA:438,3
DA:439,3
DA:440,1
DA:441,1
DA:442,1
DA:443,1
DA:444,1
DA:445,1
DA:446,1
DA:447,1
DA:448,1
DA:449,1
DA:450,1
DA:451,1
DA:452,1
DA:453,1
DA:454,1
DA:455,1
DA:456,1
DA:457,1
DA:458,1
DA:459,1
DA:460,1
DA:461,1
DA:462,1
DA:463,3
DA:464,2
DA:465,2
DA:466,2
DA:467,2
DA:468,2
DA:469,0
DA:470,0
DA:471,0
DA:472,0
DA:473,0
DA:474,0
DA:475,0
DA:476,2
DA:477,2
DA:478,2
DA:479,2
DA:480,2
DA:481,5
DA:482,2
DA:483,2
DA:484,2
DA:485,5
DA:486,2
DA:487,2
DA:488,2
DA:489,2
DA:490,2
DA:491,0
DA:492,0
DA:493,0
DA:494,0
DA:495,0
DA:496,0
DA:497,0
DA:498,0
DA:499,0
DA:500,0
DA:501,0
DA:502,0
DA:503,0
DA:504,2
DA:505,2
DA:506,2
DA:507,2
DA:508,1
DA:509,1
DA:510,1
DA:511,1
DA:512,1
DA:513,1
DA:514,1
DA:515,2
DA:516,2
DA:517,2
DA:518,3
DA:519,3
DA:520,2
DA:521,2
DA:522,2
DA:523,2
DA:524,2
DA:525,2
DA:526,2
DA:527,2
DA:528,2
DA:529,1
DA:530,1
DA:531,1
DA:532,1
DA:533,1
DA:534,1
DA:535,1
DA:536,1
DA:537,1
DA:538,3
DA:539,2
DA:540,2
DA:541,0
DA:542,0
DA:543,0
DA:544,2
DA:545,2
DA:546,1
DA:547,1
DA:548,1
DA:549,1
DA:550,1
DA:551,1
DA:552,1
DA:553,1
DA:554,1
DA:555,1
DA:556,1
DA:557,1
DA:558,1
DA:559,1
DA:560,1
DA:561,1
DA:562,1
DA:563,2
DA:564,2
DA:565,2
LF:565
LH:528
BRDA:1,0,0,2
BRDA:1,1,0,2
BRDA:13,2,0,57
BRDA:14,3,0,56
BRDA:15,4,0,56
BRDA:16,5,0,56
BRDA:25,6,0,9
BRDA:28,7,0,0
BRDA:36,8,0,1
BRDA:43,9,0,8
BRDA:48,10,0,2
BRDA:51,11,0,8
BRDA:64,12,0,6
BRDA:73,13,0,2
BRDA:88,14,0,8
BRDA:93,15,0,1
BRDA:100,16,0,7
BRDA:103,17,0,2
BRDA:105,18,0,1
BRDA:112,19,0,5
BRDA:115,20,0,1
BRDA:122,21,0,4
BRDA:127,22,0,1
BRDA:134,23,0,4
BRDA:136,24,0,3
BRDA:139,25,0,4
BRDA:149,26,0,1
BRDA:165,27,0,7
BRDA:168,28,0,0
BRDA:181,29,0,4
BRDA:181,30,0,2
BRDA:183,31,0,1
BRDA:191,32,0,6
BRDA:198,33,0,2
BRDA:203,34,0,0
BRDA:203,35,0,1
BRDA:212,36,0,1
BRDA:212,37,0,1
BRDA:213,38,0,1
BRDA:213,39,0,1
BRDA:216,40,0,3
BRDA:218,41,0,2
BRDA:221,42,0,1
BRDA:229,43,0,0
BRDA:239,44,0,6
BRDA:245,45,0,3
BRDA:247,46,0,2
BRDA:253,47,0,1
BRDA:258,48,0,4
BRDA:276,49,0,1
BRDA:291,50,0,4
BRDA:294,51,0,1
BRDA:300,52,0,3
BRDA:305,53,0,2
BRDA:313,54,0,1
BRDA:326,55,0,3
BRDA:331,56,0,1
BRDA:347,57,0,2
BRDA:355,58,0,6
BRDA:357,59,0,1
BRDA:366,60,0,1
BRDA:377,61,0,3
BRDA:381,62,0,2
BRDA:391,63,0,0
BRDA:383,64,0,3
BRDA:386,65,0,1
BRDA:399,66,0,3
BRDA:425,67,0,1
BRDA:402,68,0,3
BRDA:402,69,0,2
BRDA:403,70,0,2
BRDA:409,71,0,0
BRDA:410,72,0,0
BRDA:423,73,0,1
BRDA:433,74,0,3
BRDA:439,75,0,1
BRDA:439,76,0,1
BRDA:480,77,0,5
BRDA:481,78,0,4
BRDA:481,79,0,3
BRDA:482,80,0,2
BRDA:505,81,0,2
BRDA:507,82,0,1
BRDA:517,83,0,3
BRDA:519,84,0,1
BRDA:520,85,0,2
BRDA:529,86,0,1
BRDA:545,87,0,1
BRF:88
BRH:81
end_of_record
TN:
SF:lib/fileOperationLogger.js
FN:1,Object.<anonymous>
FN:19,FileOperationLogger
FN:80,initializeLogger
FN:108,logOperation
FN:152,analyzeThreat
FN:211,generateAlert
FN:238,gatherSecurityContext
FN:261,generateRecommendation
FN:296,saveAuditReport
FN:340,isCriticalPath
FN:349,isJsonContamination
FN:374,isRapidOperationPattern
FN:386,isBinaryCorruption
FN:405,isPermissionEscalation
FN:422,isSteganographyAttempt
FN:441,isTimeBombPattern
FN:465,detectDataType
FN:482,captureStackTrace
FN:490,generateSessionId
FN:497,generateOperationId
FN:504,generateAlertId
FN:511,writeLogHeader
FN:531,writeOperationToLog
FN:552,writeAlert
FN:572,outputConsoleAlert
FN:592,rotateLogFile
FN:605,generateThreatAnalysis
FN:631,calculateRiskScore
FN:649,generateSessionRecommendations
FN:670,log
FNF:30
FNH:22
FNDA:2,Object.<anonymous>
FNDA:2,FileOperationLogger
FNDA:2,initializeLogger
FNDA:89,logOperation
FNDA:89,analyzeThreat
FNDA:0,generateAlert
FNDA:0,gatherSecurityContext
FNDA:1,generateRecommendation
FNDA:1,saveAuditReport
FNDA:89,isCriticalPath
FNDA:89,isJsonContamination
FNDA:89,isRapidOperationPattern
FNDA:89,isBinaryCorruption
FNDA:89,isPermissionEscalation
FNDA:89,isSteganographyAttempt
FNDA:89,isTimeBombPattern
FNDA:89,detectDataType
FNDA:89,captureStackTrace
FNDA:2,generateSessionId
FNDA:89,generateOperationId
FNDA:0,generateAlertId
FNDA:2,writeLogHeader
FNDA:89,writeOperationToLog
FNDA:0,writeAlert
FNDA:0,outputConsoleAlert
FNDA:0,rotateLogFile
FNDA:1,generateThreatAnalysis
FNDA:2,calculateRiskScore
FNDA:0,generateSessionRecommendations
FNDA:0,log
DA:1,2
DA:2,2
DA:3,2
DA:4,2
DA:5,2
DA:6,2
DA:7,2
DA:8,2
DA:9,2
DA:10,2
DA:11,2
DA:12,2
DA:13,2
DA:14,2
DA:15,2
DA:16,2
DA:17,2
DA:18,2
DA:19,2
DA:20,2
DA:21,2
DA:22,2
DA:23,2
DA:24,2
DA:25,2
DA:26,2
DA:27,2
DA:28,2
DA:29,2
DA:30,2
DA:31,2
DA:32,2
DA:33,2
DA:34,2
DA:35,2
DA:36,2
DA:37,2
DA:38,2
DA:39,2
DA:40,2
DA:41,2
DA:42,2
DA:43,2
DA:44,2
DA:45,2
DA:46,2
DA:47,2
DA:48,2
DA:49,2
DA:50,2
DA:51,2
DA:52,2
DA:53,2
DA:54,2
DA:55,2
DA:56,2
DA:57,2
DA:58,2
DA:59,2
DA:60,2
DA:61,2
DA:62,2
DA:63,2
DA:64,2
DA:65,2
DA:66,2
DA:67,2
DA:68,2
DA:69,2
DA:70,2
DA:71,2
DA:72,2
DA:73,2
DA:74,2
DA:75,2
DA:76,2
DA:77,2
DA:78,2
DA:79,2
DA:80,2
DA:81,2
DA:82,2
DA:83,2
DA:84,2
DA:85,0
DA:86,0
DA:87,2
DA:88,2
DA:89,2
DA:90,2
DA:91,2
DA:92,2
DA:93,0
DA:94,0
DA:95,0
DA:96,0
DA:97,0
DA:98,0
DA:99,2
DA:100,2
DA:101,0
DA:102,0
DA:103,2
DA:104,2
DA:105,2
DA:106,2
DA:107,2
DA:108,2
DA:109,89
DA:110,89
DA:111,89
DA:112,89
DA:113,89
DA:114,89
DA:115,89
DA:116,89
DA:117,89
DA:118,89
DA:119,89
DA:120,89
DA:121,89
DA:122,89
DA:123,89
DA:124,89
DA:125,89
DA:126,89
DA:127,89
DA:128,89
DA:129,89
DA:130,89
DA:131,89
DA:132,89
DA:133,89
DA:134,89
DA:135,89
DA:136,89
DA:137,89
DA:138,0
DA:139,0
DA:140,89
DA:141,89
DA:142,89
DA:143,0
DA:144,0
DA:145,89
DA:146,89
DA:147,89
DA:148,2
DA:149,2
DA:150,2
DA:151,2
DA:152,2
DA:153,89
DA:154,89
DA:155,89
DA:156,89
DA:157,36
DA:158,36
DA:159,36
DA:160,89
DA:161,89
DA:162,89
DA:163,18
DA:164,18
DA:165,18
DA:166,89
DA:167,89
DA:168,89
DA:169,21
DA:170,21
DA:171,21
DA:172,89
DA:173,89
DA:174,89
DA:175,2
DA:176,2
DA:177,2
DA:178,89
DA:179,89
DA:180,89
DA:181,14
DA:182,14
DA:183,14
DA:184,89
DA:185,89
DA:186,89
DA:187,4
DA:188,4
DA:189,4
DA:190,89
DA:191,89
DA:192,89
DA:193,6
DA:194,6
DA:195,6
DA:196,89
DA:197,89
DA:198,89
DA:199,89
DA:200,89
DA:201,89
DA:202,5
DA:203,89
DA:204,26
DA:205,26
DA:206,89
DA:207,2
DA:208,2
DA:209,2
DA:210,2
DA:211,2
DA:212,0
DA:213,0
DA:214,0
DA:215,0
DA:216,0
DA:217,0
DA:218,0
DA:219,0
DA:220,0
DA:221,0
DA:222,0
DA:223,0
DA:224,0
DA:225,0
DA:226,0
DA:227,0
DA:228,0
DA:229,0
DA:230,0
DA:231,0
DA:232,0
DA:233,0
DA:234,2
DA:235,2
DA:236,2
DA:237,2
DA:238,2
DA:239,0
DA:240,0
DA:241,0
DA:242,0
DA:243,0
DA:244,0
DA:245,0
DA:246,0
DA:247,0
DA:248,0
DA:249,0
DA:250,0
DA:251,0
DA:252,0
DA:253,0
DA:254,0
DA:255,0
DA:256,0
DA:257,2
DA:258,2
DA:259,2
DA:260,2
DA:261,2
DA:262,1
DA:263,1
DA:264,1
DA:265,1
DA:266,1
DA:267,1
DA:268,1
DA:269,1
DA:270,1
DA:271,1
DA:272,1
DA:273,1
DA:274,1
DA:275,0
DA:276,0
DA:277,0
DA:278,1
DA:279,1
DA:280,0
DA:281,0
DA:282,0
DA:283,1
DA:284,1
DA:285,0
DA:286,0
DA:287,0
DA:288,0
DA:289,1
DA:290,1
DA:291,1
DA:292,2
DA:293,2
DA:294,2
DA:295,2
DA:296,2
DA:297,1
DA:298,1
DA:299,1
DA:300,0
DA:301,0
DA:302,0
DA:303,0
DA:304,0
DA:305,0
DA:306,0
DA:307,0
DA:308,0
DA:309,0
DA:310,0
DA:311,0
DA:312,0
DA:313,0
DA:314,0
DA:315,0
DA:316,0
DA:317,0
DA:318,0
DA:319,0
DA:320,0
DA:321,0
DA:322,0
DA:323,0
DA:324,0
DA:325,0
DA:326,0
DA:327,0
DA:328,0
DA:329,0
DA:330,0
DA:331,1
DA:332,2
DA:333,2
DA:334,2
DA:335,2
DA:336,2
DA:337,2
DA:338,2
DA:339,2
DA:340,2
DA:341,89
DA:342,725
DA:343,89
DA:344,89
DA:345,2
DA:346,2
DA:347,2
DA:348,2
DA:349,2
DA:350,89
DA:351,5
DA:352,5
DA:353,84
DA:354,84
DA:355,89
DA:356,89
DA:357,18
DA:358,18
DA:359,66
DA:360,66
DA:361,66
DA:362,66
DA:363,66
DA:364,66
DA:365,66
DA:366,66
DA:367,66
DA:368,66
DA:369,89
DA:370,2
DA:371,2
DA:372,2
DA:373,2
DA:374,2
DA:375,89
DA:376,89
DA:377,150
DA:378,89
DA:379,89
DA:380,89
DA:381,89
DA:382,2
DA:383,2
DA:384,2
DA:385,2
DA:386,2
DA:387,89
DA:388,5
DA:389,5
DA:390,84
DA:391,84
DA:392,89
DA:393,64
DA:394,64
DA:395,2
DA:396,2
DA:397,64
DA:398,82
DA:399,82
DA:400,89
DA:401,2
DA:402,2
DA:403,2
DA:404,2
DA:405,2
DA:406,89
DA:407,89
DA:408,89
DA:409,89
DA:410,89
DA:411,89
DA:412,89
DA:413,89
DA:414,89
DA:415,326
DA:416,89
DA:417,89
DA:418,2
DA:419,2
DA:420,2
DA:421,2
DA:422,2
DA:423,89
DA:424,5
DA:425,5
DA:426,84
DA:427,84
DA:428,84
DA:429,84
DA:430,84
DA:431,84
DA:432,84
DA:433,84
DA:434,84
DA:435,84
DA:436,89
DA:437,2
DA:438,2
DA:439,2
DA:440,2
DA:441,2
DA:442,89
DA:443,5
DA:444,5
DA:445,84
DA:446,84
DA:447,84
DA:448,84
DA:449,84
DA:450,84
DA:451,84
DA:452,84
DA:453,84
DA:454,84
DA:455,84
DA:456,89
DA:457,2
DA:458,2
DA:459,2
DA:460,2
DA:461,2
DA:462,2
DA:463,2
DA:464,2
DA:465,2
DA:466,89
DA:467,89
DA:468,84
DA:469,84
DA:470,89
DA:471,89
DA:472,89
DA:473,89
DA:474,89
DA:475,55
DA:476,55
DA:477,89
DA:478,2
DA:479,2
DA:480,2
DA:481,2
DA:482,2
DA:483,89
DA:484,89
DA:485,89
DA:486,2
DA:487,2
DA:488,2
DA:489,2
DA:490,2
DA:491,2
DA:492,2
DA:493,2
DA:494,2
DA:495,2
DA:496,2
DA:497,2
DA:498,89
DA:499,89
DA:500,2
DA:501,2
DA:502,2
DA:503,2
DA:504,2
DA:505,0
DA:506,0
DA:507,2
DA:508,2
DA:509,2
DA:510,2
DA:511,2
DA:512,2
DA:513,2
DA:514,2
DA:515,2
DA:516,2
DA:517,2
DA:518,2
DA:519,2
DA:520,2
DA:521,2
DA:522,2
DA:523,2
DA:524,2
DA:525,2
DA:526,2
DA:527,2
DA:528,2
DA:529,2
DA:530,2
DA:531,2
DA:532,89
DA:533,89
DA:534,89
DA:535,89
DA:536,89
DA:537,89
DA:538,89
DA:539,0
DA:540,0
DA:541,89
DA:542,89
DA:543,89
DA:544,89
DA:545,0
DA:546,0
DA:547,89
DA:548,2
DA:549,2
DA:550,2
DA:551,2
DA:552,2
DA:553,0
DA:554,0
DA:555,0
DA:556,0
DA:557,0
DA:558,0
DA:559,0
DA:560,0
DA:561,0
DA:562,0
DA:563,0
DA:564,0
DA:565,0
DA:566,0
DA:567,0
DA:568,2
DA:569,2
DA:570,2
DA:571,2
DA:572,2
DA:573,0
DA:574,0
DA:575,0
DA:576,0
DA:577,0
DA:578,0
DA:579,0
DA:580,0
DA:581,0
DA:582,0
DA:583,0
DA:584,0
DA:585,0
DA:586,0
DA:587,0
DA:588,2
DA:589,2
DA:590,2
DA:591,2
DA:592,2
DA:593,0
DA:594,0
DA:595,0
DA:596,0
DA:597,0
DA:598,0
DA:599,0
DA:600,0
DA:601,2
DA:602,2
DA:603,2
DA:604,2
DA:605,2
DA:606,1
DA:607,1
DA:608,1
DA:609,1
DA:610,4
DA:611,4
DA:612,4
DA:613,6
DA:614,4
DA:615,4
DA:616,1
DA:617,1
DA:618,1
DA:619,1
DA:620,1
DA:621,1
DA:622,1
DA:623,1
DA:624,1
DA:625,1
DA:626,1
DA:627,2
DA:628,2
DA:629,2
DA:630,2
DA:631,2
DA:632,2
DA:633,2
DA:634,2
DA:635,7
DA:636,7
DA:637,7
DA:638,7
DA:639,7
DA:640,7
DA:641,2
DA:642,2
DA:643,2
DA:644,2
DA:645,2
DA:646,2
DA:647,2
DA:648,2
DA:649,2
DA:650,0
DA:651,0
DA:652,0
DA:653,0
DA:654,0
DA:655,0
DA:656,0
DA:657,0
DA:658,0
DA:659,0
DA:660,0
DA:661,0
DA:662,0
DA:663,0
DA:664,0
DA:665,0
DA:666,2
DA:667,2
DA:668,2
DA:669,2
DA:670,2
DA:671,0
DA:672,0
DA:673,0
DA:674,0
DA:675,0
DA:676,0
DA:677,0
DA:678,0
DA:679,0
DA:680,2
DA:681,2
DA:682,2
LF:682
LH:518
BRDA:1,0,0,2
BRDA:1,1,0,2
BRDA:19,2,0,2
BRDA:20,3,0,0
BRDA:26,4,0,0
BRDA:27,5,0,0
BRDA:32,6,0,0
BRDA:33,7,0,0
BRDA:35,8,0,0
BRDA:80,9,0,2
BRDA:84,10,0,0
BRDA:92,11,0,0
BRDA:100,12,0,0
BRDA:108,13,0,89
BRDA:119,14,0,84
BRDA:119,15,0,5
BRDA:137,16,0,65
BRDA:137,17,0,0
BRDA:142,18,0,0
BRDA:152,19,0,89
BRDA:156,20,0,36
BRDA:162,21,0,18
BRDA:168,22,0,21
BRDA:174,23,0,2
BRDA:180,24,0,14
BRDA:186,25,0,4
BRDA:192,26,0,6
BRDA:201,27,0,5
BRDA:203,28,0,84
BRDA:203,29,0,26
BRDA:261,30,0,1
BRDA:274,31,0,0
BRDA:279,32,0,0
BRDA:284,33,0,0
BRDA:296,34,0,1
BRDA:300,35,0,0
BRDA:340,36,0,89
BRDA:341,37,0,725
BRDA:349,38,0,89
BRDA:350,39,0,84
BRDA:350,40,0,5
BRDA:353,41,0,84
BRDA:355,42,0,33
BRDA:356,43,0,15
BRDA:356,44,0,18
BRDA:359,45,0,66
BRDA:368,46,0,264
BRDA:374,47,0,89
BRDA:376,48,0,150
BRDA:386,49,0,89
BRDA:387,50,0,84
BRDA:387,51,0,5
BRDA:390,52,0,84
BRDA:392,53,0,64
BRDA:394,54,0,63
BRDA:394,55,0,2
BRDA:398,56,0,82
BRDA:405,57,0,89
BRDA:414,58,0,326
BRDA:422,59,0,89
BRDA:423,60,0,84
BRDA:423,61,0,5
BRDA:426,62,0,84
BRDA:435,63,0,330
BRDA:441,64,0,89
BRDA:442,65,0,84
BRDA:442,66,0,5
BRDA:445,67,0,84
BRDA:455,68,0,402
BRDA:465,69,0,89
BRDA:466,70,0,5
BRDA:467,71,0,84
BRDA:467,72,0,0
BRDA:468,73,0,84
BRDA:470,74,0,27
BRDA:470,75,0,27
BRDA:471,76,0,57
BRDA:471,77,0,0
BRDA:471,78,0,0
BRDA:472,79,0,57
BRDA:472,80,0,2
BRDA:473,81,0,55
BRDA:473,82,0,0
BRDA:474,83,0,55
BRDA:474,84,0,0
BRDA:475,85,0,55
BRDA:482,86,0,89
BRDA:484,87,0,0
BRDA:484,88,0,356
BRDA:490,89,0,2
BRDA:497,90,0,89
BRDA:511,91,0,2
BRDA:531,92,0,89
BRDA:533,93,0,65
BRDA:533,94,0,24
BRDA:538,95,0,0
BRDA:544,96,0,0
BRDA:605,97,0,1
BRDA:609,98,0,4
BRDA:612,99,0,6
BRDA:613,100,0,4
BRDA:623,101,0,3
BRDA:631,102,0,2
BRDA:634,103,0,7
BRDA:636,104,0,2
BRDA:637,105,0,3
BRDA:638,106,0,0
BRDA:639,107,0,2
BRF:108
BRH:84
end_of_record
TN:
SF:lib/jestHooks.js
FN:1,(empty-report)
FNF:1
FNH:0
FNDA:0,(empty-report)
DA:1,0
DA:2,0
DA:3,0
DA:4,0
DA:5,0
DA:6,0
DA:7,0
DA:8,0
DA:9,0
DA:10,0
DA:11,0
DA:12,0
DA:13,0
DA:14,0
DA:15,0
DA:16,0
DA:17,0
DA:18,0
DA:19,0
DA:20,0
DA:21,0
DA:22,0
DA:23,0
DA:24,0
DA:25,0
DA:26,0
DA:27,0
DA:28,0
DA:29,0
DA:30,0
DA:31,0
DA:32,0
DA:33,0
DA:34,0
DA:35,0
DA:36,0
DA:37,0
DA:38,0
DA:39,0
DA:40,0
DA:41,0
DA:42,0
DA:43,0
DA:44,0
DA:45,0
DA:46,0
DA:47,0
DA:48,0
DA:49,0
DA:50,0
DA:51,0
DA:52,0
DA:53,0
DA:54,0
DA:55,0
DA:56,0
DA:57,0
DA:58,0
DA:59,0
DA:60,0
DA:61,0
DA:62,0
DA:63,0
DA:64,0
DA:65,0
DA:66,0
DA:67,0
DA:68,0
DA:69,0
DA:70,0
DA:71,0
DA:72,0
DA:73,0
DA:74,0
DA:75,0
DA:76,0
DA:77,0
DA:78,0
DA:79,0
DA:80,0
DA:81,0
DA:82,0
DA:83,0
DA:84,0
DA:85,0
DA:86,0
DA:87,0
DA:88,0
DA:89,0
DA:90,0
DA:91,0
DA:92,0
DA:93,0
DA:94,0
DA:95,0
DA:96,0
DA:97,0
DA:98,0
DA:99,0
DA:100,0
DA:101,0
DA:102,0
DA:103,0
DA:104,0
DA:105,0
DA:106,0
DA:107,0
DA:108,0
DA:109,0
DA:110,0
DA:111,0
DA:112,0
DA:113,0
DA:114,0
DA:115,0
DA:116,0
DA:117,0
DA:118,0
DA:119,0
DA:120,0
DA:121,0
DA:122,0
DA:123,0
DA:124,0
DA:125,0
DA:126,0
DA:127,0
DA:128,0
DA:129,0
DA:130,0
DA:131,0
DA:132,0
DA:133,0
DA:134,0
DA:135,0
DA:136,0
DA:137,0
DA:138,0
DA:139,0
DA:140,0
DA:141,0
DA:142,0
DA:143,0
DA:144,0
DA:145,0
DA:146,0
DA:147,0
DA:148,0
DA:149,0
DA:150,0
DA:151,0
DA:152,0
DA:153,0
DA:154,0
DA:155,0
DA:156,0
DA:157,0
DA:158,0
DA:159,0
DA:160,0
DA:161,0
DA:162,0
DA:163,0
DA:164,0
DA:165,0
DA:166,0
DA:167,0
DA:168,0
DA:169,0
DA:170,0
DA:171,0
DA:172,0
DA:173,0
DA:174,0
DA:175,0
DA:176,0
DA:177,0
DA:178,0
DA:179,0
DA:180,0
DA:181,0
DA:182,0
DA:183,0
DA:184,0
DA:185,0
DA:186,0
DA:187,0
DA:188,0
DA:189,0
DA:190,0
DA:191,0
DA:192,0
DA:193,0
DA:194,0
DA:195,0
DA:196,0
DA:197,0
DA:198,0
DA:199,0
DA:200,0
DA:201,0
DA:202,0
DA:203,0
DA:204,0
DA:205,0
DA:206,0
DA:207,0
DA:208,0
DA:209,0
DA:210,0
DA:211,0
DA:212,0
DA:213,0
DA:214,0
DA:215,0
DA:216,0
DA:217,0
DA:218,0
DA:219,0
DA:220,0
DA:221,0
DA:222,0
DA:223,0
DA:224,0
DA:225,0
DA:226,0
DA:227,0
DA:228,0
DA:229,0
DA:230,0
DA:231,0
DA:232,0
DA:233,0
DA:234,0
DA:235,0
DA:236,0
DA:237,0
DA:238,0
DA:239,0
DA:240,0
DA:241,0
DA:242,0
DA:243,0
DA:244,0
DA:245,0
DA:246,0
DA:247,0
DA:248,0
DA:249,0
DA:250,0
DA:251,0
DA:252,0
DA:253,0
DA:254,0
DA:255,0
DA:256,0
DA:257,0
DA:258,0
DA:259,0
DA:260,0
DA:261,0
DA:262,0
DA:263,0
DA:264,0
DA:265,0
DA:266,0
DA:267,0
DA:268,0
DA:269,0
DA:270,0
DA:271,0
DA:272,0
DA:273,0
DA:274,0
DA:275,0
DA:276,0
DA:277,0
DA:278,0
DA:279,0
DA:280,0
DA:281,0
DA:282,0
DA:283,0
DA:284,0
DA:285,0
DA:286,0
DA:287,0
DA:288,0
DA:289,0
DA:290,0
DA:291,0
DA:292,0
DA:293,0
DA:294,0
DA:295,0
DA:296,0
DA:297,0
DA:298,0
DA:299,0
DA:300,0
DA:301,0
DA:302,0
DA:303,0
DA:304,0
DA:305,0
DA:306,0
DA:307,0
DA:308,0
DA:309,0
DA:310,0
DA:311,0
DA:312,0
DA:313,0
DA:314,0
DA:315,0
DA:316,0
DA:317,0
DA:318,0
DA:319,0
DA:320,0
DA:321,0
DA:322,0
DA:323,0
DA:324,0
DA:325,0
DA:326,0
DA:327,0
DA:328,0
DA:329,0
DA:330,0
DA:331,0
DA:332,0
DA:333,0
DA:334,0
DA:335,0
DA:336,0
DA:337,0
DA:338,0
DA:339,0
DA:340,0
DA:341,0
DA:342,0
DA:343,0
DA:344,0
DA:345,0
DA:346,0
DA:347,0
DA:348,0
DA:349,0
DA:350,0
DA:351,0
DA:352,0
DA:353,0
DA:354,0
DA:355,0
DA:356,0
DA:357,0
DA:358,0
DA:359,0
DA:360,0
DA:361,0
DA:362,0
DA:363,0
DA:364,0
DA:365,0
DA:366,0
DA:367,0
DA:368,0
DA:369,0
DA:370,0
DA:371,0
DA:372,0
DA:373,0
DA:374,0
DA:375,0
DA:376,0
DA:377,0
DA:378,0
DA:379,0
DA:380,0
DA:381,0
DA:382,0
DA:383,0
DA:384,0
DA:385,0
DA:386,0
DA:387,0
DA:388,0
DA:389,0
DA:390,0
DA:391,0
DA:392,0
DA:393,0
DA:394,0
DA:395,0
DA:396,0
DA:397,0
DA:398,0
DA:399,0
DA:400,0
DA:401,0
DA:402,0
DA:403,0
DA:404,0
DA:405,0
DA:406,0
DA:407,0
DA:408,0
DA:409,0
DA:410,0
DA:411,0
DA:412,0
DA:413,0
DA:414,0
DA:415,0
DA:416,0
DA:417,0
DA:418,0
DA:419,0
DA:420,0
DA:421,0
DA:422,0
DA:423,0
DA:424,0
DA:425,0
DA:426,0
DA:427,0
DA:428,0
DA:429,0
DA:430,0
DA:431,0
DA:432,0
DA:433,0
DA:434,0
DA:435,0
DA:436,0
DA:437,0
DA:438,0
DA:439,0
DA:440,0
DA:441,0
DA:442,0
DA:443,0
DA:444,0
DA:445,0
DA:446,0
LF:446
LH:0
BRDA:1,0,0,0
BRF:1
BRH:0
end_of_record
TN:
SF:lib/logger.js
FN:1,Object.<anonymous>
FN:6,Logger
FN:29,logInput
FN:39,logProjectState
FN:55,logCurrentTask
FN:74,logModeDecision
FN:86,logStrikeHandling
FN:99,logReviewInjection
FN:112,logPromptGeneration
FN:123,logExit
FN:129,logError
FN:141,addFlow
FN:148,save
FNF:13
FNH:13
FNDA:2,Object.<anonymous>
FNDA:39,Logger
FNDA:6,logInput
FNDA:5,logProjectState
FNDA:6,logCurrentTask
FNDA:5,logModeDecision
FNDA:2,logStrikeHandling
FNDA:2,logReviewInjection
FNDA:4,logPromptGeneration
FNDA:3,logExit
FNDA:7,logError
FNDA:58,addFlow
FNDA:6,save
DA:1,2
DA:2,2
DA:3,2
DA:4,2
DA:5,2
DA:6,2
DA:7,39
DA:8,39
DA:9,39
DA:10,39
DA:11,39
DA:12,39
DA:13,39
DA:14,39
DA:15,39
DA:16,39
DA:17,39
DA:18,39
DA:19,39
DA:20,39
DA:21,39
DA:22,39
DA:23,39
DA:24,39
DA:25,39
DA:26,39
DA:27,39
DA:28,2
DA:29,2
DA:30,6
DA:31,6
DA:32,6
DA:33,6
DA:34,6
DA:35,6
DA:36,6
DA:37,6
DA:38,2
DA:39,2
DA:40,5
DA:41,5
DA:42,5
DA:43,5
DA:44,5
DA:45,5
DA:46,5
DA:47,5
DA:48,5
DA:49,5
DA:50,5
DA:51,5
DA:52,5
DA:53,5
DA:54,2
DA:55,2
DA:56,6
DA:57,4
DA:58,4
DA:59,4
DA:60,4
DA:61,4
DA:62,4
DA:63,4
DA:64,4
DA:65,4
DA:66,4
DA:67,4
DA:68,6
DA:69,2
DA:70,2
DA:71,2
DA:72,6
DA:73,2
DA:74,2
DA:75,5
DA:76,5
DA:77,5
DA:78,5
DA:79,5
DA:80,5
DA:81,5
DA:82,5
DA:83,5
DA:84,5
DA:85,2
DA:86,2
DA:87,2
DA:88,2
DA:89,2
DA:90,2
DA:91,2
DA:92,2
DA:93,2
DA:94,2
DA:95,2
DA:96,2
DA:97,2
DA:98,2
DA:99,2
DA:100,2
DA:101,2
DA:102,2
DA:103,2
DA:104,2
DA:105,2
DA:106,2
DA:107,2
DA:108,1
DA:109,1
DA:110,2
DA:111,2
DA:112,2
DA:113,4
DA:114,4
DA:115,4
DA:116,4
DA:117,4
DA:118,4
DA:119,4
DA:120,4
DA:121,4
DA:122,2
DA:123,2
DA:124,3
DA:125,3
DA:126,3
DA:127,3
DA:128,2
DA:129,2
DA:130,7
DA:131,7
DA:132,7
DA:133,7
DA:134,7
DA:135,7
DA:136,7
DA:137,7
DA:138,7
DA:139,7
DA:140,2
DA:141,2
DA:142,58
DA:143,58
DA:144,58
DA:145,58
DA:146,58
DA:147,2
DA:148,2
DA:149,6
DA:150,6
DA:151,6
DA:152,6
DA:153,6
DA:154,6
DA:155,6
DA:156,6
DA:157,6
DA:158,6
DA:159,6
DA:160,6
DA:161,6
DA:162,6
DA:163,6
DA:164,6
DA:165,6
DA:166,6
DA:167,6
DA:168,6
DA:169,6
DA:170,6
DA:171,2
DA:172,2
DA:173,6
DA:174,1
DA:175,1
DA:176,1
DA:177,6
DA:178,2
DA:179,2
DA:180,2
LF:180
LH:180
BRDA:1,0,0,2
BRDA:1,1,0,2
BRDA:6,2,0,39
BRDA:29,3,0,6
BRDA:39,4,0,5
BRDA:44,5,0,12
BRDA:45,6,0,12
BRDA:46,7,0,12
BRDA:55,8,0,6
BRDA:56,9,0,4
BRDA:68,10,0,2
BRDA:74,11,0,5
BRDA:83,12,0,3
BRDA:86,13,0,2
BRDA:96,14,0,1
BRDA:99,15,0,2
BRDA:107,16,0,1
BRDA:112,17,0,4
BRDA:123,18,0,3
BRDA:129,19,0,7
BRDA:141,20,0,58
BRDA:148,21,0,6
BRDA:170,22,0,2
BRDA:173,23,0,1
BRF:24
BRH:24
end_of_record
TN:
SF:lib/nodeModulesMonitor.js
FN:1,Object.<anonymous>
FN:21,NodeModulesMonitor
FN:58,startMonitoring
FN:99,checkIntegrity
FN:171,restoreCorruptedFiles
FN:224,generateReport
FN:253,stopMonitoring
FN:279,generateChecksums
FN:310,addPackageFiles
FN:334,calculateFileChecksum
FN:362,createBackups
FN:400,restoreFile
FN:426,detectUnexpectedFiles
FN:460,isLegitimateFile
FN:475,getAllFilesRecursive
FN:478,traverse
FN:509,shouldSkipFile
FN:535,ensureBackupDirectory
FN:546,getAvailableBackups
FN:582,cleanupOldBackups
FN:604,saveChecksums
FN:624,log
FN:654,writeLogToFile
FNF:23
FNH:23
FNDA:1,Object.<anonymous>
FNDA:36,NodeModulesMonitor
FNDA:29,startMonitoring
FNDA:12,checkIntegrity
FNDA:5,restoreCorruptedFiles
FNDA:2,generateReport
FNDA:8,stopMonitoring
FNDA:29,generateChecksums
FNDA:21,addPackageFiles
FNDA:189,calculateFileChecksum
FNDA:28,createBackups
FNDA:2,restoreFile
FNDA:11,detectUnexpectedFiles
FNDA:24,isLegitimateFile
FNDA:43,getAllFilesRecursive
FNDA:169,traverse
FNDA:35,shouldSkipFile
FNDA:29,ensureBackupDirectory
FNDA:34,getAvailableBackups
FNDA:28,cleanupOldBackups
FNDA:8,saveChecksums
FNDA:183,log
FNDA:183,writeLogToFile
DA:1,1
DA:2,1
DA:3,1
DA:4,1
DA:5,1
DA:6,1
DA:7,1
DA:8,1
DA:9,1
DA:10,1
DA:11,1
DA:12,1
DA:13,1
DA:14,1
DA:15,1
DA:16,1
DA:17,1
DA:18,1
DA:19,1
DA:20,1
DA:21,1
DA:22,36
DA:23,36
DA:24,36
DA:25,36
DA:26,36
DA:27,36
DA:28,36
DA:29,36
DA:30,36
DA:31,36
DA:32,36
DA:33,36
DA:34,36
DA:35,36
DA:36,36
DA:37,36
DA:38,36
DA:39,36
DA:40,36
DA:41,36
DA:42,36
DA:43,36
DA:44,36
DA:45,36
DA:46,36
DA:47,36
DA:48,36
DA:49,36
DA:50,36
DA:51,36
DA:52,36
DA:53,1
DA:54,1
DA:55,1
DA:56,1
DA:57,1
DA:58,1
DA:59,29
DA:60,29
DA:61,29
DA:62,29
DA:63,29
DA:64,29
DA:65,29
DA:66,29
DA:67,29
DA:68,29
DA:69,29
DA:70,29
DA:71,28
DA:72,28
DA:73,28
DA:74,28
DA:75,28
DA:76,28
DA:77,28
DA:78,28
DA:79,28
DA:80,28
DA:81,28
DA:82,28
DA:83,28
DA:84,28
DA:85,28
DA:86,28
DA:87,28
DA:88,29
DA:89,1
DA:90,1
DA:91,1
DA:92,1
DA:93,29
DA:94,1
DA:95,1
DA:96,1
DA:97,1
DA:98,1
DA:99,1
DA:100,12
DA:101,1
DA:102,1
DA:103,11
DA:104,11
DA:105,11
DA:106,11
DA:107,11
DA:108,11
DA:109,11
DA:110,11
DA:111,12
DA:112,45
DA:113,45
DA:114,45
DA:115,45
DA:116,7
DA:117,7
DA:118,7
DA:119,7
DA:120,7
DA:121,7
DA:122,7
DA:123,7
DA:124,7
DA:125,7
DA:126,7
DA:127,45
DA:128,11
DA:129,11
DA:130,11
DA:131,11
DA:132,2
DA:133,2
DA:134,2
DA:135,2
DA:136,2
DA:137,2
DA:138,2
DA:139,11
DA:140,11
DA:141,11
DA:142,11
DA:143,11
DA:144,11
DA:145,11
DA:146,11
DA:147,11
DA:148,11
DA:149,11
DA:150,11
DA:151,12
DA:152,8
DA:153,8
DA:154,8
DA:155,8
DA:156,12
DA:157,3
DA:158,3
DA:159,11
DA:160,11
DA:161,11
DA:162,12
DA:163,0
DA:164,0
DA:165,0
DA:166,12
DA:167,1
DA:168,1
DA:169,1
DA:170,1
DA:171,1
DA:172,5
DA:173,1
DA:174,1
DA:175,1
DA:176,4
DA:177,5
DA:178,1
DA:179,1
DA:180,1
DA:181,3
DA:182,3
DA:183,3
DA:184,5
DA:185,1
DA:186,1
DA:187,1
DA:188,2
DA:189,2
DA:190,2
DA:191,2
DA:192,2
DA:193,2
DA:194,2
DA:195,2
DA:196,2
DA:197,2
DA:198,2
DA:199,2
DA:200,2
DA:201,0
DA:202,0
DA:203,0
DA:204,0
DA:205,0
DA:206,2
DA:207,2
DA:208,2
DA:209,2
DA:210,2
DA:211,2
DA:212,2
DA:213,2
DA:214,2
DA:215,2
DA:216,2
DA:217,2
DA:218,2
DA:219,5
DA:220,1
DA:221,1
DA:222,1
DA:223,1
DA:224,1
DA:225,2
DA:226,2
DA:227,2
DA:228,2
DA:229,2
DA:230,2
DA:231,2
DA:232,2
DA:233,2
DA:234,2
DA:235,2
DA:236,2
DA:237,8
DA:238,8
DA:239,8
DA:240,8
DA:241,8
DA:242,8
DA:243,8
DA:244,2
DA:245,2
DA:246,2
DA:247,2
DA:248,2
DA:249,1
DA:250,1
DA:251,1
DA:252,1
DA:253,1
DA:254,8
DA:255,8
DA:256,8
DA:257,8
DA:258,8
DA:259,8
DA:260,8
DA:261,8
DA:262,8
DA:263,8
DA:264,8
DA:265,8
DA:266,8
DA:267,8
DA:268,8
DA:269,8
DA:270,8
DA:271,1
DA:272,1
DA:273,1
DA:274,1
DA:275,1
DA:276,1
DA:277,1
DA:278,1
DA:279,1
DA:280,29
DA:281,29
DA:282,29
DA:283,113
DA:284,113
DA:285,109
DA:286,108
DA:287,108
DA:288,113
DA:289,28
DA:290,28
DA:291,29
DA:292,7
DA:293,7
DA:294,7
DA:295,7
DA:296,7
DA:297,7
DA:298,7
DA:299,21
DA:300,21
DA:301,21
DA:302,21
DA:303,21
DA:304,7
DA:305,29
DA:306,1
DA:307,1
DA:308,1
DA:309,1
DA:310,1
DA:311,21
DA:312,21
DA:313,21
DA:314,21
DA:315,35
DA:316,35
DA:317,0
DA:318,0
DA:319,35
DA:320,35
DA:321,35
DA:322,35
DA:323,21
DA:324,0
DA:325,0
DA:326,0
DA:327,0
DA:328,0
DA:329,21
DA:330,1
DA:331,1
DA:332,1
DA:333,1
DA:334,1
DA:335,189
DA:336,189
DA:337,189
DA:338,189
DA:339,189
DA:340,189
DA:341,189
DA:342,1
DA:343,189
DA:344,189
DA:345,189
DA:346,188
DA:347,189
DA:348,189
DA:349,189
DA:350,188
DA:351,189
DA:352,189
DA:353,189
DA:354,0
DA:355,0
DA:356,189
DA:357,189
DA:358,1
DA:359,1
DA:360,1
DA:361,1
DA:362,1
DA:363,28
DA:364,28
DA:365,28
DA:366,28
DA:367,28
DA:368,28
DA:369,28
DA:370,28
DA:371,112
DA:372,112
DA:373,112
DA:374,112
DA:375,108
DA:376,108
DA:377,108
DA:378,108
DA:379,108
DA:380,0
DA:381,0
DA:382,0
DA:383,0
DA:384,0
DA:385,108
DA:386,112
DA:387,28
DA:388,28
DA:389,28
DA:390,28
DA:391,28
DA:392,28
DA:393,28
DA:394,28
DA:395,28
DA:396,1
DA:397,1
DA:398,1
DA:399,1
DA:400,1
DA:401,2
DA:402,2
DA:403,0
DA:404,0
DA:405,2
DA:406,2
DA:407,2
DA:408,2
DA:409,2
DA:410,2
DA:411,0
DA:412,0
DA:413,2
DA:414,2
DA:415,2
DA:416,2
DA:417,2
DA:418,2
DA:419,2
DA:420,2
DA:421,2
DA:422,1
DA:423,1
DA:424,1
DA:425,1
DA:426,1
DA:427,11
DA:428,11
DA:429,11
DA:430,11
DA:431,11
DA:432,11
DA:433,11
DA:434,11
DA:435,11
DA:436,22
DA:437,22
DA:438,22
DA:439,22
DA:440,22
DA:441,24
DA:442,24
DA:443,2
DA:444,2
DA:445,24
DA:446,22
DA:447,0
DA:448,0
DA:449,0
DA:450,0
DA:451,0
DA:452,22
DA:453,11
DA:454,11
DA:455,11
DA:456,1
DA:457,1
DA:458,1
DA:459,1
DA:460,1
DA:461,24
DA:462,24
DA:463,24
DA:464,24
DA:465,24
DA:466,24
DA:467,24
DA:468,24
DA:469,24
DA:470,24
DA:471,1
DA:472,1
DA:473,1
DA:474,1
DA:475,1
DA:476,43
DA:477,43
DA:478,43
DA:479,169
DA:480,169
DA:481,169
DA:482,169
DA:483,375
DA:484,375
DA:485,375
DA:486,375
DA:487,126
DA:488,126
DA:489,126
DA:490,126
DA:491,375
DA:492,249
DA:493,249
DA:494,249
DA:495,249
DA:496,375
DA:497,169
DA:498,0
DA:499,0
DA:500,169
DA:501,43
DA:502,43
DA:503,43
DA:504,43
DA:505,1
DA:506,1
DA:507,1
DA:508,1
DA:509,1
DA:510,35
DA:511,35
DA:512,35
DA:513,35
DA:514,35
DA:515,0
DA:516,0
DA:517,35
DA:518,35
DA:519,35
DA:520,35
DA:521,35
DA:522,35
DA:523,35
DA:524,35
DA:525,35
DA:526,35
DA:527,35
DA:528,35
DA:529,35
DA:530,35
DA:531,1
DA:532,1
DA:533,1
DA:534,1
DA:535,1
DA:536,29
DA:537,29
DA:538,29
DA:539,0
DA:540,0
DA:541,29
DA:542,1
DA:543,1
DA:544,1
DA:545,1
DA:546,1
DA:547,34
DA:548,34
DA:549,1
DA:550,1
DA:551,33
DA:552,33
DA:553,33
DA:554,33
DA:555,34
DA:556,42
DA:557,42
DA:558,42
DA:559,42
DA:560,42
DA:561,42
DA:562,42
DA:563,42
DA:564,42
DA:565,42
DA:566,42
DA:567,33
DA:568,33
DA:569,33
DA:570,33
DA:571,33
DA:572,33
DA:573,34
DA:574,0
DA:575,0
DA:576,0
DA:577,34
DA:578,1
DA:579,1
DA:580,1
DA:581,1
DA:582,1
DA:583,28
DA:584,28
DA:585,28
DA:586,28
DA:587,3
DA:588,3
DA:589,3
DA:590,3
DA:591,3
DA:592,3
DA:593,3
DA:594,3
DA:595,3
DA:596,28
DA:597,0
DA:598,0
DA:599,28
DA:600,1
DA:601,1
DA:602,1
DA:603,1
DA:604,1
DA:605,8
DA:606,8
DA:607,8
DA:608,8
DA:609,8
DA:610,8
DA:611,8
DA:612,8
DA:613,8
DA:614,8
DA:615,8
DA:616,8
DA:617,0
DA:618,0
DA:619,8
DA:620,1
DA:621,1
DA:622,1
DA:623,1
DA:624,1
DA:625,183
DA:626,183
DA:627,183
DA:628,183
DA:629,183
DA:630,183
DA:631,183
DA:632,183
DA:633,183
DA:634,183
DA:635,183
DA:636,183
DA:637,183
DA:638,183
DA:639,183
DA:640,183
DA:641,0
DA:642,0
DA:643,0
DA:644,183
DA:645,183
DA:646,183
DA:647,0
DA:648,183
DA:649,183
DA:650,1
DA:651,1
DA:652,1
DA:653,1
DA:654,1
DA:655,183
DA:656,183
DA:657,183
DA:658,183
DA:659,183
DA:660,0
DA:661,0
DA:662,0
DA:663,0
DA:664,0
DA:665,0
DA:666,0
DA:667,0
DA:668,0
DA:669,183
DA:670,1
DA:671,1
DA:672,1
LF:672
LH:615
BRDA:1,0,0,1
BRDA:1,1,0,1
BRDA:21,2,0,36
BRDA:22,3,0,1
BRDA:41,4,0,3
BRDA:42,5,0,35
BRDA:58,6,0,29
BRDA:71,7,0,28
BRDA:88,8,0,1
BRDA:99,9,0,12
BRDA:100,10,0,1
BRDA:103,11,0,11
BRDA:111,12,0,45
BRDA:115,13,0,7
BRDA:128,14,0,11
BRDA:151,15,0,8
BRDA:156,16,0,3
BRDA:159,17,0,11
BRDA:162,18,0,0
BRDA:131,19,0,2
BRDA:154,20,0,9
BRDA:171,21,0,5
BRDA:172,22,0,1
BRDA:176,23,0,4
BRDA:177,24,0,1
BRDA:181,25,0,3
BRDA:184,26,0,1
BRDA:188,27,0,2
BRDA:200,28,0,0
BRDA:224,29,0,2
BRDA:234,30,0,1
BRDA:234,31,0,1
BRDA:232,32,0,1
BRDA:233,33,0,1
BRDA:236,34,0,8
BRDA:241,35,0,1
BRDA:241,36,0,7
BRDA:242,37,0,7
BRDA:238,38,0,4
BRDA:253,39,0,8
BRDA:279,40,0,29
BRDA:282,41,0,113
BRDA:284,42,0,109
BRDA:286,43,0,108
BRDA:289,44,0,28
BRDA:291,45,0,7
BRDA:298,46,0,21
BRDA:310,47,0,21
BRDA:314,48,0,35
BRDA:316,49,0,0
BRDA:323,50,0,0
BRDA:334,51,0,189
BRDA:335,52,0,189
BRDA:353,53,0,0
BRDA:341,54,0,1
BRDA:345,55,0,188
BRDA:349,56,0,188
BRDA:362,57,0,28
BRDA:370,58,0,112
BRDA:374,59,0,108
BRDA:379,60,0,0
BRDA:400,61,0,2
BRDA:402,62,0,0
BRDA:410,63,0,0
BRDA:426,64,0,11
BRDA:435,65,0,22
BRDA:440,66,0,24
BRDA:442,67,0,2
BRDA:446,68,0,0
BRDA:438,69,0,214
BRDA:460,70,0,24
BRDA:475,71,0,43
BRDA:478,72,0,169
BRDA:482,73,0,375
BRDA:486,74,0,126
BRDA:491,75,0,249
BRDA:492,76,0,35
BRDA:497,77,0,0
BRDA:509,78,0,35
BRDA:514,79,0,0
BRDA:529,80,0,245
BRDA:535,81,0,29
BRDA:538,82,0,0
BRDA:546,83,0,34
BRDA:548,84,0,1
BRDA:551,85,0,33
BRDA:555,86,0,42
BRDA:567,87,0,33
BRDA:573,88,0,0
BRDA:570,89,0,9
BRDA:571,90,0,42
BRDA:582,91,0,28
BRDA:586,92,0,3
BRDA:596,93,0,0
BRDA:604,94,0,8
BRDA:616,95,0,0
BRDA:624,96,0,183
BRDA:640,97,0,0
BRDA:654,98,0,183
BRDA:660,99,0,0
BRF:100
BRH:83
end_of_record
TN:
SF:lib/postTestValidator.js
FN:1,Object.<anonymous>
FN:6,PostTestValidator
FN:41,initializeBaseline
FN:73,validateFileIntegrity
FN:150,validateJsonFiles
FN:238,validateNodeModulesProtection
FN:327,validateBinaryCorruption
FN:401,validatePermissionEscalation
FN:469,validateFileSystemChanges
FN:546,_scanDirectory
FN:555,scanRecursive
FN:602,runFullValidation
FN:609,console.log
FN:610,console.warn
FN:775,generateReport
FN:817,_generateHumanReadableSummary
FNF:16
FNH:15
FNDA:1,Object.<anonymous>
FNDA:30,PostTestValidator
FNDA:11,initializeBaseline
FNDA:9,validateFileIntegrity
FNDA:9,validateJsonFiles
FNDA:9,validateNodeModulesProtection
FNDA:7,validateBinaryCorruption
FNDA:7,validatePermissionEscalation
FNDA:9,validateFileSystemChanges
FNDA:9,_scanDirectory
FNDA:45,scanRecursive
FNDA:7,runFullValidation
FNDA:0,console.log
FNDA:6,console.warn
FNDA:3,generateReport
FNDA:2,_generateHumanReadableSummary
DA:1,1
DA:2,1
DA:3,1
DA:4,1
DA:5,1
DA:6,1
DA:7,30
DA:8,30
DA:9,30
DA:10,30
DA:11,30
DA:12,30
DA:13,30
DA:14,30
DA:15,30
DA:16,30
DA:17,30
DA:18,30
DA:19,30
DA:20,30
DA:21,30
DA:22,30
DA:23,30
DA:24,30
DA:25,30
DA:26,30
DA:27,30
DA:28,30
DA:29,30
DA:30,30
DA:31,30
DA:32,30
DA:33,30
DA:34,30
DA:35,30
DA:36,30
DA:37,30
DA:38,30
DA:39,30
DA:40,1
DA:41,1
DA:42,11
DA:43,0
DA:44,0
DA:45,11
DA:46,11
DA:47,44
DA:48,44
DA:49,44
DA:50,43
DA:51,43
DA:52,43
DA:53,43
DA:54,43
DA:55,43
DA:56,43
DA:57,43
DA:58,0
DA:59,0
DA:60,44
DA:61,1
DA:62,0
DA:63,0
DA:64,1
DA:65,44
DA:66,0
DA:67,0
DA:68,0
DA:69,0
DA:70,44
DA:71,11
DA:72,1
DA:73,1
DA:74,9
DA:75,0
DA:76,0
DA:77,9
DA:78,9
DA:79,9
DA:80,9
DA:81,9
DA:82,9
DA:83,9
DA:84,9
DA:85,36
DA:86,36
DA:87,1
DA:88,1
DA:89,1
DA:90,1
DA:91,1
DA:92,1
DA:93,1
DA:94,1
DA:95,1
DA:96,1
DA:97,1
DA:98,1
DA:99,35
DA:100,35
DA:101,35
DA:102,35
DA:103,35
DA:104,35
DA:105,35
DA:106,35
DA:107,35
DA:108,35
DA:109,35
DA:110,35
DA:111,36
DA:112,36
DA:113,36
DA:114,36
DA:115,3
DA:116,3
DA:117,3
DA:118,3
DA:119,3
DA:120,3
DA:121,3
DA:122,3
DA:123,3
DA:124,3
DA:125,3
DA:126,3
DA:127,3
DA:128,3
DA:129,3
DA:130,3
DA:131,36
DA:132,36
DA:133,0
DA:134,0
DA:135,0
DA:136,0
DA:137,0
DA:138,0
DA:139,0
DA:140,0
DA:141,0
DA:142,0
DA:143,0
DA:144,36
DA:145,9
DA:146,9
DA:147,9
DA:148,9
DA:149,1
DA:150,1
DA:151,9
DA:152,0
DA:153,0
DA:154,9
DA:155,9
DA:156,9
DA:157,9
DA:158,9
DA:159,9
DA:160,9
DA:161,9
DA:162,9
DA:163,9
DA:164,9
DA:165,9
DA:166,9
DA:167,9
DA:168,27
DA:169,27
DA:170,27
DA:171,27
DA:172,18
DA:173,18
DA:174,18
DA:175,18
DA:176,18
DA:177,18
DA:178,18
DA:179,18
DA:180,18
DA:181,18
DA:182,18
DA:183,3
DA:184,3
DA:185,3
DA:186,3
DA:187,3
DA:188,3
DA:189,3
DA:190,3
DA:191,3
DA:192,3
DA:193,3
DA:194,18
DA:195,18
DA:196,18
DA:197,9
DA:198,9
DA:199,9
DA:200,9
DA:201,9
DA:202,9
DA:203,9
DA:204,9
DA:205,36
DA:206,1
DA:207,1
DA:208,1
DA:209,1
DA:210,1
DA:211,1
DA:212,1
DA:213,1
DA:214,1
DA:215,1
DA:216,1
DA:217,36
DA:218,9
DA:219,18
DA:220,27
DA:221,0
DA:222,0
DA:223,0
DA:224,0
DA:225,0
DA:226,0
DA:227,0
DA:228,0
DA:229,0
DA:230,0
DA:231,0
DA:232,27
DA:233,9
DA:234,9
DA:235,9
DA:236,9
DA:237,1
DA:238,1
DA:239,9
DA:240,0
DA:241,0
DA:242,9
DA:243,9
DA:244,9
DA:245,9
DA:246,9
DA:247,9
DA:248,9
DA:249,9
DA:250,9
DA:251,9
DA:252,0
DA:253,0
DA:254,0
DA:255,0
DA:256,9
DA:257,9
DA:258,9
DA:259,9
DA:260,9
DA:261,9
DA:262,9
DA:263,9
DA:264,9
DA:265,9
DA:266,9
DA:267,9
DA:268,9
DA:269,9
DA:270,1
DA:271,1
DA:272,1
DA:273,1
DA:274,1
DA:275,1
DA:276,1
DA:277,1
DA:278,1
DA:279,1
DA:280,1
DA:281,1
DA:282,9
DA:283,9
DA:284,9
DA:285,9
DA:286,9
DA:287,9
DA:288,9
DA:289,9
DA:290,1
DA:291,1
DA:292,1
DA:293,1
DA:294,1
DA:295,1
DA:296,1
DA:297,1
DA:298,1
DA:299,1
DA:300,1
DA:301,9
DA:302,9
DA:303,9
DA:304,9
DA:305,9
DA:306,9
DA:307,9
DA:308,9
DA:309,9
DA:310,9
DA:311,0
DA:312,0
DA:313,0
DA:314,0
DA:315,0
DA:316,0
DA:317,0
DA:318,0
DA:319,0
DA:320,0
DA:321,0
DA:322,9
DA:323,9
DA:324,9
DA:325,9
DA:326,1
DA:327,1
DA:328,7
DA:329,0
DA:330,0
DA:331,7
DA:332,7
DA:333,7
DA:334,7
DA:335,7
DA:336,7
DA:337,7
DA:338,7
DA:339,7
DA:340,7
DA:341,7
DA:342,7
DA:343,7
DA:344,7
DA:345,21
DA:346,21
DA:347,21
DA:348,21
DA:349,15
DA:350,15
DA:351,15
DA:352,1
DA:353,1
DA:354,1
DA:355,1
DA:356,1
DA:357,1
DA:358,1
DA:359,15
DA:360,14
DA:361,14
DA:362,14
DA:363,14
DA:364,14
DA:365,14
DA:366,14
DA:367,14
DA:368,14
DA:369,14
DA:370,0
DA:371,0
DA:372,0
DA:373,0
DA:374,0
DA:375,0
DA:376,0
DA:377,0
DA:378,0
DA:379,0
DA:380,14
DA:381,21
DA:382,6
DA:383,6
DA:384,21
DA:385,0
DA:386,0
DA:387,0
DA:388,0
DA:389,0
DA:390,0
DA:391,0
DA:392,0
DA:393,0
DA:394,0
DA:395,21
DA:396,7
DA:397,7
DA:398,7
DA:399,7
DA:400,1
DA:401,1
DA:402,7
DA:403,0
DA:404,0
DA:405,7
DA:406,7
DA:407,7
DA:408,7
DA:409,7
DA:410,7
DA:411,7
DA:412,7
DA:413,7
DA:414,7
DA:415,7
DA:416,7
DA:417,7
DA:418,7
DA:419,7
DA:420,7
DA:421,7
DA:422,7
DA:423,7
DA:424,7
DA:425,7
DA:426,7
DA:427,7
DA:428,7
DA:429,28
DA:430,28
DA:431,7
DA:432,7
DA:433,7
DA:434,0
DA:435,0
DA:436,0
DA:437,0
DA:438,0
DA:439,0
DA:440,0
DA:441,0
DA:442,0
DA:443,0
DA:444,0
DA:445,0
DA:446,0
DA:447,0
DA:448,0
DA:449,0
DA:450,0
DA:451,0
DA:452,0
DA:453,0
DA:454,0
DA:455,0
DA:456,0
DA:457,0
DA:458,0
DA:459,0
DA:460,0
DA:461,0
DA:462,0
DA:463,0
DA:464,0
DA:465,0
DA:466,0
DA:467,7
DA:468,1
DA:469,1
DA:470,9
DA:471,0
DA:472,0
DA:473,9
DA:474,9
DA:475,9
DA:476,9
DA:477,9
DA:478,9
DA:479,9
DA:480,9
DA:481,9
DA:482,9
DA:483,9
DA:484,9
DA:485,9
DA:486,9
DA:487,9
DA:488,9
DA:489,9
DA:490,9
DA:491,9
DA:492,9
DA:493,9
DA:494,9
DA:495,9
DA:496,9
DA:497,9
DA:498,9
DA:499,9
DA:500,9
DA:501,33
DA:502,33
DA:503,33
DA:504,33
DA:505,3
DA:506,9
DA:507,9
DA:508,9
DA:509,9
DA:510,9
DA:511,9
DA:512,9
DA:513,9
DA:514,9
DA:515,9
DA:516,3
DA:517,3
DA:518,3
DA:519,3
DA:520,3
DA:521,3
DA:522,3
DA:523,3
DA:524,3
DA:525,3
DA:526,3
DA:527,3
DA:528,9
DA:529,9
DA:530,0
DA:531,0
DA:532,0
DA:533,0
DA:534,0
DA:535,0
DA:536,0
DA:537,0
DA:538,0
DA:539,0
DA:540,0
DA:541,9
DA:542,9
DA:543,9
DA:544,9
DA:545,1
DA:546,1
DA:547,9
DA:548,9
DA:549,9
DA:550,9
DA:551,9
DA:552,9
DA:553,9
DA:554,9
DA:555,9
DA:556,45
DA:557,45
DA:558,45
DA:559,45
DA:560,45
DA:561,55
DA:562,55
DA:563,55
DA:564,55
DA:565,55
DA:566,55
DA:567,36
DA:568,36
DA:569,36
DA:570,36
DA:571,55
DA:572,19
DA:573,19
DA:574,19
DA:575,19
DA:576,73
DA:577,1
DA:578,1
DA:579,1
DA:580,73
DA:581,19
DA:582,55
DA:583,0
DA:584,0
DA:585,0
DA:586,0
DA:587,0
DA:588,55
DA:589,9
DA:590,9
DA:591,9
DA:592,9
DA:593,0
DA:594,0
DA:595,0
DA:596,0
DA:597,0
DA:598,9
DA:599,9
DA:600,9
DA:601,1
DA:602,1
DA:603,7
DA:604,7
DA:605,7
DA:606,7
DA:607,7
DA:608,7
DA:609,7
DA:610,7
DA:611,7
DA:612,7
DA:613,0
DA:614,0
DA:615,7
DA:616,7
DA:617,7
DA:618,7
DA:619,7
DA:620,7
DA:621,7
DA:622,7
DA:623,7
DA:624,7
DA:625,7
DA:626,7
DA:627,7
DA:628,7
DA:629,7
DA:630,7
DA:631,7
DA:632,7
DA:633,7
DA:634,7
DA:635,7
DA:636,1
DA:637,1
DA:638,1
DA:639,1
DA:640,1
DA:641,0
DA:642,0
DA:643,0
DA:644,1
DA:645,1
DA:646,1
DA:647,1
DA:648,1
DA:649,6
DA:650,6
DA:651,7
DA:652,5
DA:653,5
DA:654,6
DA:655,6
DA:656,6
DA:657,6
DA:658,6
DA:659,6
DA:660,6
DA:661,6
DA:662,6
DA:663,6
DA:664,6
DA:665,6
DA:666,6
DA:667,6
DA:668,6
DA:669,6
DA:670,6
DA:671,6
DA:672,6
DA:673,6
DA:674,6
DA:675,6
DA:676,6
DA:677,6
DA:678,6
DA:679,6
DA:680,6
DA:681,6
DA:682,6
DA:683,6
DA:684,6
DA:685,6
DA:686,6
DA:687,6
DA:688,6
DA:689,6
DA:690,6
DA:691,6
DA:692,6
DA:693,6
DA:694,6
DA:695,6
DA:696,6
DA:697,6
DA:698,6
DA:699,6
DA:700,7
DA:701,7
DA:702,7
DA:703,7
DA:704,7
DA:705,6
DA:706,6
DA:707,6
DA:708,6
DA:709,6
DA:710,6
DA:711,6
DA:712,6
DA:713,6
DA:714,6
DA:715,6
DA:716,6
DA:717,6
DA:718,6
DA:719,1
DA:720,4
DA:721,1
DA:722,1
DA:723,6
DA:724,6
DA:725,6
DA:726,6
DA:727,6
DA:728,6
DA:729,6
DA:730,6
DA:731,6
DA:732,6
DA:733,7
DA:734,0
DA:735,0
DA:736,6
DA:737,6
DA:738,6
DA:739,7
DA:740,1
DA:741,1
DA:742,1
DA:743,1
DA:744,1
DA:745,1
DA:746,1
DA:747,1
DA:748,1
DA:749,1
DA:750,1
DA:751,1
DA:752,1
DA:753,1
DA:754,1
DA:755,1
DA:756,1
DA:757,1
DA:758,1
DA:759,1
DA:760,1
DA:761,1
DA:762,1
DA:763,1
DA:764,1
DA:765,1
DA:766,1
DA:767,1
DA:768,1
DA:769,1
DA:770,1
DA:771,1
DA:772,1
DA:773,7
DA:774,1
DA:775,1
DA:776,3
DA:777,3
DA:778,3
DA:779,3
DA:780,3
DA:781,3
DA:782,3
DA:783,3
DA:784,2
DA:785,2
DA:786,2
DA:787,2
DA:788,2
DA:789,2
DA:790,2
DA:791,2
DA:792,2
DA:793,2
DA:794,2
DA:795,2
DA:796,2
DA:797,2
DA:798,2
DA:799,2
DA:800,2
DA:801,2
DA:802,2
DA:803,2
DA:804,2
DA:805,2
DA:806,2
DA:807,2
DA:808,2
DA:809,2
DA:810,2
DA:811,3
DA:812,1
DA:813,1
DA:814,1
DA:815,3
DA:816,1
DA:817,1
DA:818,2
DA:819,2
DA:820,2
DA:821,2
DA:822,2
DA:823,2
DA:824,2
DA:825,2
DA:826,2
DA:827,2
DA:828,2
DA:829,2
DA:830,2
DA:831,2
DA:832,2
DA:833,2
DA:834,2
DA:835,2
DA:836,2
DA:837,2
DA:838,2
DA:839,2
DA:840,0
DA:841,0
DA:842,0
DA:843,0
DA:844,0
DA:845,0
DA:846,0
DA:847,0
DA:848,0
DA:849,0
DA:850,0
DA:851,0
DA:852,0
DA:853,0
DA:854,0
DA:855,0
DA:856,0
DA:857,0
DA:858,0
DA:859,0
DA:860,0
DA:861,0
DA:862,0
DA:863,0
DA:864,0
DA:865,0
DA:866,0
DA:867,0
DA:868,0
DA:869,0
DA:870,0
DA:871,0
DA:872,0
DA:873,2
DA:874,2
DA:875,2
DA:876,2
DA:877,2
DA:878,2
DA:879,2
DA:880,2
DA:881,2
DA:882,2
DA:883,12
DA:884,12
DA:885,0
DA:886,0
DA:887,2
DA:888,2
DA:889,2
DA:890,2
DA:891,2
DA:892,2
DA:893,2
DA:894,1
DA:895,1
DA:896,1
LF:896
LH:721
BRDA:1,0,0,1
BRDA:1,1,0,1
BRDA:6,2,0,30
BRDA:7,3,0,0
BRDA:41,4,0,11
BRDA:42,5,0,0
BRDA:42,6,0,0
BRDA:46,7,0,44
BRDA:49,8,0,43
BRDA:57,9,0,0
BRDA:57,10,0,0
BRDA:60,11,0,1
BRDA:61,12,0,0
BRDA:61,13,0,0
BRDA:65,14,0,0
BRDA:73,15,0,9
BRDA:74,16,0,0
BRDA:74,17,0,0
BRDA:84,18,0,36
BRDA:86,19,0,1
BRDA:99,20,0,35
BRDA:111,21,0,32
BRDA:111,22,0,3
BRDA:114,23,0,3
BRDA:132,24,0,0
BRDA:150,25,0,9
BRDA:151,26,0,0
BRDA:151,27,0,0
BRDA:167,28,0,27
BRDA:171,29,0,18
BRDA:182,30,0,3
BRDA:196,31,0,9
BRDA:204,32,0,36
BRDA:205,33,0,1
BRDA:220,34,0,0
BRDA:238,35,0,9
BRDA:239,36,0,0
BRDA:239,37,0,0
BRDA:251,38,0,0
BRDA:269,39,0,1
BRDA:289,40,0,8
BRDA:289,41,0,1
BRDA:306,42,0,7
BRDA:306,43,0,2
BRDA:310,44,0,0
BRDA:327,45,0,7
BRDA:328,46,0,0
BRDA:328,47,0,0
BRDA:344,48,0,21
BRDA:345,49,0,14
BRDA:345,50,0,7
BRDA:348,51,0,15
BRDA:351,52,0,1
BRDA:359,53,0,14
BRDA:369,54,0,7
BRDA:369,55,0,0
BRDA:381,56,0,6
BRDA:384,57,0,0
BRDA:401,58,0,7
BRDA:402,59,0,0
BRDA:402,60,0,0
BRDA:420,61,0,0
BRDA:421,62,0,0
BRDA:422,63,0,0
BRDA:428,64,0,28
BRDA:434,65,0,0
BRDA:469,66,0,9
BRDA:470,67,0,0
BRDA:470,68,0,0
BRDA:515,69,0,3
BRDA:529,70,0,0
BRDA:500,71,0,33
BRDA:501,72,0,3
BRDA:502,73,0,3
BRDA:503,74,0,3
BRDA:504,75,0,3
BRDA:546,76,0,9
BRDA:592,77,0,0
BRDA:555,78,0,45
BRDA:556,79,0,0
BRDA:560,80,0,55
BRDA:566,81,0,36
BRDA:571,82,0,19
BRDA:575,83,0,73
BRDA:576,84,0,1
BRDA:582,85,0,0
BRDA:602,86,0,7
BRDA:605,87,0,0
BRDA:612,88,0,0
BRDA:635,89,0,1
BRDA:637,90,0,0
BRDA:640,91,0,0
BRDA:649,92,0,6
BRDA:651,93,0,5
BRDA:654,94,0,6
BRDA:700,95,0,1
BRDA:700,96,0,5
BRDA:701,97,0,0
BRDA:704,98,0,6
BRDA:718,99,0,1
BRDA:733,100,0,0
BRDA:736,101,0,6
BRDA:739,102,0,1
BRDA:610,103,0,6
BRDA:656,104,0,36
BRDA:691,105,0,36
BRDA:693,106,0,36
BRDA:695,107,0,4
BRDA:697,108,0,4
BRDA:719,109,0,4
BRDA:766,110,0,6
BRDA:775,111,0,3
BRDA:776,112,0,2
BRDA:784,113,0,2
BRDA:811,114,0,1
BRDA:817,115,0,2
BRDA:839,116,0,0
BRDA:882,117,0,12
BRDA:884,118,0,0
BRF:119
BRH:77
end_of_record
TN:
SF:lib/reviewSystem.js
FN:1,Object.<anonymous>
FN:6,ReviewSystem
FN:42,checkStrikeQuality
FN:204,createQualityImprovementTask
FN:253,insertTasksBeforeStrikes
FN:271,injectQualityImprovementTask
FN:278,createReviewTask
FN:299,buildReviewPrompt
FN:319,shouldInjectReviewTask
FN:337,getNextStrikeNumber
FN:345,handleReviewResult
FN:369,createRemediationTasks
FNF:12
FNH:12
FNDA:1,Object.<anonymous>
FNDA:56,ReviewSystem
FNDA:19,checkStrikeQuality
FNDA:6,createQualityImprovementTask
FNDA:5,insertTasksBeforeStrikes
FNDA:2,injectQualityImprovementTask
FNDA:8,createReviewTask
FNDA:7,buildReviewPrompt
FNDA:9,shouldInjectReviewTask
FNDA:6,getNextStrikeNumber
FNDA:6,handleReviewResult
FNDA:8,createRemediationTasks
DA:1,1
DA:2,1
DA:3,1
DA:4,1
DA:5,1
DA:6,1
DA:7,56
DA:8,56
DA:9,56
DA:10,56
DA:11,56
DA:12,56
DA:13,56
DA:14,56
DA:15,56
DA:16,56
DA:17,56
DA:18,56
DA:19,56
DA:20,56
DA:21,56
DA:22,56
DA:23,56
DA:24,56
DA:25,56
DA:26,56
DA:27,56
DA:28,56
DA:29,56
DA:30,56
DA:31,56
DA:32,56
DA:33,56
DA:34,56
DA:35,56
DA:36,56
DA:37,1
DA:38,1
DA:39,1
DA:40,1
DA:41,1
DA:42,1
DA:43,19
DA:44,19
DA:45,19
DA:46,19
DA:47,19
DA:48,19
DA:49,19
DA:50,19
DA:51,19
DA:52,19
DA:53,19
DA:54,19
DA:55,19
DA:56,19
DA:57,18
DA:58,18
DA:59,18
DA:60,18
DA:61,2
DA:62,2
DA:63,2
DA:64,16
DA:65,16
DA:66,18
DA:67,8
DA:68,8
DA:69,8
DA:70,16
DA:71,16
DA:72,18
DA:73,14
DA:74,14
DA:75,14
DA:76,14
DA:77,14
DA:78,14
DA:79,14
DA:80,6
DA:81,6
DA:82,6
DA:83,14
DA:84,18
DA:85,19
DA:86,3
DA:87,3
DA:88,3
DA:89,19
DA:90,19
DA:91,19
DA:92,19
DA:93,19
DA:94,19
DA:95,19
DA:96,19
DA:97,49
DA:98,19
DA:99,19
DA:100,19
DA:101,10
DA:102,10
DA:103,19
DA:104,8
DA:105,8
DA:106,8
DA:107,8
DA:108,8
DA:109,8
DA:110,8
DA:111,8
DA:112,5
DA:113,5
DA:114,2
DA:115,2
DA:116,2
DA:117,2
DA:118,2
DA:119,2
DA:120,1
DA:121,1
DA:122,1
DA:123,1
DA:124,1
DA:125,1
DA:126,1
DA:127,2
DA:128,1
DA:129,1
DA:130,1
DA:131,5
DA:132,3
DA:133,3
DA:134,3
DA:135,5
DA:136,8
DA:137,19
DA:138,1
DA:139,1
DA:140,1
DA:141,19
DA:142,19
DA:143,19
DA:144,19
DA:145,19
DA:146,18
DA:147,18
DA:148,18
DA:149,18
DA:150,5
DA:151,5
DA:152,18
DA:153,11
DA:154,11
DA:155,11
DA:156,11
DA:157,11
DA:158,11
DA:159,11
DA:160,11
DA:161,2
DA:162,2
DA:163,2
DA:164,11
DA:165,11
DA:166,11
DA:167,8
DA:168,8
DA:169,8
DA:170,8
DA:171,8
DA:172,8
DA:173,8
DA:174,1
DA:175,1
DA:176,1
DA:177,11
DA:178,3
DA:179,3
DA:180,3
DA:181,11
DA:182,18
DA:183,19
DA:184,3
DA:185,3
DA:186,3
DA:187,19
DA:188,19
DA:189,19
DA:190,19
DA:191,19
DA:192,19
DA:193,19
DA:194,0
DA:195,0
DA:196,0
DA:197,19
DA:198,19
DA:199,19
DA:200,1
DA:201,1
DA:202,1
DA:203,1
DA:204,1
DA:205,6
DA:206,6
DA:207,6
DA:208,14
DA:209,10
DA:210,10
DA:211,6
DA:212,6
DA:213,6
DA:214,6
DA:215,6
DA:216,6
DA:217,6
DA:218,6
DA:219,6
DA:220,6
DA:221,6
DA:222,6
DA:223,6
DA:224,6
DA:225,6
DA:226,6
DA:227,6
DA:228,6
DA:229,6
DA:230,6
DA:231,6
DA:232,6
DA:233,6
DA:234,6
DA:235,6
DA:236,6
DA:237,6
DA:238,6
DA:239,6
DA:240,6
DA:241,6
DA:242,6
DA:243,6
DA:244,6
DA:245,6
DA:246,6
DA:247,6
DA:248,1
DA:249,1
DA:250,1
DA:251,1
DA:252,1
DA:253,1
DA:254,5
DA:255,5
DA:256,5
DA:257,5
DA:258,5
DA:259,5
DA:260,5
DA:261,5
DA:262,5
DA:263,5
DA:264,5
DA:265,5
DA:266,5
DA:267,1
DA:268,1
DA:269,1
DA:270,1
DA:271,1
DA:272,2
DA:273,2
DA:274,2
DA:275,2
DA:276,2
DA:277,1
DA:278,1
DA:279,8
DA:280,8
DA:281,3
DA:282,3
DA:283,5
DA:284,5
DA:285,5
DA:286,5
DA:287,5
DA:288,5
DA:289,5
DA:290,5
DA:291,5
DA:292,5
DA:293,5
DA:294,5
DA:295,5
DA:296,5
DA:297,8
DA:298,1
DA:299,1
DA:300,7
DA:301,7
DA:302,7
DA:303,7
DA:304,28
DA:305,7
DA:306,7
DA:307,7
DA:308,7
DA:309,7
DA:310,7
DA:311,7
DA:312,7
DA:313,7
DA:314,7
DA:315,7
DA:316,7
DA:317,7
DA:318,1
DA:319,1
DA:320,9
DA:321,9
DA:322,1
DA:323,1
DA:324,8
DA:325,8
DA:326,8
DA:327,8
DA:328,1041
DA:329,8
DA:330,8
DA:331,8
DA:332,8
DA:333,9
DA:334,9
DA:335,9
DA:336,1
DA:337,1
DA:338,6
DA:339,13
DA:340,6
DA:341,6
DA:342,6
DA:343,6
DA:344,1
DA:345,1
DA:346,6
DA:347,4
DA:348,4
DA:349,4
DA:350,4
DA:351,1
DA:352,1
DA:353,1
DA:354,1
DA:355,4
DA:356,3
DA:357,3
DA:358,3
DA:359,3
DA:360,3
DA:361,6
DA:362,2
DA:363,2
DA:364,2
DA:365,2
DA:366,2
DA:367,6
DA:368,1
DA:369,1
DA:370,8
DA:371,8
DA:372,8
DA:373,3
DA:374,5
DA:375,5
DA:376,5
DA:377,5
DA:378,5
DA:379,5
DA:380,5
DA:381,5
DA:382,5
DA:383,5
DA:384,5
DA:385,5
DA:386,3
DA:387,3
DA:388,8
DA:389,8
DA:390,3
DA:391,3
DA:392,3
DA:393,3
DA:394,3
DA:395,3
DA:396,3
DA:397,3
DA:398,3
DA:399,3
DA:400,3
DA:401,3
DA:402,3
DA:403,8
DA:404,8
DA:405,3
DA:406,3
DA:407,3
DA:408,3
DA:409,3
DA:410,3
DA:411,3
DA:412,3
DA:413,3
DA:414,3
DA:415,3
DA:416,3
DA:417,3
DA:418,3
DA:419,3
DA:420,8
DA:421,8
DA:422,2
DA:423,3
DA:424,3
DA:425,3
DA:426,3
DA:427,3
DA:428,3
DA:429,3
DA:430,3
DA:431,3
DA:432,3
DA:433,3
DA:434,3
DA:435,2
DA:436,2
DA:437,8
DA:438,8
DA:439,8
DA:440,1
DA:441,1
DA:442,1
LF:442
LH:439
BRDA:1,0,0,1
BRDA:1,1,0,1
BRDA:6,2,0,56
BRDA:42,3,0,19
BRDA:56,4,0,18
BRDA:60,5,0,16
BRDA:60,6,0,2
BRDA:64,7,0,16
BRDA:66,8,0,8
BRDA:70,9,0,16
BRDA:72,10,0,14
BRDA:79,11,0,6
BRDA:85,12,0,3
BRDA:100,13,0,10
BRDA:103,14,0,8
BRDA:111,15,0,5
BRDA:113,16,0,2
BRDA:119,17,0,1
BRDA:127,18,0,1
BRDA:131,19,0,3
BRDA:137,20,0,1
BRDA:145,21,0,18
BRDA:149,22,0,16
BRDA:149,23,0,5
BRDA:152,24,0,11
BRDA:160,25,0,2
BRDA:166,26,0,8
BRDA:173,27,0,1
BRDA:177,28,0,3
BRDA:183,29,0,3
BRDA:189,30,0,2
BRDA:190,31,0,1
BRDA:193,32,0,0
BRDA:96,33,0,49
BRDA:116,34,0,2
BRDA:117,35,0,2
BRDA:204,36,0,6
BRDA:223,37,0,5
BRDA:223,38,0,1
BRDA:224,39,0,4
BRDA:224,40,0,2
BRDA:225,41,0,3
BRDA:225,42,0,3
BRDA:207,43,0,14
BRDA:208,44,0,10
BRDA:208,45,0,10
BRDA:209,46,0,15
BRDA:228,47,0,15
BRDA:253,48,0,5
BRDA:255,49,0,10
BRDA:256,50,0,10
BRDA:271,51,0,2
BRDA:278,52,0,8
BRDA:280,53,0,3
BRDA:283,54,0,5
BRDA:299,55,0,7
BRDA:303,56,0,28
BRDA:319,57,0,9
BRDA:321,58,0,1
BRDA:324,59,0,8
BRDA:333,60,0,7
BRDA:325,61,0,1041
BRDA:326,62,0,1038
BRDA:327,63,0,1041
BRDA:328,64,0,3
BRDA:337,65,0,6
BRDA:338,66,0,13
BRDA:339,67,0,8
BRDA:345,68,0,6
BRDA:346,69,0,4
BRDA:350,70,0,1
BRDA:355,71,0,3
BRDA:361,72,0,2
BRDA:369,73,0,8
BRDA:372,74,0,3
BRDA:389,75,0,3
BRDA:395,76,0,2
BRDA:404,77,0,3
BRDA:421,78,0,2
BRDA:373,79,0,5
BRDA:394,80,0,5
BRDA:405,81,0,3
BRDA:412,82,0,2
BRDA:422,83,0,3
BRDA:429,84,0,2
BRDA:431,85,0,1
BRDA:431,86,0,2
BRF:87
BRH:86
end_of_record
TN:
SF:lib/taskManager.js
FN:1,Object.<anonymous>
FN:5,TaskManager
FN:16,readTodo
FN:57,writeTodo
FN:86,getCurrentTask
FN:94,updateTaskStatus
FN:103,addSubtask
FN:120,getResearchReportPath
FN:129,researchReportExists
FN:140,createTask
FN:192,getNextMode
FN:201,shouldRunReviewer
FN:212,handleStrikeLogic
FN:233,getFileStatus
FN:242,performAutoFix
FN:250,dryRunAutoFix
FN:258,listBackups
FN:267,restoreFromBackup
FN:275,createBackup
FN:283,validateTodoFile
FNF:20
FNH:20
FNDA:1,Object.<anonymous>
FNDA:67,TaskManager
FNDA:7,readTodo
FNDA:5,writeTodo
FNDA:9,getCurrentTask
FNDA:11,updateTaskStatus
FNDA:6,addSubtask
FNDA:9,getResearchReportPath
FNDA:3,researchReportExists
FNDA:7,createTask
FNDA:4,getNextMode
FNDA:5,shouldRunReviewer
FNDA:5,handleStrikeLogic
FNDA:1,getFileStatus
FNDA:2,performAutoFix
FNDA:1,dryRunAutoFix
FNDA:1,listBackups
FNDA:2,restoreFromBackup
FNDA:1,createBackup
FNDA:3,validateTodoFile
DA:1,1
DA:2,1
DA:3,1
DA:4,1
DA:5,1
DA:6,67
DA:7,67
DA:8,67
DA:9,67
DA:10,67
DA:11,67
DA:12,67
DA:13,67
DA:14,67
DA:15,1
DA:16,1
DA:17,7
DA:18,1
DA:19,1
DA:20,6
DA:21,6
DA:22,6
DA:23,6
DA:24,6
DA:25,6
DA:26,7
DA:27,2
DA:28,2
DA:29,2
DA:30,1
DA:31,1
DA:32,1
DA:33,1
DA:34,1
DA:35,1
DA:36,1
DA:37,1
DA:38,1
DA:39,2
DA:40,1
DA:41,1
DA:42,1
DA:43,7
DA:44,4
DA:45,3
DA:46,3
DA:47,3
DA:48,3
DA:49,1
DA:50,1
DA:51,3
DA:52,3
DA:53,3
DA:54,3
DA:55,7
DA:56,1
DA:57,1
DA:58,5
DA:59,5
DA:60,5
DA:61,5
DA:62,5
DA:63,5
DA:64,1
DA:65,1
DA:66,5
DA:67,4
DA:68,4
DA:69,4
DA:70,4
DA:71,4
DA:72,4
DA:73,4
DA:74,4
DA:75,5
DA:76,2
DA:77,2
DA:78,2
DA:79,2
DA:80,2
DA:81,5
DA:82,3
DA:83,3
DA:84,5
DA:85,1
DA:86,1
DA:87,9
DA:88,9
DA:89,1
DA:90,1
DA:91,8
DA:92,9
DA:93,1
DA:94,1
DA:95,11
DA:96,11
DA:97,11
DA:98,10
DA:99,10
DA:100,10
DA:101,11
DA:102,1
DA:103,1
DA:104,6
DA:105,6
DA:106,6
DA:107,5
DA:108,2
DA:109,2
DA:110,5
DA:111,5
DA:112,5
DA:113,6
DA:114,1
DA:115,1
DA:116,1
DA:117,1
DA:118,1
DA:119,1
DA:120,1
DA:121,9
DA:122,9
DA:123,1
DA:124,1
DA:125,1
DA:126,1
DA:127,1
DA:128,1
DA:129,1
DA:130,3
DA:131,3
DA:132,3
DA:133,3
DA:134,3
DA:135,3
DA:136,3
DA:137,3
DA:138,3
DA:139,1
DA:140,1
DA:141,7
DA:142,7
DA:143,7
DA:144,7
DA:145,7
DA:146,7
DA:147,7
DA:148,7
DA:149,7
DA:150,7
DA:151,7
DA:152,4
DA:153,4
DA:154,4
DA:155,4
DA:156,4
DA:157,4
DA:158,4
DA:159,4
DA:160,4
DA:161,4
DA:162,4
DA:163,4
DA:164,4
DA:165,7
DA:166,7
DA:167,7
DA:168,7
DA:169,7
DA:170,7
DA:171,7
DA:172,7
DA:173,7
DA:174,7
DA:175,7
DA:176,7
DA:177,7
DA:178,7
DA:179,7
DA:180,7
DA:181,7
DA:182,7
DA:183,7
DA:184,7
DA:185,7
DA:186,7
DA:187,7
DA:188,7
DA:189,7
DA:190,7
DA:191,1
DA:192,1
DA:193,4
DA:194,4
DA:195,3
DA:196,3
DA:197,3
DA:198,1
DA:199,4
DA:200,1
DA:201,1
DA:202,5
DA:203,5
DA:204,26
DA:205,24
DA:206,5
DA:207,5
DA:208,5
DA:209,5
DA:210,5
DA:211,1
DA:212,1
DA:213,5
DA:214,5
DA:215,2
DA:216,2
DA:217,2
DA:218,2
DA:219,3
DA:220,3
DA:221,5
DA:222,2
DA:223,2
DA:224,2
DA:225,1
DA:226,1
DA:227,5
DA:228,1
DA:229,1
DA:230,1
DA:231,1
DA:232,1
DA:233,1
DA:234,1
DA:235,1
DA:236,1
DA:237,1
DA:238,1
DA:239,1
DA:240,1
DA:241,1
DA:242,1
DA:243,2
DA:244,2
DA:245,1
DA:246,1
DA:247,1
DA:248,1
DA:249,1
DA:250,1
DA:251,1
DA:252,1
DA:253,1
DA:254,1
DA:255,1
DA:256,1
DA:257,1
DA:258,1
DA:259,1
DA:260,1
DA:261,1
DA:262,1
DA:263,1
DA:264,1
DA:265,1
DA:266,1
DA:267,1
DA:268,2
DA:269,2
DA:270,1
DA:271,1
DA:272,1
DA:273,1
DA:274,1
DA:275,1
DA:276,1
DA:277,1
DA:278,1
DA:279,1
DA:280,1
DA:281,1
DA:282,1
DA:283,1
DA:284,3
DA:285,3
DA:286,3
DA:287,3
DA:288,3
DA:289,2
DA:290,2
DA:291,2
DA:292,2
DA:293,2
DA:294,2
DA:295,2
DA:296,2
DA:297,2
DA:298,2
DA:299,2
DA:300,3
DA:301,1
DA:302,1
DA:303,1
LF:303
LH:303
BRDA:1,0,0,1
BRDA:1,1,0,1
BRDA:5,2,0,67
BRDA:10,3,0,66
BRDA:16,4,0,7
BRDA:17,5,0,1
BRDA:20,6,0,6
BRDA:26,7,0,0
BRDA:26,8,0,2
BRDA:29,9,0,1
BRDA:29,10,0,1
BRDA:29,11,0,1
BRDA:40,12,0,1
BRDA:43,13,0,4
BRDA:44,14,0,3
BRDA:48,15,0,1
BRDA:57,16,0,5
BRDA:63,17,0,1
BRDA:63,18,0,1
BRDA:67,19,0,4
BRDA:75,20,0,2
BRDA:81,21,0,3
BRDA:86,22,0,9
BRDA:88,23,0,8
BRDA:88,24,0,1
BRDA:91,25,0,8
BRDA:91,26,0,5013
BRDA:91,27,0,5011
BRDA:91,28,0,5007
BRDA:94,29,0,11
BRDA:97,30,0,10
BRDA:96,31,0,11
BRDA:103,32,0,6
BRDA:106,33,0,5
BRDA:107,34,0,2
BRDA:105,35,0,6
BRDA:120,36,0,9
BRDA:129,37,0,3
BRDA:140,38,0,7
BRDA:147,39,0,6
BRDA:148,40,0,5
BRDA:151,41,0,5
BRDA:151,42,0,4
BRDA:172,43,0,6
BRDA:173,44,0,6
BRDA:161,45,0,2
BRDA:192,46,0,4
BRDA:194,47,0,2
BRDA:194,48,0,3
BRDA:196,49,0,1
BRDA:196,50,0,2
BRDA:198,51,0,1
BRDA:201,52,0,5
BRDA:209,53,0,4
BRDA:203,54,0,26
BRDA:204,55,0,24
BRDA:212,56,0,5
BRDA:214,57,0,4
BRDA:214,58,0,2
BRDA:219,59,0,3
BRDA:221,60,0,2
BRDA:221,61,0,2
BRDA:225,62,0,1
BRDA:233,63,0,1
BRDA:242,64,0,2
BRDA:250,65,0,1
BRDA:258,66,0,1
BRDA:267,67,0,2
BRDA:275,68,0,1
BRDA:283,69,0,3
BRDA:288,70,0,2
BRF:71
BRH:70
end_of_record
TN:
SF:lib/testErrorHandler.js
FN:1,Object.<anonymous>
FN:10,TestErrorHandler
FN:34,setupDefaultRecoveryStrategies
FN:61,withErrorHandling
FN:119,withTimeout
FN:145,attemptRecovery
FN:178,genericRecovery
FN:198,handleFileNotFound
FN:229,handlePermissionDenied
FN:246,handleTooManyFiles
FN:259,handleTimeout
FN:268,handleConnectionReset
FN:276,handleConnectionRefused
FN:286,handleSyntaxError
FN:297,handleJSONParseError
FN:324,handleMockError
FN:340,handleAssertionError
FN:357,handleTestTimeout
FN:373,recordError
FN:397,createEnhancedError
FN:418,extractFilePathFromError
FN:446,delay
FN:455,log
FN:470,getErrorStats
FN:483,resetStats
FN:497,registerRecoveryStrategy
FN:506,createResilientTestEnv
FNF:27
FNH:5
FNDA:2,Object.<anonymous>
FNDA:2,TestErrorHandler
FNDA:2,setupDefaultRecoveryStrategies
FNDA:2,withErrorHandling
FNDA:2,withTimeout
FNDA:0,attemptRecovery
FNDA:0,genericRecovery
FNDA:0,handleFileNotFound
FNDA:0,handlePermissionDenied
FNDA:0,handleTooManyFiles
FNDA:0,handleTimeout
FNDA:0,handleConnectionReset
FNDA:0,handleConnectionRefused
FNDA:0,handleSyntaxError
FNDA:0,handleJSONParseError
FNDA:0,handleMockError
FNDA:0,handleAssertionError
FNDA:0,handleTestTimeout
FNDA:0,recordError
FNDA:0,createEnhancedError
FNDA:0,extractFilePathFromError
FNDA:0,delay
FNDA:0,log
FNDA:0,getErrorStats
FNDA:0,resetStats
FNDA:0,registerRecoveryStrategy
FNDA:0,createResilientTestEnv
DA:1,2
DA:2,2
DA:3,2
DA:4,2
DA:5,2
DA:6,2
DA:7,2
DA:8,2
DA:9,2
DA:10,2
DA:11,2
DA:12,2
DA:13,2
DA:14,2
DA:15,2
DA:16,2
DA:17,2
DA:18,2
DA:19,2
DA:20,2
DA:21,2
DA:22,2
DA:23,2
DA:24,2
DA:25,2
DA:26,2
DA:27,2
DA:28,2
DA:29,2
DA:30,2
DA:31,2
DA:32,2
DA:33,2
DA:34,2
DA:35,2
DA:36,2
DA:37,2
DA:38,2
DA:39,2
DA:40,2
DA:41,2
DA:42,2
DA:43,2
DA:44,2
DA:45,2
DA:46,2
DA:47,2
DA:48,2
DA:49,2
DA:50,2
DA:51,2
DA:52,2
DA:53,2
DA:54,2
DA:55,2
DA:56,2
DA:57,2
DA:58,2
DA:59,2
DA:60,2
DA:61,2
DA:62,2
DA:63,2
DA:64,2
DA:65,2
DA:66,2
DA:67,2
DA:68,2
DA:69,2
DA:70,2
DA:71,2
DA:72,2
DA:73,2
DA:74,2
DA:75,0
DA:76,0
DA:77,0
DA:78,0
DA:79,0
DA:80,0
DA:81,0
DA:82,0
DA:83,0
DA:84,0
DA:85,0
DA:86,0
DA:87,0
DA:88,0
DA:89,0
DA:90,0
DA:91,0
DA:92,0
DA:93,0
DA:94,0
DA:95,0
DA:96,0
DA:97,0
DA:98,0
DA:99,0
DA:100,0
DA:101,0
DA:102,0
DA:103,0
DA:104,0
DA:105,2
DA:106,0
DA:107,0
DA:108,0
DA:109,0
DA:110,2
DA:111,2
DA:112,2
DA:113,2
DA:114,2
DA:115,2
DA:116,2
DA:117,2
DA:118,2
DA:119,2
DA:120,2
DA:121,2
DA:122,0
DA:123,0
DA:124,0
DA:125,0
DA:126,2
DA:127,2
DA:128,2
DA:129,2
DA:130,2
DA:131,2
DA:132,0
DA:133,0
DA:134,2
DA:135,2
DA:136,2
DA:137,2
DA:138,2
DA:139,2
DA:140,2
DA:141,2
DA:142,2
DA:143,2
DA:144,2
DA:145,2
DA:146,0
DA:147,0
DA:148,0
DA:149,0
DA:150,0
DA:151,0
DA:152,0
DA:153,0
DA:154,0
DA:155,0
DA:156,0
DA:157,0
DA:158,0
DA:159,0
DA:160,0
DA:161,0
DA:162,0
DA:163,0
DA:164,0
DA:165,0
DA:166,0
DA:167,0
DA:168,0
DA:169,0
DA:170,2
DA:171,2
DA:172,2
DA:173,2
DA:174,2
DA:175,2
DA:176,2
DA:177,2
DA:178,2
DA:179,0
DA:180,0
DA:181,0
DA:182,0
DA:183,0
DA:184,0
DA:185,0
DA:186,0
DA:187,0
DA:188,0
DA:189,0
DA:190,0
DA:191,0
DA:192,0
DA:193,0
DA:194,2
DA:195,2
DA:196,2
DA:197,2
DA:198,2
DA:199,0
DA:200,0
DA:201,0
DA:202,0
DA:203,0
DA:204,0
DA:205,0
DA:206,0
DA:207,0
DA:208,0
DA:209,0
DA:210,0
DA:211,0
DA:212,0
DA:213,0
DA:214,0
DA:215,0
DA:216,0
DA:217,0
DA:218,0
DA:219,0
DA:220,0
DA:221,0
DA:222,0
DA:223,0
DA:224,0
DA:225,2
DA:226,2
DA:227,2
DA:228,2
DA:229,2
DA:230,0
DA:231,0
DA:232,0
DA:233,0
DA:234,0
DA:235,0
DA:236,0
DA:237,0
DA:238,0
DA:239,0
DA:240,0
DA:241,0
DA:242,2
DA:243,2
DA:244,2
DA:245,2
DA:246,2
DA:247,0
DA:248,0
DA:249,0
DA:250,0
DA:251,0
DA:252,0
DA:253,0
DA:254,0
DA:255,2
DA:256,2
DA:257,2
DA:258,2
DA:259,2
DA:260,0
DA:261,0
DA:262,0
DA:263,0
DA:264,2
DA:265,2
DA:266,2
DA:267,2
DA:268,2
DA:269,0
DA:270,0
DA:271,0
DA:272,2
DA:273,2
DA:274,2
DA:275,2
DA:276,2
DA:277,0
DA:278,0
DA:279,0
DA:280,0
DA:281,0
DA:282,2
DA:283,2
DA:284,2
DA:285,2
DA:286,2
DA:287,0
DA:288,0
DA:289,0
DA:290,0
DA:291,0
DA:292,0
DA:293,2
DA:294,2
DA:295,2
DA:296,2
DA:297,2
DA:298,0
DA:299,0
DA:300,0
DA:301,0
DA:302,0
DA:303,0
DA:304,0
DA:305,0
DA:306,0
DA:307,0
DA:308,0
DA:309,0
DA:310,0
DA:311,0
DA:312,0
DA:313,0
DA:314,0
DA:315,0
DA:316,0
DA:317,0
DA:318,0
DA:319,0
DA:320,2
DA:321,2
DA:322,2
DA:323,2
DA:324,2
DA:325,0
DA:326,0
DA:327,0
DA:328,0
DA:329,0
DA:330,0
DA:331,0
DA:332,0
DA:333,0
DA:334,0
DA:335,0
DA:336,2
DA:337,2
DA:338,2
DA:339,2
DA:340,2
DA:341,0
DA:342,0
DA:343,0
DA:344,0
DA:345,0
DA:346,0
DA:347,0
DA:348,0
DA:349,0
DA:350,0
DA:351,0
DA:352,0
DA:353,2
DA:354,2
DA:355,2
DA:356,2
DA:357,2
DA:358,0
DA:359,0
DA:360,0
DA:361,0
DA:362,0
DA:363,0
DA:364,0
DA:365,0
DA:366,2
DA:367,2
DA:368,2
DA:369,2
DA:370,2
DA:371,2
DA:372,2
DA:373,2
DA:374,0
DA:375,0
DA:376,0
DA:377,0
DA:378,0
DA:379,0
DA:380,0
DA:381,0
DA:382,0
DA:383,0
DA:384,0
DA:385,0
DA:386,0
DA:387,0
DA:388,2
DA:389,2
DA:390,2
DA:391,2
DA:392,2
DA:393,2
DA:394,2
DA:395,2
DA:396,2
DA:397,2
DA:398,0
DA:399,0
DA:400,0
DA:401,0
DA:402,0
DA:403,0
DA:404,0
DA:405,0
DA:406,0
DA:407,0
DA:408,0
DA:409,0
DA:410,0
DA:411,0
DA:412,2
DA:413,2
DA:414,2
DA:415,2
DA:416,2
DA:417,2
DA:418,2
DA:419,0
DA:420,0
DA:421,0
DA:422,0
DA:423,0
DA:424,0
DA:425,0
DA:426,0
DA:427,0
DA:428,0
DA:429,0
DA:430,0
DA:431,0
DA:432,0
DA:433,0
DA:434,0
DA:435,0
DA:436,0
DA:437,0
DA:438,0
DA:439,0
DA:440,2
DA:441,2
DA:442,2
DA:443,2
DA:444,2
DA:445,2
DA:446,2
DA:447,0
DA:448,0
DA:449,2
DA:450,2
DA:451,2
DA:452,2
DA:453,2
DA:454,2
DA:455,2
DA:456,0
DA:457,0
DA:458,0
DA:459,0
DA:460,0
DA:461,0
DA:462,0
DA:463,0
DA:464,0
DA:465,2
DA:466,2
DA:467,2
DA:468,2
DA:469,2
DA:470,2
DA:471,0
DA:472,0
DA:473,0
DA:474,0
DA:475,0
DA:476,0
DA:477,0
DA:478,0
DA:479,2
DA:480,2
DA:481,2
DA:482,2
DA:483,2
DA:484,0
DA:485,0
DA:486,0
DA:487,0
DA:488,0
DA:489,0
DA:490,0
DA:491,2
DA:492,2
DA:493,2
DA:494,2
DA:495,2
DA:496,2
DA:497,2
DA:498,0
DA:499,0
DA:500,2
DA:501,2
DA:502,2
DA:503,2
DA:504,2
DA:505,2
DA:506,2
DA:507,0
DA:508,0
DA:509,0
DA:510,0
DA:511,0
DA:512,0
DA:513,0
DA:514,0
DA:515,0
DA:516,0
DA:517,0
DA:518,0
DA:519,0
DA:520,0
DA:521,0
DA:522,0
DA:523,0
DA:524,0
DA:525,0
DA:526,0
DA:527,0
DA:528,0
DA:529,0
DA:530,0
DA:531,0
DA:532,0
DA:533,0
DA:534,0
DA:535,0
DA:536,0
DA:537,0
DA:538,0
DA:539,0
DA:540,0
DA:541,0
DA:542,0
DA:543,0
DA:544,0
DA:545,0
DA:546,0
DA:547,0
DA:548,0
DA:549,0
DA:550,0
DA:551,0
DA:552,0
DA:553,0
DA:554,0
DA:555,0
DA:556,0
DA:557,0
DA:558,0
DA:559,0
DA:560,0
DA:561,0
DA:562,0
DA:563,0
DA:564,0
DA:565,0
DA:566,0
DA:567,0
DA:568,0
DA:569,2
DA:570,2
DA:571,2
LF:571
LH:236
BRDA:1,0,0,2
BRDA:1,1,0,2
BRDA:10,2,0,2
BRDA:12,3,0,0
BRDA:13,4,0,0
BRDA:34,5,0,2
BRDA:61,6,0,2
BRDA:62,7,0,0
BRDA:75,8,0,0
BRDA:106,9,0,0
BRDA:119,10,0,2
BRDA:120,11,0,2
BRDA:128,12,0,2
BRF:13
BRH:8
end_of_record
TN:
SF:lib/todoValidator.js
FN:1,Object.<anonymous>
FN:12,TodoValidator
FN:31,validateAndSanitize
FN:88,validateJsonSyntax
FN:119,_validateRootStructure
FN:184,_validateTasks
FN:220,_validateSingleTask
FN:300,_validateSubtasks
FN:351,_validateReviewStrikes
FN:379,_validateFileReferences
FN:408,_validateUniqueIds
FN:432,_validateDependencies
FN:466,_attemptJsonRepair
FN:494,_extractErrorPosition
FN:502,_getDefaultValue
FN:517,_getTaskDefaultValue
FN:535,_getSubtaskDefaultValue
FN:553,_generateSummary
FNF:18
FNH:18
FNDA:1,Object.<anonymous>
FNDA:39,TodoValidator
FNDA:28,validateAndSanitize
FNDA:5,validateJsonSyntax
FNDA:27,_validateRootStructure
FNDA:27,_validateTasks
FNDA:28,_validateSingleTask
FNDA:6,_validateSubtasks
FNDA:27,_validateReviewStrikes
FNDA:27,_validateFileReferences
FNDA:27,_validateUniqueIds
FNDA:27,_validateDependencies
FNDA:4,_attemptJsonRepair
FNDA:3,_extractErrorPosition
FNDA:9,_getDefaultValue
FNDA:8,_getTaskDefaultValue
FNDA:8,_getSubtaskDefaultValue
FNDA:28,_generateSummary
DA:1,1
DA:2,1
DA:3,1
DA:4,1
DA:5,1
DA:6,1
DA:7,1
DA:8,1
DA:9,1
DA:10,1
DA:11,1
DA:12,1
DA:13,39
DA:14,39
DA:15,39
DA:16,39
DA:17,39
DA:18,39
DA:19,39
DA:20,39
DA:21,39
DA:22,39
DA:23,39
DA:24,1
DA:25,1
DA:26,1
DA:27,1
DA:28,1
DA:29,1
DA:30,1
DA:31,1
DA:32,28
DA:33,28
DA:34,28
DA:35,28
DA:36,28
DA:37,28
DA:38,28
DA:39,28
DA:40,28
DA:41,28
DA:42,28
DA:43,28
DA:44,28
DA:45,28
DA:46,28
DA:47,28
DA:48,28
DA:49,28
DA:50,28
DA:51,28
DA:52,28
DA:53,28
DA:54,28
DA:55,28
DA:56,28
DA:57,28
DA:58,28
DA:59,28
DA:60,28
DA:61,28
DA:62,28
DA:63,28
DA:64,28
DA:65,28
DA:66,1
DA:67,1
DA:68,1
DA:69,1
DA:70,1
DA:71,1
DA:72,1
DA:73,1
DA:74,1
DA:75,1
DA:76,1
DA:77,1
DA:78,1
DA:79,1
DA:80,1
DA:81,28
DA:82,1
DA:83,1
DA:84,1
DA:85,1
DA:86,1
DA:87,1
DA:88,1
DA:89,5
DA:90,5
DA:91,5
DA:92,5
DA:93,4
DA:94,4
DA:95,4
DA:96,1
DA:97,1
DA:98,1
DA:99,1
DA:100,1
DA:101,1
DA:102,1
DA:103,3
DA:104,3
DA:105,3
DA:106,3
DA:107,3
DA:108,3
DA:109,3
DA:110,3
DA:111,3
DA:112,3
DA:113,3
DA:114,5
DA:115,1
DA:116,1
DA:117,1
DA:118,1
DA:119,1
DA:120,27
DA:121,135
DA:122,6
DA:123,6
DA:124,6
DA:125,6
DA:126,6
DA:127,6
DA:128,6
DA:129,6
DA:130,6
DA:131,6
DA:132,27
DA:133,27
DA:134,27
DA:135,27
DA:136,2
DA:137,2
DA:138,2
DA:139,2
DA:140,2
DA:141,2
DA:142,2
DA:143,27
DA:144,27
DA:145,1
DA:146,1
DA:147,1
DA:148,1
DA:149,1
DA:150,1
DA:151,1
DA:152,27
DA:153,27
DA:154,3
DA:155,3
DA:156,3
DA:157,3
DA:158,3
DA:159,3
DA:160,3
DA:161,27
DA:162,27
DA:163,1
DA:164,1
DA:165,1
DA:166,1
DA:167,1
DA:168,1
DA:169,1
DA:170,27
DA:171,27
DA:172,1
DA:173,1
DA:174,1
DA:175,1
DA:176,1
DA:177,1
DA:178,1
DA:179,27
DA:180,1
DA:181,1
DA:182,1
DA:183,1
DA:184,1
DA:185,27
DA:186,27
DA:187,27
DA:188,27
DA:189,33
DA:190,5
DA:191,5
DA:192,5
DA:193,5
DA:194,5
DA:195,5
DA:196,5
DA:197,5
DA:198,5
DA:199,28
DA:200,28
DA:201,27
DA:202,27
DA:203,27
DA:204,27
DA:205,27
DA:206,1
DA:207,2
DA:208,2
DA:209,2
DA:210,2
DA:211,2
DA:212,2
DA:213,1
DA:214,1
DA:215,27
DA:216,1
DA:217,1
DA:218,1
DA:219,1
DA:220,1
DA:221,28
DA:222,28
DA:223,28
DA:224,112
DA:225,5
DA:226,5
DA:227,5
DA:228,5
DA:229,5
DA:230,5
DA:231,5
DA:232,5
DA:233,5
DA:234,5
DA:235,28
DA:236,28
DA:237,28
DA:238,28
DA:239,0
DA:240,0
DA:241,0
DA:242,0
DA:243,0
DA:244,0
DA:245,0
DA:246,28
DA:247,28
DA:248,28
DA:249,2
DA:250,2
DA:251,2
DA:252,2
DA:253,2
DA:254,2
DA:255,2
DA:256,2
DA:257,28
DA:258,28
DA:259,28
DA:260,2
DA:261,2
DA:262,2
DA:263,2
DA:264,2
DA:265,2
DA:266,2
DA:267,2
DA:268,28
DA:269,28
DA:270,28
DA:271,0
DA:272,0
DA:273,0
DA:274,0
DA:275,0
DA:276,0
DA:277,0
DA:278,28
DA:279,28
DA:280,28
DA:281,6
DA:282,6
DA:283,28
DA:284,28
DA:285,28
DA:286,56
DA:287,2
DA:288,2
DA:289,2
DA:290,2
DA:291,2
DA:292,2
DA:293,2
DA:294,28
DA:295,28
DA:296,1
DA:297,1
DA:298,1
DA:299,1
DA:300,1
DA:301,6
DA:302,6
DA:303,6
DA:304,5
DA:305,2
DA:306,2
DA:307,2
DA:308,2
DA:309,2
DA:310,2
DA:311,2
DA:312,2
DA:313,3
DA:314,3
DA:315,3
DA:316,18
DA:317,5
DA:318,5
DA:319,5
DA:320,5
DA:321,5
DA:322,5
DA:323,5
DA:324,5
DA:325,3
DA:326,3
DA:327,3
DA:328,5
DA:329,1
DA:330,1
DA:331,1
DA:332,1
DA:333,1
DA:334,1
DA:335,1
DA:336,3
DA:337,5
DA:338,1
DA:339,1
DA:340,1
DA:341,1
DA:342,1
DA:343,1
DA:344,1
DA:345,6
DA:346,6
DA:347,1
DA:348,1
DA:349,1
DA:350,1
DA:351,1
DA:352,27
DA:353,27
DA:354,27
DA:355,27
DA:356,2
DA:357,1
DA:358,1
DA:359,1
DA:360,1
DA:361,1
DA:362,1
DA:363,1
DA:364,2
DA:365,2
DA:366,1
DA:367,1
DA:368,1
DA:369,1
DA:370,1
DA:371,1
DA:372,1
DA:373,27
DA:374,27
DA:375,1
DA:376,1
DA:377,1
DA:378,1
DA:379,1
DA:380,27
DA:381,27
DA:382,27
DA:383,27
DA:384,27
DA:385,33
DA:386,33
DA:387,6
DA:388,7
DA:389,7
DA:390,6
DA:391,6
DA:392,6
DA:393,1
DA:394,1
DA:395,1
DA:396,1
DA:397,1
DA:398,1
DA:399,1
DA:400,1
DA:401,6
DA:402,27
DA:403,27
DA:404,1
DA:405,1
DA:406,1
DA:407,1
DA:408,1
DA:409,27
DA:410,27
DA:411,27
DA:412,27
DA:413,33
DA:414,28
DA:415,33
DA:416,1
DA:417,1
DA:418,1
DA:419,1
DA:420,1
DA:421,1
DA:422,1
DA:423,33
DA:424,27
DA:425,27
DA:426,27
DA:427,27
DA:428,1
DA:429,1
DA:430,1
DA:431,1
DA:432,1
DA:433,27
DA:434,27
DA:435,27
DA:436,33
DA:437,33
DA:438,7
DA:439,6
DA:440,4
DA:441,4
DA:442,2
DA:443,2
DA:444,2
DA:445,2
DA:446,2
DA:447,2
DA:448,2
DA:449,7
DA:450,7
DA:451,7
DA:452,1
DA:453,1
DA:454,1
DA:455,1
DA:456,1
DA:457,1
DA:458,1
DA:459,7
DA:460,27
DA:461,27
DA:462,1
DA:463,1
DA:464,1
DA:465,1
DA:466,1
DA:467,4
DA:468,4
DA:469,4
DA:470,4
DA:471,4
DA:472,1
DA:473,1
DA:474,1
DA:475,4
DA:476,4
DA:477,4
DA:478,0
DA:479,0
DA:480,0
DA:481,4
DA:482,4
DA:483,4
DA:484,4
DA:485,4
DA:486,4
DA:487,3
DA:488,3
DA:489,4
DA:490,1
DA:491,1
DA:492,1
DA:493,1
DA:494,1
DA:495,3
DA:496,3
DA:497,3
DA:498,1
DA:499,1
DA:500,1
DA:501,1
DA:502,1
DA:503,9
DA:504,9
DA:505,9
DA:506,9
DA:507,9
DA:508,9
DA:509,9
DA:510,9
DA:511,9
DA:512,9
DA:513,1
DA:514,1
DA:515,1
DA:516,1
DA:517,1
DA:518,8
DA:519,8
DA:520,8
DA:521,8
DA:522,8
DA:523,8
DA:524,8
DA:525,8
DA:526,8
DA:527,8
DA:528,8
DA:529,8
DA:530,8
DA:531,1
DA:532,1
DA:533,1
DA:534,1
DA:535,1
DA:536,8
DA:537,8
DA:538,8
DA:539,8
DA:540,8
DA:541,8
DA:542,8
DA:543,8
DA:544,8
DA:545,8
DA:546,8
DA:547,8
DA:548,8
DA:549,1
DA:550,1
DA:551,1
DA:552,1
DA:553,1
DA:554,28
DA:555,28
DA:556,28
DA:557,28
DA:558,28
DA:559,28
DA:560,28
DA:561,28
DA:562,1
DA:563,1
DA:564,1
LF:564
LH:547
BRDA:1,0,0,1
BRDA:1,1,0,1
BRDA:12,2,0,39
BRDA:31,3,0,28
BRDA:65,4,0,1
BRDA:88,5,0,5
BRDA:92,6,0,4
BRDA:95,7,0,1
BRDA:103,8,0,3
BRDA:119,9,0,27
BRDA:135,10,0,2
BRDA:136,11,0,0
BRDA:144,12,0,1
BRDA:153,13,0,25
BRDA:153,14,0,25
BRDA:153,15,0,3
BRDA:154,16,0,2
BRDA:162,17,0,1
BRDA:171,18,0,1
BRDA:120,19,0,135
BRDA:121,20,0,6
BRDA:184,21,0,27
BRDA:185,22,0,0
BRDA:205,23,0,1
BRDA:188,24,0,33
BRDA:189,25,0,31
BRDA:189,26,0,5
BRDA:199,27,0,28
BRDA:204,28,0,33
BRDA:204,29,0,30
BRDA:204,30,0,28
BRDA:206,31,0,2
BRDA:220,32,0,28
BRDA:238,33,0,0
BRDA:248,34,0,2
BRDA:259,35,0,2
BRDA:270,36,0,0
BRDA:280,37,0,6
BRDA:223,38,0,112
BRDA:224,39,0,5
BRDA:228,40,0,3
BRDA:228,41,0,2
BRDA:229,42,0,3
BRDA:229,43,0,2
BRDA:229,44,0,0
BRDA:285,45,0,56
BRDA:286,46,0,13
BRDA:286,47,0,2
BRDA:300,48,0,6
BRDA:301,49,0,0
BRDA:303,50,0,5
BRDA:304,51,0,4
BRDA:304,52,0,2
BRDA:313,53,0,3
BRDA:328,54,0,1
BRDA:336,55,0,3
BRDA:337,56,0,1
BRDA:315,57,0,18
BRDA:316,58,0,5
BRDA:351,59,0,27
BRDA:352,60,0,33
BRDA:352,61,0,30
BRDA:352,62,0,28
BRDA:352,63,0,27
BRDA:355,64,0,2
BRDA:356,65,0,1
BRDA:356,66,0,1
BRDA:365,67,0,1
BRDA:379,68,0,27
BRDA:380,69,0,0
BRDA:384,70,0,33
BRDA:385,71,0,30
BRDA:385,72,0,5
BRDA:385,73,0,28
BRDA:386,74,0,6
BRDA:386,75,0,6
BRDA:392,76,0,1
BRDA:387,77,0,7
BRDA:389,78,0,6
BRDA:408,79,0,27
BRDA:412,80,0,33
BRDA:413,81,0,30
BRDA:413,82,0,5
BRDA:413,83,0,28
BRDA:415,84,0,1
BRDA:423,85,0,27
BRDA:432,86,0,27
BRDA:433,87,0,33
BRDA:433,88,0,30
BRDA:433,89,0,28
BRDA:435,90,0,33
BRDA:436,91,0,30
BRDA:436,92,0,5
BRDA:436,93,0,28
BRDA:437,94,0,7
BRDA:437,95,0,7
BRDA:451,96,0,1
BRDA:438,97,0,6
BRDA:439,98,0,5
BRDA:439,99,0,3
BRDA:439,100,0,4
BRDA:442,101,0,2
BRDA:466,102,0,4
BRDA:471,103,0,1
BRDA:477,104,0,0
BRDA:486,105,0,3
BRDA:494,106,0,3
BRDA:496,107,0,1
BRDA:496,108,0,2
BRDA:502,109,0,9
BRDA:517,110,0,8
BRDA:523,111,0,0
BRDA:535,112,0,8
BRDA:538,113,0,0
BRDA:553,114,0,28
BRDA:557,115,0,11
BRDA:558,116,0,38
BRDA:559,117,0,11
BRF:118
BRH:108
end_of_record
